Scarab gitrev: 8e47791
Scarab started at Sat May 20 05:54:04 2023

Initialized Ramulator. 
** Heartbeat:   1% -- { 1000000 } -- 0.00 KIPS (333.33 KIPS)
** Heartbeat:   2% -- { 2000001 } -- 333.33 KIPS (333.33 KIPS)
** Heartbeat:   3% -- { 3000006 } -- 500.00 KIPS (375.00 KIPS)
** Heartbeat:   4% -- { 4000007 } -- 250.00 KIPS (333.33 KIPS)
** Heartbeat:   5% -- { 5000012 } -- 333.33 KIPS (333.33 KIPS)
** Heartbeat:   6% -- { 6000015 } -- 250.00 KIPS (315.79 KIPS)
** Heartbeat:   7% -- { 7000015 } -- 333.33 KIPS (318.18 KIPS)
** Heartbeat:   8% -- { 8000018 } -- 250.00 KIPS (307.69 KIPS)
** Heartbeat:   9% -- { 9000021 } -- 333.33 KIPS (310.35 KIPS)
** Heartbeat:  10% -- { 10000025 } -- 333.33 KIPS (312.50 KIPS)
** Heartbeat:  11% -- { 11000030 } -- 250.00 KIPS (305.56 KIPS)
** Heartbeat:  12% -- { 12000034 } -- 333.33 KIPS (307.69 KIPS)
** Heartbeat:  13% -- { 13000035 } -- 250.00 KIPS (302.33 KIPS)
** Heartbeat:  14% -- { 14000035 } -- 333.33 KIPS (304.35 KIPS)
** Heartbeat:  15% -- { 15000035 } -- 333.33 KIPS (306.12 KIPS)
** Heartbeat:  16% -- { 16000036 } -- 250.00 KIPS (301.89 KIPS)
** Heartbeat:  17% -- { 17000036 } -- 333.33 KIPS (303.57 KIPS)
** Heartbeat:  18% -- { 18000040 } -- 333.33 KIPS (305.09 KIPS)
** Heartbeat:  19% -- { 19000043 } -- 250.00 KIPS (301.59 KIPS)
** Heartbeat:  20% -- { 20000045 } -- 333.33 KIPS (303.03 KIPS)
** Heartbeat:  21% -- { 21000047 } -- 250.00 KIPS (300.00 KIPS)
** Heartbeat:  22% -- { 22000047 } -- 333.33 KIPS (301.37 KIPS)
** Heartbeat:  23% -- { 23000047 } -- 333.33 KIPS (302.63 KIPS)
** Heartbeat:  24% -- { 24000048 } -- 250.00 KIPS (300.00 KIPS)
** Heartbeat:  25% -- { 25000048 } -- 333.33 KIPS (301.21 KIPS)
** Heartbeat:  26% -- { 26000048 } -- 333.33 KIPS (302.33 KIPS)
** Heartbeat:  27% -- { 27000048 } -- 250.00 KIPS (300.00 KIPS)
** Heartbeat:  28% -- { 28000050 } -- 333.33 KIPS (301.08 KIPS)
** Heartbeat:  29% -- { 29000052 } -- 250.00 KIPS (298.97 KIPS)
** Heartbeat:  30% -- { 30000054 } -- 333.33 KIPS (300.00 KIPS)
** Heartbeat:  31% -- { 31000057 } -- 333.33 KIPS (300.97 KIPS)
** Heartbeat:  32% -- { 32000061 } -- 250.00 KIPS (299.07 KIPS)
** Heartbeat:  33% -- { 33000063 } -- 333.33 KIPS (300.00 KIPS)
** Heartbeat:  34% -- { 34000065 } -- 250.00 KIPS (298.25 KIPS)
** Heartbeat:  35% -- { 35000066 } -- 333.33 KIPS (299.15 KIPS)
** Heartbeat:  36% -- { 36000066 } -- 333.33 KIPS (300.00 KIPS)
** Heartbeat:  37% -- { 37000066 } -- 250.00 KIPS (298.39 KIPS)
** Heartbeat:  38% -- { 38000067 } -- 333.33 KIPS (299.21 KIPS)
** Heartbeat:  39% -- { 39000069 } -- 250.00 KIPS (297.71 KIPS)
** Heartbeat:  40% -- { 40000071 } -- 333.33 KIPS (298.51 KIPS)
** Heartbeat:  41% -- { 41000071 } -- 333.33 KIPS (299.27 KIPS)
** Heartbeat:  42% -- { 42000071 } -- 250.00 KIPS (297.87 KIPS)
** Heartbeat:  43% -- { 43000075 } -- 333.33 KIPS (298.61 KIPS)
** Heartbeat:  44% -- { 44000075 } -- 333.33 KIPS (299.32 KIPS)
** Heartbeat:  45% -- { 45000075 } -- 250.00 KIPS (298.01 KIPS)
** Heartbeat:  46% -- { 46000079 } -- 333.33 KIPS (298.70 KIPS)
** Heartbeat:  47% -- { 47000080 } -- 250.00 KIPS (297.47 KIPS)
** Heartbeat:  48% -- { 48000080 } -- 333.33 KIPS (298.14 KIPS)
** Heartbeat:  49% -- { 49000080 } -- 250.00 KIPS (296.97 KIPS)
** Heartbeat:  50% -- { 50000080 } -- 333.33 KIPS (297.62 KIPS)
** Heartbeat:  51% -- { 51000083 } -- 333.33 KIPS (298.25 KIPS)
** Heartbeat:  52% -- { 52000084 } -- 250.00 KIPS (297.14 KIPS)
** Heartbeat:  53% -- { 53000084 } -- 333.33 KIPS (297.75 KIPS)
** Heartbeat:  54% -- { 54000084 } -- 250.00 KIPS (296.70 KIPS)
** Heartbeat:  55% -- { 55000087 } -- 333.33 KIPS (297.30 KIPS)
** Heartbeat:  56% -- { 56000088 } -- 333.33 KIPS (297.87 KIPS)
** Heartbeat:  57% -- { 57000089 } -- 250.00 KIPS (296.88 KIPS)
** Heartbeat:  58% -- { 58000092 } -- 333.33 KIPS (297.44 KIPS)
** Heartbeat:  59% -- { 59000096 } -- 250.00 KIPS (296.48 KIPS)
** Heartbeat:  60% -- { 60000096 } -- 333.33 KIPS (297.03 KIPS)
** Heartbeat:  61% -- { 61000096 } -- 333.33 KIPS (297.56 KIPS)
** Heartbeat:  62% -- { 62000096 } -- 250.00 KIPS (296.65 KIPS)
** Heartbeat:  63% -- { 63000096 } -- 333.33 KIPS (297.17 KIPS)
** Heartbeat:  64% -- { 64000096 } -- 250.00 KIPS (296.30 KIPS)
** Heartbeat:  65% -- { 65000096 } -- 333.33 KIPS (296.80 KIPS)
** Heartbeat:  66% -- { 66000096 } -- 333.33 KIPS (297.30 KIPS)
** Heartbeat:  67% -- { 67000098 } -- 250.00 KIPS (296.46 KIPS)
** Heartbeat:  68% -- { 68000100 } -- 333.33 KIPS (296.94 KIPS)
** Heartbeat:  69% -- { 69000101 } -- 250.00 KIPS (296.14 KIPS)
** Heartbeat:  70% -- { 70000101 } -- 333.33 KIPS (296.61 KIPS)
** Heartbeat:  71% -- { 71000103 } -- 333.33 KIPS (297.07 KIPS)
** Heartbeat:  72% -- { 72000105 } -- 250.00 KIPS (296.30 KIPS)
** Heartbeat:  73% -- { 73000110 } -- 333.33 KIPS (296.75 KIPS)
** Heartbeat:  74% -- { 74000115 } -- 333.33 KIPS (297.19 KIPS)
** Heartbeat:  75% -- { 75000118 } -- 250.00 KIPS (296.44 KIPS)
** Heartbeat:  76% -- { 76000118 } -- 333.33 KIPS (296.88 KIPS)
** Heartbeat:  77% -- { 77000118 } -- 250.00 KIPS (296.15 KIPS)
** Heartbeat:  78% -- { 78000119 } -- 333.33 KIPS (296.58 KIPS)
** Heartbeat:  79% -- { 79000120 } -- 333.33 KIPS (296.99 KIPS)
** Heartbeat:  80% -- { 80000121 } -- 333.33 KIPS (297.40 KIPS)
** Heartbeat:  81% -- { 81000123 } -- 333.33 KIPS (297.79 KIPS)
** Heartbeat:  82% -- { 82000123 } -- 250.00 KIPS (297.10 KIPS)
** Heartbeat:  83% -- { 83000123 } -- 333.33 KIPS (297.49 KIPS)
** Heartbeat:  84% -- { 84000123 } -- 333.33 KIPS (297.87 KIPS)
** Heartbeat:  85% -- { 85000124 } -- 333.33 KIPS (298.25 KIPS)
** Heartbeat:  86% -- { 86000124 } -- 333.33 KIPS (298.61 KIPS)
** Heartbeat:  87% -- { 87000129 } -- 250.00 KIPS (297.95 KIPS)
** Heartbeat:  88% -- { 88000129 } -- 333.33 KIPS (298.31 KIPS)
** Heartbeat:  89% -- { 89000130 } -- 333.33 KIPS (298.66 KIPS)
** Heartbeat:  90% -- { 90000133 } -- 333.33 KIPS (299.00 KIPS)
** Heartbeat:  91% -- { 91000135 } -- 333.33 KIPS (299.34 KIPS)
** Heartbeat:  92% -- { 92000137 } -- 333.33 KIPS (299.67 KIPS)
** Heartbeat:  93% -- { 93000138 } -- 333.33 KIPS (300.00 KIPS)
** Heartbeat:  94% -- { 94000138 } -- 333.33 KIPS (300.32 KIPS)
** Heartbeat:  95% -- { 95000139 } -- 333.33 KIPS (300.63 KIPS)
** Heartbeat:  96% -- { 96000140 } -- 333.33 KIPS (300.94 KIPS)
** Heartbeat:  97% -- { 97000140 } -- 333.33 KIPS (301.24 KIPS)
** Heartbeat:  98% -- { 98000144 } -- 500.00 KIPS (302.47 KIPS)
** Heartbeat:  99% -- { 99000147 } -- 1000.00 KIPS (304.62 KIPS)
** Core 0 Finished:    insts:100000003   cycles:62303953    time:19469985312500      -- 1.61 IPC (1.61 IPC) --  N/A  KIPS (305.81 KIPS)
done
Scarab finished at Sat May 20 05:59:31 2023

