/* -*- Mode: c -*- */
####################################################################################################
Core 0
####################################################################################################
Cumulative:        Cycles: 120501961             Instructions: 100000002             IPC: 0.82986

PREF_DL0REQ_QUEUE_HIT_BY_DEMAND                      0                              0              

PREF_UMLC_REQ_QUEUE_HIT_BY_DEMAND                    0                              0              

PREF_UL1REQ_QUEUE_HIT_BY_DEMAND                      0                              0              

PREF_DL0REQ_QUEUE_FULL                               0                              0              

PREF_UMLC_REQ_QUEUE_FULL                             0                              0              

PREF_UL1REQ_QUEUE_FULL                             202                            202              

PREF_DC_HIT_NOSEND                                   0                              0              

PREF_WBQDC_HIT_NOSEND                                0                              0              

PREF_MLCQ_STALL                                      0                              0              

PREF_L1Q_STALL                                       0                              0              

PREF_UMLC_REQ_SEND_QUEUE_STALL                       0                              0              

PREF_UL1REQ_SEND_QUEUE_STALL                  14031184                       14031184              

PREF_UMLC_REQ_QUEUE_SENTREQ                          0                              0              

PREF_UL1REQ_QUEUE_SENTREQ                      2679831                        2679831              

PREF_NEWREQ_MATCHED                               2831                           2831              

PREF_UMLC_REQ_QUEUE_MATCHED_REQ                      0                              0              

PREF_UL1REQ_QUEUE_MATCHED_REQ                    40173                          40173              

PREF_DL0REQ_QUEUE_MATCHED_REQ                        0                              0              

L1_PREF_HIT                                    2402890                        2402890              

L1_PREF_UNIQUE_HIT                             1686024                        1686024              

L1_PREF_LATE                                     13667                          13667              

L1_LATE_PREF_CYCLES                            3863420                        3863420              

L1_LATE_PREF_CYCLES_DIST_0                        4504       32.955%             4504       32.955%
L1_LATE_PREF_CYCLES_DIST_100                      2013       14.729%             2013       14.729%
L1_LATE_PREF_CYCLES_DIST_200                      1463       10.705%             1463       10.705%
L1_LATE_PREF_CYCLES_DIST_300                      1866       13.653%             1866       13.653%
L1_LATE_PREF_CYCLES_DIST_400                      1627       11.905%             1627       11.905%
L1_LATE_PREF_CYCLES_DIST_500                       845        6.183%              845        6.183%
L1_LATE_PREF_CYCLES_DIST_600                       440        3.219%              440        3.219%
L1_LATE_PREF_CYCLES_DIST_700                       228        1.668%              228        1.668%
L1_LATE_PREF_CYCLES_DIST_800                       193        1.412%              193        1.412%
L1_LATE_PREF_CYCLES_DIST_900                       155        1.134%              155        1.134%
L1_LATE_PREF_CYCLES_DIST_1000                       74        0.541%               74        0.541%
L1_LATE_PREF_CYCLES_DIST_1100                       38        0.278%               38        0.278%
L1_LATE_PREF_CYCLES_DIST_1200                       37        0.271%               37        0.271%
L1_LATE_PREF_CYCLES_DIST_1300                       14        0.102%               14        0.102%
L1_LATE_PREF_CYCLES_DIST_1400                       42        0.307%               42        0.307%
L1_LATE_PREF_CYCLES_DIST_1500                       36        0.263%               36        0.263%
L1_LATE_PREF_CYCLES_DIST_1600                       35        0.256%               35        0.256%
L1_LATE_PREF_CYCLES_DIST_1700                        9        0.066%                9        0.066%
L1_LATE_PREF_CYCLES_DIST_1800                       15        0.110%               15        0.110%
L1_LATE_PREF_CYCLES_DIST_1900                        9        0.066%                9        0.066%
L1_LATE_PREF_CYCLES_DIST_2000                       24        0.176%               24        0.176%
                                                 13667      100.000%            13667      100.000%
                                                  2.41         2.47              2.41         2.47

MLC_PREF_HIT                                         0                              0              

MLC_PREF_UNIQUE_HIT                                  0                              0              

MLC_PREF_LATE                                        0                              0              

PREF_HYBRID_SEL_0                                    0         -nan%                0         -nan%
PREF_HYBRID_SEL_1                                    0         -nan%                0         -nan%
PREF_HYBRID_SEL_2                                    0         -nan%                0         -nan%
PREF_HYBRID_SEL_3                                    0         -nan%                0         -nan%
PREF_HYBRID_SEL_4                                    0         -nan%                0         -nan%
PREF_HYBRID_SEL_5                                    0         -nan%                0         -nan%
PREF_HYBRID_SEL_6                                    0         -nan%                0         -nan%
                                                     0         -nan%                0         -nan%
                                                  -nan         -nan              -nan         -nan

PREF_DISTANCE_1                                      0        0.000%                0        0.000%
PREF_DISTANCE_2                                      0        0.000%                0        0.000%
PREF_DISTANCE_3                                      0        0.000%                0        0.000%
PREF_DISTANCE_4                                      1        0.244%                1        0.244%
PREF_DISTANCE_5                                    408       99.756%              408       99.756%
PREF_DISTANCE_6                                      0        0.000%                0        0.000%
PREF_DISTANCE_7                                      0        0.000%                0        0.000%
PREF_DISTANCE_8                                      0        0.000%                0        0.000%
PREF_DISTANCE_9                                      0        0.000%                0        0.000%
PREF_DISTANCE_10                                     0        0.000%                0        0.000%
                                                   409      100.000%              409      100.000%
                                                  4.00         0.05              4.00         0.05

PREF_REPL_MRU                                        0         -nan%                0         -nan%
PREF_REPL_MID                                        0         -nan%                0         -nan%
PREF_REPL_LOWQTR                                     0         -nan%                0         -nan%
PREF_REPL_LRU                                        0         -nan%                0         -nan%
                                                     0         -nan%                0         -nan%
                                                  -nan         -nan              -nan         -nan

PREF_REPL_MOVEDOWN                                   0         -nan%                0         -nan%
PREF_REPL_MOVEUP                                     0         -nan%                0         -nan%
                                                     0         -nan%                0         -nan%
                                                  -nan         -nan              -nan         -nan

PREF_COV_1                                           0         -nan%                0         -nan%
PREF_COV_2                                           0         -nan%                0         -nan%
PREF_COV_3                                           0         -nan%                0         -nan%
PREF_COV_4                                           0         -nan%                0         -nan%
PREF_COV_5                                           0         -nan%                0         -nan%
PREF_COV_6                                           0         -nan%                0         -nan%
PREF_COV_7                                           0         -nan%                0         -nan%
PREF_COV_8                                           0         -nan%                0         -nan%
PREF_COV_9                                           0         -nan%                0         -nan%
PREF_COV_10                                          0         -nan%                0         -nan%
                                                     0         -nan%                0         -nan%
                                                  -nan         -nan              -nan         -nan

PREF_POL_1                                           0        0.000%                0        0.000%
PREF_POL_2                                           0        0.000%                0        0.000%
PREF_POL_3                                           0        0.000%                0        0.000%
PREF_POL_4                                           0        0.000%                0        0.000%
PREF_POL_5                                           0        0.000%                0        0.000%
PREF_POL_6                                           0        0.000%                0        0.000%
PREF_POL_7                                           0        0.000%                0        0.000%
PREF_POL_8                                           0        0.000%                0        0.000%
PREF_POL_9                                           0        0.000%                0        0.000%
PREF_POL_10                                        409      100.000%              409      100.000%
                                                   409      100.000%              409      100.000%
                                                  9.00         9.01              9.00         9.01

PREF_ACC_1                                         409      100.000%              409      100.000%
PREF_ACC_2                                           0        0.000%                0        0.000%
PREF_ACC_3                                           0        0.000%                0        0.000%
PREF_ACC_4                                           0        0.000%                0        0.000%
PREF_ACC_5                                           0        0.000%                0        0.000%
PREF_ACC_6                                           0        0.000%                0        0.000%
PREF_ACC_7                                           0        0.000%                0        0.000%
PREF_ACC_8                                           0        0.000%                0        0.000%
PREF_ACC_9                                           0        0.000%                0        0.000%
PREF_ACC_10                                          0        0.000%                0        0.000%
                                                   409      100.000%              409      100.000%
                                                  0.00         0.00              0.00         0.00

PREF_TIMELY_1                                        0        0.000%                0        0.000%
PREF_TIMELY_2                                        0        0.000%                0        0.000%
PREF_TIMELY_3                                        0        0.000%                0        0.000%
PREF_TIMELY_4                                        0        0.000%                0        0.000%
PREF_TIMELY_5                                        0        0.000%                0        0.000%
PREF_TIMELY_6                                        0        0.000%                0        0.000%
PREF_TIMELY_7                                        1        0.244%                1        0.244%
PREF_TIMELY_8                                        0        0.000%                0        0.000%
PREF_TIMELY_9                                        2        0.489%                2        0.489%
PREF_TIMELY_10                                     406       99.267%              406       99.267%
                                                   409      100.000%              409      100.000%
                                                  8.99         8.97              8.99         8.97

PREF_UNUSED_EVICT                                66116                          66116              

PREF_REGION_SENT                                     0                              0              

PREF_REGION_USEFUL                                   0                              0              

PREF_REGION_EVICT                                    0                              0              

PREF_PFPOL                                           0                              0              

PREF_PHASE_NEWPHASE_DET                              0                              0              

PREF_PHASE_NEWPHASE_NOTVALID                         0                              0              

PREF_PHASE_SENTPREF                                  0                              0              

PREF_PHASE_OVERWRITE_PAGE                            0                              0              

PREF_UPDATE_COUNT                                  409                            409              

PREF_ACC1_HT_HP                                      0        0.000%                0        0.000%
PREF_ACC1_HT_LP                                    383       93.643%              383       93.643%
PREF_ACC1_LT_HP                                      0        0.000%                0        0.000%
PREF_ACC1_LT_LP                                     26        6.357%               26        6.357%
PREF_ACC2_HT_HP                                      0        0.000%                0        0.000%
PREF_ACC2_HT_LP                                      0        0.000%                0        0.000%
PREF_ACC2_LT_HP                                      0        0.000%                0        0.000%
PREF_ACC2_LT_LP                                      0        0.000%                0        0.000%
PREF_ACC3_HT_HP                                      0        0.000%                0        0.000%
PREF_ACC3_HT_LP                                      0        0.000%                0        0.000%
PREF_ACC3_LT_HP                                      0        0.000%                0        0.000%
PREF_ACC3_LT_LP                                      0        0.000%                0        0.000%
PREF_ACC4_HT_HP                                      0        0.000%                0        0.000%
PREF_ACC4_HT_LP                                      0        0.000%                0        0.000%
PREF_ACC4_LT_HP                                      0        0.000%                0        0.000%
PREF_ACC4_LT_LP                                      0        0.000%                0        0.000%
                                                   409      100.000%              409      100.000%
                                                  1.13         0.49              1.13         0.49



