/* -*- Mode: c -*- */
####################################################################################################
Core 0
####################################################################################################
Cumulative:        Cycles: 4015925               Instructions: 10000004              IPC: 2.49009

DCACHE_PREF_HIT                                      0                              0              

IFETCH_WB_FIRST_SCHEDULE                             0         -nan%                0         -nan%
PREFETCH_LAST_SCHEDULE                               0         -nan%                0         -nan%
DEMAND_PASS_PREF_SCHEDULE                            0         -nan%                0         -nan%
DEMAND_PASS_LOW_OP_SCHEDULE                          0         -nan%                0         -nan%
DEMAND_LAST_SCHEDULE                                 0         -nan%                0         -nan%
                                                     0         -nan%                0         -nan%
                                                  -nan         -nan              -nan         -nan

SEND_MISS_REQ_QUEUE                               1746                           1746              

L1_DATA_EVICT                                        0                              0              

STREAM_BUFFER_REQ                                    0                              0              

PREF_SEND_TO_MEM_REQ                                 0         -nan%                0         -nan%
PREF_SEND_TO_MEM_REQ_FAIL                            0         -nan%                0         -nan%
                                                     0         -nan%                0         -nan%
                                                  -nan         -nan              -nan         -nan

HIT_TRAIN_STREAM                                   135       63.084%              135       63.084%
MISS_TRAIN_STREAM                                   79       36.916%               79       36.916%
                                                   214      100.000%              214      100.000%
                                                  0.37         0.45              0.37         0.45

STREAM_TRAIN_CREATE                                 28                             28              

MEM_REQ_MISS_HWP_PREF_Q                              0         -nan%                0         -nan%
MEM_REQ_MISS_SW_PREF_Q                               0         -nan%                0         -nan%
MEM_REQ_MISS_IFETCH_Q                                0         -nan%                0         -nan%
MEM_REQ_MISS_DFETCH_Q                                0         -nan%                0         -nan%
MEM_REQ_MISS_DSTORE_Q                                0         -nan%                0         -nan%
MEM_REQ_MISS_DPRF_Q                                  0         -nan%                0         -nan%
MEM_REQ_MISS_WB_Q                                    0         -nan%                0         -nan%
                                                     0         -nan%                0         -nan%
                                                  -nan         -nan              -nan         -nan

PREF_HIT_BY_DEMAND_IFETCH                            0         -nan%                0         -nan%
PREF_HIT_BY_DEMAND_DFETCH                            0         -nan%                0         -nan%
PREF_HIT_BY_DEMAND_DSTORE                            0         -nan%                0         -nan%
PREF_HIT_BY_DEMAND_IPREF                             0         -nan%                0         -nan%
PREF_HIT_BY_DEMAND_DPRF                              0         -nan%                0         -nan%
PREF_HIT_BY_DEMAND_WB                                0         -nan%                0         -nan%
PREF_HIT_BY_PREF                                     0         -nan%                0         -nan%
                                                     0         -nan%                0         -nan%
                                                  -nan         -nan              -nan         -nan

PREF_HIT_DEMAND_IFETCH                               0         -nan%                0         -nan%
PREF_HIT_DEMAND_DFETCH                               0         -nan%                0         -nan%
PREF_HIT_DEMAND_DSTORE                               0         -nan%                0         -nan%
PREF_HIT_DEMAND_IPREF                                0         -nan%                0         -nan%
PREF_HIT_DEMAND_DPRF                                 0         -nan%                0         -nan%
PREF_HIT_DEMAND_WB                                   0         -nan%                0         -nan%
                                                     0         -nan%                0         -nan%
                                                  -nan         -nan              -nan         -nan

PREF_L1_FILL                                         0         -nan%                0         -nan%
DEMAND_L1_FILL                                       0         -nan%                0         -nan%
                                                     0         -nan%                0         -nan%
                                                  -nan         -nan              -nan         -nan

TOUCH_L1_REPLACE                                     0         -nan%                0         -nan%
NO_TOUCH_L1_REPLACE                                  0         -nan%                0         -nan%
                                                     0         -nan%                0         -nan%
                                                  -nan         -nan              -nan         -nan

PREF_REQ_QUE_FULL                                    0                              0              

STREAM_REQ_QUEUE_HIT_BY_DEMAND                       0                              0              

L2HIT_STREAM_PREF_REQ_QUE_FULL                       0                              0              

L2HIT_HIT_TRAIN_STREAM                               0         -nan%                0         -nan%
L2HIT_MISS_TRAIN_STREAM                              0         -nan%                0         -nan%
                                                     0         -nan%                0         -nan%
                                                  -nan         -nan              -nan         -nan

L2HIT_STREAM_TRAIN_CREATE                            0                              0              

L2HIT_STREAM_BUFFER_REQ                              0                              0              

L2HIT_STREAM_PREF_DCACHE_HIT                         0         -nan%                0         -nan%
L2HIT_STREAM_PREF_DCACHE_INSERT                      0         -nan%                0         -nan%
L2HIT_STREAM_L2_MISS                                 0         -nan%                0         -nan%
                                                     0         -nan%                0         -nan%
                                                  -nan         -nan              -nan         -nan

L2HIT_STREAM_DCACHE_PORT_FULL                        0                              0              

L2HIT_STREAM_PREF_L1_PORT_FULL                       0                              0              

L2HIT_TRAIN_HIT_DEMAND                               0         -nan%                0         -nan%
L2HIT_TRAIN_MISS_REQ                                 0         -nan%                0         -nan%
                                                     0         -nan%                0         -nan%
                                                  -nan         -nan              -nan         -nan

L2HIT_TRAIN_FILTER_MISS                              0         -nan%                0         -nan%
L2HIT_TRAIN_FILTER_HIT                               0         -nan%                0         -nan%
                                                     0         -nan%                0         -nan%
                                                  -nan         -nan              -nan         -nan

L2HIT_PREF_REQ_DCACHE_HIT                            0         -nan%                0         -nan%
L2HIT_PREF_REQ_DCACHE_MISS                           0         -nan%                0         -nan%
                                                     0         -nan%                0         -nan%
                                                  -nan         -nan              -nan         -nan

L2HIT_L2SEND_Q_FULL                                  0         -nan%                0         -nan%
L2HIT_L2SEND_Q_ENTER                                 0         -nan%                0         -nan%
                                                     0         -nan%                0         -nan%
                                                  -nan         -nan              -nan         -nan

L2HIT_MEM_REQ                                        0                              0              

REMOVE_REDUNDANT_STREAM_STAT                         0                              0              

REPLACE_OLD_STREAM                                  12                             12              

REQ_SEND_QUEUE_STALL                                 0                              0              

STREAM_ENTER_RA                                      0                              0              

CORE_STREAM_LENGTH_0                                 5       38.462%                5       38.462%
CORE_STREAM_LENGTH_10                                2       15.385%                2       15.385%
CORE_STREAM_LENGTH_20                                1        7.692%                1        7.692%
CORE_STREAM_LENGTH_30                                3       23.077%                3       23.077%
CORE_STREAM_LENGTH_40                                0        0.000%                0        0.000%
CORE_STREAM_LENGTH_50                                0        0.000%                0        0.000%
CORE_STREAM_LENGTH_60                                0        0.000%                0        0.000%
CORE_STREAM_LENGTH_70                                1        7.692%                1        7.692%
CORE_STREAM_LENGTH_80                                0        0.000%                0        0.000%
CORE_STREAM_LENGTH_90                                0        0.000%                0        0.000%
CORE_STREAM_LENGTH_100_P                             1        7.692%                1        7.692%
                                                    13      100.000%               13      100.000%
                                                  2.31         2.76              2.31         2.76

CORE_CUM_STREAM_LENGTH_0                            38       10.053%               38       10.053%
CORE_CUM_STREAM_LENGTH_10                           33        8.730%               33        8.730%
CORE_CUM_STREAM_LENGTH_20                           23        6.085%               23        6.085%
CORE_CUM_STREAM_LENGTH_30                          104       27.513%              104       27.513%
CORE_CUM_STREAM_LENGTH_40                            0        0.000%                0        0.000%
CORE_CUM_STREAM_LENGTH_50                            0        0.000%                0        0.000%
CORE_CUM_STREAM_LENGTH_60                            0        0.000%                0        0.000%
CORE_CUM_STREAM_LENGTH_70                           77       20.370%               77       20.370%
CORE_CUM_STREAM_LENGTH_80                            0        0.000%                0        0.000%
CORE_CUM_STREAM_LENGTH_90                            0        0.000%                0        0.000%
CORE_CUM_STREAM_LENGTH_100_P                       103       27.249%              103       27.249%
                                                   378      100.000%              378      100.000%
                                                  5.19         4.22              5.19         4.22

CORE_STREAM_TRAIN_HITS_0                             8       61.538%                8       61.538%
CORE_STREAM_TRAIN_HITS_10                            3       23.077%                3       23.077%
CORE_STREAM_TRAIN_HITS_20                            0        0.000%                0        0.000%
CORE_STREAM_TRAIN_HITS_30                            1        7.692%                1        7.692%
CORE_STREAM_TRAIN_HITS_40                            0        0.000%                0        0.000%
CORE_STREAM_TRAIN_HITS_50                            1        7.692%                1        7.692%
CORE_STREAM_TRAIN_HITS_60                            0        0.000%                0        0.000%
CORE_STREAM_TRAIN_HITS_70                            0        0.000%                0        0.000%
CORE_STREAM_TRAIN_HITS_80                            0        0.000%                0        0.000%
CORE_STREAM_TRAIN_HITS_90                            0        0.000%                0        0.000%
CORE_STREAM_TRAIN_HITS_100_P                         0        0.000%                0        0.000%
                                                    13      100.000%               13      100.000%
                                                  0.85         1.35              0.85         1.35

CORE_CUM_STREAM_TRAIN_HITS_0                        49       26.203%               49       26.203%
CORE_CUM_STREAM_TRAIN_HITS_10                       48       25.668%               48       25.668%
CORE_CUM_STREAM_TRAIN_HITS_20                        0        0.000%                0        0.000%
CORE_CUM_STREAM_TRAIN_HITS_30                       36       19.251%               36       19.251%
CORE_CUM_STREAM_TRAIN_HITS_40                        0        0.000%                0        0.000%
CORE_CUM_STREAM_TRAIN_HITS_50                       54       28.877%               54       28.877%
CORE_CUM_STREAM_TRAIN_HITS_60                        0        0.000%                0        0.000%
CORE_CUM_STREAM_TRAIN_HITS_70                        0        0.000%                0        0.000%
CORE_CUM_STREAM_TRAIN_HITS_80                        0        0.000%                0        0.000%
CORE_CUM_STREAM_TRAIN_HITS_90                        0        0.000%                0        0.000%
CORE_CUM_STREAM_TRAIN_HITS_100_P                     0        0.000%                0        0.000%
                                                   187      100.000%              187      100.000%
                                                  2.28         1.64              2.28         1.64

CORE_STREAM_TRAIN_CREATE                            28                             28              



