/* -*- Mode: c -*- */
####################################################################################################
Core 0
####################################################################################################
Cumulative:        Cycles: 13228957              Instructions: 10000002              IPC: 0.75592

PREF_DL0REQ_QUEUE_HIT_BY_DEMAND                      0                              0              

PREF_UMLC_REQ_QUEUE_HIT_BY_DEMAND                    0                              0              

PREF_UL1REQ_QUEUE_HIT_BY_DEMAND                      0                              0              

PREF_DL0REQ_QUEUE_FULL                               0                              0              

PREF_UMLC_REQ_QUEUE_FULL                             0                              0              

PREF_UL1REQ_QUEUE_FULL                               0                              0              

PREF_DC_HIT_NOSEND                                   0                              0              

PREF_WBQDC_HIT_NOSEND                                0                              0              

PREF_MLCQ_STALL                                      0                              0              

PREF_L1Q_STALL                                       0                              0              

PREF_UMLC_REQ_SEND_QUEUE_STALL                       0                              0              

PREF_UL1REQ_SEND_QUEUE_STALL                    189350                         189350              

PREF_UMLC_REQ_QUEUE_SENTREQ                          0                              0              

PREF_UL1REQ_QUEUE_SENTREQ                       124657                         124657              

PREF_NEWREQ_MATCHED                              13910                          13910              

PREF_UMLC_REQ_QUEUE_MATCHED_REQ                      0                              0              

PREF_UL1REQ_QUEUE_MATCHED_REQ                   341291                         341291              

PREF_DL0REQ_QUEUE_MATCHED_REQ                        0                              0              

L1_PREF_HIT                                      88569                          88569              

L1_PREF_UNIQUE_HIT                               58605                          58605              

L1_PREF_LATE                                     50211                          50211              

L1_LATE_PREF_CYCLES                           13195281                       13195281              

L1_LATE_PREF_CYCLES_DIST_0                       10021       19.958%            10021       19.958%
L1_LATE_PREF_CYCLES_DIST_100                     12649       25.192%            12649       25.192%
L1_LATE_PREF_CYCLES_DIST_200                      9734       19.386%             9734       19.386%
L1_LATE_PREF_CYCLES_DIST_300                      8623       17.174%             8623       17.174%
L1_LATE_PREF_CYCLES_DIST_400                      5130       10.217%             5130       10.217%
L1_LATE_PREF_CYCLES_DIST_500                      2101        4.184%             2101        4.184%
L1_LATE_PREF_CYCLES_DIST_600                       662        1.318%              662        1.318%
L1_LATE_PREF_CYCLES_DIST_700                       218        0.434%              218        0.434%
L1_LATE_PREF_CYCLES_DIST_800                       154        0.307%              154        0.307%
L1_LATE_PREF_CYCLES_DIST_900                        88        0.175%               88        0.175%
L1_LATE_PREF_CYCLES_DIST_1000                       72        0.143%               72        0.143%
L1_LATE_PREF_CYCLES_DIST_1100                       81        0.161%               81        0.161%
L1_LATE_PREF_CYCLES_DIST_1200                      113        0.225%              113        0.225%
L1_LATE_PREF_CYCLES_DIST_1300                       96        0.191%               96        0.191%
L1_LATE_PREF_CYCLES_DIST_1400                      123        0.245%              123        0.245%
L1_LATE_PREF_CYCLES_DIST_1500                      145        0.289%              145        0.289%
L1_LATE_PREF_CYCLES_DIST_1600                      101        0.201%              101        0.201%
L1_LATE_PREF_CYCLES_DIST_1700                       52        0.104%               52        0.104%
L1_LATE_PREF_CYCLES_DIST_1800                       16        0.032%               16        0.032%
L1_LATE_PREF_CYCLES_DIST_1900                        1        0.002%                1        0.002%
L1_LATE_PREF_CYCLES_DIST_2000                       31        0.062%               31        0.062%
                                                 50211      100.000%            50211      100.000%
                                                  2.15         2.00              2.15         2.00

MLC_PREF_HIT                                         0                              0              

MLC_PREF_UNIQUE_HIT                                  0                              0              

MLC_PREF_LATE                                        0                              0              

PREF_HYBRID_SEL_0                                    0         -nan%                0         -nan%
PREF_HYBRID_SEL_1                                    0         -nan%                0         -nan%
PREF_HYBRID_SEL_2                                    0         -nan%                0         -nan%
PREF_HYBRID_SEL_3                                    0         -nan%                0         -nan%
PREF_HYBRID_SEL_4                                    0         -nan%                0         -nan%
PREF_HYBRID_SEL_5                                    0         -nan%                0         -nan%
PREF_HYBRID_SEL_6                                    0         -nan%                0         -nan%
                                                     0         -nan%                0         -nan%
                                                  -nan         -nan              -nan         -nan

PREF_DISTANCE_1                                      0        0.000%                0        0.000%
PREF_DISTANCE_2                                      0        0.000%                0        0.000%
PREF_DISTANCE_3                                      0        0.000%                0        0.000%
PREF_DISTANCE_4                                      1        2.500%                1        2.500%
PREF_DISTANCE_5                                     39       97.500%               39       97.500%
PREF_DISTANCE_6                                      0        0.000%                0        0.000%
PREF_DISTANCE_7                                      0        0.000%                0        0.000%
PREF_DISTANCE_8                                      0        0.000%                0        0.000%
PREF_DISTANCE_9                                      0        0.000%                0        0.000%
PREF_DISTANCE_10                                     0        0.000%                0        0.000%
                                                    40      100.000%               40      100.000%
                                                  3.98         0.16              3.98         0.16

PREF_REPL_MRU                                        0         -nan%                0         -nan%
PREF_REPL_MID                                        0         -nan%                0         -nan%
PREF_REPL_LOWQTR                                     0         -nan%                0         -nan%
PREF_REPL_LRU                                        0         -nan%                0         -nan%
                                                     0         -nan%                0         -nan%
                                                  -nan         -nan              -nan         -nan

PREF_REPL_MOVEDOWN                                   0         -nan%                0         -nan%
PREF_REPL_MOVEUP                                     0         -nan%                0         -nan%
                                                     0         -nan%                0         -nan%
                                                  -nan         -nan              -nan         -nan

PREF_COV_1                                           0         -nan%                0         -nan%
PREF_COV_2                                           0         -nan%                0         -nan%
PREF_COV_3                                           0         -nan%                0         -nan%
PREF_COV_4                                           0         -nan%                0         -nan%
PREF_COV_5                                           0         -nan%                0         -nan%
PREF_COV_6                                           0         -nan%                0         -nan%
PREF_COV_7                                           0         -nan%                0         -nan%
PREF_COV_8                                           0         -nan%                0         -nan%
PREF_COV_9                                           0         -nan%                0         -nan%
PREF_COV_10                                          0         -nan%                0         -nan%
                                                     0         -nan%                0         -nan%
                                                  -nan         -nan              -nan         -nan

PREF_POL_1                                           0        0.000%                0        0.000%
PREF_POL_2                                           0        0.000%                0        0.000%
PREF_POL_3                                           0        0.000%                0        0.000%
PREF_POL_4                                           0        0.000%                0        0.000%
PREF_POL_5                                           0        0.000%                0        0.000%
PREF_POL_6                                           0        0.000%                0        0.000%
PREF_POL_7                                           0        0.000%                0        0.000%
PREF_POL_8                                           0        0.000%                0        0.000%
PREF_POL_9                                           0        0.000%                0        0.000%
PREF_POL_10                                         40      100.000%               40      100.000%
                                                    40      100.000%               40      100.000%
                                                  9.00         9.11              9.00         9.11

PREF_ACC_1                                          40      100.000%               40      100.000%
PREF_ACC_2                                           0        0.000%                0        0.000%
PREF_ACC_3                                           0        0.000%                0        0.000%
PREF_ACC_4                                           0        0.000%                0        0.000%
PREF_ACC_5                                           0        0.000%                0        0.000%
PREF_ACC_6                                           0        0.000%                0        0.000%
PREF_ACC_7                                           0        0.000%                0        0.000%
PREF_ACC_8                                           0        0.000%                0        0.000%
PREF_ACC_9                                           0        0.000%                0        0.000%
PREF_ACC_10                                          0        0.000%                0        0.000%
                                                    40      100.000%               40      100.000%
                                                  0.00         0.00              0.00         0.00

PREF_TIMELY_1                                        0        0.000%                0        0.000%
PREF_TIMELY_2                                        0        0.000%                0        0.000%
PREF_TIMELY_3                                        0        0.000%                0        0.000%
PREF_TIMELY_4                                        1        2.500%                1        2.500%
PREF_TIMELY_5                                        4       10.000%                4       10.000%
PREF_TIMELY_6                                       34       85.000%               34       85.000%
PREF_TIMELY_7                                        1        2.500%                1        2.500%
PREF_TIMELY_8                                        0        0.000%                0        0.000%
PREF_TIMELY_9                                        0        0.000%                0        0.000%
PREF_TIMELY_10                                       0        0.000%                0        0.000%
                                                    40      100.000%               40      100.000%
                                                  4.88         0.46              4.88         0.46

PREF_UNUSED_EVICT                                  656                            656              

PREF_REGION_SENT                                     0                              0              

PREF_REGION_USEFUL                                   0                              0              

PREF_REGION_EVICT                                    0                              0              

PREF_PFPOL                                           0                              0              

PREF_PHASE_NEWPHASE_DET                              0                              0              

PREF_PHASE_NEWPHASE_NOTVALID                         0                              0              

PREF_PHASE_SENTPREF                                  0                              0              

PREF_PHASE_OVERWRITE_PAGE                            0                              0              

PREF_UPDATE_COUNT                                   40                             40              

PREF_ACC1_HT_HP                                      0        0.000%                0        0.000%
PREF_ACC1_HT_LP                                      0        0.000%                0        0.000%
PREF_ACC1_LT_HP                                      0        0.000%                0        0.000%
PREF_ACC1_LT_LP                                     40      100.000%               40      100.000%
PREF_ACC2_HT_HP                                      0        0.000%                0        0.000%
PREF_ACC2_HT_LP                                      0        0.000%                0        0.000%
PREF_ACC2_LT_HP                                      0        0.000%                0        0.000%
PREF_ACC2_LT_LP                                      0        0.000%                0        0.000%
PREF_ACC3_HT_HP                                      0        0.000%                0        0.000%
PREF_ACC3_HT_LP                                      0        0.000%                0        0.000%
PREF_ACC3_LT_HP                                      0        0.000%                0        0.000%
PREF_ACC3_LT_LP                                      0        0.000%                0        0.000%
PREF_ACC4_HT_HP                                      0        0.000%                0        0.000%
PREF_ACC4_HT_LP                                      0        0.000%                0        0.000%
PREF_ACC4_LT_HP                                      0        0.000%                0        0.000%
PREF_ACC4_LT_LP                                      0        0.000%                0        0.000%
                                                    40      100.000%               40      100.000%
                                                  3.00         0.00              3.00         0.00



