               ramulator.active_cycles_0             2945003                                      # Total active cycles for level _0
                 ramulator.busy_cycles_0             2945003                                      # (All-bank refresh only. busy cycles only include refresh time in rank level) The sum of cycles that the DRAM part is active or under refresh for level _0
            ramulator.serving_requests_0             3558306                                      # The sum of read and write requests that are served in this DRAM element per memory cycle for level _0
    ramulator.average_serving_requests_0            0.117340                                      # The average of read and write requests that are served in this DRAM element per memory cycle for level _0
             ramulator.active_cycles_0_0             2945003                                      # Total active cycles for level _0_0
               ramulator.busy_cycles_0_0             4217183                                      # (All-bank refresh only. busy cycles only include refresh time in rank level) The sum of cycles that the DRAM part is active or under refresh for level _0_0
          ramulator.serving_requests_0_0             3558306                                      # The sum of read and write requests that are served in this DRAM element per memory cycle for level _0_0
  ramulator.average_serving_requests_0_0            0.117340                                      # The average of read and write requests that are served in this DRAM element per memory cycle for level _0_0
           ramulator.active_cycles_0_0_0              753739                                      # Total active cycles for level _0_0_0
             ramulator.busy_cycles_0_0_0              753739                                      # (All-bank refresh only. busy cycles only include refresh time in rank level) The sum of cycles that the DRAM part is active or under refresh for level _0_0_0
        ramulator.serving_requests_0_0_0              818167                                      # The sum of read and write requests that are served in this DRAM element per memory cycle for level _0_0_0
ramulator.average_serving_requests_0_0_0            0.026980                                      # The average of read and write requests that are served in this DRAM element per memory cycle for level _0_0_0
         ramulator.active_cycles_0_0_0_0              168304                                      # Total active cycles for level _0_0_0_0
           ramulator.busy_cycles_0_0_0_0              168304                                      # (All-bank refresh only. busy cycles only include refresh time in rank level) The sum of cycles that the DRAM part is active or under refresh for level _0_0_0_0
      ramulator.serving_requests_0_0_0_0              179341                                      # The sum of read and write requests that are served in this DRAM element per memory cycle for level _0_0_0_0
ramulator.average_serving_requests_0_0_0_0            0.005914                                      # The average of read and write requests that are served in this DRAM element per memory cycle for level _0_0_0_0
         ramulator.active_cycles_0_0_0_1              193420                                      # Total active cycles for level _0_0_0_1
           ramulator.busy_cycles_0_0_0_1              193420                                      # (All-bank refresh only. busy cycles only include refresh time in rank level) The sum of cycles that the DRAM part is active or under refresh for level _0_0_0_1
      ramulator.serving_requests_0_0_0_1              205731                                      # The sum of read and write requests that are served in this DRAM element per memory cycle for level _0_0_0_1
ramulator.average_serving_requests_0_0_0_1            0.006784                                      # The average of read and write requests that are served in this DRAM element per memory cycle for level _0_0_0_1
         ramulator.active_cycles_0_0_0_2              252680                                      # Total active cycles for level _0_0_0_2
           ramulator.busy_cycles_0_0_0_2              252680                                      # (All-bank refresh only. busy cycles only include refresh time in rank level) The sum of cycles that the DRAM part is active or under refresh for level _0_0_0_2
      ramulator.serving_requests_0_0_0_2              263322                                      # The sum of read and write requests that are served in this DRAM element per memory cycle for level _0_0_0_2
ramulator.average_serving_requests_0_0_0_2            0.008683                                      # The average of read and write requests that are served in this DRAM element per memory cycle for level _0_0_0_2
         ramulator.active_cycles_0_0_0_3              157772                                      # Total active cycles for level _0_0_0_3
           ramulator.busy_cycles_0_0_0_3              157772                                      # (All-bank refresh only. busy cycles only include refresh time in rank level) The sum of cycles that the DRAM part is active or under refresh for level _0_0_0_3
      ramulator.serving_requests_0_0_0_3              169773                                      # The sum of read and write requests that are served in this DRAM element per memory cycle for level _0_0_0_3
ramulator.average_serving_requests_0_0_0_3            0.005598                                      # The average of read and write requests that are served in this DRAM element per memory cycle for level _0_0_0_3
           ramulator.active_cycles_0_0_1             1022433                                      # Total active cycles for level _0_0_1
             ramulator.busy_cycles_0_0_1             1022433                                      # (All-bank refresh only. busy cycles only include refresh time in rank level) The sum of cycles that the DRAM part is active or under refresh for level _0_0_1
        ramulator.serving_requests_0_0_1             1118739                                      # The sum of read and write requests that are served in this DRAM element per memory cycle for level _0_0_1
ramulator.average_serving_requests_0_0_1            0.036892                                      # The average of read and write requests that are served in this DRAM element per memory cycle for level _0_0_1
         ramulator.active_cycles_0_0_1_0              242723                                      # Total active cycles for level _0_0_1_0
           ramulator.busy_cycles_0_0_1_0              242723                                      # (All-bank refresh only. busy cycles only include refresh time in rank level) The sum of cycles that the DRAM part is active or under refresh for level _0_0_1_0
      ramulator.serving_requests_0_0_1_0              255595                                      # The sum of read and write requests that are served in this DRAM element per memory cycle for level _0_0_1_0
ramulator.average_serving_requests_0_0_1_0            0.008429                                      # The average of read and write requests that are served in this DRAM element per memory cycle for level _0_0_1_0
         ramulator.active_cycles_0_0_1_1              248488                                      # Total active cycles for level _0_0_1_1
           ramulator.busy_cycles_0_0_1_1              248488                                      # (All-bank refresh only. busy cycles only include refresh time in rank level) The sum of cycles that the DRAM part is active or under refresh for level _0_0_1_1
      ramulator.serving_requests_0_0_1_1              262721                                      # The sum of read and write requests that are served in this DRAM element per memory cycle for level _0_0_1_1
ramulator.average_serving_requests_0_0_1_1            0.008664                                      # The average of read and write requests that are served in this DRAM element per memory cycle for level _0_0_1_1
         ramulator.active_cycles_0_0_1_2              235993                                      # Total active cycles for level _0_0_1_2
           ramulator.busy_cycles_0_0_1_2              235993                                      # (All-bank refresh only. busy cycles only include refresh time in rank level) The sum of cycles that the DRAM part is active or under refresh for level _0_0_1_2
      ramulator.serving_requests_0_0_1_2              247900                                      # The sum of read and write requests that are served in this DRAM element per memory cycle for level _0_0_1_2
ramulator.average_serving_requests_0_0_1_2            0.008175                                      # The average of read and write requests that are served in this DRAM element per memory cycle for level _0_0_1_2
         ramulator.active_cycles_0_0_1_3              338789                                      # Total active cycles for level _0_0_1_3
           ramulator.busy_cycles_0_0_1_3              338789                                      # (All-bank refresh only. busy cycles only include refresh time in rank level) The sum of cycles that the DRAM part is active or under refresh for level _0_0_1_3
      ramulator.serving_requests_0_0_1_3              352523                                      # The sum of read and write requests that are served in this DRAM element per memory cycle for level _0_0_1_3
ramulator.average_serving_requests_0_0_1_3            0.011625                                      # The average of read and write requests that are served in this DRAM element per memory cycle for level _0_0_1_3
           ramulator.active_cycles_0_0_2              772642                                      # Total active cycles for level _0_0_2
             ramulator.busy_cycles_0_0_2              772642                                      # (All-bank refresh only. busy cycles only include refresh time in rank level) The sum of cycles that the DRAM part is active or under refresh for level _0_0_2
        ramulator.serving_requests_0_0_2              830402                                      # The sum of read and write requests that are served in this DRAM element per memory cycle for level _0_0_2
ramulator.average_serving_requests_0_0_2            0.027384                                      # The average of read and write requests that are served in this DRAM element per memory cycle for level _0_0_2
         ramulator.active_cycles_0_0_2_0              147003                                      # Total active cycles for level _0_0_2_0
           ramulator.busy_cycles_0_0_2_0              147003                                      # (All-bank refresh only. busy cycles only include refresh time in rank level) The sum of cycles that the DRAM part is active or under refresh for level _0_0_2_0
      ramulator.serving_requests_0_0_2_0              157782                                      # The sum of read and write requests that are served in this DRAM element per memory cycle for level _0_0_2_0
ramulator.average_serving_requests_0_0_2_0            0.005203                                      # The average of read and write requests that are served in this DRAM element per memory cycle for level _0_0_2_0
         ramulator.active_cycles_0_0_2_1              234716                                      # Total active cycles for level _0_0_2_1
           ramulator.busy_cycles_0_0_2_1              234716                                      # (All-bank refresh only. busy cycles only include refresh time in rank level) The sum of cycles that the DRAM part is active or under refresh for level _0_0_2_1
      ramulator.serving_requests_0_0_2_1              246599                                      # The sum of read and write requests that are served in this DRAM element per memory cycle for level _0_0_2_1
ramulator.average_serving_requests_0_0_2_1            0.008132                                      # The average of read and write requests that are served in this DRAM element per memory cycle for level _0_0_2_1
         ramulator.active_cycles_0_0_2_2              218324                                      # Total active cycles for level _0_0_2_2
           ramulator.busy_cycles_0_0_2_2              218324                                      # (All-bank refresh only. busy cycles only include refresh time in rank level) The sum of cycles that the DRAM part is active or under refresh for level _0_0_2_2
      ramulator.serving_requests_0_0_2_2              230059                                      # The sum of read and write requests that are served in this DRAM element per memory cycle for level _0_0_2_2
ramulator.average_serving_requests_0_0_2_2            0.007586                                      # The average of read and write requests that are served in this DRAM element per memory cycle for level _0_0_2_2
         ramulator.active_cycles_0_0_2_3              187172                                      # Total active cycles for level _0_0_2_3
           ramulator.busy_cycles_0_0_2_3              187172                                      # (All-bank refresh only. busy cycles only include refresh time in rank level) The sum of cycles that the DRAM part is active or under refresh for level _0_0_2_3
      ramulator.serving_requests_0_0_2_3              195962                                      # The sum of read and write requests that are served in this DRAM element per memory cycle for level _0_0_2_3
ramulator.average_serving_requests_0_0_2_3            0.006462                                      # The average of read and write requests that are served in this DRAM element per memory cycle for level _0_0_2_3
           ramulator.active_cycles_0_0_3              710431                                      # Total active cycles for level _0_0_3
             ramulator.busy_cycles_0_0_3              710431                                      # (All-bank refresh only. busy cycles only include refresh time in rank level) The sum of cycles that the DRAM part is active or under refresh for level _0_0_3
        ramulator.serving_requests_0_0_3              790998                                      # The sum of read and write requests that are served in this DRAM element per memory cycle for level _0_0_3
ramulator.average_serving_requests_0_0_3            0.026084                                      # The average of read and write requests that are served in this DRAM element per memory cycle for level _0_0_3
         ramulator.active_cycles_0_0_3_0               73477                                      # Total active cycles for level _0_0_3_0
           ramulator.busy_cycles_0_0_3_0               73477                                      # (All-bank refresh only. busy cycles only include refresh time in rank level) The sum of cycles that the DRAM part is active or under refresh for level _0_0_3_0
      ramulator.serving_requests_0_0_3_0               82231                                      # The sum of read and write requests that are served in this DRAM element per memory cycle for level _0_0_3_0
ramulator.average_serving_requests_0_0_3_0            0.002712                                      # The average of read and write requests that are served in this DRAM element per memory cycle for level _0_0_3_0
         ramulator.active_cycles_0_0_3_1              257049                                      # Total active cycles for level _0_0_3_1
           ramulator.busy_cycles_0_0_3_1              257049                                      # (All-bank refresh only. busy cycles only include refresh time in rank level) The sum of cycles that the DRAM part is active or under refresh for level _0_0_3_1
      ramulator.serving_requests_0_0_3_1              271262                                      # The sum of read and write requests that are served in this DRAM element per memory cycle for level _0_0_3_1
ramulator.average_serving_requests_0_0_3_1            0.008945                                      # The average of read and write requests that are served in this DRAM element per memory cycle for level _0_0_3_1
         ramulator.active_cycles_0_0_3_2              283534                                      # Total active cycles for level _0_0_3_2
           ramulator.busy_cycles_0_0_3_2              283534                                      # (All-bank refresh only. busy cycles only include refresh time in rank level) The sum of cycles that the DRAM part is active or under refresh for level _0_0_3_2
      ramulator.serving_requests_0_0_3_2              298138                                      # The sum of read and write requests that are served in this DRAM element per memory cycle for level _0_0_3_2
ramulator.average_serving_requests_0_0_3_2            0.009831                                      # The average of read and write requests that are served in this DRAM element per memory cycle for level _0_0_3_2
         ramulator.active_cycles_0_0_3_3              129230                                      # Total active cycles for level _0_0_3_3
           ramulator.busy_cycles_0_0_3_3              129230                                      # (All-bank refresh only. busy cycles only include refresh time in rank level) The sum of cycles that the DRAM part is active or under refresh for level _0_0_3_3
      ramulator.serving_requests_0_0_3_3              139367                                      # The sum of read and write requests that are served in this DRAM element per memory cycle for level _0_0_3_3
ramulator.average_serving_requests_0_0_3_3            0.004596                                      # The average of read and write requests that are served in this DRAM element per memory cycle for level _0_0_3_3
      ramulator.read_transaction_bytes_0             3331136                                      # The total byte of read transaction per channel
     ramulator.write_transaction_bytes_0             1937792                                      # The total byte of write transaction per channel
       ramulator.row_hits_channel_0_core               57188                                      # Number of row hits per channel per core
     ramulator.row_misses_channel_0_core               16839                                      # Number of row misses per channel per core
  ramulator.row_conflicts_channel_0_core                8300                                      # Number of row conflicts per channel per core
  ramulator.read_row_hits_channel_0_core               38619                                      # Number of row hits for read requests per channel per core
                                     [0]             38619.0                                      # 
ramulator.read_row_misses_channel_0_core                9578                                      # Number of row misses for read requests per channel per core
                                     [0]              9578.0                                      # 
ramulator.read_row_conflicts_channel_0_core                3852                                      # Number of row conflicts for read requests per channel per core
                                     [0]              3852.0                                      # 
 ramulator.write_row_hits_channel_0_core               18569                                      # Number of row hits for write requests per channel per core
                                     [0]             18569.0                                      # 
ramulator.write_row_misses_channel_0_core                7261                                      # Number of row misses for write requests per channel per core
                                     [0]              7261.0                                      # 
ramulator.write_row_conflicts_channel_0_core                4448                                      # Number of row conflicts for write requests per channel per core
                                     [0]              4448.0                                      # 
      ramulator.useless_activates_0_core                   0                                      # Number of useless activations. E.g, ACT -> PRE w/o RD or WR
            ramulator.read_latency_avg_0           45.638566                                      # The average memory latency cycles (in memory time domain) per request for all read requests in this channel
            ramulator.read_latency_sum_0             2375533                                      # The memory latency cycles (in memory time domain) sum for all read requests in this channel
        ramulator.req_queue_length_avg_0           11.699310                                      # Average of read and write queue length per memory cycle per channel.
        ramulator.req_queue_length_sum_0           354779539                                      # Sum of read and write queue length per memory cycle per channel.
   ramulator.read_req_queue_length_avg_0            0.071230                                      # Read queue length average per memory cycle per channel.
   ramulator.read_req_queue_length_sum_0             2160029                                      # Read queue length sum per memory cycle per channel.
  ramulator.write_req_queue_length_avg_0           11.628080                                      # Write queue length average per memory cycle per channel.
  ramulator.write_req_queue_length_sum_0           352619510                                      # Write queue length sum per memory cycle per channel.
              ramulator.record_read_hits                 0.0                                      # record read hit count for this core when it reaches request limit or to the end
                                     [0]                 0.0                                      # 
            ramulator.record_read_misses                 0.0                                      # record_read_miss count for this core when it reaches request limit or to the end
                                     [0]                 0.0                                      # 
         ramulator.record_read_conflicts                 0.0                                      # record read conflict count for this core when it reaches request limit or to the end
                                     [0]                 0.0                                      # 
             ramulator.record_write_hits                 0.0                                      # record write hit count for this core when it reaches request limit or to the end
                                     [0]                 0.0                                      # 
           ramulator.record_write_misses                 0.0                                      # record write miss count for this core when it reaches request limit or to the end
                                     [0]                 0.0                                      # 
        ramulator.record_write_conflicts                 0.0                                      # record write conflict for this core when it reaches request limit or to the end
                                     [0]                 0.0                                      # 
                 ramulator.dram_capacity          8589934592                                      # Number of bytes in simulated DRAM
                   ramulator.dram_cycles            30324827                                      # Number of DRAM cycles simulated
             ramulator.incoming_requests               82332                                      # Number of incoming requests to DRAM
                 ramulator.read_requests               52051                                      # Number of incoming read requests to DRAM per core
                                     [0]             52051.0                                      # 
                ramulator.write_requests               30281                                      # Number of incoming write requests to DRAM per core
                                     [0]             30281.0                                      # 
       ramulator.ramulator_active_cycles             2945003                                      # The total number of cycles that the DRAM part is active (serving R/W)
 ramulator.incoming_requests_per_channel             82332.0                                      # Number of incoming requests to each DRAM channel
                                     [0]             82332.0                                      # 
ramulator.incoming_read_reqs_per_channel             52051.0                                      # Number of incoming read requests to each DRAM channel
                                     [0]             52051.0                                      # 
     ramulator.physical_page_replacement                   0                                      # The number of times that physical page replacement happens.
             ramulator.maximum_bandwidth         19200000000                                      # The theoretical maximum bandwidth (Bps)
          ramulator.in_queue_req_num_sum           354779539                                      # Sum of read/write queue length
     ramulator.in_queue_read_req_num_sum             2160029                                      # Sum of read queue length
    ramulator.in_queue_write_req_num_sum           352619510                                      # Sum of write queue length
          ramulator.in_queue_req_num_avg           11.699310                                      # Average of read/write queue length per memory cycle
     ramulator.in_queue_read_req_num_avg            0.071230                                      # Average of read queue length per memory cycle
    ramulator.in_queue_write_req_num_avg           11.628080                                      # Average of write queue length per memory cycle
          ramulator.record_read_requests                 0.0                                      # record read requests for this core when it reaches request limit or to the end
                                     [0]                 0.0                                      # 
         ramulator.record_write_requests                 0.0                                      # record write requests for this core when it reaches request limit or to the end
                                     [0]                 0.0                                      # 
