Scarab gitrev: e8bfa19
Scarab started at Thu May  4 21:40:18 2023

Initialized Ramulator. 
** Heartbeat:   1% -- { 1000004 } -- 0.00 KIPS (250.00 KIPS)
** Heartbeat:   2% -- { 2000005 } -- 250.00 KIPS (250.00 KIPS)
** Heartbeat:   3% -- { 3000005 } -- 250.00 KIPS (250.00 KIPS)
** Heartbeat:   4% -- { 4000007 } -- 200.00 KIPS (235.29 KIPS)
** Heartbeat:   5% -- { 5000011 } -- 250.00 KIPS (238.10 KIPS)
** Heartbeat:   6% -- { 6000011 } -- 250.00 KIPS (240.00 KIPS)
** Heartbeat:   7% -- { 7000013 } -- 250.00 KIPS (241.38 KIPS)
** Heartbeat:   8% -- { 8000014 } -- 250.00 KIPS (242.42 KIPS)
** Heartbeat:   9% -- { 9000014 } -- 250.00 KIPS (243.24 KIPS)
** Heartbeat:  10% -- { 10000019 } -- 250.00 KIPS (243.90 KIPS)
** Heartbeat:  11% -- { 11000024 } -- 250.00 KIPS (244.44 KIPS)
** Heartbeat:  12% -- { 12000027 } -- 250.00 KIPS (244.90 KIPS)
** Heartbeat:  13% -- { 13000030 } -- 250.00 KIPS (245.28 KIPS)
** Heartbeat:  14% -- { 14000033 } -- 250.00 KIPS (245.61 KIPS)
** Heartbeat:  15% -- { 15000034 } -- 250.00 KIPS (245.90 KIPS)
** Heartbeat:  16% -- { 16000036 } -- 250.00 KIPS (246.15 KIPS)
** Heartbeat:  17% -- { 17000037 } -- 250.00 KIPS (246.38 KIPS)
** Heartbeat:  18% -- { 18000040 } -- 250.00 KIPS (246.58 KIPS)
** Heartbeat:  19% -- { 19000040 } -- 250.00 KIPS (246.75 KIPS)
** Heartbeat:  20% -- { 20000045 } -- 250.00 KIPS (246.91 KIPS)
** Heartbeat:  21% -- { 21000046 } -- 200.00 KIPS (244.19 KIPS)
** Heartbeat:  22% -- { 22000046 } -- 250.00 KIPS (244.44 KIPS)
** Heartbeat:  23% -- { 23000046 } -- 250.00 KIPS (244.68 KIPS)
** Heartbeat:  24% -- { 24000046 } -- 250.00 KIPS (244.90 KIPS)
** Heartbeat:  25% -- { 25000046 } -- 250.00 KIPS (245.10 KIPS)
** Heartbeat:  26% -- { 26000049 } -- 250.00 KIPS (245.28 KIPS)
** Heartbeat:  27% -- { 27000051 } -- 200.00 KIPS (243.24 KIPS)
** Heartbeat:  28% -- { 28000051 } -- 250.00 KIPS (243.48 KIPS)
** Heartbeat:  29% -- { 29000051 } -- 250.00 KIPS (243.70 KIPS)
** Heartbeat:  30% -- { 30000051 } -- 250.00 KIPS (243.90 KIPS)
** Heartbeat:  31% -- { 31000052 } -- 250.00 KIPS (244.09 KIPS)
** Heartbeat:  32% -- { 32000055 } -- 200.00 KIPS (242.42 KIPS)
** Heartbeat:  33% -- { 33000055 } -- 250.00 KIPS (242.65 KIPS)
** Heartbeat:  34% -- { 34000055 } -- 250.00 KIPS (242.86 KIPS)
** Heartbeat:  35% -- { 35000058 } -- 250.00 KIPS (243.06 KIPS)
** Heartbeat:  36% -- { 36000058 } -- 250.00 KIPS (243.24 KIPS)
** Heartbeat:  37% -- { 37000061 } -- 200.00 KIPS (241.83 KIPS)
** Heartbeat:  38% -- { 38000064 } -- 250.00 KIPS (242.04 KIPS)
** Heartbeat:  39% -- { 39000064 } -- 250.00 KIPS (242.24 KIPS)
** Heartbeat:  40% -- { 40000065 } -- 250.00 KIPS (242.42 KIPS)
** Heartbeat:  41% -- { 41000067 } -- 250.00 KIPS (242.60 KIPS)
** Heartbeat:  42% -- { 42000067 } -- 250.00 KIPS (242.77 KIPS)
** Heartbeat:  43% -- { 43000068 } -- 200.00 KIPS (241.57 KIPS)
** Heartbeat:  44% -- { 44000068 } -- 250.00 KIPS (241.76 KIPS)
** Heartbeat:  45% -- { 45000069 } -- 250.00 KIPS (241.94 KIPS)
** Heartbeat:  46% -- { 46000069 } -- 250.00 KIPS (242.11 KIPS)
** Heartbeat:  47% -- { 47000069 } -- 200.00 KIPS (241.03 KIPS)
** Heartbeat:  48% -- { 48000070 } -- 250.00 KIPS (241.21 KIPS)
** Heartbeat:  49% -- { 49000072 } -- 250.00 KIPS (241.38 KIPS)
** Heartbeat:  50% -- { 50000073 } -- 250.00 KIPS (241.55 KIPS)
** Heartbeat:  51% -- { 51000075 } -- 250.00 KIPS (241.71 KIPS)
** Heartbeat:  52% -- { 52000075 } -- 250.00 KIPS (241.86 KIPS)
** Heartbeat:  53% -- { 53000075 } -- 250.00 KIPS (242.01 KIPS)
** Heartbeat:  54% -- { 54000075 } -- 250.00 KIPS (242.15 KIPS)
** Heartbeat:  55% -- { 55000080 } -- 250.00 KIPS (242.29 KIPS)
** Heartbeat:  56% -- { 56000082 } -- 250.00 KIPS (242.42 KIPS)
** Heartbeat:  57% -- { 57000083 } -- 250.00 KIPS (242.55 KIPS)
** Heartbeat:  58% -- { 58000083 } -- 250.00 KIPS (242.68 KIPS)
** Heartbeat:  59% -- { 59000083 } -- 250.00 KIPS (242.80 KIPS)
** Heartbeat:  60% -- { 60000085 } -- 250.00 KIPS (242.92 KIPS)
** Heartbeat:  61% -- { 61000087 } -- 250.00 KIPS (243.03 KIPS)
** Heartbeat:  62% -- { 62000087 } -- 200.00 KIPS (242.19 KIPS)
** Heartbeat:  63% -- { 63000087 } -- 250.00 KIPS (242.31 KIPS)
** Heartbeat:  64% -- { 64000088 } -- 250.00 KIPS (242.42 KIPS)
** Heartbeat:  65% -- { 65000088 } -- 250.00 KIPS (242.54 KIPS)
** Heartbeat:  66% -- { 66000088 } -- 250.00 KIPS (242.65 KIPS)
** Heartbeat:  67% -- { 67000088 } -- 250.00 KIPS (242.75 KIPS)
** Heartbeat:  68% -- { 68000088 } -- 250.00 KIPS (242.86 KIPS)
** Heartbeat:  69% -- { 69000088 } -- 250.00 KIPS (242.96 KIPS)
** Heartbeat:  70% -- { 70000091 } -- 250.00 KIPS (243.06 KIPS)
** Heartbeat:  71% -- { 71000094 } -- 250.00 KIPS (243.15 KIPS)
** Heartbeat:  72% -- { 72000096 } -- 200.00 KIPS (242.42 KIPS)
** Heartbeat:  73% -- { 73000096 } -- 250.00 KIPS (242.53 KIPS)
** Heartbeat:  74% -- { 74000096 } -- 250.00 KIPS (242.62 KIPS)
** Heartbeat:  75% -- { 75000097 } -- 250.00 KIPS (242.72 KIPS)
** Heartbeat:  76% -- { 76000097 } -- 250.00 KIPS (242.81 KIPS)
** Heartbeat:  77% -- { 77000099 } -- 200.00 KIPS (242.14 KIPS)
** Heartbeat:  78% -- { 78000100 } -- 250.00 KIPS (242.24 KIPS)
** Heartbeat:  79% -- { 79000100 } -- 250.00 KIPS (242.33 KIPS)
** Heartbeat:  80% -- { 80000104 } -- 250.00 KIPS (242.42 KIPS)
** Heartbeat:  81% -- { 81000105 } -- 250.00 KIPS (242.52 KIPS)
** Heartbeat:  82% -- { 82000108 } -- 250.00 KIPS (242.60 KIPS)
** Heartbeat:  83% -- { 83000109 } -- 250.00 KIPS (242.69 KIPS)
** Heartbeat:  84% -- { 84000109 } -- 250.00 KIPS (242.77 KIPS)
** Heartbeat:  85% -- { 85000109 } -- 500.00 KIPS (244.25 KIPS)
** Heartbeat:  86% -- { 86000110 } -- 333.33 KIPS (245.01 KIPS)
** Heartbeat:  87% -- { 87000115 } -- 250.00 KIPS (245.07 KIPS)
** Heartbeat:  88% -- { 88000116 } -- 333.33 KIPS (245.81 KIPS)
** Heartbeat:  89% -- { 89000116 } -- 250.00 KIPS (245.86 KIPS)
** Heartbeat:  90% -- { 90000116 } -- 333.33 KIPS (246.58 KIPS)
** Heartbeat:  91% -- { 91000118 } -- 500.00 KIPS (247.96 KIPS)
** Heartbeat:  92% -- { 92000118 } -- 500.00 KIPS (249.32 KIPS)
** Heartbeat:  93% -- { 93000122 } -- 333.33 KIPS (250.00 KIPS)
** Heartbeat:  94% -- { 94000122 } -- 500.00 KIPS (251.34 KIPS)
** Heartbeat:  95% -- { 95000122 } -- 500.00 KIPS (252.66 KIPS)
** Heartbeat:  96% -- { 96000123 } -- 333.33 KIPS (253.30 KIPS)
** Heartbeat:  97% -- { 97000125 } -- 500.00 KIPS (254.59 KIPS)
** Heartbeat:  98% -- { 98000126 } -- 500.00 KIPS (255.88 KIPS)
** Heartbeat:  99% -- { 99000126 } -- 500.00 KIPS (257.14 KIPS)
** Core 0 Finished:    insts:100000000   cycles:80979563    time:25306113437500      -- 1.23 IPC (1.23 IPC) --  N/A  KIPS (257.73 KIPS)
done
Scarab finished at Thu May  4 21:46:46 2023

