Scarab gitrev: e8bfa19
Scarab started at Thu May  4 21:40:18 2023

Initialized Ramulator. 
** Heartbeat:   1% -- { 1000004 } -- 0.00 KIPS (200.00 KIPS)
** Heartbeat:   2% -- { 2000007 } -- 250.00 KIPS (222.22 KIPS)
** Heartbeat:   3% -- { 3000007 } -- 200.00 KIPS (214.29 KIPS)
** Heartbeat:   4% -- { 4000010 } -- 250.00 KIPS (222.22 KIPS)
** Heartbeat:   5% -- { 5000012 } -- 250.00 KIPS (227.27 KIPS)
** Heartbeat:   6% -- { 6000014 } -- 200.00 KIPS (222.22 KIPS)
** Heartbeat:   7% -- { 7000015 } -- 250.00 KIPS (225.81 KIPS)
** Heartbeat:   8% -- { 8000018 } -- 200.00 KIPS (222.22 KIPS)
** Heartbeat:   9% -- { 9000018 } -- 250.00 KIPS (225.00 KIPS)
** Heartbeat:  10% -- { 10000022 } -- 200.00 KIPS (222.22 KIPS)
** Heartbeat:  11% -- { 11000023 } -- 250.00 KIPS (224.49 KIPS)
** Heartbeat:  12% -- { 12000023 } -- 250.00 KIPS (226.42 KIPS)
** Heartbeat:  13% -- { 13000023 } -- 200.00 KIPS (224.14 KIPS)
** Heartbeat:  14% -- { 14000025 } -- 200.00 KIPS (222.22 KIPS)
** Heartbeat:  15% -- { 15000025 } -- 250.00 KIPS (223.88 KIPS)
** Heartbeat:  16% -- { 16000029 } -- 200.00 KIPS (222.22 KIPS)
** Heartbeat:  17% -- { 17000029 } -- 250.00 KIPS (223.68 KIPS)
** Heartbeat:  18% -- { 18000029 } -- 250.00 KIPS (225.00 KIPS)
** Heartbeat:  19% -- { 19000031 } -- 200.00 KIPS (223.53 KIPS)
** Heartbeat:  20% -- { 20000032 } -- 250.00 KIPS (224.72 KIPS)
** Heartbeat:  21% -- { 21000036 } -- 200.00 KIPS (223.40 KIPS)
** Heartbeat:  22% -- { 22000040 } -- 250.00 KIPS (224.49 KIPS)
** Heartbeat:  23% -- { 23000041 } -- 250.00 KIPS (225.49 KIPS)
** Heartbeat:  24% -- { 24000041 } -- 200.00 KIPS (224.30 KIPS)
** Heartbeat:  25% -- { 25000042 } -- 200.00 KIPS (223.21 KIPS)
** Heartbeat:  26% -- { 26000042 } -- 250.00 KIPS (224.14 KIPS)
** Heartbeat:  27% -- { 27000047 } -- 250.00 KIPS (225.00 KIPS)
** Heartbeat:  28% -- { 28000047 } -- 200.00 KIPS (224.00 KIPS)
** Heartbeat:  29% -- { 29000047 } -- 200.00 KIPS (223.08 KIPS)
** Heartbeat:  30% -- { 30000049 } -- 250.00 KIPS (223.88 KIPS)
** Heartbeat:  31% -- { 31000053 } -- 250.00 KIPS (224.64 KIPS)
** Heartbeat:  32% -- { 32000055 } -- 200.00 KIPS (223.78 KIPS)
** Heartbeat:  33% -- { 33000055 } -- 200.00 KIPS (222.97 KIPS)
** Heartbeat:  34% -- { 34000057 } -- 250.00 KIPS (223.68 KIPS)
** Heartbeat:  35% -- { 35000061 } -- 250.00 KIPS (224.36 KIPS)
** Heartbeat:  36% -- { 36000063 } -- 200.00 KIPS (223.60 KIPS)
** Heartbeat:  37% -- { 37000066 } -- 250.00 KIPS (224.24 KIPS)
** Heartbeat:  38% -- { 38000069 } -- 200.00 KIPS (223.53 KIPS)
** Heartbeat:  39% -- { 39000074 } -- 250.00 KIPS (224.14 KIPS)
** Heartbeat:  40% -- { 40000076 } -- 200.00 KIPS (223.46 KIPS)
** Heartbeat:  41% -- { 41000079 } -- 200.00 KIPS (222.83 KIPS)
** Heartbeat:  42% -- { 42000081 } -- 250.00 KIPS (223.40 KIPS)
** Heartbeat:  43% -- { 43000084 } -- 250.00 KIPS (223.96 KIPS)
** Heartbeat:  44% -- { 44000086 } -- 200.00 KIPS (223.35 KIPS)
** Heartbeat:  45% -- { 45000087 } -- 250.00 KIPS (223.88 KIPS)
** Heartbeat:  46% -- { 46000087 } -- 200.00 KIPS (223.30 KIPS)
** Heartbeat:  47% -- { 47000088 } -- 250.00 KIPS (223.81 KIPS)
** Heartbeat:  48% -- { 48000089 } -- 200.00 KIPS (223.26 KIPS)
** Heartbeat:  49% -- { 49000090 } -- 250.00 KIPS (223.74 KIPS)
** Heartbeat:  50% -- { 50000091 } -- 200.00 KIPS (223.21 KIPS)
** Heartbeat:  51% -- { 51000094 } -- 250.00 KIPS (223.68 KIPS)
** Heartbeat:  52% -- { 52000098 } -- 200.00 KIPS (223.18 KIPS)
** Heartbeat:  53% -- { 53000099 } -- 250.00 KIPS (223.63 KIPS)
** Heartbeat:  54% -- { 54000102 } -- 200.00 KIPS (223.14 KIPS)
** Heartbeat:  55% -- { 55000102 } -- 250.00 KIPS (223.58 KIPS)
** Heartbeat:  56% -- { 56000105 } -- 250.00 KIPS (224.00 KIPS)
** Heartbeat:  57% -- { 57000105 } -- 200.00 KIPS (223.53 KIPS)
** Heartbeat:  58% -- { 58000109 } -- 250.00 KIPS (223.94 KIPS)
** Heartbeat:  59% -- { 59000111 } -- 200.00 KIPS (223.49 KIPS)
** Heartbeat:  60% -- { 60000112 } -- 250.00 KIPS (223.88 KIPS)
** Heartbeat:  61% -- { 61000112 } -- 200.00 KIPS (223.44 KIPS)
** Heartbeat:  62% -- { 62000112 } -- 250.00 KIPS (223.83 KIPS)
** Heartbeat:  63% -- { 63000112 } -- 200.00 KIPS (223.40 KIPS)
** Heartbeat:  64% -- { 64000113 } -- 250.00 KIPS (223.78 KIPS)
** Heartbeat:  65% -- { 65000113 } -- 200.00 KIPS (223.37 KIPS)
** Heartbeat:  66% -- { 66000114 } -- 200.00 KIPS (222.97 KIPS)
** Heartbeat:  67% -- { 67000114 } -- 250.00 KIPS (223.33 KIPS)
** Heartbeat:  68% -- { 68000117 } -- 200.00 KIPS (222.95 KIPS)
** Heartbeat:  69% -- { 69000121 } -- 250.00 KIPS (223.30 KIPS)
** Heartbeat:  70% -- { 70000124 } -- 200.00 KIPS (222.93 KIPS)
** Heartbeat:  71% -- { 71000124 } -- 250.00 KIPS (223.27 KIPS)
** Heartbeat:  72% -- { 72000124 } -- 250.00 KIPS (223.60 KIPS)
** Heartbeat:  73% -- { 73000127 } -- 333.33 KIPS (224.62 KIPS)
** Heartbeat:  74% -- { 74000128 } -- 250.00 KIPS (224.92 KIPS)
** Heartbeat:  75% -- { 75000129 } -- 500.00 KIPS (226.59 KIPS)
** Heartbeat:  76% -- { 76000133 } -- 250.00 KIPS (226.87 KIPS)
** Heartbeat:  77% -- { 77000135 } -- 333.33 KIPS (227.81 KIPS)
** Heartbeat:  78% -- { 78000136 } -- 250.00 KIPS (228.07 KIPS)
** Heartbeat:  79% -- { 79000136 } -- 250.00 KIPS (228.32 KIPS)
** Heartbeat:  80% -- { 80000139 } -- 250.00 KIPS (228.57 KIPS)
** Heartbeat:  81% -- { 81000143 } -- 500.00 KIPS (230.11 KIPS)
** Heartbeat:  82% -- { 82000145 } -- 333.33 KIPS (230.99 KIPS)
** Heartbeat:  83% -- { 83000148 } -- 500.00 KIPS (232.49 KIPS)
** Heartbeat:  84% -- { 84000148 } -- 333.33 KIPS (233.33 KIPS)
** Heartbeat:  85% -- { 85000148 } -- 500.00 KIPS (234.81 KIPS)
** Heartbeat:  86% -- { 86000148 } -- 333.33 KIPS (235.62 KIPS)
** Heartbeat:  87% -- { 87000148 } -- 500.00 KIPS (237.06 KIPS)
** Heartbeat:  88% -- { 88000153 } -- 333.33 KIPS (237.84 KIPS)
** Heartbeat:  89% -- { 89000153 } -- 500.00 KIPS (239.25 KIPS)
** Heartbeat:  90% -- { 90000157 } -- 333.33 KIPS (240.00 KIPS)
** Heartbeat:  91% -- { 91000158 } -- 500.00 KIPS (241.38 KIPS)
** Heartbeat:  92% -- { 92000158 } -- 500.00 KIPS (242.74 KIPS)
** Heartbeat:  93% -- { 93000158 } -- 333.33 KIPS (243.46 KIPS)
** Heartbeat:  94% -- { 94000160 } -- 500.00 KIPS (244.79 KIPS)
** Heartbeat:  95% -- { 95000165 } -- 333.33 KIPS (245.48 KIPS)
** Heartbeat:  96% -- { 96000166 } -- 500.00 KIPS (246.79 KIPS)
** Heartbeat:  97% -- { 97000168 } -- 500.00 KIPS (248.08 KIPS)
** Heartbeat:  98% -- { 98000170 } -- 333.33 KIPS (248.73 KIPS)
** Heartbeat:  99% -- { 99000172 } -- 500.00 KIPS (250.00 KIPS)
** Core 0 Finished:    insts:100000002   cycles:138598970   time:43312178125000      -- 0.72 IPC (0.72 IPC) --  N/A  KIPS (250.63 KIPS)
done
Scarab finished at Thu May  4 21:46:57 2023

