Scarab gitrev: 8e47791
Scarab started at Sat May 20 05:54:04 2023

Initialized Ramulator. 
** Heartbeat:   1% -- { 1000000 } -- 0.00 KIPS (333.33 KIPS)
** Heartbeat:   2% -- { 2000003 } -- 333.33 KIPS (333.33 KIPS)
** Heartbeat:   3% -- { 3000006 } -- 500.00 KIPS (375.00 KIPS)
** Heartbeat:   4% -- { 4000009 } -- 333.33 KIPS (363.64 KIPS)
** Heartbeat:   5% -- { 5000010 } -- 333.33 KIPS (357.14 KIPS)
** Heartbeat:   6% -- { 6000012 } -- 333.33 KIPS (352.94 KIPS)
** Heartbeat:   7% -- { 7000012 } -- 333.33 KIPS (350.00 KIPS)
** Heartbeat:   8% -- { 8000014 } -- 333.33 KIPS (347.83 KIPS)
** Heartbeat:   9% -- { 9000016 } -- 333.33 KIPS (346.15 KIPS)
** Heartbeat:  10% -- { 10000019 } -- 333.33 KIPS (344.83 KIPS)
** Heartbeat:  11% -- { 11000020 } -- 333.33 KIPS (343.75 KIPS)
** Heartbeat:  12% -- { 12000020 } -- 333.33 KIPS (342.86 KIPS)
** Heartbeat:  13% -- { 13000021 } -- 333.33 KIPS (342.11 KIPS)
** Heartbeat:  14% -- { 14000022 } -- 333.33 KIPS (341.46 KIPS)
** Heartbeat:  15% -- { 15000023 } -- 333.33 KIPS (340.91 KIPS)
** Heartbeat:  16% -- { 16000027 } -- 333.33 KIPS (340.43 KIPS)
** Heartbeat:  17% -- { 17000028 } -- 333.33 KIPS (340.00 KIPS)
** Heartbeat:  18% -- { 18000029 } -- 200.00 KIPS (327.27 KIPS)
** Heartbeat:  19% -- { 19000034 } -- 166.67 KIPS (311.48 KIPS)
** Heartbeat:  20% -- { 20000034 } -- 500.00 KIPS (317.46 KIPS)
** Heartbeat:  21% -- { 21000036 } -- 333.33 KIPS (318.18 KIPS)
** Heartbeat:  22% -- { 22000041 } -- 333.33 KIPS (318.84 KIPS)
** Heartbeat:  23% -- { 23000042 } -- 500.00 KIPS (323.94 KIPS)
** Heartbeat:  24% -- { 24000046 } -- 333.33 KIPS (324.32 KIPS)
** Heartbeat:  25% -- { 25000049 } -- 500.00 KIPS (328.95 KIPS)
** Heartbeat:  26% -- { 26000051 } -- 333.33 KIPS (329.11 KIPS)
** Heartbeat:  27% -- { 27000053 } -- 500.00 KIPS (333.33 KIPS)
** Heartbeat:  28% -- { 28000057 } -- 500.00 KIPS (337.35 KIPS)
** Heartbeat:  29% -- { 29000060 } -- 333.33 KIPS (337.21 KIPS)
** Heartbeat:  30% -- { 30000062 } -- 500.00 KIPS (340.91 KIPS)
** Heartbeat:  31% -- { 31000065 } -- 333.33 KIPS (340.66 KIPS)
** Heartbeat:  32% -- { 32000066 } -- 500.00 KIPS (344.09 KIPS)
** Heartbeat:  33% -- { 33000070 } -- 500.00 KIPS (347.37 KIPS)
** Heartbeat:  34% -- { 34000070 } -- 250.00 KIPS (343.44 KIPS)
** Heartbeat:  35% -- { 35000071 } -- 333.33 KIPS (343.14 KIPS)
** Heartbeat:  36% -- { 36000074 } -- 333.33 KIPS (342.86 KIPS)
** Heartbeat:  37% -- { 37000074 } -- 333.33 KIPS (342.59 KIPS)
** Heartbeat:  38% -- { 38000074 } -- 333.33 KIPS (342.34 KIPS)
** Heartbeat:  39% -- { 39000076 } -- 250.00 KIPS (339.13 KIPS)
** Heartbeat:  40% -- { 40000076 } -- 333.33 KIPS (338.98 KIPS)
** Heartbeat:  41% -- { 41000080 } -- 333.33 KIPS (338.84 KIPS)
** Heartbeat:  42% -- { 42000082 } -- 333.33 KIPS (338.71 KIPS)
** Heartbeat:  43% -- { 43000082 } -- 333.33 KIPS (338.58 KIPS)
** Heartbeat:  44% -- { 44000087 } -- 500.00 KIPS (341.09 KIPS)
** Heartbeat:  45% -- { 45000088 } -- 333.33 KIPS (340.91 KIPS)
** Heartbeat:  46% -- { 46000088 } -- 333.33 KIPS (340.74 KIPS)
** Heartbeat:  47% -- { 47000089 } -- 333.33 KIPS (340.58 KIPS)
** Heartbeat:  48% -- { 48000091 } -- 500.00 KIPS (342.86 KIPS)
** Heartbeat:  49% -- { 49000093 } -- 333.33 KIPS (342.66 KIPS)
** Heartbeat:  50% -- { 50000095 } -- 333.33 KIPS (342.47 KIPS)
** Heartbeat:  51% -- { 51000100 } -- 333.33 KIPS (342.28 KIPS)
** Heartbeat:  52% -- { 52000102 } -- 500.00 KIPS (344.37 KIPS)
** Heartbeat:  53% -- { 53000103 } -- 333.33 KIPS (344.16 KIPS)
** Heartbeat:  54% -- { 54000107 } -- 333.33 KIPS (343.95 KIPS)
** Heartbeat:  55% -- { 55000111 } -- 500.00 KIPS (345.91 KIPS)
** Heartbeat:  56% -- { 56000114 } -- 333.33 KIPS (345.68 KIPS)
** Heartbeat:  57% -- { 57000116 } -- 333.33 KIPS (345.46 KIPS)
** Heartbeat:  58% -- { 58000118 } -- 500.00 KIPS (347.31 KIPS)
** Heartbeat:  59% -- { 59000119 } -- 333.33 KIPS (347.06 KIPS)
** Heartbeat:  60% -- { 60000124 } -- 333.33 KIPS (346.82 KIPS)
** Heartbeat:  61% -- { 61000128 } -- 333.33 KIPS (346.59 KIPS)
** Heartbeat:  62% -- { 62000129 } -- 500.00 KIPS (348.32 KIPS)
** Heartbeat:  63% -- { 63000129 } -- 333.33 KIPS (348.07 KIPS)
** Heartbeat:  64% -- { 64000132 } -- 333.33 KIPS (347.83 KIPS)
** Heartbeat:  65% -- { 65000133 } -- 333.33 KIPS (347.59 KIPS)
** Heartbeat:  66% -- { 66000138 } -- 500.00 KIPS (349.21 KIPS)
** Heartbeat:  67% -- { 67000139 } -- 333.33 KIPS (348.96 KIPS)
** Heartbeat:  68% -- { 68000142 } -- 333.33 KIPS (348.72 KIPS)
** Heartbeat:  69% -- { 69000144 } -- 500.00 KIPS (350.25 KIPS)
** Heartbeat:  70% -- { 70000145 } -- 333.33 KIPS (350.00 KIPS)
** Heartbeat:  71% -- { 71000148 } -- 333.33 KIPS (349.75 KIPS)
** Heartbeat:  72% -- { 72000153 } -- 333.33 KIPS (349.52 KIPS)
** Heartbeat:  73% -- { 73000157 } -- 500.00 KIPS (350.96 KIPS)
** Heartbeat:  74% -- { 74000159 } -- 333.33 KIPS (350.71 KIPS)
** Heartbeat:  75% -- { 75000160 } -- 333.33 KIPS (350.47 KIPS)
** Heartbeat:  76% -- { 76000160 } -- 333.33 KIPS (350.23 KIPS)
** Heartbeat:  77% -- { 77000161 } -- 500.00 KIPS (351.60 KIPS)
** Heartbeat:  78% -- { 78000163 } -- 333.33 KIPS (351.35 KIPS)
** Heartbeat:  79% -- { 79000164 } -- 333.33 KIPS (351.11 KIPS)
** Heartbeat:  80% -- { 80000165 } -- 333.33 KIPS (350.88 KIPS)
** Heartbeat:  81% -- { 81000166 } -- 500.00 KIPS (352.17 KIPS)
** Heartbeat:  82% -- { 82000169 } -- 333.33 KIPS (351.93 KIPS)
** Heartbeat:  83% -- { 83000170 } -- 333.33 KIPS (351.70 KIPS)
** Heartbeat:  84% -- { 84000170 } -- 333.33 KIPS (351.47 KIPS)
** Heartbeat:  85% -- { 85000172 } -- 333.33 KIPS (351.24 KIPS)
** Heartbeat:  86% -- { 86000177 } -- 333.33 KIPS (351.02 KIPS)
** Heartbeat:  87% -- { 87000178 } -- 333.33 KIPS (350.81 KIPS)
** Heartbeat:  88% -- { 88000179 } -- 333.33 KIPS (350.60 KIPS)
** Heartbeat:  89% -- { 89000179 } -- 333.33 KIPS (350.39 KIPS)
** Heartbeat:  90% -- { 90000179 } -- 333.33 KIPS (350.20 KIPS)
** Heartbeat:  91% -- { 91000179 } -- 333.33 KIPS (350.00 KIPS)
** Heartbeat:  92% -- { 92000184 } -- 333.33 KIPS (349.81 KIPS)
** Heartbeat:  93% -- { 93000184 } -- 333.33 KIPS (349.62 KIPS)
** Heartbeat:  94% -- { 94000184 } -- 500.00 KIPS (350.75 KIPS)
** Heartbeat:  95% -- { 95000187 } -- 250.00 KIPS (349.27 KIPS)
** Heartbeat:  96% -- { 96000190 } -- 500.00 KIPS (350.37 KIPS)
** Heartbeat:  97% -- { 97000193 } -- 333.33 KIPS (350.18 KIPS)
** Heartbeat:  98% -- { 98000198 } -- 333.33 KIPS (350.00 KIPS)
** Heartbeat:  99% -- { 99000201 } -- 333.33 KIPS (349.82 KIPS)
** Core 0 Finished:    insts:100000000   cycles:34071284    time:10647276250000      -- 2.94 IPC (2.94 IPC) --  N/A  KIPS (350.88 KIPS)
done
Scarab finished at Sat May 20 05:58:49 2023

