Scarab gitrev: e8bfa19
Scarab started at Thu May  4 21:40:18 2023

Initialized Ramulator. 
** Heartbeat:   1% -- { 1000000 } -- 0.00 KIPS (333.33 KIPS)
** Heartbeat:   2% -- { 2000001 } -- 250.00 KIPS (285.71 KIPS)
** Heartbeat:   3% -- { 3000006 } -- 333.33 KIPS (300.00 KIPS)
** Heartbeat:   4% -- { 4000008 } -- 250.00 KIPS (285.71 KIPS)
** Heartbeat:   5% -- { 5000012 } -- 333.33 KIPS (294.12 KIPS)
** Heartbeat:   6% -- { 6000014 } -- 333.33 KIPS (300.00 KIPS)
** Heartbeat:   7% -- { 7000015 } -- 250.00 KIPS (291.67 KIPS)
** Heartbeat:   8% -- { 8000018 } -- 333.33 KIPS (296.30 KIPS)
** Heartbeat:   9% -- { 9000021 } -- 333.33 KIPS (300.00 KIPS)
** Heartbeat:  10% -- { 10000025 } -- 250.00 KIPS (294.12 KIPS)
** Heartbeat:  11% -- { 11000030 } -- 333.33 KIPS (297.30 KIPS)
** Heartbeat:  12% -- { 12000034 } -- 333.33 KIPS (300.00 KIPS)
** Heartbeat:  13% -- { 13000035 } -- 250.00 KIPS (295.46 KIPS)
** Heartbeat:  14% -- { 14000036 } -- 333.33 KIPS (297.87 KIPS)
** Heartbeat:  15% -- { 15000038 } -- 333.33 KIPS (300.00 KIPS)
** Heartbeat:  16% -- { 16000041 } -- 250.00 KIPS (296.30 KIPS)
** Heartbeat:  17% -- { 17000043 } -- 333.33 KIPS (298.25 KIPS)
** Heartbeat:  18% -- { 18000043 } -- 333.33 KIPS (300.00 KIPS)
** Heartbeat:  19% -- { 19000043 } -- 250.00 KIPS (296.88 KIPS)
** Heartbeat:  20% -- { 20000045 } -- 333.33 KIPS (298.51 KIPS)
** Heartbeat:  21% -- { 21000047 } -- 333.33 KIPS (300.00 KIPS)
** Heartbeat:  22% -- { 22000047 } -- 250.00 KIPS (297.30 KIPS)
** Heartbeat:  23% -- { 23000047 } -- 333.33 KIPS (298.70 KIPS)
** Heartbeat:  24% -- { 24000048 } -- 333.33 KIPS (300.00 KIPS)
** Heartbeat:  25% -- { 25000048 } -- 250.00 KIPS (297.62 KIPS)
** Heartbeat:  26% -- { 26000048 } -- 333.33 KIPS (298.85 KIPS)
** Heartbeat:  27% -- { 27000048 } -- 333.33 KIPS (300.00 KIPS)
** Heartbeat:  28% -- { 28000050 } -- 250.00 KIPS (297.87 KIPS)
** Heartbeat:  29% -- { 29000052 } -- 333.33 KIPS (298.97 KIPS)
** Heartbeat:  30% -- { 30000054 } -- 333.33 KIPS (300.00 KIPS)
** Heartbeat:  31% -- { 31000057 } -- 250.00 KIPS (298.08 KIPS)
** Heartbeat:  32% -- { 32000060 } -- 333.33 KIPS (299.07 KIPS)
** Heartbeat:  33% -- { 33000063 } -- 333.33 KIPS (300.00 KIPS)
** Heartbeat:  34% -- { 34000065 } -- 250.00 KIPS (298.25 KIPS)
** Heartbeat:  35% -- { 35000066 } -- 333.33 KIPS (299.15 KIPS)
** Heartbeat:  36% -- { 36000066 } -- 250.00 KIPS (297.52 KIPS)
** Heartbeat:  37% -- { 37000066 } -- 333.33 KIPS (298.39 KIPS)
** Heartbeat:  38% -- { 38000067 } -- 333.33 KIPS (299.21 KIPS)
** Heartbeat:  39% -- { 39000069 } -- 250.00 KIPS (297.71 KIPS)
** Heartbeat:  40% -- { 40000071 } -- 333.33 KIPS (298.51 KIPS)
** Heartbeat:  41% -- { 41000071 } -- 333.33 KIPS (299.27 KIPS)
** Heartbeat:  42% -- { 42000071 } -- 250.00 KIPS (297.87 KIPS)
** Heartbeat:  43% -- { 43000075 } -- 333.33 KIPS (298.61 KIPS)
** Heartbeat:  44% -- { 44000075 } -- 333.33 KIPS (299.32 KIPS)
** Heartbeat:  45% -- { 45000075 } -- 250.00 KIPS (298.01 KIPS)
** Heartbeat:  46% -- { 46000079 } -- 333.33 KIPS (298.70 KIPS)
** Heartbeat:  47% -- { 47000080 } -- 333.33 KIPS (299.36 KIPS)
** Heartbeat:  48% -- { 48000080 } -- 250.00 KIPS (298.14 KIPS)
** Heartbeat:  49% -- { 49000080 } -- 333.33 KIPS (298.78 KIPS)
** Heartbeat:  50% -- { 50000080 } -- 333.33 KIPS (299.40 KIPS)
** Heartbeat:  51% -- { 51000085 } -- 250.00 KIPS (298.25 KIPS)
** Heartbeat:  52% -- { 52000089 } -- 333.33 KIPS (298.85 KIPS)
** Heartbeat:  53% -- { 53000092 } -- 333.33 KIPS (299.44 KIPS)
** Heartbeat:  54% -- { 54000093 } -- 250.00 KIPS (298.34 KIPS)
** Heartbeat:  55% -- { 55000093 } -- 333.33 KIPS (298.91 KIPS)
** Heartbeat:  56% -- { 56000093 } -- 333.33 KIPS (299.47 KIPS)
** Heartbeat:  57% -- { 57000095 } -- 250.00 KIPS (298.43 KIPS)
** Heartbeat:  58% -- { 58000096 } -- 333.33 KIPS (298.97 KIPS)
** Heartbeat:  59% -- { 59000096 } -- 333.33 KIPS (299.49 KIPS)
** Heartbeat:  60% -- { 60000096 } -- 250.00 KIPS (298.51 KIPS)
** Heartbeat:  61% -- { 61000096 } -- 333.33 KIPS (299.02 KIPS)
** Heartbeat:  62% -- { 62000096 } -- 250.00 KIPS (298.08 KIPS)
** Heartbeat:  63% -- { 63000096 } -- 333.33 KIPS (298.58 KIPS)
** Heartbeat:  64% -- { 64000096 } -- 333.33 KIPS (299.07 KIPS)
** Heartbeat:  65% -- { 65000096 } -- 250.00 KIPS (298.17 KIPS)
** Heartbeat:  66% -- { 66000096 } -- 333.33 KIPS (298.64 KIPS)
** Heartbeat:  67% -- { 67000098 } -- 250.00 KIPS (297.78 KIPS)
** Heartbeat:  68% -- { 68000100 } -- 333.33 KIPS (298.25 KIPS)
** Heartbeat:  69% -- { 69000101 } -- 333.33 KIPS (298.70 KIPS)
** Heartbeat:  70% -- { 70000101 } -- 250.00 KIPS (297.87 KIPS)
** Heartbeat:  71% -- { 71000103 } -- 333.33 KIPS (298.32 KIPS)
** Heartbeat:  72% -- { 72000105 } -- 250.00 KIPS (297.52 KIPS)
** Heartbeat:  73% -- { 73000110 } -- 333.33 KIPS (297.96 KIPS)
** Heartbeat:  74% -- { 74000115 } -- 333.33 KIPS (298.39 KIPS)
** Heartbeat:  75% -- { 75000118 } -- 250.00 KIPS (297.62 KIPS)
** Heartbeat:  76% -- { 76000118 } -- 333.33 KIPS (298.04 KIPS)
** Heartbeat:  77% -- { 77000118 } -- 250.00 KIPS (297.30 KIPS)
** Heartbeat:  78% -- { 78000119 } -- 333.33 KIPS (297.71 KIPS)
** Heartbeat:  79% -- { 79000120 } -- 333.33 KIPS (298.11 KIPS)
** Heartbeat:  80% -- { 80000121 } -- 250.00 KIPS (297.40 KIPS)
** Heartbeat:  81% -- { 81000123 } -- 333.33 KIPS (297.79 KIPS)
** Heartbeat:  82% -- { 82000123 } -- 333.33 KIPS (298.18 KIPS)
** Heartbeat:  83% -- { 83000123 } -- 250.00 KIPS (297.49 KIPS)
** Heartbeat:  84% -- { 84000123 } -- 333.33 KIPS (297.87 KIPS)
** Heartbeat:  85% -- { 85000124 } -- 250.00 KIPS (297.20 KIPS)
** Heartbeat:  86% -- { 86000124 } -- 333.33 KIPS (297.58 KIPS)
** Heartbeat:  87% -- { 87000129 } -- 333.33 KIPS (297.95 KIPS)
** Heartbeat:  88% -- { 88000129 } -- 250.00 KIPS (297.30 KIPS)
** Heartbeat:  89% -- { 89000130 } -- 333.33 KIPS (297.66 KIPS)
** Heartbeat:  90% -- { 90000133 } -- 250.00 KIPS (297.03 KIPS)
** Heartbeat:  91% -- { 91000135 } -- 333.33 KIPS (297.39 KIPS)
** Heartbeat:  92% -- { 92000135 } -- 333.33 KIPS (297.74 KIPS)
** Heartbeat:  93% -- { 93000138 } -- 250.00 KIPS (297.13 KIPS)
** Heartbeat:  94% -- { 94000138 } -- 333.33 KIPS (297.47 KIPS)
** Heartbeat:  95% -- { 95000139 } -- 333.33 KIPS (297.81 KIPS)
** Heartbeat:  96% -- { 96000140 } -- 333.33 KIPS (298.14 KIPS)
** Heartbeat:  97% -- { 97000140 } -- 250.00 KIPS (297.55 KIPS)
** Heartbeat:  98% -- { 98000144 } -- 333.33 KIPS (297.87 KIPS)
** Heartbeat:  99% -- { 99000147 } -- 333.33 KIPS (298.19 KIPS)
** Core 0 Finished:    insts:100000003   cycles:62051722    time:19391163125000      -- 1.61 IPC (1.61 IPC) --  N/A  KIPS (297.62 KIPS)
done
Scarab finished at Thu May  4 21:45:54 2023

