Scarab gitrev: e8bfa19
Scarab started at Thu May  4 21:40:18 2023

Initialized Ramulator. 
** Heartbeat:   1% -- { 1000003 } -- 0.00 KIPS (200.00 KIPS)
** Heartbeat:   2% -- { 2000007 } -- 200.00 KIPS (200.00 KIPS)
** Heartbeat:   3% -- { 3000007 } -- 200.00 KIPS (200.00 KIPS)
** Heartbeat:   4% -- { 4000010 } -- 200.00 KIPS (200.00 KIPS)
** Heartbeat:   5% -- { 5000012 } -- 200.00 KIPS (200.00 KIPS)
** Heartbeat:   6% -- { 6000014 } -- 200.00 KIPS (200.00 KIPS)
** Heartbeat:   7% -- { 7000015 } -- 200.00 KIPS (200.00 KIPS)
** Heartbeat:   8% -- { 8000018 } -- 200.00 KIPS (200.00 KIPS)
** Heartbeat:   9% -- { 9000018 } -- 200.00 KIPS (200.00 KIPS)
** Heartbeat:  10% -- { 10000022 } -- 200.00 KIPS (200.00 KIPS)
** Heartbeat:  11% -- { 11000023 } -- 250.00 KIPS (203.70 KIPS)
** Heartbeat:  12% -- { 12000023 } -- 200.00 KIPS (203.39 KIPS)
** Heartbeat:  13% -- { 13000023 } -- 166.67 KIPS (200.00 KIPS)
** Heartbeat:  14% -- { 14000025 } -- 200.00 KIPS (200.00 KIPS)
** Heartbeat:  15% -- { 15000025 } -- 250.00 KIPS (202.70 KIPS)
** Heartbeat:  16% -- { 16000029 } -- 166.67 KIPS (200.00 KIPS)
** Heartbeat:  17% -- { 17000029 } -- 200.00 KIPS (200.00 KIPS)
** Heartbeat:  18% -- { 18000029 } -- 200.00 KIPS (200.00 KIPS)
** Heartbeat:  19% -- { 19000029 } -- 250.00 KIPS (202.13 KIPS)
** Heartbeat:  20% -- { 20000029 } -- 200.00 KIPS (202.02 KIPS)
** Heartbeat:  21% -- { 21000030 } -- 166.67 KIPS (200.00 KIPS)
** Heartbeat:  22% -- { 22000030 } -- 200.00 KIPS (200.00 KIPS)
** Heartbeat:  23% -- { 23000034 } -- 200.00 KIPS (200.00 KIPS)
** Heartbeat:  24% -- { 24000037 } -- 200.00 KIPS (200.00 KIPS)
** Heartbeat:  25% -- { 25000037 } -- 200.00 KIPS (200.00 KIPS)
** Heartbeat:  26% -- { 26000037 } -- 200.00 KIPS (200.00 KIPS)
** Heartbeat:  27% -- { 27000041 } -- 200.00 KIPS (200.00 KIPS)
** Heartbeat:  28% -- { 28000042 } -- 200.00 KIPS (200.00 KIPS)
** Heartbeat:  29% -- { 29000043 } -- 166.67 KIPS (198.63 KIPS)
** Heartbeat:  30% -- { 30000043 } -- 250.00 KIPS (200.00 KIPS)
** Heartbeat:  31% -- { 31000044 } -- 200.00 KIPS (200.00 KIPS)
** Heartbeat:  32% -- { 32000044 } -- 166.67 KIPS (198.76 KIPS)
** Heartbeat:  33% -- { 33000046 } -- 200.00 KIPS (198.80 KIPS)
** Heartbeat:  34% -- { 34000047 } -- 200.00 KIPS (198.83 KIPS)
** Heartbeat:  35% -- { 35000048 } -- 250.00 KIPS (200.00 KIPS)
** Heartbeat:  36% -- { 36000049 } -- 166.67 KIPS (198.90 KIPS)
** Heartbeat:  37% -- { 37000049 } -- 200.00 KIPS (198.92 KIPS)
** Heartbeat:  38% -- { 38000050 } -- 200.00 KIPS (198.95 KIPS)
** Heartbeat:  39% -- { 39000051 } -- 200.00 KIPS (198.98 KIPS)
** Heartbeat:  40% -- { 40000056 } -- 200.00 KIPS (199.01 KIPS)
** Heartbeat:  41% -- { 41000060 } -- 200.00 KIPS (199.03 KIPS)
** Heartbeat:  42% -- { 42000063 } -- 200.00 KIPS (199.05 KIPS)
** Heartbeat:  43% -- { 43000067 } -- 200.00 KIPS (199.07 KIPS)
** Heartbeat:  44% -- { 44000070 } -- 200.00 KIPS (199.10 KIPS)
** Heartbeat:  45% -- { 45000071 } -- 200.00 KIPS (199.12 KIPS)
** Heartbeat:  46% -- { 46000073 } -- 200.00 KIPS (199.13 KIPS)
** Heartbeat:  47% -- { 47000073 } -- 200.00 KIPS (199.15 KIPS)
** Heartbeat:  48% -- { 48000073 } -- 200.00 KIPS (199.17 KIPS)
** Heartbeat:  49% -- { 49000073 } -- 200.00 KIPS (199.19 KIPS)
** Heartbeat:  50% -- { 50000074 } -- 200.00 KIPS (199.20 KIPS)
** Heartbeat:  51% -- { 51000074 } -- 200.00 KIPS (199.22 KIPS)
** Heartbeat:  52% -- { 52000076 } -- 200.00 KIPS (199.23 KIPS)
** Heartbeat:  53% -- { 53000080 } -- 200.00 KIPS (199.25 KIPS)
** Heartbeat:  54% -- { 54000080 } -- 200.00 KIPS (199.26 KIPS)
** Heartbeat:  55% -- { 55000080 } -- 200.00 KIPS (199.28 KIPS)
** Heartbeat:  56% -- { 56000080 } -- 200.00 KIPS (199.29 KIPS)
** Heartbeat:  57% -- { 57000081 } -- 200.00 KIPS (199.30 KIPS)
** Heartbeat:  58% -- { 58000085 } -- 200.00 KIPS (199.31 KIPS)
** Heartbeat:  59% -- { 59000085 } -- 200.00 KIPS (199.32 KIPS)
** Heartbeat:  60% -- { 60000085 } -- 200.00 KIPS (199.34 KIPS)
** Heartbeat:  61% -- { 61000087 } -- 200.00 KIPS (199.35 KIPS)
** Heartbeat:  62% -- { 62000087 } -- 200.00 KIPS (199.36 KIPS)
** Heartbeat:  63% -- { 63000087 } -- 200.00 KIPS (199.37 KIPS)
** Heartbeat:  64% -- { 64000092 } -- 200.00 KIPS (199.38 KIPS)
** Heartbeat:  65% -- { 65000093 } -- 200.00 KIPS (199.39 KIPS)
** Heartbeat:  66% -- { 66000094 } -- 333.33 KIPS (200.61 KIPS)
** Heartbeat:  67% -- { 67000095 } -- 333.33 KIPS (201.81 KIPS)
** Heartbeat:  68% -- { 68000098 } -- 333.33 KIPS (202.99 KIPS)
** Heartbeat:  69% -- { 69000098 } -- 250.00 KIPS (203.54 KIPS)
** Heartbeat:  70% -- { 70000099 } -- 333.33 KIPS (204.68 KIPS)
** Heartbeat:  71% -- { 71000102 } -- 500.00 KIPS (206.40 KIPS)
** Heartbeat:  72% -- { 72000105 } -- 333.33 KIPS (207.49 KIPS)
** Heartbeat:  73% -- { 73000105 } -- 333.33 KIPS (208.57 KIPS)
** Heartbeat:  74% -- { 74000105 } -- 333.33 KIPS (209.63 KIPS)
** Heartbeat:  75% -- { 75000105 } -- 500.00 KIPS (211.27 KIPS)
** Heartbeat:  76% -- { 76000109 } -- 333.33 KIPS (212.29 KIPS)
** Heartbeat:  77% -- { 77000113 } -- 333.33 KIPS (213.30 KIPS)
** Heartbeat:  78% -- { 78000113 } -- 333.33 KIPS (214.29 KIPS)
** Heartbeat:  79% -- { 79000116 } -- 333.33 KIPS (215.26 KIPS)
** Heartbeat:  80% -- { 80000119 } -- 500.00 KIPS (216.80 KIPS)
** Heartbeat:  81% -- { 81000121 } -- 333.33 KIPS (217.74 KIPS)
** Heartbeat:  82% -- { 82000124 } -- 333.33 KIPS (218.67 KIPS)
** Heartbeat:  83% -- { 83000127 } -- 333.33 KIPS (219.58 KIPS)
** Heartbeat:  84% -- { 84000127 } -- 500.00 KIPS (221.05 KIPS)
** Heartbeat:  85% -- { 85000127 } -- 333.33 KIPS (221.93 KIPS)
** Heartbeat:  86% -- { 86000127 } -- 333.33 KIPS (222.80 KIPS)
** Heartbeat:  87% -- { 87000127 } -- 500.00 KIPS (224.23 KIPS)
** Heartbeat:  88% -- { 88000130 } -- 333.33 KIPS (225.06 KIPS)
** Heartbeat:  89% -- { 89000134 } -- 500.00 KIPS (226.46 KIPS)
** Heartbeat:  90% -- { 90000134 } -- 333.33 KIPS (227.27 KIPS)
** Heartbeat:  91% -- { 91000136 } -- 333.33 KIPS (228.07 KIPS)
** Heartbeat:  92% -- { 92000139 } -- 333.33 KIPS (228.86 KIPS)
** Heartbeat:  93% -- { 93000144 } -- 500.00 KIPS (230.20 KIPS)
** Heartbeat:  94% -- { 94000145 } -- 333.33 KIPS (230.96 KIPS)
** Heartbeat:  95% -- { 95000145 } -- 333.33 KIPS (231.71 KIPS)
** Heartbeat:  96% -- { 96000147 } -- 500.00 KIPS (233.01 KIPS)
** Heartbeat:  97% -- { 97000149 } -- 333.33 KIPS (233.74 KIPS)
** Heartbeat:  98% -- { 98000153 } -- 500.00 KIPS (235.01 KIPS)
** Heartbeat:  99% -- { 99000158 } -- 333.33 KIPS (235.71 KIPS)
** Core 0 Finished:    insts:100000002   cycles:135695625   time:42404882812500      -- 0.74 IPC (0.74 IPC) --  N/A  KIPS (236.41 KIPS)
done
Scarab finished at Thu May  4 21:47:21 2023

