               ramulator.active_cycles_0             3032862                                      # Total active cycles for level _0
                 ramulator.busy_cycles_0             3032862                                      # (All-bank refresh only. busy cycles only include refresh time in rank level) The sum of cycles that the DRAM part is active or under refresh for level _0
            ramulator.serving_requests_0             3554169                                      # The sum of read and write requests that are served in this DRAM element per memory cycle for level _0
    ramulator.average_serving_requests_0            0.117841                                      # The average of read and write requests that are served in this DRAM element per memory cycle for level _0
             ramulator.active_cycles_0_0             3032862                                      # Total active cycles for level _0_0
               ramulator.busy_cycles_0_0             4302102                                      # (All-bank refresh only. busy cycles only include refresh time in rank level) The sum of cycles that the DRAM part is active or under refresh for level _0_0
          ramulator.serving_requests_0_0             3554169                                      # The sum of read and write requests that are served in this DRAM element per memory cycle for level _0_0
  ramulator.average_serving_requests_0_0            0.117841                                      # The average of read and write requests that are served in this DRAM element per memory cycle for level _0_0
           ramulator.active_cycles_0_0_0              842273                                      # Total active cycles for level _0_0_0
             ramulator.busy_cycles_0_0_0              842273                                      # (All-bank refresh only. busy cycles only include refresh time in rank level) The sum of cycles that the DRAM part is active or under refresh for level _0_0_0
        ramulator.serving_requests_0_0_0              890414                                      # The sum of read and write requests that are served in this DRAM element per memory cycle for level _0_0_0
ramulator.average_serving_requests_0_0_0            0.029522                                      # The average of read and write requests that are served in this DRAM element per memory cycle for level _0_0_0
         ramulator.active_cycles_0_0_0_0              312435                                      # Total active cycles for level _0_0_0_0
           ramulator.busy_cycles_0_0_0_0              312435                                      # (All-bank refresh only. busy cycles only include refresh time in rank level) The sum of cycles that the DRAM part is active or under refresh for level _0_0_0_0
      ramulator.serving_requests_0_0_0_0              315206                                      # The sum of read and write requests that are served in this DRAM element per memory cycle for level _0_0_0_0
ramulator.average_serving_requests_0_0_0_0            0.010451                                      # The average of read and write requests that are served in this DRAM element per memory cycle for level _0_0_0_0
         ramulator.active_cycles_0_0_0_1              221552                                      # Total active cycles for level _0_0_0_1
           ramulator.busy_cycles_0_0_0_1              221552                                      # (All-bank refresh only. busy cycles only include refresh time in rank level) The sum of cycles that the DRAM part is active or under refresh for level _0_0_0_1
      ramulator.serving_requests_0_0_0_1              224003                                      # The sum of read and write requests that are served in this DRAM element per memory cycle for level _0_0_0_1
ramulator.average_serving_requests_0_0_0_1            0.007427                                      # The average of read and write requests that are served in this DRAM element per memory cycle for level _0_0_0_1
         ramulator.active_cycles_0_0_0_2              201348                                      # Total active cycles for level _0_0_0_2
           ramulator.busy_cycles_0_0_0_2              201348                                      # (All-bank refresh only. busy cycles only include refresh time in rank level) The sum of cycles that the DRAM part is active or under refresh for level _0_0_0_2
      ramulator.serving_requests_0_0_0_2              203254                                      # The sum of read and write requests that are served in this DRAM element per memory cycle for level _0_0_0_2
ramulator.average_serving_requests_0_0_0_2            0.006739                                      # The average of read and write requests that are served in this DRAM element per memory cycle for level _0_0_0_2
         ramulator.active_cycles_0_0_0_3              146775                                      # Total active cycles for level _0_0_0_3
           ramulator.busy_cycles_0_0_0_3              146775                                      # (All-bank refresh only. busy cycles only include refresh time in rank level) The sum of cycles that the DRAM part is active or under refresh for level _0_0_0_3
      ramulator.serving_requests_0_0_0_3              147951                                      # The sum of read and write requests that are served in this DRAM element per memory cycle for level _0_0_0_3
ramulator.average_serving_requests_0_0_0_3            0.004905                                      # The average of read and write requests that are served in this DRAM element per memory cycle for level _0_0_0_3
           ramulator.active_cycles_0_0_1              872836                                      # Total active cycles for level _0_0_1
             ramulator.busy_cycles_0_0_1              872836                                      # (All-bank refresh only. busy cycles only include refresh time in rank level) The sum of cycles that the DRAM part is active or under refresh for level _0_0_1
        ramulator.serving_requests_0_0_1              901938                                      # The sum of read and write requests that are served in this DRAM element per memory cycle for level _0_0_1
ramulator.average_serving_requests_0_0_1            0.029904                                      # The average of read and write requests that are served in this DRAM element per memory cycle for level _0_0_1
         ramulator.active_cycles_0_0_1_0              186705                                      # Total active cycles for level _0_0_1_0
           ramulator.busy_cycles_0_0_1_0              186705                                      # (All-bank refresh only. busy cycles only include refresh time in rank level) The sum of cycles that the DRAM part is active or under refresh for level _0_0_1_0
      ramulator.serving_requests_0_0_1_0              189524                                      # The sum of read and write requests that are served in this DRAM element per memory cycle for level _0_0_1_0
ramulator.average_serving_requests_0_0_1_0            0.006284                                      # The average of read and write requests that are served in this DRAM element per memory cycle for level _0_0_1_0
         ramulator.active_cycles_0_0_1_1              152362                                      # Total active cycles for level _0_0_1_1
           ramulator.busy_cycles_0_0_1_1              152362                                      # (All-bank refresh only. busy cycles only include refresh time in rank level) The sum of cycles that the DRAM part is active or under refresh for level _0_0_1_1
      ramulator.serving_requests_0_0_1_1              155366                                      # The sum of read and write requests that are served in this DRAM element per memory cycle for level _0_0_1_1
ramulator.average_serving_requests_0_0_1_1            0.005151                                      # The average of read and write requests that are served in this DRAM element per memory cycle for level _0_0_1_1
         ramulator.active_cycles_0_0_1_2              259014                                      # Total active cycles for level _0_0_1_2
           ramulator.busy_cycles_0_0_1_2              259014                                      # (All-bank refresh only. busy cycles only include refresh time in rank level) The sum of cycles that the DRAM part is active or under refresh for level _0_0_1_2
      ramulator.serving_requests_0_0_1_2              260825                                      # The sum of read and write requests that are served in this DRAM element per memory cycle for level _0_0_1_2
ramulator.average_serving_requests_0_0_1_2            0.008648                                      # The average of read and write requests that are served in this DRAM element per memory cycle for level _0_0_1_2
         ramulator.active_cycles_0_0_1_3              294648                                      # Total active cycles for level _0_0_1_3
           ramulator.busy_cycles_0_0_1_3              294648                                      # (All-bank refresh only. busy cycles only include refresh time in rank level) The sum of cycles that the DRAM part is active or under refresh for level _0_0_1_3
      ramulator.serving_requests_0_0_1_3              296223                                      # The sum of read and write requests that are served in this DRAM element per memory cycle for level _0_0_1_3
ramulator.average_serving_requests_0_0_1_3            0.009821                                      # The average of read and write requests that are served in this DRAM element per memory cycle for level _0_0_1_3
           ramulator.active_cycles_0_0_2              714847                                      # Total active cycles for level _0_0_2
             ramulator.busy_cycles_0_0_2              714847                                      # (All-bank refresh only. busy cycles only include refresh time in rank level) The sum of cycles that the DRAM part is active or under refresh for level _0_0_2
        ramulator.serving_requests_0_0_2              739543                                      # The sum of read and write requests that are served in this DRAM element per memory cycle for level _0_0_2
ramulator.average_serving_requests_0_0_2            0.024520                                      # The average of read and write requests that are served in this DRAM element per memory cycle for level _0_0_2
         ramulator.active_cycles_0_0_2_0              171313                                      # Total active cycles for level _0_0_2_0
           ramulator.busy_cycles_0_0_2_0              171313                                      # (All-bank refresh only. busy cycles only include refresh time in rank level) The sum of cycles that the DRAM part is active or under refresh for level _0_0_2_0
      ramulator.serving_requests_0_0_2_0              173404                                      # The sum of read and write requests that are served in this DRAM element per memory cycle for level _0_0_2_0
ramulator.average_serving_requests_0_0_2_0            0.005749                                      # The average of read and write requests that are served in this DRAM element per memory cycle for level _0_0_2_0
         ramulator.active_cycles_0_0_2_1              100609                                      # Total active cycles for level _0_0_2_1
           ramulator.busy_cycles_0_0_2_1              100609                                      # (All-bank refresh only. busy cycles only include refresh time in rank level) The sum of cycles that the DRAM part is active or under refresh for level _0_0_2_1
      ramulator.serving_requests_0_0_2_1              102877                                      # The sum of read and write requests that are served in this DRAM element per memory cycle for level _0_0_2_1
ramulator.average_serving_requests_0_0_2_1            0.003411                                      # The average of read and write requests that are served in this DRAM element per memory cycle for level _0_0_2_1
         ramulator.active_cycles_0_0_2_2              206282                                      # Total active cycles for level _0_0_2_2
           ramulator.busy_cycles_0_0_2_2              206282                                      # (All-bank refresh only. busy cycles only include refresh time in rank level) The sum of cycles that the DRAM part is active or under refresh for level _0_0_2_2
      ramulator.serving_requests_0_0_2_2              208451                                      # The sum of read and write requests that are served in this DRAM element per memory cycle for level _0_0_2_2
ramulator.average_serving_requests_0_0_2_2            0.006911                                      # The average of read and write requests that are served in this DRAM element per memory cycle for level _0_0_2_2
         ramulator.active_cycles_0_0_2_3              252704                                      # Total active cycles for level _0_0_2_3
           ramulator.busy_cycles_0_0_2_3              252704                                      # (All-bank refresh only. busy cycles only include refresh time in rank level) The sum of cycles that the DRAM part is active or under refresh for level _0_0_2_3
      ramulator.serving_requests_0_0_2_3              254811                                      # The sum of read and write requests that are served in this DRAM element per memory cycle for level _0_0_2_3
ramulator.average_serving_requests_0_0_2_3            0.008448                                      # The average of read and write requests that are served in this DRAM element per memory cycle for level _0_0_2_3
           ramulator.active_cycles_0_0_3              987864                                      # Total active cycles for level _0_0_3
             ramulator.busy_cycles_0_0_3              987864                                      # (All-bank refresh only. busy cycles only include refresh time in rank level) The sum of cycles that the DRAM part is active or under refresh for level _0_0_3
        ramulator.serving_requests_0_0_3             1015744                                      # The sum of read and write requests that are served in this DRAM element per memory cycle for level _0_0_3
ramulator.average_serving_requests_0_0_3            0.033678                                      # The average of read and write requests that are served in this DRAM element per memory cycle for level _0_0_3
         ramulator.active_cycles_0_0_3_0               99824                                      # Total active cycles for level _0_0_3_0
           ramulator.busy_cycles_0_0_3_0               99824                                      # (All-bank refresh only. busy cycles only include refresh time in rank level) The sum of cycles that the DRAM part is active or under refresh for level _0_0_3_0
      ramulator.serving_requests_0_0_3_0              100831                                      # The sum of read and write requests that are served in this DRAM element per memory cycle for level _0_0_3_0
ramulator.average_serving_requests_0_0_3_0            0.003343                                      # The average of read and write requests that are served in this DRAM element per memory cycle for level _0_0_3_0
         ramulator.active_cycles_0_0_3_1              396965                                      # Total active cycles for level _0_0_3_1
           ramulator.busy_cycles_0_0_3_1              396965                                      # (All-bank refresh only. busy cycles only include refresh time in rank level) The sum of cycles that the DRAM part is active or under refresh for level _0_0_3_1
      ramulator.serving_requests_0_0_3_1              398720                                      # The sum of read and write requests that are served in this DRAM element per memory cycle for level _0_0_3_1
ramulator.average_serving_requests_0_0_3_1            0.013220                                      # The average of read and write requests that are served in this DRAM element per memory cycle for level _0_0_3_1
         ramulator.active_cycles_0_0_3_2              254770                                      # Total active cycles for level _0_0_3_2
           ramulator.busy_cycles_0_0_3_2              254770                                      # (All-bank refresh only. busy cycles only include refresh time in rank level) The sum of cycles that the DRAM part is active or under refresh for level _0_0_3_2
      ramulator.serving_requests_0_0_3_2              257006                                      # The sum of read and write requests that are served in this DRAM element per memory cycle for level _0_0_3_2
ramulator.average_serving_requests_0_0_3_2            0.008521                                      # The average of read and write requests that are served in this DRAM element per memory cycle for level _0_0_3_2
         ramulator.active_cycles_0_0_3_3              257053                                      # Total active cycles for level _0_0_3_3
           ramulator.busy_cycles_0_0_3_3              257053                                      # (All-bank refresh only. busy cycles only include refresh time in rank level) The sum of cycles that the DRAM part is active or under refresh for level _0_0_3_3
      ramulator.serving_requests_0_0_3_3              259187                                      # The sum of read and write requests that are served in this DRAM element per memory cycle for level _0_0_3_3
ramulator.average_serving_requests_0_0_3_3            0.008594                                      # The average of read and write requests that are served in this DRAM element per memory cycle for level _0_0_3_3
      ramulator.read_transaction_bytes_0             3051648                                      # The total byte of read transaction per channel
     ramulator.write_transaction_bytes_0             1768448                                      # The total byte of write transaction per channel
       ramulator.row_hits_channel_0_core               47679                                      # Number of row hits per channel per core
     ramulator.row_misses_channel_0_core               18302                                      # Number of row misses per channel per core
  ramulator.row_conflicts_channel_0_core                9333                                      # Number of row conflicts per channel per core
  ramulator.read_row_hits_channel_0_core               31510                                      # Number of row hits for read requests per channel per core
                                     [0]             31510.0                                      # 
ramulator.read_row_misses_channel_0_core               11545                                      # Number of row misses for read requests per channel per core
                                     [0]             11545.0                                      # 
ramulator.read_row_conflicts_channel_0_core                4627                                      # Number of row conflicts for read requests per channel per core
                                     [0]              4627.0                                      # 
 ramulator.write_row_hits_channel_0_core               16169                                      # Number of row hits for write requests per channel per core
                                     [0]             16169.0                                      # 
ramulator.write_row_misses_channel_0_core                6757                                      # Number of row misses for write requests per channel per core
                                     [0]              6757.0                                      # 
ramulator.write_row_conflicts_channel_0_core                4706                                      # Number of row conflicts for write requests per channel per core
                                     [0]              4706.0                                      # 
      ramulator.useless_activates_0_core                   2                                      # Number of useless activations. E.g, ACT -> PRE w/o RD or WR
            ramulator.read_latency_avg_0           39.125246                                      # The average memory latency cycles (in memory time domain) per request for all read requests in this channel
            ramulator.read_latency_sum_0             1865570                                      # The memory latency cycles (in memory time domain) sum for all read requests in this channel
        ramulator.req_queue_length_avg_0           11.147423                                      # Average of read and write queue length per memory cycle per channel.
        ramulator.req_queue_length_sum_0           336215227                                      # Sum of read and write queue length per memory cycle per channel.
   ramulator.read_req_queue_length_avg_0            0.053252                                      # Read queue length average per memory cycle per channel.
   ramulator.read_req_queue_length_sum_0             1606128                                      # Read queue length sum per memory cycle per channel.
  ramulator.write_req_queue_length_avg_0           11.094171                                      # Write queue length average per memory cycle per channel.
  ramulator.write_req_queue_length_sum_0           334609099                                      # Write queue length sum per memory cycle per channel.
              ramulator.record_read_hits                 0.0                                      # record read hit count for this core when it reaches request limit or to the end
                                     [0]                 0.0                                      # 
            ramulator.record_read_misses                 0.0                                      # record_read_miss count for this core when it reaches request limit or to the end
                                     [0]                 0.0                                      # 
         ramulator.record_read_conflicts                 0.0                                      # record read conflict count for this core when it reaches request limit or to the end
                                     [0]                 0.0                                      # 
             ramulator.record_write_hits                 0.0                                      # record write hit count for this core when it reaches request limit or to the end
                                     [0]                 0.0                                      # 
           ramulator.record_write_misses                 0.0                                      # record write miss count for this core when it reaches request limit or to the end
                                     [0]                 0.0                                      # 
        ramulator.record_write_conflicts                 0.0                                      # record write conflict for this core when it reaches request limit or to the end
                                     [0]                 0.0                                      # 
                 ramulator.dram_capacity          8589934592                                      # Number of bytes in simulated DRAM
                   ramulator.dram_cycles            30160803                                      # Number of DRAM cycles simulated
             ramulator.incoming_requests               75323                                      # Number of incoming requests to DRAM
                 ramulator.read_requests               47682                                      # Number of incoming read requests to DRAM per core
                                     [0]             47682.0                                      # 
                ramulator.write_requests               27641                                      # Number of incoming write requests to DRAM per core
                                     [0]             27641.0                                      # 
       ramulator.ramulator_active_cycles             3033287                                      # The total number of cycles that the DRAM part is active (serving R/W)
 ramulator.incoming_requests_per_channel             75323.0                                      # Number of incoming requests to each DRAM channel
                                     [0]             75323.0                                      # 
ramulator.incoming_read_reqs_per_channel             47682.0                                      # Number of incoming read requests to each DRAM channel
                                     [0]             47682.0                                      # 
     ramulator.physical_page_replacement                   0                                      # The number of times that physical page replacement happens.
             ramulator.maximum_bandwidth         19200000000                                      # The theoretical maximum bandwidth (Bps)
          ramulator.in_queue_req_num_sum           336215227                                      # Sum of read/write queue length
     ramulator.in_queue_read_req_num_sum             1606128                                      # Sum of read queue length
    ramulator.in_queue_write_req_num_sum           334609099                                      # Sum of write queue length
          ramulator.in_queue_req_num_avg           11.147423                                      # Average of read/write queue length per memory cycle
     ramulator.in_queue_read_req_num_avg            0.053252                                      # Average of read queue length per memory cycle
    ramulator.in_queue_write_req_num_avg           11.094171                                      # Average of write queue length per memory cycle
          ramulator.record_read_requests                 0.0                                      # record read requests for this core when it reaches request limit or to the end
                                     [0]                 0.0                                      # 
         ramulator.record_write_requests                 0.0                                      # record write requests for this core when it reaches request limit or to the end
                                     [0]                 0.0                                      # 
