Scarab gitrev: e8bfa19
Scarab started at Thu May  4 21:40:18 2023

Initialized Ramulator. 
** Heartbeat:   1% -- { 1000004 } -- 0.00 KIPS (250.00 KIPS)
** Heartbeat:   2% -- { 2000005 } -- 250.00 KIPS (250.00 KIPS)
** Heartbeat:   3% -- { 3000005 } -- 250.00 KIPS (250.00 KIPS)
** Heartbeat:   4% -- { 4000008 } -- 250.00 KIPS (250.00 KIPS)
** Heartbeat:   5% -- { 5000011 } -- 250.00 KIPS (250.00 KIPS)
** Heartbeat:   6% -- { 6000011 } -- 250.00 KIPS (250.00 KIPS)
** Heartbeat:   7% -- { 7000013 } -- 250.00 KIPS (250.00 KIPS)
** Heartbeat:   8% -- { 8000014 } -- 250.00 KIPS (250.00 KIPS)
** Heartbeat:   9% -- { 9000014 } -- 250.00 KIPS (250.00 KIPS)
** Heartbeat:  10% -- { 10000019 } -- 250.00 KIPS (250.00 KIPS)
** Heartbeat:  11% -- { 11000024 } -- 250.00 KIPS (250.00 KIPS)
** Heartbeat:  12% -- { 12000024 } -- 250.00 KIPS (250.00 KIPS)
** Heartbeat:  13% -- { 13000024 } -- 250.00 KIPS (250.00 KIPS)
** Heartbeat:  14% -- { 14000029 } -- 250.00 KIPS (250.00 KIPS)
** Heartbeat:  15% -- { 15000034 } -- 250.00 KIPS (250.00 KIPS)
** Heartbeat:  16% -- { 16000036 } -- 250.00 KIPS (250.00 KIPS)
** Heartbeat:  17% -- { 17000037 } -- 250.00 KIPS (250.00 KIPS)
** Heartbeat:  18% -- { 18000040 } -- 250.00 KIPS (250.00 KIPS)
** Heartbeat:  19% -- { 19000040 } -- 250.00 KIPS (250.00 KIPS)
** Heartbeat:  20% -- { 20000045 } -- 250.00 KIPS (250.00 KIPS)
** Heartbeat:  21% -- { 21000046 } -- 250.00 KIPS (250.00 KIPS)
** Heartbeat:  22% -- { 22000046 } -- 250.00 KIPS (250.00 KIPS)
** Heartbeat:  23% -- { 23000046 } -- 250.00 KIPS (250.00 KIPS)
** Heartbeat:  24% -- { 24000046 } -- 250.00 KIPS (250.00 KIPS)
** Heartbeat:  25% -- { 25000046 } -- 250.00 KIPS (250.00 KIPS)
** Heartbeat:  26% -- { 26000049 } -- 250.00 KIPS (250.00 KIPS)
** Heartbeat:  27% -- { 27000051 } -- 250.00 KIPS (250.00 KIPS)
** Heartbeat:  28% -- { 28000051 } -- 200.00 KIPS (247.79 KIPS)
** Heartbeat:  29% -- { 29000051 } -- 250.00 KIPS (247.86 KIPS)
** Heartbeat:  30% -- { 30000051 } -- 250.00 KIPS (247.93 KIPS)
** Heartbeat:  31% -- { 31000052 } -- 250.00 KIPS (248.00 KIPS)
** Heartbeat:  32% -- { 32000055 } -- 250.00 KIPS (248.06 KIPS)
** Heartbeat:  33% -- { 33000055 } -- 250.00 KIPS (248.12 KIPS)
** Heartbeat:  34% -- { 34000055 } -- 250.00 KIPS (248.18 KIPS)
** Heartbeat:  35% -- { 35000058 } -- 250.00 KIPS (248.23 KIPS)
** Heartbeat:  36% -- { 36000058 } -- 250.00 KIPS (248.28 KIPS)
** Heartbeat:  37% -- { 37000061 } -- 250.00 KIPS (248.32 KIPS)
** Heartbeat:  38% -- { 38000064 } -- 250.00 KIPS (248.37 KIPS)
** Heartbeat:  39% -- { 39000064 } -- 250.00 KIPS (248.41 KIPS)
** Heartbeat:  40% -- { 40000066 } -- 250.00 KIPS (248.45 KIPS)
** Heartbeat:  41% -- { 41000067 } -- 250.00 KIPS (248.49 KIPS)
** Heartbeat:  42% -- { 42000067 } -- 250.00 KIPS (248.52 KIPS)
** Heartbeat:  43% -- { 43000068 } -- 250.00 KIPS (248.56 KIPS)
** Heartbeat:  44% -- { 44000068 } -- 200.00 KIPS (247.19 KIPS)
** Heartbeat:  45% -- { 45000069 } -- 250.00 KIPS (247.25 KIPS)
** Heartbeat:  46% -- { 46000069 } -- 250.00 KIPS (247.31 KIPS)
** Heartbeat:  47% -- { 47000069 } -- 250.00 KIPS (247.37 KIPS)
** Heartbeat:  48% -- { 48000070 } -- 250.00 KIPS (247.42 KIPS)
** Heartbeat:  49% -- { 49000072 } -- 250.00 KIPS (247.48 KIPS)
** Heartbeat:  50% -- { 50000073 } -- 250.00 KIPS (247.53 KIPS)
** Heartbeat:  51% -- { 51000075 } -- 250.00 KIPS (247.57 KIPS)
** Heartbeat:  52% -- { 52000077 } -- 250.00 KIPS (247.62 KIPS)
** Heartbeat:  53% -- { 53000077 } -- 250.00 KIPS (247.66 KIPS)
** Heartbeat:  54% -- { 54000077 } -- 250.00 KIPS (247.71 KIPS)
** Heartbeat:  55% -- { 55000080 } -- 250.00 KIPS (247.75 KIPS)
** Heartbeat:  56% -- { 56000082 } -- 250.00 KIPS (247.79 KIPS)
** Heartbeat:  57% -- { 57000083 } -- 250.00 KIPS (247.83 KIPS)
** Heartbeat:  58% -- { 58000083 } -- 250.00 KIPS (247.86 KIPS)
** Heartbeat:  59% -- { 59000083 } -- 250.00 KIPS (247.90 KIPS)
** Heartbeat:  60% -- { 60000085 } -- 250.00 KIPS (247.93 KIPS)
** Heartbeat:  61% -- { 61000087 } -- 250.00 KIPS (247.97 KIPS)
** Heartbeat:  62% -- { 62000087 } -- 250.00 KIPS (248.00 KIPS)
** Heartbeat:  63% -- { 63000087 } -- 250.00 KIPS (248.03 KIPS)
** Heartbeat:  64% -- { 64000088 } -- 250.00 KIPS (248.06 KIPS)
** Heartbeat:  65% -- { 65000088 } -- 250.00 KIPS (248.09 KIPS)
** Heartbeat:  66% -- { 66000088 } -- 250.00 KIPS (248.12 KIPS)
** Heartbeat:  67% -- { 67000088 } -- 250.00 KIPS (248.15 KIPS)
** Heartbeat:  68% -- { 68000088 } -- 250.00 KIPS (248.18 KIPS)
** Heartbeat:  69% -- { 69000088 } -- 250.00 KIPS (248.20 KIPS)
** Heartbeat:  70% -- { 70000091 } -- 250.00 KIPS (248.23 KIPS)
** Heartbeat:  71% -- { 71000094 } -- 250.00 KIPS (248.25 KIPS)
** Heartbeat:  72% -- { 72000096 } -- 250.00 KIPS (248.28 KIPS)
** Heartbeat:  73% -- { 73000096 } -- 200.00 KIPS (247.46 KIPS)
** Heartbeat:  74% -- { 74000096 } -- 250.00 KIPS (247.49 KIPS)
** Heartbeat:  75% -- { 75000097 } -- 250.00 KIPS (247.53 KIPS)
** Heartbeat:  76% -- { 76000097 } -- 250.00 KIPS (247.56 KIPS)
** Heartbeat:  77% -- { 77000099 } -- 250.00 KIPS (247.59 KIPS)
** Heartbeat:  78% -- { 78000100 } -- 250.00 KIPS (247.62 KIPS)
** Heartbeat:  79% -- { 79000100 } -- 333.33 KIPS (248.43 KIPS)
** Heartbeat:  80% -- { 80000104 } -- 200.00 KIPS (247.68 KIPS)
** Heartbeat:  81% -- { 81000105 } -- 250.00 KIPS (247.71 KIPS)
** Heartbeat:  82% -- { 82000108 } -- 333.33 KIPS (248.49 KIPS)
** Heartbeat:  83% -- { 83000109 } -- 250.00 KIPS (248.50 KIPS)
** Heartbeat:  84% -- { 84000109 } -- 250.00 KIPS (248.52 KIPS)
** Heartbeat:  85% -- { 85000109 } -- 333.33 KIPS (249.27 KIPS)
** Heartbeat:  86% -- { 86000110 } -- 500.00 KIPS (250.73 KIPS)
** Heartbeat:  87% -- { 87000115 } -- 333.33 KIPS (251.45 KIPS)
** Heartbeat:  88% -- { 88000116 } -- 250.00 KIPS (251.43 KIPS)
** Heartbeat:  89% -- { 89000116 } -- 333.33 KIPS (252.12 KIPS)
** Heartbeat:  90% -- { 90000116 } -- 500.00 KIPS (253.52 KIPS)
** Heartbeat:  91% -- { 91000118 } -- 500.00 KIPS (254.90 KIPS)
** Heartbeat:  92% -- { 92000118 } -- 333.33 KIPS (255.56 KIPS)
** Heartbeat:  93% -- { 93000122 } -- 500.00 KIPS (256.91 KIPS)
** Heartbeat:  94% -- { 94000122 } -- 500.00 KIPS (258.24 KIPS)
** Heartbeat:  95% -- { 95000122 } -- 333.33 KIPS (258.86 KIPS)
** Heartbeat:  96% -- { 96000122 } -- 500.00 KIPS (260.16 KIPS)
** Heartbeat:  97% -- { 97000125 } -- 500.00 KIPS (261.46 KIPS)
** Heartbeat:  98% -- { 98000126 } -- 500.00 KIPS (262.73 KIPS)
** Heartbeat:  99% -- { 99000126 } -- 500.00 KIPS (264.00 KIPS)
** Core 0 Finished:    insts:100000000   cycles:80428778    time:25133993125000      -- 1.24 IPC (1.24 IPC) --  N/A  KIPS (264.55 KIPS)
done
Scarab finished at Thu May  4 21:46:36 2023

