/* -*- Mode: c -*- */
####################################################################################################
Core 0
####################################################################################################
Cumulative:        Cycles: 8351954               Instructions: 10000000              IPC: 1.19732

EXECUTION_TIME                           2609985625000                  2609985625000              

NODE_CYCLE                                     8351954                        8351954              

NODE_INST_COUNT                               10000000                       10000000              

NODE_UOP_COUNT                                13290950                       13290950              

FULL_WINDOW_STALL                                42931        0.514%            42931        0.514%

FULL_WINDOW_MEM_OP                               34256       99.741%            34256       99.741%
FULL_WINDOW_FP_OP                                    0        0.000%                0        0.000%
FULL_WINDOW_OTHER_OP                                89        0.259%               89        0.259%
                                                 34345      100.000%            34345      100.000%
                                                  0.01         0.10              0.01         0.10

RET_BLOCKED_DC_MISS                             636890        7.626%           636890        7.626%

RET_BLOCKED_L1_MISS                              91659        1.097%            91659        1.097%

RET_BLOCKED_L1_MISS_BW_PREF                          0        0.000%                0        0.000%

RET_BLOCKED_L1_ACCESS                           545855        6.536%           545855        6.536%

RET_BLOCKED_MEM_STALL                            91659        1.097%            91659        1.097%

RET_BLOCKED_OFFCHIP_DEMAND                           0        0.000%                0        0.000%

OP_ISSUED                                     13290986                       13290986              

OP_RETIRED                                    13290950                       13290950              

REPLAY_SIGNALED                                      0                              0              

REPLAY_COUNTED                                       0                              0              

OFF_CRITICAL_PATH                                    0         -nan%                0         -nan%
ON_CRITICAL_PATH                                     0         -nan%                0         -nan%
                                                     0         -nan%                0         -nan%
                                                  -nan         -nan              -nan         -nan

LD_NO_DEPENDENTS                                661682       22.300%           661682       22.300%
LD_DEPENDENTS                                  2305515       77.700%          2305515       77.700%
                                               2967197      100.000%          2967197      100.000%
                                                  0.78         0.71              0.78         0.71

LD_EXEC_CYCLES_0                                     0        0.000%                0        0.000%
LD_EXEC_CYCLES_1                                     0        0.000%                0        0.000%
LD_EXEC_CYCLES_2                                     0        0.000%                0        0.000%
LD_EXEC_CYCLES_3                               2498032       89.879%          2498032       89.879%
LD_EXEC_CYCLES_4                                281310       10.121%           281310       10.121%
                                               2779342      100.000%          2779342      100.000%
                                                  3.10         1.03              3.10         1.03

FU_BUSY_0                                      4092774                        4092774              

FU_BUSY_1                                      3439485                        3439485              

FU_BUSY_2                                      2566886                        2566886              

FU_BUSY_3                                      1781287                        1781287              

FU_BUSY_4                                      1105721                        1105721              

FU_BUSY_5                                       690891                         690891              

FU_BUSY_6                                       360220                         360220              

FU_BUSY_7                                       216843                         216843              

FU_BUSY_8                                            0                              0              

FU_BUSY_9                                            0                              0              

FU_BUSY_10                                           0                              0              

FU_BUSY_11                                           0                              0              

FU_BUSY_12                                           0                              0              

FU_BUSY_13                                           0                              0              

FU_BUSY_14                                           0                              0              

FU_BUSY_15                                           0                              0              

FU_BUSY_16                                           0                              0              

FU_BUSY_17                                           0                              0              

FU_BUSY_18                                           0                              0              

FU_BUSY_19                                           0                              0              

FU_BUSY_20                                           0                              0              

FU_BUSY_21                                           0                              0              

FU_BUSY_22                                           0                              0              

FU_BUSY_23                                           0                              0              

FU_BUSY_24                                           0                              0              

FU_BUSY_25                                           0                              0              

FU_BUSY_26                                           0                              0              

FU_BUSY_27                                           0                              0              

FU_BUSY_28                                           0                              0              

FU_BUSY_29                                           0                              0              

FU_BUSY_30                                           0                              0              

FU_BUSY_31                                           0                              0              

OP_WAIT_0                                      9760635                        9760635              

OP_WAIT_1                                      3189129                        3189129              

OP_WAIT_2                                       189317                         189317              

OP_WAIT_3                                        59805                          59805              

OP_WAIT_4                                        26205                          26205              

OP_WAIT_5                                        11609                          11609              

OP_WAIT_6                                         9574                           9574              

OP_WAIT_7                                         4611                           4611              

OP_WAIT_8                                         8418                           8418              

OP_WAIT_9                                         3228                           3228              

OP_WAIT_10                                        3666                           3666              

OP_WAIT_11                                        4935                           4935              

OP_WAIT_12                                        2560                           2560              

OP_WAIT_13                                         855                            855              

OP_WAIT_14                                        2071                           2071              

OP_WAIT_15                                        1386                           1386              

OP_WAIT_16                                        1476                           1476              

OP_WAIT_17                                        2384                           2384              

OP_WAIT_18                                        1690                           1690              

OP_WAIT_19                                         956                            956              

OP_WAIT_20                                         253                            253              

OP_WAIT_21                                         471                            471              

OP_WAIT_22                                         204                            204              

OP_WAIT_23                                         512                            512              

OP_WAIT_24                                         359                            359              

OP_WAIT_25                                         381                            381              

OP_WAIT_26                                         344                            344              

OP_WAIT_27                                         415                            415              

OP_WAIT_28                                         400                            400              

OP_WAIT_29                                         131                            131              

OP_WAIT_30                                         772                            772              

OP_WAIT_31                                        2198                           2198              

ROW_SIZE_0                                     1944669                        1944669              

ROW_SIZE_1                                      753623                         753623              

ROW_SIZE_2                                      813028                         813028              

ROW_SIZE_3                                      389269                         389269              

ROW_SIZE_4                                      217544                         217544              

ROW_SIZE_5                                      174946                         174946              

ROW_SIZE_6                                     1333093                        1333093              

ROW_SIZE_7                                           0                              0              

ROW_SIZE_8                                           0                              0              

ROW_SIZE_9                                           0                              0              

ROW_SIZE_10                                          0                              0              

ROW_SIZE_11                                          0                              0              

ROW_SIZE_12                                          0                              0              

ROW_SIZE_13                                          0                              0              

ROW_SIZE_14                                          0                              0              

ROW_SIZE_15                                          0                              0              

ROW_SIZE_16                                          0                              0              

ROW_SIZE_17                                          0                              0              

ROW_SIZE_18                                          0                              0              

ROW_SIZE_19                                          0                              0              

ROW_SIZE_20                                          0                              0              

ROW_SIZE_21                                          0                              0              

ROW_SIZE_22                                          0                              0              

ROW_SIZE_23                                          0                              0              

ROW_SIZE_24                                          0                              0              

ROW_SIZE_25                                          0                              0              

ROW_SIZE_26                                          0                              0              

ROW_SIZE_27                                          0                              0              

ROW_SIZE_28                                          0                              0              

ROW_SIZE_29                                          0                              0              

ROW_SIZE_30                                          0                              0              

ROW_SIZE_31                                          0                              0              

RET_OP_EXEC_COUNT_0                                  0        0.000%                0        0.000%
RET_OP_EXEC_COUNT_1                           13290950      100.000%         13290950      100.000%
RET_OP_EXEC_COUNT_2                                  0        0.000%                0        0.000%
RET_OP_EXEC_COUNT_3                                  0        0.000%                0        0.000%
RET_OP_EXEC_COUNT_4                                  0        0.000%                0        0.000%
RET_OP_EXEC_COUNT_5                                  0        0.000%                0        0.000%
RET_OP_EXEC_COUNT_6                                  0        0.000%                0        0.000%
RET_OP_EXEC_COUNT_7                                  0        0.000%                0        0.000%
RET_OP_EXEC_COUNT_8                                  0        0.000%                0        0.000%
RET_OP_EXEC_COUNT_9                                  0        0.000%                0        0.000%
RET_OP_EXEC_COUNT_10                                 0        0.000%                0        0.000%
RET_OP_EXEC_COUNT_11                                 0        0.000%                0        0.000%
RET_OP_EXEC_COUNT_12                                 0        0.000%                0        0.000%
RET_OP_EXEC_COUNT_13                                 0        0.000%                0        0.000%
RET_OP_EXEC_COUNT_14                                 0        0.000%                0        0.000%
RET_OP_EXEC_COUNT_15                                 0        0.000%                0        0.000%
RET_OP_EXEC_COUNT_16                                 0        0.000%                0        0.000%
RET_OP_EXEC_COUNT_17                                 0        0.000%                0        0.000%
RET_OP_EXEC_COUNT_18                                 0        0.000%                0        0.000%
RET_OP_EXEC_COUNT_19                                 0        0.000%                0        0.000%
RET_OP_EXEC_COUNT_20                                 0        0.000%                0        0.000%
RET_OP_EXEC_COUNT_21                                 0        0.000%                0        0.000%
RET_OP_EXEC_COUNT_22                                 0        0.000%                0        0.000%
RET_OP_EXEC_COUNT_23                                 0        0.000%                0        0.000%
RET_OP_EXEC_COUNT_24                                 0        0.000%                0        0.000%
RET_OP_EXEC_COUNT_25                                 0        0.000%                0        0.000%
RET_OP_EXEC_COUNT_26                                 0        0.000%                0        0.000%
RET_OP_EXEC_COUNT_27                                 0        0.000%                0        0.000%
RET_OP_EXEC_COUNT_28                                 0        0.000%                0        0.000%
RET_OP_EXEC_COUNT_29                                 0        0.000%                0        0.000%
RET_OP_EXEC_COUNT_30                                 0        0.000%                0        0.000%
RET_OP_EXEC_COUNT_31                                 0        0.000%                0        0.000%
RET_OP_EXEC_COUNT_32                                 0        0.000%                0        0.000%
                                              13290950      100.000%         13290950      100.000%
                                                  1.00         0.00              1.00         0.00

RET_STALL_LENGTH_0                            13290372       99.996%         13290372       99.996%
RET_STALL_LENGTH_100                               566        0.004%              566        0.004%
RET_STALL_LENGTH_200                                 4        0.000%                4        0.000%
RET_STALL_LENGTH_300                                 0        0.000%                0        0.000%
RET_STALL_LENGTH_400                                 0        0.000%                0        0.000%
RET_STALL_LENGTH_500                                 0        0.000%                0        0.000%
RET_STALL_LENGTH_600                                 0        0.000%                0        0.000%
RET_STALL_LENGTH_700                                 0        0.000%                0        0.000%
RET_STALL_LENGTH_800                                 1        0.000%                1        0.000%
RET_STALL_LENGTH_900                                 1        0.000%                1        0.000%
RET_STALL_LENGTH_1000                                0        0.000%                0        0.000%
RET_STALL_LENGTH_1100                                1        0.000%                1        0.000%
RET_STALL_LENGTH_1200                                5        0.000%                5        0.000%
RET_STALL_LENGTH_1300                                0        0.000%                0        0.000%
RET_STALL_LENGTH_1400                                0        0.000%                0        0.000%
RET_STALL_LENGTH_1500                                0        0.000%                0        0.000%
RET_STALL_LENGTH_1600                                0        0.000%                0        0.000%
RET_STALL_LENGTH_1700                                0        0.000%                0        0.000%
RET_STALL_LENGTH_1800                                0        0.000%                0        0.000%
RET_STALL_LENGTH_1900                                0        0.000%                0        0.000%
RET_STALL_LENGTH_2000                                0        0.000%                0        0.000%
RET_STALL_LENGTH_2100                                0        0.000%                0        0.000%
RET_STALL_LENGTH_2200                                0        0.000%                0        0.000%
RET_STALL_LENGTH_2300                                0        0.000%                0        0.000%
RET_STALL_LENGTH_2400                                0        0.000%                0        0.000%
RET_STALL_LENGTH_2500                                0        0.000%                0        0.000%
RET_STALL_LENGTH_2600                                0        0.000%                0        0.000%
RET_STALL_LENGTH_2700                                0        0.000%                0        0.000%
RET_STALL_LENGTH_2800                                0        0.000%                0        0.000%
RET_STALL_LENGTH_2900                                0        0.000%                0        0.000%
RET_STALL_LENGTH_3000                                0        0.000%                0        0.000%
RET_STALL_LENGTH_3100                                0        0.000%                0        0.000%
RET_STALL_LENGTH_3200                                0        0.000%                0        0.000%
RET_STALL_LENGTH_3300                                0        0.000%                0        0.000%
RET_STALL_LENGTH_3400                                0        0.000%                0        0.000%
RET_STALL_LENGTH_3500                                0        0.000%                0        0.000%
RET_STALL_LENGTH_3600                                0        0.000%                0        0.000%
RET_STALL_LENGTH_3700                                0        0.000%                0        0.000%
RET_STALL_LENGTH_3800                                0        0.000%                0        0.000%
RET_STALL_LENGTH_3900                                0        0.000%                0        0.000%
RET_STALL_LENGTH_4000                                0        0.000%                0        0.000%
RET_STALL_LENGTH_4100                                0        0.000%                0        0.000%
RET_STALL_LENGTH_4200                                0        0.000%                0        0.000%
RET_STALL_LENGTH_4300                                0        0.000%                0        0.000%
RET_STALL_LENGTH_4400                                0        0.000%                0        0.000%
RET_STALL_LENGTH_4500                                0        0.000%                0        0.000%
RET_STALL_LENGTH_4600                                0        0.000%                0        0.000%
RET_STALL_LENGTH_4700                                0        0.000%                0        0.000%
RET_STALL_LENGTH_4800                                0        0.000%                0        0.000%
RET_STALL_LENGTH_4900                                0        0.000%                0        0.000%
RET_STALL_LENGTH_5000                                0        0.000%                0        0.000%
                                              13290950      100.000%         13290950      100.000%
                                                  0.00         0.01              0.00         0.01

MEM_BLOCK_LENGTH_0                                   0         -nan%                0         -nan%
MEM_BLOCK_LENGTH_100                                 0         -nan%                0         -nan%
MEM_BLOCK_LENGTH_200                                 0         -nan%                0         -nan%
MEM_BLOCK_LENGTH_300                                 0         -nan%                0         -nan%
MEM_BLOCK_LENGTH_400                                 0         -nan%                0         -nan%
MEM_BLOCK_LENGTH_500                                 0         -nan%                0         -nan%
MEM_BLOCK_LENGTH_600                                 0         -nan%                0         -nan%
MEM_BLOCK_LENGTH_700                                 0         -nan%                0         -nan%
MEM_BLOCK_LENGTH_800                                 0         -nan%                0         -nan%
MEM_BLOCK_LENGTH_900                                 0         -nan%                0         -nan%
MEM_BLOCK_LENGTH_1000                                0         -nan%                0         -nan%
MEM_BLOCK_LENGTH_1100                                0         -nan%                0         -nan%
MEM_BLOCK_LENGTH_1200                                0         -nan%                0         -nan%
MEM_BLOCK_LENGTH_1300                                0         -nan%                0         -nan%
MEM_BLOCK_LENGTH_1400                                0         -nan%                0         -nan%
MEM_BLOCK_LENGTH_1500                                0         -nan%                0         -nan%
MEM_BLOCK_LENGTH_1600                                0         -nan%                0         -nan%
MEM_BLOCK_LENGTH_1700                                0         -nan%                0         -nan%
MEM_BLOCK_LENGTH_1800                                0         -nan%                0         -nan%
MEM_BLOCK_LENGTH_1900                                0         -nan%                0         -nan%
MEM_BLOCK_LENGTH_2000                                0         -nan%                0         -nan%
MEM_BLOCK_LENGTH_2100                                0         -nan%                0         -nan%
MEM_BLOCK_LENGTH_2200                                0         -nan%                0         -nan%
MEM_BLOCK_LENGTH_2300                                0         -nan%                0         -nan%
MEM_BLOCK_LENGTH_2400                                0         -nan%                0         -nan%
MEM_BLOCK_LENGTH_2500                                0         -nan%                0         -nan%
MEM_BLOCK_LENGTH_2600                                0         -nan%                0         -nan%
MEM_BLOCK_LENGTH_2700                                0         -nan%                0         -nan%
MEM_BLOCK_LENGTH_2800                                0         -nan%                0         -nan%
MEM_BLOCK_LENGTH_2900                                0         -nan%                0         -nan%
MEM_BLOCK_LENGTH_3000                                0         -nan%                0         -nan%
MEM_BLOCK_LENGTH_3100                                0         -nan%                0         -nan%
MEM_BLOCK_LENGTH_3200                                0         -nan%                0         -nan%
MEM_BLOCK_LENGTH_3300                                0         -nan%                0         -nan%
MEM_BLOCK_LENGTH_3400                                0         -nan%                0         -nan%
MEM_BLOCK_LENGTH_3500                                0         -nan%                0         -nan%
MEM_BLOCK_LENGTH_3600                                0         -nan%                0         -nan%
MEM_BLOCK_LENGTH_3700                                0         -nan%                0         -nan%
MEM_BLOCK_LENGTH_3800                                0         -nan%                0         -nan%
MEM_BLOCK_LENGTH_3900                                0         -nan%                0         -nan%
MEM_BLOCK_LENGTH_4000                                0         -nan%                0         -nan%
MEM_BLOCK_LENGTH_4100                                0         -nan%                0         -nan%
MEM_BLOCK_LENGTH_4200                                0         -nan%                0         -nan%
MEM_BLOCK_LENGTH_4300                                0         -nan%                0         -nan%
MEM_BLOCK_LENGTH_4400                                0         -nan%                0         -nan%
MEM_BLOCK_LENGTH_4500                                0         -nan%                0         -nan%
MEM_BLOCK_LENGTH_4600                                0         -nan%                0         -nan%
MEM_BLOCK_LENGTH_4700                                0         -nan%                0         -nan%
MEM_BLOCK_LENGTH_4800                                0         -nan%                0         -nan%
MEM_BLOCK_LENGTH_4900                                0         -nan%                0         -nan%
MEM_BLOCK_LENGTH_5000                                0         -nan%                0         -nan%
                                                     0         -nan%                0         -nan%
                                                  -nan         -nan              -nan         -nan

FUS_BUSY_ON_PATH                              14254107        1.7067         14254107        1.7067

FUS_BUSY_OFF_PATH                                    0        0.0000                0        0.0000

FU_BUSY_MEM_STALL                               939485        0.1125           939485        0.1125

FUS_EMPTY                                     52561525        6.2933         52561525        6.2933

CHIP_UTILIZATION                                     0        0.0000                0        0.0000

CYCLES_UNDER_MEM_REQ                                 0                              0              

CYCLES_UNDER_NO_MEM_REQ                              0                              0              

CYCLES_UNDER_CRITICAL_MEM_REQ                        0                              0              

CYCLES_UNDER_NONCRITICAL_MEM_REQ                     0                              0              

CHIP_UTILIZATION_UNDER_MEM_REQ                       0          -nan                0          -nan

CHIP_UTILIZATION_UNDER_NO_MEM_REQ                    0          -nan                0          -nan

CHIP_UTILIZATION_UNDER_CRITICAL_MEM_REQ              0          -nan                0          -nan

CHIP_UTILIZATION_UNDER_NONCRITICAL_MEM_REQ             0          -nan                0          -nan

CYCLES_NOT_WAITING_FOR_OFF_CHIP                      0        0.0000                0        0.0000

FUS_BUSY_NOT_WAITING_FOR_OFF_CHIP                    0          -nan                0          -nan

CYCLES_WAITING_FOR_OFF_CHIP                          0        0.0000                0        0.0000

FUS_BUSY_WAITING_FOR_OFF_CHIP                        0          -nan                0          -nan

TOTAL_OFF_CHIP_DELAYS_LEFT                           0                              0              

WRONG_IO_SCHED                                       0                              0              

DVFS_CONFIG_SWITCH                                   0                              0              



