/* -*- Mode: c -*- */
####################################################################################################
Core 0
####################################################################################################
Cumulative:        Cycles: 8351954               Instructions: 10000000              IPC: 1.19732

ICACHE_CYCLE                                   8351954                        8351954              

TCACHE_CYCLE                                         0                              0              

ICACHE_CYCLE_ONPATH                            6905428       82.680%          6905428       82.680%
ICACHE_CYCLE_OFFPATH                           1446526       17.320%          1446526       17.320%
                                               8351954      100.000%          8351954      100.000%
                                                  0.17         0.35              0.17         0.35

FETCH_ON_PATH                                  2873630      100.000%          2873630      100.000%
FETCH_OFF_PATH                                       0        0.000%                0        0.000%
                                               2873630      100.000%          2873630      100.000%
                                                  0.00         0.00              0.00         0.00

FETCHED_OPS_ON_PATH                                  0         -nan%                0         -nan%
FETCHED_OPS_OFF_PATH                                 0         -nan%                0         -nan%
                                                     0         -nan%                0         -nan%
                                                  -nan         -nan              -nan         -nan

INST_LOST_WAIT_FOR_MISP_RECOVERY                     0        0.000%                0        0.000%
INST_LOST_WAIT_FOR_TIMER                             0        0.000%                0        0.000%
INST_LOST_WAIT_FOR_EMPTY_ROB                        78        0.000%               78        0.000%
INST_LOST_WAIT_FOR_REDIRECT                    2588082        6.176%          2588082        6.176%
INST_LOST_FETCH                               13291043       31.718%         13291043       31.718%
INST_LOST_OFF_PATH                                   0        0.000%                0        0.000%
INST_LOST_FULL_WINDOW                                0        0.000%                0        0.000%
INST_LOST_ROB_STALL_OTHER                        77352        0.185%            77352        0.185%
INST_LOST_ROB_STALL_WAIT_FOR_RECOVERY                0        0.000%                0        0.000%
INST_LOST_ROB_STALL_WAIT_FOR_REDIRECT                0        0.000%                0        0.000%
INST_LOST_ROB_STALL_WAIT_FOR_GAP_FILL                0        0.000%                0        0.000%
INST_LOST_ROB_STALL_WAIT_FOR_L1_MISS                 0        0.000%                0        0.000%
INST_LOST_ROB_STALL_WAIT_FOR_MEMORY                 12        0.000%               12        0.000%
INST_LOST_ROB_STALL_WAIT_FOR_DC_MISS            110052        0.263%           110052        0.263%
INST_LOST_ROB_BLOCK_ISSUE_FULL                       0        0.000%                0        0.000%
INST_LOST_ROB_BLOCK_ISSUE_GAP_TOO_LARGE              0        0.000%                0        0.000%
INST_LOST_BREAK_DONT                                 0        0.000%                0        0.000%
INST_LOST_BREAK_ISSUE_WIDTH                          0        0.000%                0        0.000%
INST_LOST_BREAK_CF                                   0        0.000%                0        0.000%
INST_LOST_BREAK_BTB_MISS                        169914        0.405%           169914        0.405%
INST_LOST_BREAK_ICACHE_MISS                   22994063       54.874%         22994063       54.874%
INST_LOST_BREAK_LINE_END                             0        0.000%                0        0.000%
INST_LOST_BREAK_STALL                                0        0.000%                0        0.000%
INST_LOST_BREAK_BARRIER                              2        0.000%                2        0.000%
INST_LOST_BREAK_OFFPATH                           3428        0.008%             3428        0.008%
INST_LOST_BREAK_ALIGNMENT                            0        0.000%                0        0.000%
INST_LOST_BREAK_TAKEN                          2669314        6.370%          2669314        6.370%
INST_LOST_BREAK_MODEL_BEFORE                         0        0.000%                0        0.000%
INST_LOST_BREAK_MODEL_AFTER                          0        0.000%                0        0.000%
                                              41903340      100.000%         41903340      100.000%
                                                 14.21         8.26             14.21         8.26

INST_LOST_TOTAL                               50111724                       50111724              

FETCH_0_OPS                                    4285670       61.365%          4285670       61.365%
FETCH_1_OPS                                     162760        2.331%           162760        2.331%
FETCH_2_OPS                                     231891        3.320%           231891        3.320%
FETCH_3_OPS                                     184931        2.648%           184931        2.648%
FETCH_4_OPS                                     197238        2.824%           197238        2.824%
FETCH_5_OPS                                     207644        2.973%           207644        2.973%
FETCH_6_OPS                                    1713756       24.539%          1713756       24.539%
FETCH_7_OPS                                          0        0.000%                0        0.000%
FETCH_8_OPS                                          0        0.000%                0        0.000%
FETCH_9_OPS                                          0        0.000%                0        0.000%
FETCH_10_OPS                                         0        0.000%                0        0.000%
FETCH_11_OPS                                         0        0.000%                0        0.000%
FETCH_12_OPS                                         0        0.000%                0        0.000%
FETCH_13_OPS                                         0        0.000%                0        0.000%
FETCH_14_OPS                                         0        0.000%                0        0.000%
FETCH_15_OPS                                         0        0.000%                0        0.000%
FETCH_16_OPS                                         0        0.000%                0        0.000%
                                               6983890      100.000%          6983890      100.000%
                                                  1.90         2.14              1.90         2.14

ST_BREAK_DONT                                        0        0.000%                0        0.000%
ST_BREAK_ISSUE_WIDTH                           1524780       53.061%          1524780       53.061%
ST_BREAK_CF                                          0        0.000%                0        0.000%
ST_BREAK_BTB_MISS                                66975        2.331%            66975        2.331%
ST_BREAK_ICACHE_MISS                            196145        6.826%           196145        6.826%
ST_BREAK_LINE_END                                    0        0.000%                0        0.000%
ST_BREAK_STALL                                       0        0.000%                0        0.000%
ST_BREAK_BARRIER                                     1        0.000%                1        0.000%
ST_BREAK_OFFPATH                                  1490        0.052%             1490        0.052%
ST_BREAK_ALIGNMENT                                   0        0.000%                0        0.000%
ST_BREAK_TAKEN                                 1084239       37.731%          1084239       37.731%
                                               2873630      100.000%          2873630      100.000%
                                                  4.65         5.11              4.65         5.11

ORACLE_ON_PATH_INST                           13291043      100.000%         13291043      100.000%
ORACLE_OFF_PATH_INST                                 0        0.000%                0        0.000%
                                              13291043      100.000%         13291043      100.000%
                                                  0.00         0.00              0.00         0.00

ORACLE_ON_PATH_INST_MEM                        4710492       35.441%          4710492       35.441%
ORACLE_ON_PATH_INST_NOTMEM                     8580551       64.559%          8580551       64.559%
ORACLE_OFF_PATH_INST_MEM                             0        0.000%                0        0.000%
ORACLE_OFF_PATH_INST_NOTMEM                          0        0.000%                0        0.000%
                                              13291043      100.000%         13291043      100.000%
                                                  0.65         0.28              0.65         0.28

ICACHE_CYCLE_NONRA_ONPATH                            0         -nan%                0         -nan%
ICACHE_CYCLE_NONRA_OFFPATH                           0         -nan%                0         -nan%
ICACHE_CYCLE_RA_ONPATH                               0         -nan%                0         -nan%
ICACHE_CYCLE_RA_OFFPATH                              0         -nan%                0         -nan%
                                                     0         -nan%                0         -nan%
                                                  -nan         -nan              -nan         -nan

ICACHE_CYCLE_ONPATH_NONRA                            0         -nan%                0         -nan%
ICACHE_CYCLE_OFFPATH_NONRA                           0         -nan%                0         -nan%
                                                     0         -nan%                0         -nan%
                                                  -nan         -nan              -nan         -nan

ICACHE_CYCLE_ONPATH_RA                               0         -nan%                0         -nan%
ICACHE_CYCLE_OFFPATH_RA                              0         -nan%                0         -nan%
                                                     0         -nan%                0         -nan%
                                                  -nan         -nan              -nan         -nan

INACCURATE_OFFPATH_CYCLES                            0        0.0000                0        0.0000

FETCH_ALL_INST                                13291043                       13291043              

EXEC_ALL_INST                                 13290971                       13290971              

RET_ALL_INST                                  13290950                       13290950              

EXEC_ON_PATH_INST                             13290971      100.000%         13290971      100.000%
EXEC_OFF_PATH_INST                                   0        0.000%                0        0.000%
                                              13290971      100.000%         13290971      100.000%
                                                  0.00         0.00              0.00         0.00

EXEC_ON_PATH_INST_MEM                          4710469       35.441%          4710469       35.441%
EXEC_ON_PATH_INST_NOTMEM                       8580502       64.559%          8580502       64.559%
EXEC_OFF_PATH_INST_MEM                               0        0.000%                0        0.000%
EXEC_OFF_PATH_INST_NOTMEM                            0        0.000%                0        0.000%
                                              13290971      100.000%         13290971      100.000%
                                                  0.65         0.28              0.65         0.28

EXEC_RA_INST                                         0         -nan%                0         -nan%
EXEC_NONRA_INST                                      0         -nan%                0         -nan%
                                                     0         -nan%                0         -nan%
                                                  -nan         -nan              -nan         -nan

EXEC_ON_PATH_INST_RA                                 0         -nan%                0         -nan%
EXEC_OFF_PATH_INST_RA                                0         -nan%                0         -nan%
                                                     0         -nan%                0         -nan%
                                                  -nan         -nan              -nan         -nan

EXEC_ON_PATH_INST_NONRA                              0         -nan%                0         -nan%
EXEC_OFF_PATH_INST_NONRA                             0         -nan%                0         -nan%
                                                     0         -nan%                0         -nan%
                                                  -nan         -nan              -nan         -nan

EXEC_RA_ON_PATH_INST                                 0         -nan%                0         -nan%
EXEC_RA_OFF_PATH_INST                                0         -nan%                0         -nan%
EXEC_NONRA_ON_PATH_INST                              0         -nan%                0         -nan%
EXEC_NONRA_OFF_PATH_INST                             0         -nan%                0         -nan%
                                                     0         -nan%                0         -nan%
                                                  -nan         -nan              -nan         -nan

ICACHE_THROTTLE_CYCLE                                0                              0              

FETCH_ENABLE_THROTTLE_OFF_PATH                       0         -nan%                0         -nan%
FETCH_ENABLE_THROTTLE_ON_PATH                        0         -nan%                0         -nan%
                                                     0         -nan%                0         -nan%
                                                  -nan         -nan              -nan         -nan

FETCH_DISABLE_THROTTLE_OFF_PATH                      0         -nan%                0         -nan%
FETCH_DISABLE_THROTTLE_ON_PATH                       0         -nan%                0         -nan%
                                                     0         -nan%                0         -nan%
                                                  -nan         -nan              -nan         -nan

FETCH_TH_ADJUST__0                                   0         -nan%                0         -nan%
FETCH_TH_ADJUST__1                                   0         -nan%                0         -nan%
FETCH_TH_ADJUST__2                                   0         -nan%                0         -nan%
FETCH_TH_ADJUST__3                                   0         -nan%                0         -nan%
FETCH_TH_ADJUST__4                                   0         -nan%                0         -nan%
FETCH_TH_ADJUST__5                                   0         -nan%                0         -nan%
FETCH_TH_ADJUST__6                                   0         -nan%                0         -nan%
FETCH_TH_ADJUST__7                                   0         -nan%                0         -nan%
FETCH_TH_ADJUST__8                                   0         -nan%                0         -nan%
FETCH_TH_ADJUST__9                                   0         -nan%                0         -nan%
FETCH_TH_ADJUST__MAX                                 0         -nan%                0         -nan%
                                                     0         -nan%                0         -nan%
                                                  -nan         -nan              -nan         -nan

FETCH_TH_ADJUST_UP                                   0         -nan%                0         -nan%
FETCH_TH_ADJUST_DOWN                                 0         -nan%                0         -nan%
FETCH_TH_ADJUST_SAME                                 0         -nan%                0         -nan%
                                                     0         -nan%                0         -nan%
                                                  -nan         -nan              -nan         -nan

THROTTLE_ADJUST_CACHE_MISS_INFO                      0                              0              

LOW_CONF_COUNT_BP_MIS_0                              0         -nan%                0         -nan%
LOW_CONF_COUNT_BP_MIS_1                              0         -nan%                0         -nan%
LOW_CONF_COUNT_BP_MIS_2                              0         -nan%                0         -nan%
LOW_CONF_COUNT_BP_MIS_3                              0         -nan%                0         -nan%
LOW_CONF_COUNT_BP_MIS_4                              0         -nan%                0         -nan%
LOW_CONF_COUNT_BP_MIS_5                              0         -nan%                0         -nan%
LOW_CONF_COUNT_BP_MIS_6                              0         -nan%                0         -nan%
LOW_CONF_COUNT_BP_MIS_7                              0         -nan%                0         -nan%
LOW_CONF_COUNT_BP_MIS_8                              0         -nan%                0         -nan%
LOW_CONF_COUNT_BP_MIS_9                              0         -nan%                0         -nan%
LOW_CONF_COUNT_BP_MIS_10                             0         -nan%                0         -nan%
LOW_CONF_COUNT_BP_MIS_11                             0         -nan%                0         -nan%
LOW_CONF_COUNT_BP_MIS_12                             0         -nan%                0         -nan%
LOW_CONF_COUNT_BP_MIS_13                             0         -nan%                0         -nan%
LOW_CONF_COUNT_BP_MIS_14                             0         -nan%                0         -nan%
LOW_CONF_COUNT_BP_MIS_15                             0         -nan%                0         -nan%
LOW_CONF_COUNT_BP_MIS_16                             0         -nan%                0         -nan%
LOW_CONF_COUNT_BP_MIS_17                             0         -nan%                0         -nan%
LOW_CONF_COUNT_BP_MIS_18                             0         -nan%                0         -nan%
LOW_CONF_COUNT_BP_MIS_19                             0         -nan%                0         -nan%
LOW_CONF_COUNT_BP_MIS_20                             0         -nan%                0         -nan%
                                                     0         -nan%                0         -nan%
                                                  -nan         -nan              -nan         -nan

LOW_CONF_COUNT_RET_0                                 0         -nan%                0         -nan%
LOW_CONF_COUNT_RET_1                                 0         -nan%                0         -nan%
LOW_CONF_COUNT_RET_2                                 0         -nan%                0         -nan%
LOW_CONF_COUNT_RET_3                                 0         -nan%                0         -nan%
LOW_CONF_COUNT_RET_4                                 0         -nan%                0         -nan%
LOW_CONF_COUNT_RET_5                                 0         -nan%                0         -nan%
LOW_CONF_COUNT_RET_6                                 0         -nan%                0         -nan%
LOW_CONF_COUNT_RET_7                                 0         -nan%                0         -nan%
LOW_CONF_COUNT_RET_8                                 0         -nan%                0         -nan%
LOW_CONF_COUNT_RET_9                                 0         -nan%                0         -nan%
LOW_CONF_COUNT_RET_10                                0         -nan%                0         -nan%
LOW_CONF_COUNT_RET_11                                0         -nan%                0         -nan%
LOW_CONF_COUNT_RET_12                                0         -nan%                0         -nan%
LOW_CONF_COUNT_RET_13                                0         -nan%                0         -nan%
LOW_CONF_COUNT_RET_14                                0         -nan%                0         -nan%
LOW_CONF_COUNT_RET_15                                0         -nan%                0         -nan%
LOW_CONF_COUNT_RET_16                                0         -nan%                0         -nan%
LOW_CONF_COUNT_RET_17                                0         -nan%                0         -nan%
LOW_CONF_COUNT_RET_18                                0         -nan%                0         -nan%
LOW_CONF_COUNT_RET_19                                0         -nan%                0         -nan%
LOW_CONF_COUNT_RET_20                                0         -nan%                0         -nan%
                                                     0         -nan%                0         -nan%
                                                  -nan         -nan              -nan         -nan



