Scarab gitrev: 8e47791
Scarab started at Sat May 20 05:54:04 2023

Initialized Ramulator. 
** Heartbeat:   1% -- { 1000001 } -- 0.00 KIPS (250.00 KIPS)
** Heartbeat:   2% -- { 2000001 } -- 250.00 KIPS (250.00 KIPS)
** Heartbeat:   3% -- { 3000006 } -- 250.00 KIPS (250.00 KIPS)
** Heartbeat:   4% -- { 4000009 } -- 250.00 KIPS (250.00 KIPS)
** Heartbeat:   5% -- { 5000011 } -- 250.00 KIPS (250.00 KIPS)
** Heartbeat:   6% -- { 6000014 } -- 250.00 KIPS (250.00 KIPS)
** Heartbeat:   7% -- { 7000016 } -- 200.00 KIPS (241.38 KIPS)
** Heartbeat:   8% -- { 8000020 } -- 250.00 KIPS (242.42 KIPS)
** Heartbeat:   9% -- { 9000020 } -- 250.00 KIPS (243.24 KIPS)
** Heartbeat:  10% -- { 10000023 } -- 250.00 KIPS (243.90 KIPS)
** Heartbeat:  11% -- { 11000025 } -- 200.00 KIPS (239.13 KIPS)
** Heartbeat:  12% -- { 12000025 } -- 200.00 KIPS (235.29 KIPS)
** Heartbeat:  13% -- { 13000029 } -- 250.00 KIPS (236.36 KIPS)
** Heartbeat:  14% -- { 14000030 } -- 250.00 KIPS (237.29 KIPS)
** Heartbeat:  15% -- { 15000030 } -- 200.00 KIPS (234.38 KIPS)
** Heartbeat:  16% -- { 16000035 } -- 250.00 KIPS (235.29 KIPS)
** Heartbeat:  17% -- { 17000036 } -- 250.00 KIPS (236.11 KIPS)
** Heartbeat:  18% -- { 18000037 } -- 250.00 KIPS (236.84 KIPS)
** Heartbeat:  19% -- { 19000040 } -- 250.00 KIPS (237.50 KIPS)
** Heartbeat:  20% -- { 20000045 } -- 200.00 KIPS (235.29 KIPS)
** Heartbeat:  21% -- { 21000049 } -- 250.00 KIPS (235.96 KIPS)
** Heartbeat:  22% -- { 22000049 } -- 250.00 KIPS (236.56 KIPS)
** Heartbeat:  23% -- { 23000054 } -- 250.00 KIPS (237.11 KIPS)
** Heartbeat:  24% -- { 24000054 } -- 333.33 KIPS (240.00 KIPS)
** Heartbeat:  25% -- { 25000055 } -- 333.33 KIPS (242.72 KIPS)
** Heartbeat:  26% -- { 26000057 } -- 333.33 KIPS (245.28 KIPS)
** Heartbeat:  27% -- { 27000060 } -- 250.00 KIPS (245.46 KIPS)
** Heartbeat:  28% -- { 28000064 } -- 250.00 KIPS (245.61 KIPS)
** Heartbeat:  29% -- { 29000064 } -- 250.00 KIPS (245.76 KIPS)
** Heartbeat:  30% -- { 30000066 } -- 250.00 KIPS (245.90 KIPS)
** Heartbeat:  31% -- { 31000068 } -- 200.00 KIPS (244.10 KIPS)
** Heartbeat:  32% -- { 32000072 } -- 250.00 KIPS (244.28 KIPS)
** Heartbeat:  33% -- { 33000072 } -- 250.00 KIPS (244.44 KIPS)
** Heartbeat:  34% -- { 34000077 } -- 200.00 KIPS (242.86 KIPS)
** Heartbeat:  35% -- { 35000078 } -- 200.00 KIPS (241.38 KIPS)
** Heartbeat:  36% -- { 36000078 } -- 250.00 KIPS (241.61 KIPS)
** Heartbeat:  37% -- { 37000078 } -- 200.00 KIPS (240.26 KIPS)
** Heartbeat:  38% -- { 38000082 } -- 250.00 KIPS (240.51 KIPS)
** Heartbeat:  39% -- { 39000085 } -- 250.00 KIPS (240.74 KIPS)
** Heartbeat:  40% -- { 40000087 } -- 250.00 KIPS (240.96 KIPS)
** Heartbeat:  41% -- { 41000087 } -- 200.00 KIPS (239.77 KIPS)
** Heartbeat:  42% -- { 42000089 } -- 250.00 KIPS (240.00 KIPS)
** Heartbeat:  43% -- { 43000091 } -- 250.00 KIPS (240.22 KIPS)
** Heartbeat:  44% -- { 44000092 } -- 250.00 KIPS (240.44 KIPS)
** Heartbeat:  45% -- { 45000093 } -- 250.00 KIPS (240.64 KIPS)
** Heartbeat:  46% -- { 46000096 } -- 250.00 KIPS (240.84 KIPS)
** Heartbeat:  47% -- { 47000098 } -- 200.00 KIPS (239.80 KIPS)
** Heartbeat:  48% -- { 48000100 } -- 250.00 KIPS (240.00 KIPS)
** Heartbeat:  49% -- { 49000101 } -- 200.00 KIPS (239.02 KIPS)
** Heartbeat:  50% -- { 50000101 } -- 250.00 KIPS (239.23 KIPS)
** Heartbeat:  51% -- { 51000105 } -- 200.00 KIPS (238.32 KIPS)
** Heartbeat:  52% -- { 52000106 } -- 333.33 KIPS (239.63 KIPS)
** Heartbeat:  53% -- { 53000107 } -- 200.00 KIPS (238.74 KIPS)
** Heartbeat:  54% -- { 54000108 } -- 250.00 KIPS (238.94 KIPS)
** Heartbeat:  55% -- { 55000109 } -- 250.00 KIPS (239.13 KIPS)
** Heartbeat:  56% -- { 56000112 } -- 200.00 KIPS (238.30 KIPS)
** Heartbeat:  57% -- { 57000116 } -- 250.00 KIPS (238.49 KIPS)
** Heartbeat:  58% -- { 58000116 } -- 250.00 KIPS (238.68 KIPS)
** Heartbeat:  59% -- { 59000116 } -- 250.00 KIPS (238.87 KIPS)
** Heartbeat:  60% -- { 60000116 } -- 200.00 KIPS (238.10 KIPS)
** Heartbeat:  61% -- { 61000116 } -- 250.00 KIPS (238.28 KIPS)
** Heartbeat:  62% -- { 62000117 } -- 250.00 KIPS (238.46 KIPS)
** Heartbeat:  63% -- { 63000122 } -- 250.00 KIPS (238.64 KIPS)
** Heartbeat:  64% -- { 64000122 } -- 250.00 KIPS (238.81 KIPS)
** Heartbeat:  65% -- { 65000127 } -- 200.00 KIPS (238.10 KIPS)
** Heartbeat:  66% -- { 66000127 } -- 250.00 KIPS (238.27 KIPS)
** Heartbeat:  67% -- { 67000128 } -- 250.00 KIPS (238.43 KIPS)
** Heartbeat:  68% -- { 68000130 } -- 250.00 KIPS (238.60 KIPS)
** Heartbeat:  69% -- { 69000130 } -- 250.00 KIPS (238.75 KIPS)
** Heartbeat:  70% -- { 70000133 } -- 250.00 KIPS (238.91 KIPS)
** Heartbeat:  71% -- { 71000133 } -- 333.33 KIPS (239.87 KIPS)
** Heartbeat:  72% -- { 72000135 } -- 333.33 KIPS (240.80 KIPS)
** Heartbeat:  73% -- { 73000138 } -- 333.33 KIPS (241.72 KIPS)
** Heartbeat:  74% -- { 74000138 } -- 333.33 KIPS (242.62 KIPS)
** Heartbeat:  75% -- { 75000138 } -- 333.33 KIPS (243.51 KIPS)
** Heartbeat:  76% -- { 76000143 } -- 333.33 KIPS (244.37 KIPS)
** Heartbeat:  77% -- { 77000143 } -- 250.00 KIPS (244.44 KIPS)
** Heartbeat:  78% -- { 78000143 } -- 250.00 KIPS (244.51 KIPS)
** Heartbeat:  79% -- { 79000146 } -- 333.33 KIPS (245.34 KIPS)
** Heartbeat:  80% -- { 80000147 } -- 333.33 KIPS (246.15 KIPS)
** Heartbeat:  81% -- { 81000148 } -- 333.33 KIPS (246.95 KIPS)
** Heartbeat:  82% -- { 82000148 } -- 500.00 KIPS (248.49 KIPS)
** Heartbeat:  83% -- { 83000149 } -- 500.00 KIPS (250.00 KIPS)
** Heartbeat:  84% -- { 84000149 } -- 333.33 KIPS (250.75 KIPS)
** Heartbeat:  85% -- { 85000149 } -- 500.00 KIPS (252.23 KIPS)
** Heartbeat:  86% -- { 86000151 } -- 333.33 KIPS (252.94 KIPS)
** Heartbeat:  87% -- { 87000153 } -- 500.00 KIPS (254.39 KIPS)
** Heartbeat:  88% -- { 88000154 } -- 333.33 KIPS (255.07 KIPS)
** Heartbeat:  89% -- { 89000158 } -- 500.00 KIPS (256.48 KIPS)
** Heartbeat:  90% -- { 90000159 } -- 500.00 KIPS (257.88 KIPS)
** Heartbeat:  91% -- { 91000160 } -- 500.00 KIPS (259.26 KIPS)
** Heartbeat:  92% -- { 92000162 } -- 333.33 KIPS (259.89 KIPS)
** Heartbeat:  93% -- { 93000163 } -- 500.00 KIPS (261.24 KIPS)
** Heartbeat:  94% -- { 94000166 } -- 333.33 KIPS (261.84 KIPS)
** Heartbeat:  95% -- { 95000169 } -- 500.00 KIPS (263.16 KIPS)
** Heartbeat:  96% -- { 96000170 } -- 500.00 KIPS (264.46 KIPS)
** Heartbeat:  97% -- { 97000171 } -- 500.00 KIPS (265.75 KIPS)
** Heartbeat:  98% -- { 98000171 } -- 500.00 KIPS (267.03 KIPS)
** Heartbeat:  99% -- { 99000176 } -- 333.33 KIPS (267.57 KIPS)
** Core 0 Finished:    insts:100000000   cycles:80782127    time:25244414687500      -- 1.24 IPC (1.24 IPC) --  N/A  KIPS (268.82 KIPS)
done
Scarab finished at Sat May 20 06:00:16 2023

