/* -*- Mode: c -*- */
####################################################################################################
Core 0
####################################################################################################
Cumulative:        Cycles: 34066361              Instructions: 100000000             IPC: 2.93545

EXECUTION_TIME                           10645737812500                  10645737812500              

NODE_CYCLE                                    34066361                       34066361              

NODE_INST_COUNT                              100000000                      100000000              

NODE_UOP_COUNT                               110907477                      110907477              

FULL_WINDOW_STALL                              9649407       28.325%          9649407       28.325%

FULL_WINDOW_MEM_OP                             3448750       52.084%          3448750       52.084%
FULL_WINDOW_FP_OP                              3086729       46.616%          3086729       46.616%
FULL_WINDOW_OTHER_OP                             86090        1.300%            86090        1.300%
                                               6621569      100.000%          6621569      100.000%
                                                  0.49         0.39              0.49         0.39

RET_BLOCKED_DC_MISS                            1990401        5.843%          1990401        5.843%

RET_BLOCKED_L1_MISS                            1868545        5.485%          1868545        5.485%

RET_BLOCKED_L1_MISS_BW_PREF                     487846        1.432%           487846        1.432%

RET_BLOCKED_L1_ACCESS                           144063        0.423%           144063        0.423%

RET_BLOCKED_MEM_STALL                          1989638        5.840%          1989638        5.840%

RET_BLOCKED_OFFCHIP_DEMAND                           0        0.000%                0        0.000%

OP_ISSUED                                    110907485                      110907485              

OP_RETIRED                                   110907477                      110907477              

REPLAY_SIGNALED                                      0                              0              

REPLAY_COUNTED                                       0                              0              

OFF_CRITICAL_PATH                                    0         -nan%                0         -nan%
ON_CRITICAL_PATH                                     0         -nan%                0         -nan%
                                                     0         -nan%                0         -nan%
                                                  -nan         -nan              -nan         -nan

LD_NO_DEPENDENTS                                521287        2.076%           521287        2.076%
LD_DEPENDENTS                                 24588854       97.924%         24588854       97.924%
                                              25110141      100.000%         25110141      100.000%
                                                  0.98         0.97              0.98         0.97

LD_EXEC_CYCLES_0                                     0        0.000%                0        0.000%
LD_EXEC_CYCLES_1                                     0        0.000%                0        0.000%
LD_EXEC_CYCLES_2                                     0        0.000%                0        0.000%
LD_EXEC_CYCLES_3                              12609569       70.916%         12609569       70.916%
LD_EXEC_CYCLES_4                               5171540       29.084%          5171540       29.084%
                                              17781109      100.000%         17781109      100.000%
                                                  3.29         1.83              3.29         1.83

FU_BUSY_0                                     28260481                       28260481              

FU_BUSY_1                                     24473681                       24473681              

FU_BUSY_2                                     21891240                       21891240              

FU_BUSY_3                                     17192887                       17192887              

FU_BUSY_4                                     14380756                       14380756              

FU_BUSY_5                                     12622197                       12622197              

FU_BUSY_6                                     10730624                       10730624              

FU_BUSY_7                                      9134081                        9134081              

FU_BUSY_8                                            0                              0              

FU_BUSY_9                                            0                              0              

FU_BUSY_10                                           0                              0              

FU_BUSY_11                                           0                              0              

FU_BUSY_12                                           0                              0              

FU_BUSY_13                                           0                              0              

FU_BUSY_14                                           0                              0              

FU_BUSY_15                                           0                              0              

FU_BUSY_16                                           0                              0              

FU_BUSY_17                                           0                              0              

FU_BUSY_18                                           0                              0              

FU_BUSY_19                                           0                              0              

FU_BUSY_20                                           0                              0              

FU_BUSY_21                                           0                              0              

FU_BUSY_22                                           0                              0              

FU_BUSY_23                                           0                              0              

FU_BUSY_24                                           0                              0              

FU_BUSY_25                                           0                              0              

FU_BUSY_26                                           0                              0              

FU_BUSY_27                                           0                              0              

FU_BUSY_28                                           0                              0              

FU_BUSY_29                                           0                              0              

FU_BUSY_30                                           0                              0              

FU_BUSY_31                                           0                              0              

OP_WAIT_0                                     75172530                       75172530              

OP_WAIT_1                                     16471591                       16471591              

OP_WAIT_2                                      4452364                        4452364              

OP_WAIT_3                                      2019652                        2019652              

OP_WAIT_4                                      1603121                        1603121              

OP_WAIT_5                                      1091707                        1091707              

OP_WAIT_6                                       799544                         799544              

OP_WAIT_7                                      1719363                        1719363              

OP_WAIT_8                                      1639418                        1639418              

OP_WAIT_9                                      1038091                        1038091              

OP_WAIT_10                                     2235244                        2235244              

OP_WAIT_11                                      687110                         687110              

OP_WAIT_12                                      604850                         604850              

OP_WAIT_13                                      257589                         257589              

OP_WAIT_14                                      231703                         231703              

OP_WAIT_15                                      123253                         123253              

OP_WAIT_16                                      104304                         104304              

OP_WAIT_17                                       89017                          89017              

OP_WAIT_18                                       71805                          71805              

OP_WAIT_19                                       35028                          35028              

OP_WAIT_20                                       32569                          32569              

OP_WAIT_21                                       20840                          20840              

OP_WAIT_22                                       17161                          17161              

OP_WAIT_23                                       20575                          20575              

OP_WAIT_24                                       17991                          17991              

OP_WAIT_25                                       19217                          19217              

OP_WAIT_26                                       50229                          50229              

OP_WAIT_27                                       34522                          34522              

OP_WAIT_28                                       15799                          15799              

OP_WAIT_29                                        4097                           4097              

OP_WAIT_30                                        9297                           9297              

OP_WAIT_31                                      217896                         217896              

ROW_SIZE_0                                    10527046                       10527046              

ROW_SIZE_1                                     1876725                        1876725              

ROW_SIZE_2                                     1367480                        1367480              

ROW_SIZE_3                                     1207413                        1207413              

ROW_SIZE_4                                     1488198                        1488198              

ROW_SIZE_5                                      366793                         366793              

ROW_SIZE_6                                    15814466                       15814466              

ROW_SIZE_7                                           0                              0              

ROW_SIZE_8                                           0                              0              

ROW_SIZE_9                                           0                              0              

ROW_SIZE_10                                          0                              0              

ROW_SIZE_11                                          0                              0              

ROW_SIZE_12                                          0                              0              

ROW_SIZE_13                                          0                              0              

ROW_SIZE_14                                          0                              0              

ROW_SIZE_15                                          0                              0              

ROW_SIZE_16                                          0                              0              

ROW_SIZE_17                                          0                              0              

ROW_SIZE_18                                          0                              0              

ROW_SIZE_19                                          0                              0              

ROW_SIZE_20                                          0                              0              

ROW_SIZE_21                                          0                              0              

ROW_SIZE_22                                          0                              0              

ROW_SIZE_23                                          0                              0              

ROW_SIZE_24                                          0                              0              

ROW_SIZE_25                                          0                              0              

ROW_SIZE_26                                          0                              0              

ROW_SIZE_27                                          0                              0              

ROW_SIZE_28                                          0                              0              

ROW_SIZE_29                                          0                              0              

ROW_SIZE_30                                          0                              0              

ROW_SIZE_31                                          0                              0              

RET_OP_EXEC_COUNT_0                                  0        0.000%                0        0.000%
RET_OP_EXEC_COUNT_1                          110907477      100.000%        110907477      100.000%
RET_OP_EXEC_COUNT_2                                  0        0.000%                0        0.000%
RET_OP_EXEC_COUNT_3                                  0        0.000%                0        0.000%
RET_OP_EXEC_COUNT_4                                  0        0.000%                0        0.000%
RET_OP_EXEC_COUNT_5                                  0        0.000%                0        0.000%
RET_OP_EXEC_COUNT_6                                  0        0.000%                0        0.000%
RET_OP_EXEC_COUNT_7                                  0        0.000%                0        0.000%
RET_OP_EXEC_COUNT_8                                  0        0.000%                0        0.000%
RET_OP_EXEC_COUNT_9                                  0        0.000%                0        0.000%
RET_OP_EXEC_COUNT_10                                 0        0.000%                0        0.000%
RET_OP_EXEC_COUNT_11                                 0        0.000%                0        0.000%
RET_OP_EXEC_COUNT_12                                 0        0.000%                0        0.000%
RET_OP_EXEC_COUNT_13                                 0        0.000%                0        0.000%
RET_OP_EXEC_COUNT_14                                 0        0.000%                0        0.000%
RET_OP_EXEC_COUNT_15                                 0        0.000%                0        0.000%
RET_OP_EXEC_COUNT_16                                 0        0.000%                0        0.000%
RET_OP_EXEC_COUNT_17                                 0        0.000%                0        0.000%
RET_OP_EXEC_COUNT_18                                 0        0.000%                0        0.000%
RET_OP_EXEC_COUNT_19                                 0        0.000%                0        0.000%
RET_OP_EXEC_COUNT_20                                 0        0.000%                0        0.000%
RET_OP_EXEC_COUNT_21                                 0        0.000%                0        0.000%
RET_OP_EXEC_COUNT_22                                 0        0.000%                0        0.000%
RET_OP_EXEC_COUNT_23                                 0        0.000%                0        0.000%
RET_OP_EXEC_COUNT_24                                 0        0.000%                0        0.000%
RET_OP_EXEC_COUNT_25                                 0        0.000%                0        0.000%
RET_OP_EXEC_COUNT_26                                 0        0.000%                0        0.000%
RET_OP_EXEC_COUNT_27                                 0        0.000%                0        0.000%
RET_OP_EXEC_COUNT_28                                 0        0.000%                0        0.000%
RET_OP_EXEC_COUNT_29                                 0        0.000%                0        0.000%
RET_OP_EXEC_COUNT_30                                 0        0.000%                0        0.000%
RET_OP_EXEC_COUNT_31                                 0        0.000%                0        0.000%
RET_OP_EXEC_COUNT_32                                 0        0.000%                0        0.000%
                                             110907477      100.000%        110907477      100.000%
                                                  1.00         0.00              1.00         0.00

RET_STALL_LENGTH_0                           110901785       99.995%        110901785       99.995%
RET_STALL_LENGTH_100                              3400        0.003%             3400        0.003%
RET_STALL_LENGTH_200                               243        0.000%              243        0.000%
RET_STALL_LENGTH_300                               471        0.000%              471        0.000%
RET_STALL_LENGTH_400                               651        0.001%              651        0.001%
RET_STALL_LENGTH_500                               358        0.000%              358        0.000%
RET_STALL_LENGTH_600                               207        0.000%              207        0.000%
RET_STALL_LENGTH_700                               109        0.000%              109        0.000%
RET_STALL_LENGTH_800                                50        0.000%               50        0.000%
RET_STALL_LENGTH_900                                31        0.000%               31        0.000%
RET_STALL_LENGTH_1000                               14        0.000%               14        0.000%
RET_STALL_LENGTH_1100                               27        0.000%               27        0.000%
RET_STALL_LENGTH_1200                               73        0.000%               73        0.000%
RET_STALL_LENGTH_1300                                8        0.000%                8        0.000%
RET_STALL_LENGTH_1400                                7        0.000%                7        0.000%
RET_STALL_LENGTH_1500                                4        0.000%                4        0.000%
RET_STALL_LENGTH_1600                               15        0.000%               15        0.000%
RET_STALL_LENGTH_1700                                9        0.000%                9        0.000%
RET_STALL_LENGTH_1800                               11        0.000%               11        0.000%
RET_STALL_LENGTH_1900                                0        0.000%                0        0.000%
RET_STALL_LENGTH_2000                                2        0.000%                2        0.000%
RET_STALL_LENGTH_2100                                1        0.000%                1        0.000%
RET_STALL_LENGTH_2200                                0        0.000%                0        0.000%
RET_STALL_LENGTH_2300                                1        0.000%                1        0.000%
RET_STALL_LENGTH_2400                                0        0.000%                0        0.000%
RET_STALL_LENGTH_2500                                0        0.000%                0        0.000%
RET_STALL_LENGTH_2600                                0        0.000%                0        0.000%
RET_STALL_LENGTH_2700                                0        0.000%                0        0.000%
RET_STALL_LENGTH_2800                                0        0.000%                0        0.000%
RET_STALL_LENGTH_2900                                0        0.000%                0        0.000%
RET_STALL_LENGTH_3000                                0        0.000%                0        0.000%
RET_STALL_LENGTH_3100                                0        0.000%                0        0.000%
RET_STALL_LENGTH_3200                                0        0.000%                0        0.000%
RET_STALL_LENGTH_3300                                0        0.000%                0        0.000%
RET_STALL_LENGTH_3400                                0        0.000%                0        0.000%
RET_STALL_LENGTH_3500                                0        0.000%                0        0.000%
RET_STALL_LENGTH_3600                                0        0.000%                0        0.000%
RET_STALL_LENGTH_3700                                0        0.000%                0        0.000%
RET_STALL_LENGTH_3800                                0        0.000%                0        0.000%
RET_STALL_LENGTH_3900                                0        0.000%                0        0.000%
RET_STALL_LENGTH_4000                                0        0.000%                0        0.000%
RET_STALL_LENGTH_4100                                0        0.000%                0        0.000%
RET_STALL_LENGTH_4200                                0        0.000%                0        0.000%
RET_STALL_LENGTH_4300                                0        0.000%                0        0.000%
RET_STALL_LENGTH_4400                                0        0.000%                0        0.000%
RET_STALL_LENGTH_4500                                0        0.000%                0        0.000%
RET_STALL_LENGTH_4600                                0        0.000%                0        0.000%
RET_STALL_LENGTH_4700                                0        0.000%                0        0.000%
RET_STALL_LENGTH_4800                                0        0.000%                0        0.000%
RET_STALL_LENGTH_4900                                0        0.000%                0        0.000%
RET_STALL_LENGTH_5000                                0        0.000%                0        0.000%
                                             110907477      100.000%        110907477      100.000%
                                                  0.00         0.03              0.00         0.03

MEM_BLOCK_LENGTH_0                                6977       81.440%             6977       81.440%
MEM_BLOCK_LENGTH_100                               350        4.085%              350        4.085%
MEM_BLOCK_LENGTH_200                               118        1.377%              118        1.377%
MEM_BLOCK_LENGTH_300                               164        1.914%              164        1.914%
MEM_BLOCK_LENGTH_400                               201        2.346%              201        2.346%
MEM_BLOCK_LENGTH_500                               151        1.763%              151        1.763%
MEM_BLOCK_LENGTH_600                               143        1.669%              143        1.669%
MEM_BLOCK_LENGTH_700                               123        1.436%              123        1.436%
MEM_BLOCK_LENGTH_800                                86        1.004%               86        1.004%
MEM_BLOCK_LENGTH_900                                51        0.595%               51        0.595%
MEM_BLOCK_LENGTH_1000                               39        0.455%               39        0.455%
MEM_BLOCK_LENGTH_1100                               23        0.268%               23        0.268%
MEM_BLOCK_LENGTH_1200                               15        0.175%               15        0.175%
MEM_BLOCK_LENGTH_1300                               11        0.128%               11        0.128%
MEM_BLOCK_LENGTH_1400                               20        0.233%               20        0.233%
MEM_BLOCK_LENGTH_1500                                9        0.105%                9        0.105%
MEM_BLOCK_LENGTH_1600                               12        0.140%               12        0.140%
MEM_BLOCK_LENGTH_1700                               14        0.163%               14        0.163%
MEM_BLOCK_LENGTH_1800                                9        0.105%                9        0.105%
MEM_BLOCK_LENGTH_1900                               11        0.128%               11        0.128%
MEM_BLOCK_LENGTH_2000                                9        0.105%                9        0.105%
MEM_BLOCK_LENGTH_2100                                5        0.058%                5        0.058%
MEM_BLOCK_LENGTH_2200                                4        0.047%                4        0.047%
MEM_BLOCK_LENGTH_2300                                4        0.047%                4        0.047%
MEM_BLOCK_LENGTH_2400                                0        0.000%                0        0.000%
MEM_BLOCK_LENGTH_2500                                2        0.023%                2        0.023%
MEM_BLOCK_LENGTH_2600                                1        0.012%                1        0.012%
MEM_BLOCK_LENGTH_2700                                3        0.035%                3        0.035%
MEM_BLOCK_LENGTH_2800                                1        0.012%                1        0.012%
MEM_BLOCK_LENGTH_2900                                0        0.000%                0        0.000%
MEM_BLOCK_LENGTH_3000                                1        0.012%                1        0.012%
MEM_BLOCK_LENGTH_3100                                1        0.012%                1        0.012%
MEM_BLOCK_LENGTH_3200                                3        0.035%                3        0.035%
MEM_BLOCK_LENGTH_3300                                0        0.000%                0        0.000%
MEM_BLOCK_LENGTH_3400                                0        0.000%                0        0.000%
MEM_BLOCK_LENGTH_3500                                0        0.000%                0        0.000%
MEM_BLOCK_LENGTH_3600                                1        0.012%                1        0.012%
MEM_BLOCK_LENGTH_3700                                1        0.012%                1        0.012%
MEM_BLOCK_LENGTH_3800                                1        0.012%                1        0.012%
MEM_BLOCK_LENGTH_3900                                1        0.012%                1        0.012%
MEM_BLOCK_LENGTH_4000                                0        0.000%                0        0.000%
MEM_BLOCK_LENGTH_4100                                0        0.000%                0        0.000%
MEM_BLOCK_LENGTH_4200                                0        0.000%                0        0.000%
MEM_BLOCK_LENGTH_4300                                0        0.000%                0        0.000%
MEM_BLOCK_LENGTH_4400                                0        0.000%                0        0.000%
MEM_BLOCK_LENGTH_4500                                0        0.000%                0        0.000%
MEM_BLOCK_LENGTH_4600                                0        0.000%                0        0.000%
MEM_BLOCK_LENGTH_4700                                0        0.000%                0        0.000%
MEM_BLOCK_LENGTH_4800                                0        0.000%                0        0.000%
MEM_BLOCK_LENGTH_4900                                1        0.012%                1        0.012%
MEM_BLOCK_LENGTH_5000                                1        0.012%                1        0.012%
                                                  8567      100.000%             8567      100.000%
                                                  1.02         2.95              1.02         2.95

FUS_BUSY_ON_PATH                             138685947        4.0711        138685947        4.0711

FUS_BUSY_OFF_PATH                                    0        0.0000                0        0.0000

FU_BUSY_MEM_STALL                             27776911        0.8154         27776911        0.8154

FUS_EMPTY                                    133844941        3.9289        133844941        3.9289

CHIP_UTILIZATION                                     0        0.0000                0        0.0000

CYCLES_UNDER_MEM_REQ                                 0                              0              

CYCLES_UNDER_NO_MEM_REQ                              0                              0              

CYCLES_UNDER_CRITICAL_MEM_REQ                        0                              0              

CYCLES_UNDER_NONCRITICAL_MEM_REQ                     0                              0              

CHIP_UTILIZATION_UNDER_MEM_REQ                       0          -nan                0          -nan

CHIP_UTILIZATION_UNDER_NO_MEM_REQ                    0          -nan                0          -nan

CHIP_UTILIZATION_UNDER_CRITICAL_MEM_REQ              0          -nan                0          -nan

CHIP_UTILIZATION_UNDER_NONCRITICAL_MEM_REQ             0          -nan                0          -nan

CYCLES_NOT_WAITING_FOR_OFF_CHIP                      0        0.0000                0        0.0000

FUS_BUSY_NOT_WAITING_FOR_OFF_CHIP                    0          -nan                0          -nan

CYCLES_WAITING_FOR_OFF_CHIP                          0        0.0000                0        0.0000

FUS_BUSY_WAITING_FOR_OFF_CHIP                        0          -nan                0          -nan

TOTAL_OFF_CHIP_DELAYS_LEFT                           0                              0              

WRONG_IO_SCHED                                       0                              0              

DVFS_CONFIG_SWITCH                                   0                              0              



