Scarab gitrev: 8e47791
Scarab started at Sat May 20 05:54:04 2023

Initialized Ramulator. 
** Heartbeat:   1% -- { 1000000 } -- 0.00 KIPS (500.00 KIPS)
** Heartbeat:   2% -- { 2000003 } -- 333.33 KIPS (400.00 KIPS)
** Heartbeat:   3% -- { 3000006 } -- 500.00 KIPS (428.57 KIPS)
** Heartbeat:   4% -- { 4000009 } -- 333.33 KIPS (400.00 KIPS)
** Heartbeat:   5% -- { 5000010 } -- 333.33 KIPS (384.62 KIPS)
** Heartbeat:   6% -- { 6000012 } -- 333.33 KIPS (375.00 KIPS)
** Heartbeat:   7% -- { 7000012 } -- 333.33 KIPS (368.42 KIPS)
** Heartbeat:   8% -- { 8000014 } -- 333.33 KIPS (363.64 KIPS)
** Heartbeat:   9% -- { 9000016 } -- 333.33 KIPS (360.00 KIPS)
** Heartbeat:  10% -- { 10000019 } -- 333.33 KIPS (357.14 KIPS)
** Heartbeat:  11% -- { 11000020 } -- 333.33 KIPS (354.84 KIPS)
** Heartbeat:  12% -- { 12000020 } -- 500.00 KIPS (363.64 KIPS)
** Heartbeat:  13% -- { 13000021 } -- 333.33 KIPS (361.11 KIPS)
** Heartbeat:  14% -- { 14000022 } -- 333.33 KIPS (358.97 KIPS)
** Heartbeat:  15% -- { 15000023 } -- 333.33 KIPS (357.14 KIPS)
** Heartbeat:  16% -- { 16000027 } -- 333.33 KIPS (355.56 KIPS)
** Heartbeat:  17% -- { 17000028 } -- 333.33 KIPS (354.17 KIPS)
** Heartbeat:  18% -- { 18000033 } -- 200.00 KIPS (339.62 KIPS)
** Heartbeat:  19% -- { 19000036 } -- 166.67 KIPS (322.03 KIPS)
** Heartbeat:  20% -- { 20000040 } -- 333.33 KIPS (322.58 KIPS)
** Heartbeat:  21% -- { 21000040 } -- 333.33 KIPS (323.08 KIPS)
** Heartbeat:  22% -- { 22000042 } -- 333.33 KIPS (323.53 KIPS)
** Heartbeat:  23% -- { 23000042 } -- 500.00 KIPS (328.57 KIPS)
** Heartbeat:  24% -- { 24000046 } -- 500.00 KIPS (333.33 KIPS)
** Heartbeat:  25% -- { 25000049 } -- 1000.00 KIPS (342.47 KIPS)
** Heartbeat:  26% -- { 26000051 } -- 500.00 KIPS (346.67 KIPS)
** Heartbeat:  27% -- { 27000053 } -- 1000.00 KIPS (355.26 KIPS)
** Heartbeat:  28% -- { 28000057 } -- 500.00 KIPS (358.98 KIPS)
** Heartbeat:  29% -- { 29000060 } -- 1000.00 KIPS (367.09 KIPS)
** Heartbeat:  30% -- { 30000062 } -- 500.00 KIPS (370.37 KIPS)
** Heartbeat:  31% -- { 31000065 } -- 1000.00 KIPS (378.05 KIPS)
** Heartbeat:  32% -- { 32000066 } -- 500.00 KIPS (380.95 KIPS)
** Heartbeat:  33% -- { 33000070 } -- 1000.00 KIPS (388.24 KIPS)
** Heartbeat:  34% -- { 34000070 } -- 500.00 KIPS (390.81 KIPS)
** Heartbeat:  35% -- { 35000071 } -- 500.00 KIPS (393.26 KIPS)
** Heartbeat:  36% -- { 36000074 } -- 500.00 KIPS (395.61 KIPS)
** Heartbeat:  37% -- { 37000074 } -- 333.33 KIPS (393.62 KIPS)
** Heartbeat:  38% -- { 38000074 } -- 333.33 KIPS (391.75 KIPS)
** Heartbeat:  39% -- { 39000076 } -- 333.33 KIPS (390.00 KIPS)
** Heartbeat:  40% -- { 40000076 } -- 333.33 KIPS (388.35 KIPS)
** Heartbeat:  41% -- { 41000080 } -- 333.33 KIPS (386.79 KIPS)
** Heartbeat:  42% -- { 42000082 } -- 333.33 KIPS (385.32 KIPS)
** Heartbeat:  43% -- { 43000082 } -- 333.33 KIPS (383.93 KIPS)
** Heartbeat:  44% -- { 44000087 } -- 333.33 KIPS (382.61 KIPS)
** Heartbeat:  45% -- { 45000088 } -- 500.00 KIPS (384.62 KIPS)
** Heartbeat:  46% -- { 46000088 } -- 333.33 KIPS (383.33 KIPS)
** Heartbeat:  47% -- { 47000089 } -- 500.00 KIPS (385.25 KIPS)
** Heartbeat:  48% -- { 48000091 } -- 333.33 KIPS (384.00 KIPS)
** Heartbeat:  49% -- { 49000093 } -- 333.33 KIPS (382.81 KIPS)
** Heartbeat:  50% -- { 50000095 } -- 500.00 KIPS (384.62 KIPS)
** Heartbeat:  51% -- { 51000100 } -- 333.33 KIPS (383.46 KIPS)
** Heartbeat:  52% -- { 52000102 } -- 500.00 KIPS (385.19 KIPS)
** Heartbeat:  53% -- { 53000103 } -- 333.33 KIPS (384.06 KIPS)
** Heartbeat:  54% -- { 54000107 } -- 333.33 KIPS (382.98 KIPS)
** Heartbeat:  55% -- { 55000111 } -- 500.00 KIPS (384.62 KIPS)
** Heartbeat:  56% -- { 56000114 } -- 333.33 KIPS (383.56 KIPS)
** Heartbeat:  57% -- { 57000116 } -- 333.33 KIPS (382.55 KIPS)
** Heartbeat:  58% -- { 58000118 } -- 500.00 KIPS (384.11 KIPS)
** Heartbeat:  59% -- { 59000119 } -- 333.33 KIPS (383.12 KIPS)
** Heartbeat:  60% -- { 60000124 } -- 500.00 KIPS (384.62 KIPS)
** Heartbeat:  61% -- { 61000128 } -- 333.33 KIPS (383.65 KIPS)
** Heartbeat:  62% -- { 62000129 } -- 333.33 KIPS (382.72 KIPS)
** Heartbeat:  63% -- { 63000129 } -- 500.00 KIPS (384.15 KIPS)
** Heartbeat:  64% -- { 64000132 } -- 333.33 KIPS (383.23 KIPS)
** Heartbeat:  65% -- { 65000133 } -- 500.00 KIPS (384.62 KIPS)
** Heartbeat:  66% -- { 66000138 } -- 333.33 KIPS (383.72 KIPS)
** Heartbeat:  67% -- { 67000139 } -- 333.33 KIPS (382.86 KIPS)
** Heartbeat:  68% -- { 68000142 } -- 500.00 KIPS (384.18 KIPS)
** Heartbeat:  69% -- { 69000144 } -- 333.33 KIPS (383.33 KIPS)
** Heartbeat:  70% -- { 70000145 } -- 500.00 KIPS (384.62 KIPS)
** Heartbeat:  71% -- { 71000148 } -- 333.33 KIPS (383.78 KIPS)
** Heartbeat:  72% -- { 72000153 } -- 333.33 KIPS (382.98 KIPS)
** Heartbeat:  73% -- { 73000157 } -- 500.00 KIPS (384.21 KIPS)
** Heartbeat:  74% -- { 74000159 } -- 333.33 KIPS (383.42 KIPS)
** Heartbeat:  75% -- { 75000160 } -- 333.33 KIPS (382.65 KIPS)
** Heartbeat:  76% -- { 76000160 } -- 500.00 KIPS (383.84 KIPS)
** Heartbeat:  77% -- { 77000161 } -- 333.33 KIPS (383.09 KIPS)
** Heartbeat:  78% -- { 78000163 } -- 333.33 KIPS (382.35 KIPS)
** Heartbeat:  79% -- { 79000164 } -- 500.00 KIPS (383.50 KIPS)
** Heartbeat:  80% -- { 80000165 } -- 333.33 KIPS (382.78 KIPS)
** Heartbeat:  81% -- { 81000166 } -- 333.33 KIPS (382.08 KIPS)
** Heartbeat:  82% -- { 82000169 } -- 500.00 KIPS (383.18 KIPS)
** Heartbeat:  83% -- { 83000170 } -- 333.33 KIPS (382.49 KIPS)
** Heartbeat:  84% -- { 84000170 } -- 333.33 KIPS (381.82 KIPS)
** Heartbeat:  85% -- { 85000172 } -- 333.33 KIPS (381.17 KIPS)
** Heartbeat:  86% -- { 86000177 } -- 333.33 KIPS (380.53 KIPS)
** Heartbeat:  87% -- { 87000178 } -- 333.33 KIPS (379.91 KIPS)
** Heartbeat:  88% -- { 88000179 } -- 500.00 KIPS (380.95 KIPS)
** Heartbeat:  89% -- { 89000179 } -- 333.33 KIPS (380.34 KIPS)
** Heartbeat:  90% -- { 90000179 } -- 333.33 KIPS (379.75 KIPS)
** Heartbeat:  91% -- { 91000183 } -- 333.33 KIPS (379.17 KIPS)
** Heartbeat:  92% -- { 92000184 } -- 333.33 KIPS (378.60 KIPS)
** Heartbeat:  93% -- { 93000184 } -- 333.33 KIPS (378.05 KIPS)
** Heartbeat:  94% -- { 94000184 } -- 500.00 KIPS (379.03 KIPS)
** Heartbeat:  95% -- { 95000187 } -- 500.00 KIPS (380.00 KIPS)
** Heartbeat:  96% -- { 96000190 } -- 1000.00 KIPS (382.47 KIPS)
** Heartbeat:  97% -- { 97000193 } -- 500.00 KIPS (383.40 KIPS)
** Heartbeat:  98% -- { 98000198 } -- 333.33 KIPS (382.81 KIPS)
** Heartbeat:  99% -- { 99000201 } -- 333.33 KIPS (382.24 KIPS)
** Core 0 Finished:    insts:100000000   cycles:34066361    time:10645737812500      -- 2.94 IPC (2.94 IPC) --  N/A  KIPS (381.68 KIPS)
done
Scarab finished at Sat May 20 05:58:26 2023

