Scarab gitrev: e8bfa19
Scarab started at Thu May  4 21:44:58 2023

Initialized Ramulator. 
** Heartbeat:   1% -- { 1000001 } -- 0.00 KIPS (200.00 KIPS)
** Heartbeat:   2% -- { 2000001 } -- 250.00 KIPS (222.22 KIPS)
** Heartbeat:   3% -- { 3000002 } -- 250.00 KIPS (230.77 KIPS)
** Heartbeat:   4% -- { 4000003 } -- 200.00 KIPS (222.22 KIPS)
** Heartbeat:   5% -- { 5000003 } -- 250.00 KIPS (227.27 KIPS)
** Heartbeat:   6% -- { 6000003 } -- 250.00 KIPS (230.77 KIPS)
** Heartbeat:   7% -- { 7000003 } -- 200.00 KIPS (225.81 KIPS)
** Heartbeat:   8% -- { 8000003 } -- 200.00 KIPS (222.22 KIPS)
** Heartbeat:   9% -- { 9000007 } -- 250.00 KIPS (225.00 KIPS)
** Heartbeat:  10% -- { 10000008 } -- 250.00 KIPS (227.27 KIPS)
** Heartbeat:  11% -- { 11000009 } -- 200.00 KIPS (224.49 KIPS)
** Heartbeat:  12% -- { 12000009 } -- 200.00 KIPS (222.22 KIPS)
** Heartbeat:  13% -- { 13000011 } -- 250.00 KIPS (224.14 KIPS)
** Heartbeat:  14% -- { 14000012 } -- 250.00 KIPS (225.81 KIPS)
** Heartbeat:  15% -- { 15000012 } -- 500.00 KIPS (234.38 KIPS)
** Heartbeat:  16% -- { 16000012 } -- 333.33 KIPS (238.81 KIPS)
** Heartbeat:  17% -- { 17000012 } -- 333.33 KIPS (242.86 KIPS)
** Heartbeat:  18% -- { 18000014 } -- 500.00 KIPS (250.00 KIPS)
** Heartbeat:  19% -- { 19000016 } -- 333.33 KIPS (253.33 KIPS)
** Heartbeat:  20% -- { 20000017 } -- 333.33 KIPS (256.41 KIPS)
** Heartbeat:  21% -- { 21000017 } -- 500.00 KIPS (262.50 KIPS)
** Heartbeat:  22% -- { 22000018 } -- 333.33 KIPS (265.06 KIPS)
** Heartbeat:  23% -- { 23000022 } -- 333.33 KIPS (267.44 KIPS)
** Heartbeat:  24% -- { 24000023 } -- 500.00 KIPS (272.73 KIPS)
** Heartbeat:  25% -- { 25000024 } -- 333.33 KIPS (274.73 KIPS)
** Heartbeat:  26% -- { 26000028 } -- 333.33 KIPS (276.60 KIPS)
** Heartbeat:  27% -- { 27000030 } -- 500.00 KIPS (281.25 KIPS)
** Heartbeat:  28% -- { 28000032 } -- 500.00 KIPS (285.71 KIPS)
** Heartbeat:  29% -- { 29000034 } -- 333.33 KIPS (287.13 KIPS)
** Heartbeat:  30% -- { 30000037 } -- 500.00 KIPS (291.26 KIPS)
** Heartbeat:  31% -- { 31000040 } -- 333.33 KIPS (292.45 KIPS)
** Heartbeat:  32% -- { 32000045 } -- 500.00 KIPS (296.30 KIPS)
** Heartbeat:  33% -- { 33000047 } -- 333.33 KIPS (297.30 KIPS)
** Heartbeat:  34% -- { 34000052 } -- 500.00 KIPS (300.89 KIPS)
** Heartbeat:  35% -- { 35000053 } -- 333.33 KIPS (301.72 KIPS)
** Heartbeat:  36% -- { 36000056 } -- 500.00 KIPS (305.09 KIPS)
** Heartbeat:  37% -- { 37000057 } -- 333.33 KIPS (305.79 KIPS)
** Heartbeat:  38% -- { 38000058 } -- 500.00 KIPS (308.94 KIPS)
** Heartbeat:  39% -- { 39000058 } -- 500.00 KIPS (312.00 KIPS)
** Heartbeat:  40% -- { 40000060 } -- 500.00 KIPS (314.96 KIPS)
** Heartbeat:  41% -- { 41000064 } -- 333.33 KIPS (315.39 KIPS)
** Heartbeat:  42% -- { 42000066 } -- 500.00 KIPS (318.18 KIPS)
** Heartbeat:  43% -- { 43000071 } -- 333.33 KIPS (318.52 KIPS)
** Heartbeat:  44% -- { 44000072 } -- 500.00 KIPS (321.17 KIPS)
** Heartbeat:  45% -- { 45000072 } -- 500.00 KIPS (323.74 KIPS)
** Heartbeat:  46% -- { 46000073 } -- 500.00 KIPS (326.24 KIPS)
** Heartbeat:  47% -- { 47000078 } -- 333.33 KIPS (326.39 KIPS)
** Heartbeat:  48% -- { 48000081 } -- 500.00 KIPS (328.77 KIPS)
** Heartbeat:  49% -- { 49000082 } -- 500.00 KIPS (331.08 KIPS)
** Heartbeat:  50% -- { 50000083 } -- 333.33 KIPS (331.13 KIPS)
** Heartbeat:  51% -- { 51000087 } -- 500.00 KIPS (333.33 KIPS)
** Heartbeat:  52% -- { 52000090 } -- 500.00 KIPS (335.48 KIPS)
** Heartbeat:  53% -- { 53000093 } -- 333.33 KIPS (335.44 KIPS)
** Heartbeat:  54% -- { 54000096 } -- 500.00 KIPS (337.50 KIPS)
** Heartbeat:  55% -- { 55000096 } -- 333.33 KIPS (337.42 KIPS)
** Heartbeat:  56% -- { 56000098 } -- 500.00 KIPS (339.39 KIPS)
** Heartbeat:  57% -- { 57000101 } -- 500.00 KIPS (341.32 KIPS)
** Heartbeat:  58% -- { 58000104 } -- 333.33 KIPS (341.18 KIPS)
** Heartbeat:  59% -- { 59000108 } -- 500.00 KIPS (343.02 KIPS)
** Heartbeat:  60% -- { 60000108 } -- 500.00 KIPS (344.83 KIPS)
** Heartbeat:  61% -- { 61000108 } -- 333.33 KIPS (344.63 KIPS)
** Heartbeat:  62% -- { 62000108 } -- 500.00 KIPS (346.37 KIPS)
** Heartbeat:  63% -- { 63000111 } -- 500.00 KIPS (348.07 KIPS)
** Heartbeat:  64% -- { 64000111 } -- 333.33 KIPS (347.83 KIPS)
** Heartbeat:  65% -- { 65000111 } -- 500.00 KIPS (349.46 KIPS)
** Heartbeat:  66% -- { 66000116 } -- 500.00 KIPS (351.06 KIPS)
** Heartbeat:  67% -- { 67000118 } -- 333.33 KIPS (350.79 KIPS)
** Heartbeat:  68% -- { 68000118 } -- 500.00 KIPS (352.33 KIPS)
** Heartbeat:  69% -- { 69000123 } -- 500.00 KIPS (353.85 KIPS)
** Heartbeat:  70% -- { 70000125 } -- 333.33 KIPS (353.54 KIPS)
** Heartbeat:  71% -- { 71000125 } -- 500.00 KIPS (355.00 KIPS)
** Heartbeat:  72% -- { 72000129 } -- 333.33 KIPS (354.68 KIPS)
** Heartbeat:  73% -- { 73000129 } -- 500.00 KIPS (356.10 KIPS)
** Heartbeat:  74% -- { 74000130 } -- 500.00 KIPS (357.49 KIPS)
** Heartbeat:  75% -- { 75000131 } -- 333.33 KIPS (357.14 KIPS)
** Heartbeat:  76% -- { 76000131 } -- 500.00 KIPS (358.49 KIPS)
** Heartbeat:  77% -- { 77000134 } -- 500.00 KIPS (359.81 KIPS)
** Heartbeat:  78% -- { 78000134 } -- 333.33 KIPS (359.45 KIPS)
** Heartbeat:  79% -- { 79000135 } -- 500.00 KIPS (360.73 KIPS)
** Heartbeat:  80% -- { 80000136 } -- 500.00 KIPS (361.99 KIPS)
** Heartbeat:  81% -- { 81000136 } -- 333.33 KIPS (361.61 KIPS)
** Heartbeat:  82% -- { 82000139 } -- 500.00 KIPS (362.83 KIPS)
** Heartbeat:  83% -- { 83000140 } -- 500.00 KIPS (364.04 KIPS)
** Heartbeat:  84% -- { 84000142 } -- 333.33 KIPS (363.64 KIPS)
** Heartbeat:  85% -- { 85000142 } -- 500.00 KIPS (364.81 KIPS)
** Heartbeat:  86% -- { 86000147 } -- 500.00 KIPS (365.96 KIPS)
** Heartbeat:  87% -- { 87000150 } -- 333.33 KIPS (365.55 KIPS)
** Heartbeat:  88% -- { 88000154 } -- 500.00 KIPS (366.67 KIPS)
** Heartbeat:  89% -- { 89000158 } -- 333.33 KIPS (366.26 KIPS)
** Heartbeat:  90% -- { 90000159 } -- 500.00 KIPS (367.35 KIPS)
** Heartbeat:  91% -- { 91000159 } -- 500.00 KIPS (368.42 KIPS)
** Heartbeat:  92% -- { 92000162 } -- 333.33 KIPS (368.00 KIPS)
** Heartbeat:  93% -- { 93000163 } -- 500.00 KIPS (369.05 KIPS)
** Heartbeat:  94% -- { 94000164 } -- 500.00 KIPS (370.08 KIPS)
** Heartbeat:  95% -- { 95000165 } -- 333.33 KIPS (369.65 KIPS)
** Heartbeat:  96% -- { 96000166 } -- 500.00 KIPS (370.66 KIPS)
** Heartbeat:  97% -- { 97000167 } -- 500.00 KIPS (371.65 KIPS)
** Heartbeat:  98% -- { 98000167 } -- 333.33 KIPS (371.21 KIPS)
** Heartbeat:  99% -- { 99000167 } -- 500.00 KIPS (372.18 KIPS)
** Core 0 Finished:    insts:100000002   cycles:90961903    time:28425594687500      -- 1.10 IPC (1.10 IPC) --  N/A  KIPS (373.13 KIPS)
done
Scarab finished at Thu May  4 21:49:26 2023

