/* -*- Mode: c -*- */
####################################################################################################
Core 0
####################################################################################################
Cumulative:        Cycles: 99176104              Instructions: 100000000             IPC: 1.00831

EXECUTION_TIME                           30992532500000                  30992532500000              

NODE_CYCLE                                    99176104                       99176104              

NODE_INST_COUNT                              100000000                      100000000              

NODE_UOP_COUNT                               122678423                      122678423              

FULL_WINDOW_STALL                             11944866       12.044%         11944866       12.044%

FULL_WINDOW_MEM_OP                            10740111       98.885%         10740111       98.885%
FULL_WINDOW_FP_OP                                   24        0.000%               24        0.000%
FULL_WINDOW_OTHER_OP                            121097        1.115%           121097        1.115%
                                              10861232      100.000%         10861232      100.000%
                                                  0.02         0.21              0.02         0.21

RET_BLOCKED_DC_MISS                           57964292       58.446%         57964292       58.446%

RET_BLOCKED_L1_MISS                           39214693       39.540%         39214693       39.540%

RET_BLOCKED_L1_MISS_BW_PREF                    1992798        2.009%          1992798        2.009%

RET_BLOCKED_L1_ACCESS                         18783099       18.939%         18783099       18.939%

RET_BLOCKED_MEM_STALL                         39220219       39.546%         39220219       39.546%

RET_BLOCKED_OFFCHIP_DEMAND                           0        0.000%                0        0.000%

OP_ISSUED                                    122678521                      122678521              

OP_RETIRED                                   122678423                      122678423              

REPLAY_SIGNALED                                      0                              0              

REPLAY_COUNTED                                       0                              0              

OFF_CRITICAL_PATH                                    0         -nan%                0         -nan%
ON_CRITICAL_PATH                                     0         -nan%                0         -nan%
                                                     0         -nan%                0         -nan%
                                                  -nan         -nan              -nan         -nan

LD_NO_DEPENDENTS                               2040663        7.067%          2040663        7.067%
LD_DEPENDENTS                                 26835761       92.933%         26835761       92.933%
                                              28876424      100.000%         28876424      100.000%
                                                  0.93         0.90              0.93         0.90

LD_EXEC_CYCLES_0                                     0        0.000%                0        0.000%
LD_EXEC_CYCLES_1                                     0        0.000%                0        0.000%
LD_EXEC_CYCLES_2                                     0        0.000%                0        0.000%
LD_EXEC_CYCLES_3                              19810104       92.576%         19810104       92.576%
LD_EXEC_CYCLES_4                               1588621        7.424%          1588621        7.424%
                                              21398725      100.000%         21398725      100.000%
                                                  3.07         0.88              3.07         0.88

FU_BUSY_0                                     36934804                       36934804              

FU_BUSY_1                                     29211439                       29211439              

FU_BUSY_2                                     21962430                       21962430              

FU_BUSY_3                                     16074327                       16074327              

FU_BUSY_4                                      9704022                        9704022              

FU_BUSY_5                                      6536618                        6536618              

FU_BUSY_6                                      4494973                        4494973              

FU_BUSY_7                                      2967787                        2967787              

FU_BUSY_8                                            0                              0              

FU_BUSY_9                                            0                              0              

FU_BUSY_10                                           0                              0              

FU_BUSY_11                                           0                              0              

FU_BUSY_12                                           0                              0              

FU_BUSY_13                                           0                              0              

FU_BUSY_14                                           0                              0              

FU_BUSY_15                                           0                              0              

FU_BUSY_16                                           0                              0              

FU_BUSY_17                                           0                              0              

FU_BUSY_18                                           0                              0              

FU_BUSY_19                                           0                              0              

FU_BUSY_20                                           0                              0              

FU_BUSY_21                                           0                              0              

FU_BUSY_22                                           0                              0              

FU_BUSY_23                                           0                              0              

FU_BUSY_24                                           0                              0              

FU_BUSY_25                                           0                              0              

FU_BUSY_26                                           0                              0              

FU_BUSY_27                                           0                              0              

FU_BUSY_28                                           0                              0              

FU_BUSY_29                                           0                              0              

FU_BUSY_30                                           0                              0              

FU_BUSY_31                                           0                              0              

OP_WAIT_0                                     94653901                       94653901              

OP_WAIT_1                                     23047132                       23047132              

OP_WAIT_2                                      2571952                        2571952              

OP_WAIT_3                                       394649                         394649              

OP_WAIT_4                                       949113                         949113              

OP_WAIT_5                                       114315                         114315              

OP_WAIT_6                                       402390                         402390              

OP_WAIT_7                                        81765                          81765              

OP_WAIT_8                                        40056                          40056              

OP_WAIT_9                                        33062                          33062              

OP_WAIT_10                                       32042                          32042              

OP_WAIT_11                                       15228                          15228              

OP_WAIT_12                                       10668                          10668              

OP_WAIT_13                                        8220                           8220              

OP_WAIT_14                                       15062                          15062              

OP_WAIT_15                                       10900                          10900              

OP_WAIT_16                                       18428                          18428              

OP_WAIT_17                                       16554                          16554              

OP_WAIT_18                                       32342                          32342              

OP_WAIT_19                                       10210                          10210              

OP_WAIT_20                                       25313                          25313              

OP_WAIT_21                                       25083                          25083              

OP_WAIT_22                                       10909                          10909              

OP_WAIT_23                                        2034                           2034              

OP_WAIT_24                                         819                            819              

OP_WAIT_25                                        1124                           1124              

OP_WAIT_26                                        1390                           1390              

OP_WAIT_27                                        3271                           3271              

OP_WAIT_28                                        1371                           1371              

OP_WAIT_29                                         793                            793              

OP_WAIT_30                                        2356                           2356              

OP_WAIT_31                                      145971                         145971              

ROW_SIZE_0                                    61563530                       61563530              

ROW_SIZE_1                                     5337053                        5337053              

ROW_SIZE_2                                     2503654                        2503654              

ROW_SIZE_3                                     1882914                        1882914              

ROW_SIZE_4                                     1755350                        1755350              

ROW_SIZE_5                                      604054                         604054              

ROW_SIZE_6                                    16107275                       16107275              

ROW_SIZE_7                                           0                              0              

ROW_SIZE_8                                           0                              0              

ROW_SIZE_9                                           0                              0              

ROW_SIZE_10                                          0                              0              

ROW_SIZE_11                                          0                              0              

ROW_SIZE_12                                          0                              0              

ROW_SIZE_13                                          0                              0              

ROW_SIZE_14                                          0                              0              

ROW_SIZE_15                                          0                              0              

ROW_SIZE_16                                          0                              0              

ROW_SIZE_17                                          0                              0              

ROW_SIZE_18                                          0                              0              

ROW_SIZE_19                                          0                              0              

ROW_SIZE_20                                          0                              0              

ROW_SIZE_21                                          0                              0              

ROW_SIZE_22                                          0                              0              

ROW_SIZE_23                                          0                              0              

ROW_SIZE_24                                          0                              0              

ROW_SIZE_25                                          0                              0              

ROW_SIZE_26                                          0                              0              

ROW_SIZE_27                                          0                              0              

ROW_SIZE_28                                          0                              0              

ROW_SIZE_29                                          0                              0              

ROW_SIZE_30                                          0                              0              

ROW_SIZE_31                                          0                              0              

RET_OP_EXEC_COUNT_0                                  0        0.000%                0        0.000%
RET_OP_EXEC_COUNT_1                          122678423      100.000%        122678423      100.000%
RET_OP_EXEC_COUNT_2                                  0        0.000%                0        0.000%
RET_OP_EXEC_COUNT_3                                  0        0.000%                0        0.000%
RET_OP_EXEC_COUNT_4                                  0        0.000%                0        0.000%
RET_OP_EXEC_COUNT_5                                  0        0.000%                0        0.000%
RET_OP_EXEC_COUNT_6                                  0        0.000%                0        0.000%
RET_OP_EXEC_COUNT_7                                  0        0.000%                0        0.000%
RET_OP_EXEC_COUNT_8                                  0        0.000%                0        0.000%
RET_OP_EXEC_COUNT_9                                  0        0.000%                0        0.000%
RET_OP_EXEC_COUNT_10                                 0        0.000%                0        0.000%
RET_OP_EXEC_COUNT_11                                 0        0.000%                0        0.000%
RET_OP_EXEC_COUNT_12                                 0        0.000%                0        0.000%
RET_OP_EXEC_COUNT_13                                 0        0.000%                0        0.000%
RET_OP_EXEC_COUNT_14                                 0        0.000%                0        0.000%
RET_OP_EXEC_COUNT_15                                 0        0.000%                0        0.000%
RET_OP_EXEC_COUNT_16                                 0        0.000%                0        0.000%
RET_OP_EXEC_COUNT_17                                 0        0.000%                0        0.000%
RET_OP_EXEC_COUNT_18                                 0        0.000%                0        0.000%
RET_OP_EXEC_COUNT_19                                 0        0.000%                0        0.000%
RET_OP_EXEC_COUNT_20                                 0        0.000%                0        0.000%
RET_OP_EXEC_COUNT_21                                 0        0.000%                0        0.000%
RET_OP_EXEC_COUNT_22                                 0        0.000%                0        0.000%
RET_OP_EXEC_COUNT_23                                 0        0.000%                0        0.000%
RET_OP_EXEC_COUNT_24                                 0        0.000%                0        0.000%
RET_OP_EXEC_COUNT_25                                 0        0.000%                0        0.000%
RET_OP_EXEC_COUNT_26                                 0        0.000%                0        0.000%
RET_OP_EXEC_COUNT_27                                 0        0.000%                0        0.000%
RET_OP_EXEC_COUNT_28                                 0        0.000%                0        0.000%
RET_OP_EXEC_COUNT_29                                 0        0.000%                0        0.000%
RET_OP_EXEC_COUNT_30                                 0        0.000%                0        0.000%
RET_OP_EXEC_COUNT_31                                 0        0.000%                0        0.000%
RET_OP_EXEC_COUNT_32                                 0        0.000%                0        0.000%
                                             122678423      100.000%        122678423      100.000%
                                                  1.00         0.00              1.00         0.00

RET_STALL_LENGTH_0                           122521296       99.872%        122521296       99.872%
RET_STALL_LENGTH_100                            151534        0.124%           151534        0.124%
RET_STALL_LENGTH_200                              1242        0.001%             1242        0.001%
RET_STALL_LENGTH_300                               546        0.000%              546        0.000%
RET_STALL_LENGTH_400                               754        0.001%              754        0.001%
RET_STALL_LENGTH_500                               295        0.000%              295        0.000%
RET_STALL_LENGTH_600                               103        0.000%              103        0.000%
RET_STALL_LENGTH_700                                66        0.000%               66        0.000%
RET_STALL_LENGTH_800                                54        0.000%               54        0.000%
RET_STALL_LENGTH_900                                65        0.000%               65        0.000%
RET_STALL_LENGTH_1000                               98        0.000%               98        0.000%
RET_STALL_LENGTH_1100                              424        0.000%              424        0.000%
RET_STALL_LENGTH_1200                             1688        0.001%             1688        0.001%
RET_STALL_LENGTH_1300                              191        0.000%              191        0.000%
RET_STALL_LENGTH_1400                               30        0.000%               30        0.000%
RET_STALL_LENGTH_1500                                8        0.000%                8        0.000%
RET_STALL_LENGTH_1600                               13        0.000%               13        0.000%
RET_STALL_LENGTH_1700                               12        0.000%               12        0.000%
RET_STALL_LENGTH_1800                                3        0.000%                3        0.000%
RET_STALL_LENGTH_1900                                1        0.000%                1        0.000%
RET_STALL_LENGTH_2000                                0        0.000%                0        0.000%
RET_STALL_LENGTH_2100                                0        0.000%                0        0.000%
RET_STALL_LENGTH_2200                                0        0.000%                0        0.000%
RET_STALL_LENGTH_2300                                0        0.000%                0        0.000%
RET_STALL_LENGTH_2400                                0        0.000%                0        0.000%
RET_STALL_LENGTH_2500                                0        0.000%                0        0.000%
RET_STALL_LENGTH_2600                                0        0.000%                0        0.000%
RET_STALL_LENGTH_2700                                0        0.000%                0        0.000%
RET_STALL_LENGTH_2800                                0        0.000%                0        0.000%
RET_STALL_LENGTH_2900                                0        0.000%                0        0.000%
RET_STALL_LENGTH_3000                                0        0.000%                0        0.000%
RET_STALL_LENGTH_3100                                0        0.000%                0        0.000%
RET_STALL_LENGTH_3200                                0        0.000%                0        0.000%
RET_STALL_LENGTH_3300                                0        0.000%                0        0.000%
RET_STALL_LENGTH_3400                                0        0.000%                0        0.000%
RET_STALL_LENGTH_3500                                0        0.000%                0        0.000%
RET_STALL_LENGTH_3600                                0        0.000%                0        0.000%
RET_STALL_LENGTH_3700                                0        0.000%                0        0.000%
RET_STALL_LENGTH_3800                                0        0.000%                0        0.000%
RET_STALL_LENGTH_3900                                0        0.000%                0        0.000%
RET_STALL_LENGTH_4000                                0        0.000%                0        0.000%
RET_STALL_LENGTH_4100                                0        0.000%                0        0.000%
RET_STALL_LENGTH_4200                                0        0.000%                0        0.000%
RET_STALL_LENGTH_4300                                0        0.000%                0        0.000%
RET_STALL_LENGTH_4400                                0        0.000%                0        0.000%
RET_STALL_LENGTH_4500                                0        0.000%                0        0.000%
RET_STALL_LENGTH_4600                                0        0.000%                0        0.000%
RET_STALL_LENGTH_4700                                0        0.000%                0        0.000%
RET_STALL_LENGTH_4800                                0        0.000%                0        0.000%
RET_STALL_LENGTH_4900                                0        0.000%                0        0.000%
RET_STALL_LENGTH_5000                                0        0.000%                0        0.000%
                                             122678423      100.000%        122678423      100.000%
                                                  0.00         0.07              0.00         0.07

MEM_BLOCK_LENGTH_0                                 234       94.355%              234       94.355%
MEM_BLOCK_LENGTH_100                                 5        2.016%                5        2.016%
MEM_BLOCK_LENGTH_200                                 2        0.806%                2        0.806%
MEM_BLOCK_LENGTH_300                                 3        1.210%                3        1.210%
MEM_BLOCK_LENGTH_400                                 1        0.403%                1        0.403%
MEM_BLOCK_LENGTH_500                                 0        0.000%                0        0.000%
MEM_BLOCK_LENGTH_600                                 1        0.403%                1        0.403%
MEM_BLOCK_LENGTH_700                                 0        0.000%                0        0.000%
MEM_BLOCK_LENGTH_800                                 0        0.000%                0        0.000%
MEM_BLOCK_LENGTH_900                                 0        0.000%                0        0.000%
MEM_BLOCK_LENGTH_1000                                0        0.000%                0        0.000%
MEM_BLOCK_LENGTH_1100                                0        0.000%                0        0.000%
MEM_BLOCK_LENGTH_1200                                0        0.000%                0        0.000%
MEM_BLOCK_LENGTH_1300                                1        0.403%                1        0.403%
MEM_BLOCK_LENGTH_1400                                1        0.403%                1        0.403%
MEM_BLOCK_LENGTH_1500                                0        0.000%                0        0.000%
MEM_BLOCK_LENGTH_1600                                0        0.000%                0        0.000%
MEM_BLOCK_LENGTH_1700                                0        0.000%                0        0.000%
MEM_BLOCK_LENGTH_1800                                0        0.000%                0        0.000%
MEM_BLOCK_LENGTH_1900                                0        0.000%                0        0.000%
MEM_BLOCK_LENGTH_2000                                0        0.000%                0        0.000%
MEM_BLOCK_LENGTH_2100                                0        0.000%                0        0.000%
MEM_BLOCK_LENGTH_2200                                0        0.000%                0        0.000%
MEM_BLOCK_LENGTH_2300                                0        0.000%                0        0.000%
MEM_BLOCK_LENGTH_2400                                0        0.000%                0        0.000%
MEM_BLOCK_LENGTH_2500                                0        0.000%                0        0.000%
MEM_BLOCK_LENGTH_2600                                0        0.000%                0        0.000%
MEM_BLOCK_LENGTH_2700                                0        0.000%                0        0.000%
MEM_BLOCK_LENGTH_2800                                0        0.000%                0        0.000%
MEM_BLOCK_LENGTH_2900                                0        0.000%                0        0.000%
MEM_BLOCK_LENGTH_3000                                0        0.000%                0        0.000%
MEM_BLOCK_LENGTH_3100                                0        0.000%                0        0.000%
MEM_BLOCK_LENGTH_3200                                0        0.000%                0        0.000%
MEM_BLOCK_LENGTH_3300                                0        0.000%                0        0.000%
MEM_BLOCK_LENGTH_3400                                0        0.000%                0        0.000%
MEM_BLOCK_LENGTH_3500                                0        0.000%                0        0.000%
MEM_BLOCK_LENGTH_3600                                0        0.000%                0        0.000%
MEM_BLOCK_LENGTH_3700                                0        0.000%                0        0.000%
MEM_BLOCK_LENGTH_3800                                0        0.000%                0        0.000%
MEM_BLOCK_LENGTH_3900                                0        0.000%                0        0.000%
MEM_BLOCK_LENGTH_4000                                0        0.000%                0        0.000%
MEM_BLOCK_LENGTH_4100                                0        0.000%                0        0.000%
MEM_BLOCK_LENGTH_4200                                0        0.000%                0        0.000%
MEM_BLOCK_LENGTH_4300                                0        0.000%                0        0.000%
MEM_BLOCK_LENGTH_4400                                0        0.000%                0        0.000%
MEM_BLOCK_LENGTH_4500                                0        0.000%                0        0.000%
MEM_BLOCK_LENGTH_4600                                0        0.000%                0        0.000%
MEM_BLOCK_LENGTH_4700                                0        0.000%                0        0.000%
MEM_BLOCK_LENGTH_4800                                0        0.000%                0        0.000%
MEM_BLOCK_LENGTH_4900                                0        0.000%                0        0.000%
MEM_BLOCK_LENGTH_5000                                0        0.000%                0        0.000%
                                                   248      100.000%              248      100.000%
                                                  0.22         1.32              0.22         1.32

FUS_BUSY_ON_PATH                             127886400        1.2895        127886400        1.2895

FUS_BUSY_OFF_PATH                                    0        0.0000                0        0.0000

FU_BUSY_MEM_STALL                              4746249        0.0479          4746249        0.0479

FUS_EMPTY                                    665522432        6.7105        665522432        6.7105

CHIP_UTILIZATION                                     0        0.0000                0        0.0000

CYCLES_UNDER_MEM_REQ                                 0                              0              

CYCLES_UNDER_NO_MEM_REQ                              0                              0              

CYCLES_UNDER_CRITICAL_MEM_REQ                        0                              0              

CYCLES_UNDER_NONCRITICAL_MEM_REQ                     0                              0              

CHIP_UTILIZATION_UNDER_MEM_REQ                       0          -nan                0          -nan

CHIP_UTILIZATION_UNDER_NO_MEM_REQ                    0          -nan                0          -nan

CHIP_UTILIZATION_UNDER_CRITICAL_MEM_REQ              0          -nan                0          -nan

CHIP_UTILIZATION_UNDER_NONCRITICAL_MEM_REQ             0          -nan                0          -nan

CYCLES_NOT_WAITING_FOR_OFF_CHIP                      0        0.0000                0        0.0000

FUS_BUSY_NOT_WAITING_FOR_OFF_CHIP                    0          -nan                0          -nan

CYCLES_WAITING_FOR_OFF_CHIP                          0        0.0000                0        0.0000

FUS_BUSY_WAITING_FOR_OFF_CHIP                        0          -nan                0          -nan

TOTAL_OFF_CHIP_DELAYS_LEFT                           0                              0              

WRONG_IO_SCHED                                       0                              0              

DVFS_CONFIG_SWITCH                                   0                              0              



