               ramulator.active_cycles_0            24380264                                      # Total active cycles for level _0
                 ramulator.busy_cycles_0            24380264                                      # (All-bank refresh only. busy cycles only include refresh time in rank level) The sum of cycles that the DRAM part is active or under refresh for level _0
            ramulator.serving_requests_0            41814996                                      # The sum of read and write requests that are served in this DRAM element per memory cycle for level _0
    ramulator.average_serving_requests_0            1.124329                                      # The average of read and write requests that are served in this DRAM element per memory cycle for level _0
             ramulator.active_cycles_0_0            24380264                                      # Total active cycles for level _0_0
               ramulator.busy_cycles_0_0            25337444                                      # (All-bank refresh only. busy cycles only include refresh time in rank level) The sum of cycles that the DRAM part is active or under refresh for level _0_0
          ramulator.serving_requests_0_0            41814996                                      # The sum of read and write requests that are served in this DRAM element per memory cycle for level _0_0
  ramulator.average_serving_requests_0_0            1.124329                                      # The average of read and write requests that are served in this DRAM element per memory cycle for level _0_0
           ramulator.active_cycles_0_0_0             7975196                                      # Total active cycles for level _0_0_0
             ramulator.busy_cycles_0_0_0             7975196                                      # (All-bank refresh only. busy cycles only include refresh time in rank level) The sum of cycles that the DRAM part is active or under refresh for level _0_0_0
        ramulator.serving_requests_0_0_0             9996339                                      # The sum of read and write requests that are served in this DRAM element per memory cycle for level _0_0_0
ramulator.average_serving_requests_0_0_0            0.268783                                      # The average of read and write requests that are served in this DRAM element per memory cycle for level _0_0_0
         ramulator.active_cycles_0_0_0_0             1894430                                      # Total active cycles for level _0_0_0_0
           ramulator.busy_cycles_0_0_0_0             1894430                                      # (All-bank refresh only. busy cycles only include refresh time in rank level) The sum of cycles that the DRAM part is active or under refresh for level _0_0_0_0
      ramulator.serving_requests_0_0_0_0             2168840                                      # The sum of read and write requests that are served in this DRAM element per memory cycle for level _0_0_0_0
ramulator.average_serving_requests_0_0_0_0            0.058316                                      # The average of read and write requests that are served in this DRAM element per memory cycle for level _0_0_0_0
         ramulator.active_cycles_0_0_0_1             3301621                                      # Total active cycles for level _0_0_0_1
           ramulator.busy_cycles_0_0_0_1             3301621                                      # (All-bank refresh only. busy cycles only include refresh time in rank level) The sum of cycles that the DRAM part is active or under refresh for level _0_0_0_1
      ramulator.serving_requests_0_0_0_1             3728039                                      # The sum of read and write requests that are served in this DRAM element per memory cycle for level _0_0_0_1
ramulator.average_serving_requests_0_0_0_1            0.100240                                      # The average of read and write requests that are served in this DRAM element per memory cycle for level _0_0_0_1
         ramulator.active_cycles_0_0_0_2             1838696                                      # Total active cycles for level _0_0_0_2
           ramulator.busy_cycles_0_0_0_2             1838696                                      # (All-bank refresh only. busy cycles only include refresh time in rank level) The sum of cycles that the DRAM part is active or under refresh for level _0_0_0_2
      ramulator.serving_requests_0_0_0_2             2165004                                      # The sum of read and write requests that are served in this DRAM element per memory cycle for level _0_0_0_2
ramulator.average_serving_requests_0_0_0_2            0.058213                                      # The average of read and write requests that are served in this DRAM element per memory cycle for level _0_0_0_2
         ramulator.active_cycles_0_0_0_3             1649697                                      # Total active cycles for level _0_0_0_3
           ramulator.busy_cycles_0_0_0_3             1649697                                      # (All-bank refresh only. busy cycles only include refresh time in rank level) The sum of cycles that the DRAM part is active or under refresh for level _0_0_0_3
      ramulator.serving_requests_0_0_0_3             1934456                                      # The sum of read and write requests that are served in this DRAM element per memory cycle for level _0_0_0_3
ramulator.average_serving_requests_0_0_0_3            0.052014                                      # The average of read and write requests that are served in this DRAM element per memory cycle for level _0_0_0_3
           ramulator.active_cycles_0_0_1             9208646                                      # Total active cycles for level _0_0_1
             ramulator.busy_cycles_0_0_1             9208646                                      # (All-bank refresh only. busy cycles only include refresh time in rank level) The sum of cycles that the DRAM part is active or under refresh for level _0_0_1
        ramulator.serving_requests_0_0_1            11475646                                      # The sum of read and write requests that are served in this DRAM element per memory cycle for level _0_0_1
ramulator.average_serving_requests_0_0_1            0.308559                                      # The average of read and write requests that are served in this DRAM element per memory cycle for level _0_0_1
         ramulator.active_cycles_0_0_1_0             2689629                                      # Total active cycles for level _0_0_1_0
           ramulator.busy_cycles_0_0_1_0             2689629                                      # (All-bank refresh only. busy cycles only include refresh time in rank level) The sum of cycles that the DRAM part is active or under refresh for level _0_0_1_0
      ramulator.serving_requests_0_0_1_0             3044025                                      # The sum of read and write requests that are served in this DRAM element per memory cycle for level _0_0_1_0
ramulator.average_serving_requests_0_0_1_0            0.081848                                      # The average of read and write requests that are served in this DRAM element per memory cycle for level _0_0_1_0
         ramulator.active_cycles_0_0_1_1             2379875                                      # Total active cycles for level _0_0_1_1
           ramulator.busy_cycles_0_0_1_1             2379875                                      # (All-bank refresh only. busy cycles only include refresh time in rank level) The sum of cycles that the DRAM part is active or under refresh for level _0_0_1_1
      ramulator.serving_requests_0_0_1_1             2726771                                      # The sum of read and write requests that are served in this DRAM element per memory cycle for level _0_0_1_1
ramulator.average_serving_requests_0_0_1_1            0.073318                                      # The average of read and write requests that are served in this DRAM element per memory cycle for level _0_0_1_1
         ramulator.active_cycles_0_0_1_2             2729409                                      # Total active cycles for level _0_0_1_2
           ramulator.busy_cycles_0_0_1_2             2729409                                      # (All-bank refresh only. busy cycles only include refresh time in rank level) The sum of cycles that the DRAM part is active or under refresh for level _0_0_1_2
      ramulator.serving_requests_0_0_1_2             3037281                                      # The sum of read and write requests that are served in this DRAM element per memory cycle for level _0_0_1_2
ramulator.average_serving_requests_0_0_1_2            0.081667                                      # The average of read and write requests that are served in this DRAM element per memory cycle for level _0_0_1_2
         ramulator.active_cycles_0_0_1_3             2313516                                      # Total active cycles for level _0_0_1_3
           ramulator.busy_cycles_0_0_1_3             2313516                                      # (All-bank refresh only. busy cycles only include refresh time in rank level) The sum of cycles that the DRAM part is active or under refresh for level _0_0_1_3
      ramulator.serving_requests_0_0_1_3             2667569                                      # The sum of read and write requests that are served in this DRAM element per memory cycle for level _0_0_1_3
ramulator.average_serving_requests_0_0_1_3            0.071726                                      # The average of read and write requests that are served in this DRAM element per memory cycle for level _0_0_1_3
           ramulator.active_cycles_0_0_2             8396268                                      # Total active cycles for level _0_0_2
             ramulator.busy_cycles_0_0_2             8396268                                      # (All-bank refresh only. busy cycles only include refresh time in rank level) The sum of cycles that the DRAM part is active or under refresh for level _0_0_2
        ramulator.serving_requests_0_0_2            10293196                                      # The sum of read and write requests that are served in this DRAM element per memory cycle for level _0_0_2
ramulator.average_serving_requests_0_0_2            0.276765                                      # The average of read and write requests that are served in this DRAM element per memory cycle for level _0_0_2
         ramulator.active_cycles_0_0_2_0             1328853                                      # Total active cycles for level _0_0_2_0
           ramulator.busy_cycles_0_0_2_0             1328853                                      # (All-bank refresh only. busy cycles only include refresh time in rank level) The sum of cycles that the DRAM part is active or under refresh for level _0_0_2_0
      ramulator.serving_requests_0_0_2_0             1567712                                      # The sum of read and write requests that are served in this DRAM element per memory cycle for level _0_0_2_0
ramulator.average_serving_requests_0_0_2_0            0.042153                                      # The average of read and write requests that are served in this DRAM element per memory cycle for level _0_0_2_0
         ramulator.active_cycles_0_0_2_1             2830082                                      # Total active cycles for level _0_0_2_1
           ramulator.busy_cycles_0_0_2_1             2830082                                      # (All-bank refresh only. busy cycles only include refresh time in rank level) The sum of cycles that the DRAM part is active or under refresh for level _0_0_2_1
      ramulator.serving_requests_0_0_2_1             3157697                                      # The sum of read and write requests that are served in this DRAM element per memory cycle for level _0_0_2_1
ramulator.average_serving_requests_0_0_2_1            0.084905                                      # The average of read and write requests that are served in this DRAM element per memory cycle for level _0_0_2_1
         ramulator.active_cycles_0_0_2_2             1610884                                      # Total active cycles for level _0_0_2_2
           ramulator.busy_cycles_0_0_2_2             1610884                                      # (All-bank refresh only. busy cycles only include refresh time in rank level) The sum of cycles that the DRAM part is active or under refresh for level _0_0_2_2
      ramulator.serving_requests_0_0_2_2             1851465                                      # The sum of read and write requests that are served in this DRAM element per memory cycle for level _0_0_2_2
ramulator.average_serving_requests_0_0_2_2            0.049783                                      # The average of read and write requests that are served in this DRAM element per memory cycle for level _0_0_2_2
         ramulator.active_cycles_0_0_2_3             3296105                                      # Total active cycles for level _0_0_2_3
           ramulator.busy_cycles_0_0_2_3             3296105                                      # (All-bank refresh only. busy cycles only include refresh time in rank level) The sum of cycles that the DRAM part is active or under refresh for level _0_0_2_3
      ramulator.serving_requests_0_0_2_3             3708873                                      # The sum of read and write requests that are served in this DRAM element per memory cycle for level _0_0_2_3
ramulator.average_serving_requests_0_0_2_3            0.099725                                      # The average of read and write requests that are served in this DRAM element per memory cycle for level _0_0_2_3
           ramulator.active_cycles_0_0_3             7935836                                      # Total active cycles for level _0_0_3
             ramulator.busy_cycles_0_0_3             7935836                                      # (All-bank refresh only. busy cycles only include refresh time in rank level) The sum of cycles that the DRAM part is active or under refresh for level _0_0_3
        ramulator.serving_requests_0_0_3            10038505                                      # The sum of read and write requests that are served in this DRAM element per memory cycle for level _0_0_3
ramulator.average_serving_requests_0_0_3            0.269917                                      # The average of read and write requests that are served in this DRAM element per memory cycle for level _0_0_3
         ramulator.active_cycles_0_0_3_0             2053136                                      # Total active cycles for level _0_0_3_0
           ramulator.busy_cycles_0_0_3_0             2053136                                      # (All-bank refresh only. busy cycles only include refresh time in rank level) The sum of cycles that the DRAM part is active or under refresh for level _0_0_3_0
      ramulator.serving_requests_0_0_3_0             2387549                                      # The sum of read and write requests that are served in this DRAM element per memory cycle for level _0_0_3_0
ramulator.average_serving_requests_0_0_3_0            0.064197                                      # The average of read and write requests that are served in this DRAM element per memory cycle for level _0_0_3_0
         ramulator.active_cycles_0_0_3_1             1295757                                      # Total active cycles for level _0_0_3_1
           ramulator.busy_cycles_0_0_3_1             1295757                                      # (All-bank refresh only. busy cycles only include refresh time in rank level) The sum of cycles that the DRAM part is active or under refresh for level _0_0_3_1
      ramulator.serving_requests_0_0_3_1             1545117                                      # The sum of read and write requests that are served in this DRAM element per memory cycle for level _0_0_3_1
ramulator.average_serving_requests_0_0_3_1            0.041545                                      # The average of read and write requests that are served in this DRAM element per memory cycle for level _0_0_3_1
         ramulator.active_cycles_0_0_3_2             3214057                                      # Total active cycles for level _0_0_3_2
           ramulator.busy_cycles_0_0_3_2             3214057                                      # (All-bank refresh only. busy cycles only include refresh time in rank level) The sum of cycles that the DRAM part is active or under refresh for level _0_0_3_2
      ramulator.serving_requests_0_0_3_2             3637346                                      # The sum of read and write requests that are served in this DRAM element per memory cycle for level _0_0_3_2
ramulator.average_serving_requests_0_0_3_2            0.097802                                      # The average of read and write requests that are served in this DRAM element per memory cycle for level _0_0_3_2
         ramulator.active_cycles_0_0_3_3             2104973                                      # Total active cycles for level _0_0_3_3
           ramulator.busy_cycles_0_0_3_3             2104973                                      # (All-bank refresh only. busy cycles only include refresh time in rank level) The sum of cycles that the DRAM part is active or under refresh for level _0_0_3_3
      ramulator.serving_requests_0_0_3_3             2457109                                      # The sum of read and write requests that are served in this DRAM element per memory cycle for level _0_0_3_3
ramulator.average_serving_requests_0_0_3_3            0.066067                                      # The average of read and write requests that are served in this DRAM element per memory cycle for level _0_0_3_3
      ramulator.read_transaction_bytes_0            57391744                                      # The total byte of read transaction per channel
     ramulator.write_transaction_bytes_0             2312832                                      # The total byte of write transaction per channel
       ramulator.row_hits_channel_0_core              678212                                      # Number of row hits per channel per core
     ramulator.row_misses_channel_0_core               53198                                      # Number of row misses per channel per core
  ramulator.row_conflicts_channel_0_core              201474                                      # Number of row conflicts per channel per core
  ramulator.read_row_hits_channel_0_core              661058                                      # Number of row hits for read requests per channel per core
                                     [0]            661058.0                                      # 
ramulator.read_row_misses_channel_0_core               49655                                      # Number of row misses for read requests per channel per core
                                     [0]             49655.0                                      # 
ramulator.read_row_conflicts_channel_0_core              186033                                      # Number of row conflicts for read requests per channel per core
                                     [0]            186033.0                                      # 
 ramulator.write_row_hits_channel_0_core               17154                                      # Number of row hits for write requests per channel per core
                                     [0]             17154.0                                      # 
ramulator.write_row_misses_channel_0_core                3543                                      # Number of row misses for write requests per channel per core
                                     [0]              3543.0                                      # 
ramulator.write_row_conflicts_channel_0_core               15441                                      # Number of row conflicts for write requests per channel per core
                                     [0]             15441.0                                      # 
      ramulator.useless_activates_0_core                  17                                      # Number of useless activations. E.g, ACT -> PRE w/o RD or WR
            ramulator.read_latency_avg_0           40.566247                                      # The average memory latency cycles (in memory time domain) per request for all read requests in this channel
            ramulator.read_latency_sum_0            36417091                                      # The memory latency cycles (in memory time domain) sum for all read requests in this channel
        ramulator.req_queue_length_avg_0           15.366371                                      # Average of read and write queue length per memory cycle per channel.
        ramulator.req_queue_length_sum_0           571491532                                      # Sum of read and write queue length per memory cycle per channel.
   ramulator.read_req_queue_length_avg_0            0.877483                                      # Read queue length average per memory cycle per channel.
   ramulator.read_req_queue_length_sum_0            32634513                                      # Read queue length sum per memory cycle per channel.
  ramulator.write_req_queue_length_avg_0           14.488888                                      # Write queue length average per memory cycle per channel.
  ramulator.write_req_queue_length_sum_0           538857019                                      # Write queue length sum per memory cycle per channel.
              ramulator.record_read_hits                 0.0                                      # record read hit count for this core when it reaches request limit or to the end
                                     [0]                 0.0                                      # 
            ramulator.record_read_misses                 0.0                                      # record_read_miss count for this core when it reaches request limit or to the end
                                     [0]                 0.0                                      # 
         ramulator.record_read_conflicts                 0.0                                      # record read conflict count for this core when it reaches request limit or to the end
                                     [0]                 0.0                                      # 
             ramulator.record_write_hits                 0.0                                      # record write hit count for this core when it reaches request limit or to the end
                                     [0]                 0.0                                      # 
           ramulator.record_write_misses                 0.0                                      # record write miss count for this core when it reaches request limit or to the end
                                     [0]                 0.0                                      # 
        ramulator.record_write_conflicts                 0.0                                      # record write conflict for this core when it reaches request limit or to the end
                                     [0]                 0.0                                      # 
                 ramulator.dram_capacity          8589934592                                      # Number of bytes in simulated DRAM
                   ramulator.dram_cycles            37191053                                      # Number of DRAM cycles simulated
             ramulator.incoming_requests              933880                                      # Number of incoming requests to DRAM
                 ramulator.read_requests              897719                                      # Number of incoming read requests to DRAM per core
                                     [0]            897719.0                                      # 
                ramulator.write_requests               36161                                      # Number of incoming write requests to DRAM per core
                                     [0]             36161.0                                      # 
       ramulator.ramulator_active_cycles            24380325                                      # The total number of cycles that the DRAM part is active (serving R/W)
 ramulator.incoming_requests_per_channel            933880.0                                      # Number of incoming requests to each DRAM channel
                                     [0]            933880.0                                      # 
ramulator.incoming_read_reqs_per_channel            897719.0                                      # Number of incoming read requests to each DRAM channel
                                     [0]            897719.0                                      # 
     ramulator.physical_page_replacement                   0                                      # The number of times that physical page replacement happens.
             ramulator.maximum_bandwidth         19200000000                                      # The theoretical maximum bandwidth (Bps)
          ramulator.in_queue_req_num_sum           571491532                                      # Sum of read/write queue length
     ramulator.in_queue_read_req_num_sum            32634513                                      # Sum of read queue length
    ramulator.in_queue_write_req_num_sum           538857019                                      # Sum of write queue length
          ramulator.in_queue_req_num_avg           15.366371                                      # Average of read/write queue length per memory cycle
     ramulator.in_queue_read_req_num_avg            0.877483                                      # Average of read queue length per memory cycle
    ramulator.in_queue_write_req_num_avg           14.488888                                      # Average of write queue length per memory cycle
          ramulator.record_read_requests                 0.0                                      # record read requests for this core when it reaches request limit or to the end
                                     [0]                 0.0                                      # 
         ramulator.record_write_requests                 0.0                                      # record write requests for this core when it reaches request limit or to the end
                                     [0]                 0.0                                      # 
