Scarab gitrev: e8bfa19
Scarab started at Thu May  4 21:40:18 2023

Initialized Ramulator. 
** Heartbeat:   1% -- { 1000004 } -- 0.00 KIPS (250.00 KIPS)
** Heartbeat:   2% -- { 2000006 } -- 200.00 KIPS (222.22 KIPS)
** Heartbeat:   3% -- { 3000006 } -- 250.00 KIPS (230.77 KIPS)
** Heartbeat:   4% -- { 4000008 } -- 200.00 KIPS (222.22 KIPS)
** Heartbeat:   5% -- { 5000011 } -- 250.00 KIPS (227.27 KIPS)
** Heartbeat:   6% -- { 6000011 } -- 250.00 KIPS (230.77 KIPS)
** Heartbeat:   7% -- { 7000012 } -- 200.00 KIPS (225.81 KIPS)
** Heartbeat:   8% -- { 8000014 } -- 250.00 KIPS (228.57 KIPS)
** Heartbeat:   9% -- { 9000014 } -- 200.00 KIPS (225.00 KIPS)
** Heartbeat:  10% -- { 10000015 } -- 250.00 KIPS (227.27 KIPS)
** Heartbeat:  11% -- { 11000020 } -- 250.00 KIPS (229.17 KIPS)
** Heartbeat:  12% -- { 12000021 } -- 200.00 KIPS (226.42 KIPS)
** Heartbeat:  13% -- { 13000021 } -- 250.00 KIPS (228.07 KIPS)
** Heartbeat:  14% -- { 14000021 } -- 250.00 KIPS (229.51 KIPS)
** Heartbeat:  15% -- { 15000022 } -- 200.00 KIPS (227.27 KIPS)
** Heartbeat:  16% -- { 16000022 } -- 250.00 KIPS (228.57 KIPS)
** Heartbeat:  17% -- { 17000025 } -- 250.00 KIPS (229.73 KIPS)
** Heartbeat:  18% -- { 18000029 } -- 200.00 KIPS (227.85 KIPS)
** Heartbeat:  19% -- { 19000029 } -- 250.00 KIPS (228.92 KIPS)
** Heartbeat:  20% -- { 20000032 } -- 250.00 KIPS (229.89 KIPS)
** Heartbeat:  21% -- { 21000036 } -- 200.00 KIPS (228.26 KIPS)
** Heartbeat:  22% -- { 22000037 } -- 250.00 KIPS (229.17 KIPS)
** Heartbeat:  23% -- { 23000037 } -- 250.00 KIPS (230.00 KIPS)
** Heartbeat:  24% -- { 24000040 } -- 200.00 KIPS (228.57 KIPS)
** Heartbeat:  25% -- { 25000045 } -- 250.00 KIPS (229.36 KIPS)
** Heartbeat:  26% -- { 26000045 } -- 250.00 KIPS (230.09 KIPS)
** Heartbeat:  27% -- { 27000048 } -- 200.00 KIPS (228.81 KIPS)
** Heartbeat:  28% -- { 28000048 } -- 250.00 KIPS (229.51 KIPS)
** Heartbeat:  29% -- { 29000051 } -- 250.00 KIPS (230.16 KIPS)
** Heartbeat:  30% -- { 30000051 } -- 200.00 KIPS (229.01 KIPS)
** Heartbeat:  31% -- { 31000054 } -- 250.00 KIPS (229.63 KIPS)
** Heartbeat:  32% -- { 32000055 } -- 250.00 KIPS (230.22 KIPS)
** Heartbeat:  33% -- { 33000055 } -- 200.00 KIPS (229.17 KIPS)
** Heartbeat:  34% -- { 34000055 } -- 250.00 KIPS (229.73 KIPS)
** Heartbeat:  35% -- { 35000058 } -- 200.00 KIPS (228.76 KIPS)
** Heartbeat:  36% -- { 36000063 } -- 250.00 KIPS (229.30 KIPS)
** Heartbeat:  37% -- { 37000063 } -- 250.00 KIPS (229.81 KIPS)
** Heartbeat:  38% -- { 38000064 } -- 200.00 KIPS (228.92 KIPS)
** Heartbeat:  39% -- { 39000064 } -- 250.00 KIPS (229.41 KIPS)
** Heartbeat:  40% -- { 40000066 } -- 250.00 KIPS (229.89 KIPS)
** Heartbeat:  41% -- { 41000066 } -- 200.00 KIPS (229.05 KIPS)
** Heartbeat:  42% -- { 42000066 } -- 250.00 KIPS (229.51 KIPS)
** Heartbeat:  43% -- { 43000066 } -- 250.00 KIPS (229.95 KIPS)
** Heartbeat:  44% -- { 44000068 } -- 200.00 KIPS (229.17 KIPS)
** Heartbeat:  45% -- { 45000068 } -- 250.00 KIPS (229.59 KIPS)
** Heartbeat:  46% -- { 46000069 } -- 250.00 KIPS (230.00 KIPS)
** Heartbeat:  47% -- { 47000073 } -- 200.00 KIPS (229.27 KIPS)
** Heartbeat:  48% -- { 48000075 } -- 250.00 KIPS (229.67 KIPS)
** Heartbeat:  49% -- { 49000075 } -- 250.00 KIPS (230.05 KIPS)
** Heartbeat:  50% -- { 50000079 } -- 200.00 KIPS (229.36 KIPS)
** Heartbeat:  51% -- { 51000082 } -- 250.00 KIPS (229.73 KIPS)
** Heartbeat:  52% -- { 52000083 } -- 250.00 KIPS (230.09 KIPS)
** Heartbeat:  53% -- { 53000083 } -- 250.00 KIPS (230.44 KIPS)
** Heartbeat:  54% -- { 54000087 } -- 200.00 KIPS (229.79 KIPS)
** Heartbeat:  55% -- { 55000092 } -- 250.00 KIPS (230.13 KIPS)
** Heartbeat:  56% -- { 56000093 } -- 250.00 KIPS (230.45 KIPS)
** Heartbeat:  57% -- { 57000096 } -- 200.00 KIPS (229.84 KIPS)
** Heartbeat:  58% -- { 58000098 } -- 250.00 KIPS (230.16 KIPS)
** Heartbeat:  59% -- { 59000100 } -- 250.00 KIPS (230.47 KIPS)
** Heartbeat:  60% -- { 60000100 } -- 250.00 KIPS (230.77 KIPS)
** Heartbeat:  61% -- { 61000102 } -- 200.00 KIPS (230.19 KIPS)
** Heartbeat:  62% -- { 62000103 } -- 250.00 KIPS (230.48 KIPS)
** Heartbeat:  63% -- { 63000103 } -- 250.00 KIPS (230.77 KIPS)
** Heartbeat:  64% -- { 64000108 } -- 200.00 KIPS (230.22 KIPS)
** Heartbeat:  65% -- { 65000108 } -- 250.00 KIPS (230.50 KIPS)
** Heartbeat:  66% -- { 66000112 } -- 250.00 KIPS (230.77 KIPS)
** Heartbeat:  67% -- { 67000113 } -- 200.00 KIPS (230.24 KIPS)
** Heartbeat:  68% -- { 68000114 } -- 250.00 KIPS (230.51 KIPS)
** Heartbeat:  69% -- { 69000116 } -- 200.00 KIPS (230.00 KIPS)
** Heartbeat:  70% -- { 70000118 } -- 250.00 KIPS (230.26 KIPS)
** Heartbeat:  71% -- { 71000120 } -- 250.00 KIPS (230.52 KIPS)
** Heartbeat:  72% -- { 72000124 } -- 200.00 KIPS (230.03 KIPS)
** Heartbeat:  73% -- { 73000127 } -- 250.00 KIPS (230.28 KIPS)
** Heartbeat:  74% -- { 74000127 } -- 200.00 KIPS (229.81 KIPS)
** Heartbeat:  75% -- { 75000127 } -- 250.00 KIPS (230.06 KIPS)
** Heartbeat:  76% -- { 76000130 } -- 200.00 KIPS (229.61 KIPS)
** Heartbeat:  77% -- { 77000130 } -- 250.00 KIPS (229.85 KIPS)
** Heartbeat:  78% -- { 78000133 } -- 200.00 KIPS (229.41 KIPS)
** Heartbeat:  79% -- { 79000134 } -- 333.33 KIPS (230.32 KIPS)
** Heartbeat:  80% -- { 80000134 } -- 333.33 KIPS (231.21 KIPS)
** Heartbeat:  81% -- { 81000134 } -- 500.00 KIPS (232.76 KIPS)
** Heartbeat:  82% -- { 82000134 } -- 333.33 KIPS (233.62 KIPS)
** Heartbeat:  83% -- { 83000134 } -- 333.33 KIPS (234.46 KIPS)
** Heartbeat:  84% -- { 84000139 } -- 333.33 KIPS (235.29 KIPS)
** Heartbeat:  85% -- { 85000139 } -- 250.00 KIPS (235.46 KIPS)
** Heartbeat:  86% -- { 86000142 } -- 333.33 KIPS (236.26 KIPS)
** Heartbeat:  87% -- { 87000144 } -- 333.33 KIPS (237.06 KIPS)
** Heartbeat:  88% -- { 88000146 } -- 500.00 KIPS (238.48 KIPS)
** Heartbeat:  89% -- { 89000147 } -- 500.00 KIPS (239.89 KIPS)
** Heartbeat:  90% -- { 90000149 } -- 333.33 KIPS (240.64 KIPS)
** Heartbeat:  91% -- { 91000152 } -- 500.00 KIPS (242.02 KIPS)
** Heartbeat:  92% -- { 92000157 } -- 500.00 KIPS (243.39 KIPS)
** Heartbeat:  93% -- { 93000159 } -- 333.33 KIPS (244.09 KIPS)
** Heartbeat:  94% -- { 94000160 } -- 500.00 KIPS (245.43 KIPS)
** Heartbeat:  95% -- { 95000163 } -- 500.00 KIPS (246.75 KIPS)
** Heartbeat:  96% -- { 96000163 } -- 333.33 KIPS (247.42 KIPS)
** Heartbeat:  97% -- { 97000164 } -- 500.00 KIPS (248.72 KIPS)
** Heartbeat:  98% -- { 98000164 } -- 500.00 KIPS (250.00 KIPS)
** Heartbeat:  99% -- { 99000166 } -- 333.33 KIPS (250.63 KIPS)
** Core 0 Finished:    insts:100000000   cycles:90242077    time:28200649062500      -- 1.11 IPC (1.11 IPC) --  N/A  KIPS (251.89 KIPS)
done
Scarab finished at Thu May  4 21:46:55 2023

