/* -*- Mode: c -*- */
####################################################################################################
Core 0
####################################################################################################
Cumulative:        Cycles: 99409145              Instructions: 100000000             IPC: 1.00594

DCACHE_PREF_HIT                                      0                              0              

IFETCH_WB_FIRST_SCHEDULE                             0         -nan%                0         -nan%
PREFETCH_LAST_SCHEDULE                               0         -nan%                0         -nan%
DEMAND_PASS_PREF_SCHEDULE                            0         -nan%                0         -nan%
DEMAND_PASS_LOW_OP_SCHEDULE                          0         -nan%                0         -nan%
DEMAND_LAST_SCHEDULE                                 0         -nan%                0         -nan%
                                                     0         -nan%                0         -nan%
                                                  -nan         -nan              -nan         -nan

SEND_MISS_REQ_QUEUE                             906423                         906423              

L1_DATA_EVICT                                   890350                         890350              

STREAM_BUFFER_REQ                                    0                              0              

PREF_SEND_TO_MEM_REQ                                 0         -nan%                0         -nan%
PREF_SEND_TO_MEM_REQ_FAIL                            0         -nan%                0         -nan%
                                                     0         -nan%                0         -nan%
                                                  -nan         -nan              -nan         -nan

HIT_TRAIN_STREAM                                295040       30.357%           295040       30.357%
MISS_TRAIN_STREAM                               676870       69.643%           676870       69.643%
                                                971910      100.000%           971910      100.000%
                                                  0.70         0.63              0.70         0.63

STREAM_TRAIN_CREATE                             242910                         242910              

MEM_REQ_MISS_HWP_PREF_Q                              0         -nan%                0         -nan%
MEM_REQ_MISS_SW_PREF_Q                               0         -nan%                0         -nan%
MEM_REQ_MISS_IFETCH_Q                                0         -nan%                0         -nan%
MEM_REQ_MISS_DFETCH_Q                                0         -nan%                0         -nan%
MEM_REQ_MISS_DSTORE_Q                                0         -nan%                0         -nan%
MEM_REQ_MISS_DPRF_Q                                  0         -nan%                0         -nan%
MEM_REQ_MISS_WB_Q                                    0         -nan%                0         -nan%
                                                     0         -nan%                0         -nan%
                                                  -nan         -nan              -nan         -nan

PREF_HIT_BY_DEMAND_IFETCH                            0         -nan%                0         -nan%
PREF_HIT_BY_DEMAND_DFETCH                            0         -nan%                0         -nan%
PREF_HIT_BY_DEMAND_DSTORE                            0         -nan%                0         -nan%
PREF_HIT_BY_DEMAND_IPREF                             0         -nan%                0         -nan%
PREF_HIT_BY_DEMAND_DPRF                              0         -nan%                0         -nan%
PREF_HIT_BY_DEMAND_WB                                0         -nan%                0         -nan%
PREF_HIT_BY_PREF                                     0         -nan%                0         -nan%
                                                     0         -nan%                0         -nan%
                                                  -nan         -nan              -nan         -nan

PREF_HIT_DEMAND_IFETCH                               0         -nan%                0         -nan%
PREF_HIT_DEMAND_DFETCH                               0         -nan%                0         -nan%
PREF_HIT_DEMAND_DSTORE                               0         -nan%                0         -nan%
PREF_HIT_DEMAND_IPREF                                0         -nan%                0         -nan%
PREF_HIT_DEMAND_DPRF                                 0         -nan%                0         -nan%
PREF_HIT_DEMAND_WB                                   0         -nan%                0         -nan%
                                                     0         -nan%                0         -nan%
                                                  -nan         -nan              -nan         -nan

PREF_L1_FILL                                         0         -nan%                0         -nan%
DEMAND_L1_FILL                                       0         -nan%                0         -nan%
                                                     0         -nan%                0         -nan%
                                                  -nan         -nan              -nan         -nan

TOUCH_L1_REPLACE                                     0        0.000%                0        0.000%
NO_TOUCH_L1_REPLACE                             890350      100.000%           890350      100.000%
                                                890350      100.000%           890350      100.000%
                                                  1.00         1.00              1.00         1.00

PREF_REQ_QUE_FULL                                    0                              0              

STREAM_REQ_QUEUE_HIT_BY_DEMAND                       0                              0              

L2HIT_STREAM_PREF_REQ_QUE_FULL                       0                              0              

L2HIT_HIT_TRAIN_STREAM                               0         -nan%                0         -nan%
L2HIT_MISS_TRAIN_STREAM                              0         -nan%                0         -nan%
                                                     0         -nan%                0         -nan%
                                                  -nan         -nan              -nan         -nan

L2HIT_STREAM_TRAIN_CREATE                            0                              0              

L2HIT_STREAM_BUFFER_REQ                              0                              0              

L2HIT_STREAM_PREF_DCACHE_HIT                         0         -nan%                0         -nan%
L2HIT_STREAM_PREF_DCACHE_INSERT                      0         -nan%                0         -nan%
L2HIT_STREAM_L2_MISS                                 0         -nan%                0         -nan%
                                                     0         -nan%                0         -nan%
                                                  -nan         -nan              -nan         -nan

L2HIT_STREAM_DCACHE_PORT_FULL                        0                              0              

L2HIT_STREAM_PREF_L1_PORT_FULL                       0                              0              

L2HIT_TRAIN_HIT_DEMAND                               0         -nan%                0         -nan%
L2HIT_TRAIN_MISS_REQ                                 0         -nan%                0         -nan%
                                                     0         -nan%                0         -nan%
                                                  -nan         -nan              -nan         -nan

L2HIT_TRAIN_FILTER_MISS                              0         -nan%                0         -nan%
L2HIT_TRAIN_FILTER_HIT                               0         -nan%                0         -nan%
                                                     0         -nan%                0         -nan%
                                                  -nan         -nan              -nan         -nan

L2HIT_PREF_REQ_DCACHE_HIT                            0         -nan%                0         -nan%
L2HIT_PREF_REQ_DCACHE_MISS                           0         -nan%                0         -nan%
                                                     0         -nan%                0         -nan%
                                                  -nan         -nan              -nan         -nan

L2HIT_L2SEND_Q_FULL                                  0         -nan%                0         -nan%
L2HIT_L2SEND_Q_ENTER                                 0         -nan%                0         -nan%
                                                     0         -nan%                0         -nan%
                                                  -nan         -nan              -nan         -nan

L2HIT_MEM_REQ                                        0                              0              

REMOVE_REDUNDANT_STREAM_STAT                         0                              0              

REPLACE_OLD_STREAM                              242894                         242894              

REQ_SEND_QUEUE_STALL                                 0                              0              

STREAM_ENTER_RA                                      0                              0              

CORE_STREAM_LENGTH_0                             42237       46.908%            42237       46.908%
CORE_STREAM_LENGTH_10                            41023       45.560%            41023       45.560%
CORE_STREAM_LENGTH_20                             4534        5.035%             4534        5.035%
CORE_STREAM_LENGTH_30                              976        1.084%              976        1.084%
CORE_STREAM_LENGTH_40                              455        0.505%              455        0.505%
CORE_STREAM_LENGTH_50                              310        0.344%              310        0.344%
CORE_STREAM_LENGTH_60                              202        0.224%              202        0.224%
CORE_STREAM_LENGTH_70                              121        0.134%              121        0.134%
CORE_STREAM_LENGTH_80                               70        0.078%               70        0.078%
CORE_STREAM_LENGTH_90                               27        0.030%               27        0.030%
CORE_STREAM_LENGTH_100_P                            87        0.097%               87        0.097%
                                                 90042      100.000%            90042      100.000%
                                                  0.67         0.76              0.67         0.76

CORE_CUM_STREAM_LENGTH_0                        245133       23.583%           245133       23.583%
CORE_CUM_STREAM_LENGTH_10                       570826       54.916%           570826       54.916%
CORE_CUM_STREAM_LENGTH_20                       102016        9.814%           102016        9.814%
CORE_CUM_STREAM_LENGTH_30                        32642        3.140%            32642        3.140%
CORE_CUM_STREAM_LENGTH_40                        20267        1.950%            20267        1.950%
CORE_CUM_STREAM_LENGTH_50                        16879        1.624%            16879        1.624%
CORE_CUM_STREAM_LENGTH_60                        13006        1.251%            13006        1.251%
CORE_CUM_STREAM_LENGTH_70                         9044        0.870%             9044        0.870%
CORE_CUM_STREAM_LENGTH_80                         5783        0.556%             5783        0.556%
CORE_CUM_STREAM_LENGTH_90                         2540        0.244%             2540        0.244%
CORE_CUM_STREAM_LENGTH_100_P                     21321        2.051%            21321        2.051%
                                               1039457      100.000%          1039457      100.000%
                                                  1.41         1.74              1.41         1.74

CORE_STREAM_TRAIN_HITS_0                         76291       84.728%            76291       84.728%
CORE_STREAM_TRAIN_HITS_10                        12083       13.419%            12083       13.419%
CORE_STREAM_TRAIN_HITS_20                         1052        1.168%             1052        1.168%
CORE_STREAM_TRAIN_HITS_30                          314        0.349%              314        0.349%
CORE_STREAM_TRAIN_HITS_40                          141        0.157%              141        0.157%
CORE_STREAM_TRAIN_HITS_50                           44        0.049%               44        0.049%
CORE_STREAM_TRAIN_HITS_60                           33        0.037%               33        0.037%
CORE_STREAM_TRAIN_HITS_70                           14        0.016%               14        0.016%
CORE_STREAM_TRAIN_HITS_80                            6        0.007%                6        0.007%
CORE_STREAM_TRAIN_HITS_90                            6        0.007%                6        0.007%
CORE_STREAM_TRAIN_HITS_100_P                        58        0.064%               58        0.064%
                                                 90042      100.000%            90042      100.000%
                                                  0.19         0.53              0.19         0.53

CORE_CUM_STREAM_TRAIN_HITS_0                    443672       67.715%           443672       67.715%
CORE_CUM_STREAM_TRAIN_HITS_10                   146012       22.285%           146012       22.285%
CORE_CUM_STREAM_TRAIN_HITS_20                    24566        3.749%            24566        3.749%
CORE_CUM_STREAM_TRAIN_HITS_30                    10528        1.607%            10528        1.607%
CORE_CUM_STREAM_TRAIN_HITS_40                     6080        0.928%             6080        0.928%
CORE_CUM_STREAM_TRAIN_HITS_50                     2365        0.361%             2365        0.361%
CORE_CUM_STREAM_TRAIN_HITS_60                     2106        0.321%             2106        0.321%
CORE_CUM_STREAM_TRAIN_HITS_70                     1037        0.158%             1037        0.158%
CORE_CUM_STREAM_TRAIN_HITS_80                      520        0.079%              520        0.079%
CORE_CUM_STREAM_TRAIN_HITS_90                      566        0.086%              566        0.086%
CORE_CUM_STREAM_TRAIN_HITS_100_P                 17756        2.710%            17756        2.710%
                                                655208      100.000%           655208      100.000%
                                                  0.72         1.71              0.72         1.71

CORE_STREAM_TRAIN_CREATE                        242910                         242910              



