Scarab gitrev: e8bfa19
Scarab started at Thu May  4 21:40:18 2023

Initialized Ramulator. 
** Heartbeat:   1% -- { 1000003 } -- 0.00 KIPS (333.33 KIPS)
** Heartbeat:   2% -- { 2000003 } -- 333.33 KIPS (333.33 KIPS)
** Heartbeat:   3% -- { 3000003 } -- 333.33 KIPS (333.33 KIPS)
** Heartbeat:   4% -- { 4000005 } -- 333.33 KIPS (333.33 KIPS)
** Heartbeat:   5% -- { 5000007 } -- 333.33 KIPS (333.33 KIPS)
** Heartbeat:   6% -- { 6000011 } -- 250.00 KIPS (315.79 KIPS)
** Heartbeat:   7% -- { 7000014 } -- 500.00 KIPS (333.33 KIPS)
** Heartbeat:   8% -- { 8000016 } -- 250.00 KIPS (320.00 KIPS)
** Heartbeat:   9% -- { 9000016 } -- 333.33 KIPS (321.43 KIPS)
** Heartbeat:  10% -- { 10000016 } -- 333.33 KIPS (322.58 KIPS)
** Heartbeat:  11% -- { 11000018 } -- 333.33 KIPS (323.53 KIPS)
** Heartbeat:  12% -- { 12000021 } -- 333.33 KIPS (324.32 KIPS)
** Heartbeat:  13% -- { 13000024 } -- 333.33 KIPS (325.00 KIPS)
** Heartbeat:  14% -- { 14000029 } -- 333.33 KIPS (325.58 KIPS)
** Heartbeat:  15% -- { 15000034 } -- 333.33 KIPS (326.09 KIPS)
** Heartbeat:  16% -- { 16000037 } -- 333.33 KIPS (326.53 KIPS)
** Heartbeat:  17% -- { 17000037 } -- 333.33 KIPS (326.92 KIPS)
** Heartbeat:  18% -- { 18000042 } -- 333.33 KIPS (327.27 KIPS)
** Heartbeat:  19% -- { 19000047 } -- 333.33 KIPS (327.59 KIPS)
** Heartbeat:  20% -- { 20000047 } -- 333.33 KIPS (327.87 KIPS)
** Heartbeat:  21% -- { 21000051 } -- 250.00 KIPS (323.08 KIPS)
** Heartbeat:  22% -- { 22000056 } -- 333.33 KIPS (323.53 KIPS)
** Heartbeat:  23% -- { 23000059 } -- 250.00 KIPS (319.45 KIPS)
** Heartbeat:  24% -- { 24000063 } -- 333.33 KIPS (320.00 KIPS)
** Heartbeat:  25% -- { 25000064 } -- 250.00 KIPS (316.46 KIPS)
** Heartbeat:  26% -- { 26000064 } -- 250.00 KIPS (313.25 KIPS)
** Heartbeat:  27% -- { 27000065 } -- 333.33 KIPS (313.95 KIPS)
** Heartbeat:  28% -- { 28000065 } -- 250.00 KIPS (311.11 KIPS)
** Heartbeat:  29% -- { 29000067 } -- 333.33 KIPS (311.83 KIPS)
** Heartbeat:  30% -- { 30000068 } -- 250.00 KIPS (309.28 KIPS)
** Heartbeat:  31% -- { 31000070 } -- 333.33 KIPS (310.00 KIPS)
** Heartbeat:  32% -- { 32000071 } -- 250.00 KIPS (307.69 KIPS)
** Heartbeat:  33% -- { 33000073 } -- 333.33 KIPS (308.41 KIPS)
** Heartbeat:  34% -- { 34000076 } -- 250.00 KIPS (306.31 KIPS)
** Heartbeat:  35% -- { 35000077 } -- 333.33 KIPS (307.02 KIPS)
** Heartbeat:  36% -- { 36000078 } -- 250.00 KIPS (305.09 KIPS)
** Heartbeat:  37% -- { 37000081 } -- 333.33 KIPS (305.79 KIPS)
** Heartbeat:  38% -- { 38000081 } -- 250.00 KIPS (304.00 KIPS)
** Heartbeat:  39% -- { 39000085 } -- 333.33 KIPS (304.69 KIPS)
** Heartbeat:  40% -- { 40000087 } -- 333.33 KIPS (305.34 KIPS)
** Heartbeat:  41% -- { 41000087 } -- 250.00 KIPS (303.70 KIPS)
** Heartbeat:  42% -- { 42000091 } -- 333.33 KIPS (304.35 KIPS)
** Heartbeat:  43% -- { 43000091 } -- 250.00 KIPS (302.82 KIPS)
** Heartbeat:  44% -- { 44000093 } -- 333.33 KIPS (303.45 KIPS)
** Heartbeat:  45% -- { 45000093 } -- 250.00 KIPS (302.01 KIPS)
** Heartbeat:  46% -- { 46000097 } -- 333.33 KIPS (302.63 KIPS)
** Heartbeat:  47% -- { 47000097 } -- 250.00 KIPS (301.28 KIPS)
** Heartbeat:  48% -- { 48000097 } -- 333.33 KIPS (301.89 KIPS)
** Heartbeat:  49% -- { 49000102 } -- 250.00 KIPS (300.61 KIPS)
** Heartbeat:  50% -- { 50000107 } -- 333.33 KIPS (301.21 KIPS)
** Heartbeat:  51% -- { 51000108 } -- 250.00 KIPS (300.00 KIPS)
** Heartbeat:  52% -- { 52000108 } -- 333.33 KIPS (300.58 KIPS)
** Heartbeat:  53% -- { 53000112 } -- 250.00 KIPS (299.44 KIPS)
** Heartbeat:  54% -- { 54000112 } -- 333.33 KIPS (300.00 KIPS)
** Heartbeat:  55% -- { 55000112 } -- 333.33 KIPS (300.55 KIPS)
** Heartbeat:  56% -- { 56000114 } -- 250.00 KIPS (299.47 KIPS)
** Heartbeat:  57% -- { 57000117 } -- 333.33 KIPS (300.00 KIPS)
** Heartbeat:  58% -- { 58000120 } -- 250.00 KIPS (298.97 KIPS)
** Heartbeat:  59% -- { 59000125 } -- 333.33 KIPS (299.49 KIPS)
** Heartbeat:  60% -- { 60000128 } -- 250.00 KIPS (298.51 KIPS)
** Heartbeat:  61% -- { 61000128 } -- 333.33 KIPS (299.02 KIPS)
** Heartbeat:  62% -- { 62000130 } -- 333.33 KIPS (299.52 KIPS)
** Heartbeat:  63% -- { 63000135 } -- 250.00 KIPS (298.58 KIPS)
** Heartbeat:  64% -- { 64000139 } -- 333.33 KIPS (299.07 KIPS)
** Heartbeat:  65% -- { 65000144 } -- 250.00 KIPS (298.17 KIPS)
** Heartbeat:  66% -- { 66000148 } -- 333.33 KIPS (298.64 KIPS)
** Heartbeat:  67% -- { 67000153 } -- 250.00 KIPS (297.78 KIPS)
** Heartbeat:  68% -- { 68000156 } -- 333.33 KIPS (298.25 KIPS)
** Heartbeat:  69% -- { 69000159 } -- 250.00 KIPS (297.41 KIPS)
** Heartbeat:  70% -- { 70000161 } -- 333.33 KIPS (297.87 KIPS)
** Heartbeat:  71% -- { 71000163 } -- 333.33 KIPS (298.32 KIPS)
** Heartbeat:  72% -- { 72000166 } -- 250.00 KIPS (297.52 KIPS)
** Heartbeat:  73% -- { 73000169 } -- 333.33 KIPS (297.96 KIPS)
** Heartbeat:  74% -- { 74000171 } -- 250.00 KIPS (297.19 KIPS)
** Heartbeat:  75% -- { 75000173 } -- 333.33 KIPS (297.62 KIPS)
** Heartbeat:  76% -- { 76000177 } -- 250.00 KIPS (296.88 KIPS)
** Heartbeat:  77% -- { 77000179 } -- 333.33 KIPS (297.30 KIPS)
** Heartbeat:  78% -- { 78000179 } -- 250.00 KIPS (296.58 KIPS)
** Heartbeat:  79% -- { 79000180 } -- 333.33 KIPS (296.99 KIPS)
** Heartbeat:  80% -- { 80000180 } -- 333.33 KIPS (297.40 KIPS)
** Heartbeat:  81% -- { 81000180 } -- 250.00 KIPS (296.70 KIPS)
** Heartbeat:  82% -- { 82000184 } -- 333.33 KIPS (297.10 KIPS)
** Heartbeat:  83% -- { 83000184 } -- 250.00 KIPS (296.43 KIPS)
** Heartbeat:  84% -- { 84000184 } -- 333.33 KIPS (296.82 KIPS)
** Heartbeat:  85% -- { 85000187 } -- 250.00 KIPS (296.17 KIPS)
** Heartbeat:  86% -- { 86000189 } -- 333.33 KIPS (296.55 KIPS)
** Heartbeat:  87% -- { 87000190 } -- 333.33 KIPS (296.93 KIPS)
** Heartbeat:  88% -- { 88000191 } -- 250.00 KIPS (296.30 KIPS)
** Heartbeat:  89% -- { 89000193 } -- 250.00 KIPS (295.68 KIPS)
** Heartbeat:  90% -- { 90000194 } -- 333.33 KIPS (296.05 KIPS)
** Heartbeat:  91% -- { 91000196 } -- 250.00 KIPS (295.46 KIPS)
** Heartbeat:  92% -- { 92000198 } -- 333.33 KIPS (295.82 KIPS)
** Heartbeat:  93% -- { 93000201 } -- 333.33 KIPS (296.18 KIPS)
** Heartbeat:  94% -- { 94000201 } -- 250.00 KIPS (295.60 KIPS)
** Heartbeat:  95% -- { 95000204 } -- 333.33 KIPS (295.95 KIPS)
** Heartbeat:  96% -- { 96000207 } -- 250.00 KIPS (295.39 KIPS)
** Heartbeat:  97% -- { 97000207 } -- 333.33 KIPS (295.73 KIPS)
** Heartbeat:  98% -- { 98000211 } -- 333.33 KIPS (296.07 KIPS)
** Heartbeat:  99% -- { 99000215 } -- 250.00 KIPS (295.52 KIPS)
** Core 0 Finished:    insts:100000000   cycles:43494266    time:13591958125000      -- 2.30 IPC (2.30 IPC) --  N/A  KIPS (295.86 KIPS)
done
Scarab finished at Thu May  4 21:45:56 2023

