/* -*- Mode: c -*- */
####################################################################################################
Core 0
####################################################################################################
Cumulative:        Cycles: 14362127              Instructions: 10000000              IPC: 0.69628

EXECUTION_TIME                           4488164687500                  4488164687500              

NODE_CYCLE                                    14362127                       14362127              

NODE_INST_COUNT                               10000000                       10000000              

NODE_UOP_COUNT                                11968927                       11968927              

FULL_WINDOW_STALL                              4354438       30.319%          4354438       30.319%

FULL_WINDOW_MEM_OP                             3910870       95.822%          3910870       95.822%
FULL_WINDOW_FP_OP                                    0        0.000%                0        0.000%
FULL_WINDOW_OTHER_OP                            170501        4.178%           170501        4.178%
                                               4081371      100.000%          4081371      100.000%
                                                  0.08         0.39              0.08         0.39

RET_BLOCKED_DC_MISS                            7076911       49.275%          7076911       49.275%

RET_BLOCKED_L1_MISS                            6392813       44.512%          6392813       44.512%

RET_BLOCKED_L1_MISS_BW_PREF                      12447        0.087%            12447        0.087%

RET_BLOCKED_L1_ACCESS                           685675        4.774%           685675        4.774%

RET_BLOCKED_MEM_STALL                          6392819       44.512%          6392819       44.512%

RET_BLOCKED_OFFCHIP_DEMAND                           0        0.000%                0        0.000%

OP_ISSUED                                     11969145                       11969145              

OP_RETIRED                                    11968927                       11968927              

REPLAY_SIGNALED                                      0                              0              

REPLAY_COUNTED                                       0                              0              

OFF_CRITICAL_PATH                                    0         -nan%                0         -nan%
ON_CRITICAL_PATH                                     0         -nan%                0         -nan%
                                                     0         -nan%                0         -nan%
                                                  -nan         -nan              -nan         -nan

LD_NO_DEPENDENTS                                 21782        0.634%            21782        0.634%
LD_DEPENDENTS                                  3415295       99.366%          3415295       99.366%
                                               3437077      100.000%          3437077      100.000%
                                                  0.99         0.99              0.99         0.99

LD_EXEC_CYCLES_0                                     0        0.000%                0        0.000%
LD_EXEC_CYCLES_1                                     0        0.000%                0        0.000%
LD_EXEC_CYCLES_2                                     0        0.000%                0        0.000%
LD_EXEC_CYCLES_3                                     0        0.000%                0        0.000%
LD_EXEC_CYCLES_4                               2125218      100.000%          2125218      100.000%
                                               2125218      100.000%          2125218      100.000%
                                                  4.00         4.00              4.00         4.00

FU_BUSY_0                                      5092407                        5092407              

FU_BUSY_1                                      3898130                        3898130              

FU_BUSY_2                                      2801939                        2801939              

FU_BUSY_3                                      2093292                        2093292              

FU_BUSY_4                                      1362997                        1362997              

FU_BUSY_5                                       945143                         945143              

FU_BUSY_6                                       507031                         507031              

FU_BUSY_7                                       280969                         280969              

FU_BUSY_8                                            0                              0              

FU_BUSY_9                                            0                              0              

FU_BUSY_10                                           0                              0              

FU_BUSY_11                                           0                              0              

FU_BUSY_12                                           0                              0              

FU_BUSY_13                                           0                              0              

FU_BUSY_14                                           0                              0              

FU_BUSY_15                                           0                              0              

FU_BUSY_16                                           0                              0              

FU_BUSY_17                                           0                              0              

FU_BUSY_18                                           0                              0              

FU_BUSY_19                                           0                              0              

FU_BUSY_20                                           0                              0              

FU_BUSY_21                                           0                              0              

FU_BUSY_22                                           0                              0              

FU_BUSY_23                                           0                              0              

FU_BUSY_24                                           0                              0              

FU_BUSY_25                                           0                              0              

FU_BUSY_26                                           0                              0              

FU_BUSY_27                                           0                              0              

FU_BUSY_28                                           0                              0              

FU_BUSY_29                                           0                              0              

FU_BUSY_30                                           0                              0              

FU_BUSY_31                                           0                              0              

OP_WAIT_0                                      7855798                        7855798              

OP_WAIT_1                                      3285421                        3285421              

OP_WAIT_2                                       654201                         654201              

OP_WAIT_3                                       114825                         114825              

OP_WAIT_4                                        21936                          21936              

OP_WAIT_5                                        10320                          10320              

OP_WAIT_6                                         8823                           8823              

OP_WAIT_7                                         3900                           3900              

OP_WAIT_8                                         2687                           2687              

OP_WAIT_9                                         1984                           1984              

OP_WAIT_10                                        1493                           1493              

OP_WAIT_11                                        1149                           1149              

OP_WAIT_12                                         943                            943              

OP_WAIT_13                                         861                            861              

OP_WAIT_14                                         817                            817              

OP_WAIT_15                                         583                            583              

OP_WAIT_16                                         405                            405              

OP_WAIT_17                                         392                            392              

OP_WAIT_18                                         192                            192              

OP_WAIT_19                                         215                            215              

OP_WAIT_20                                         141                            141              

OP_WAIT_21                                          96                             96              

OP_WAIT_22                                          93                             93              

OP_WAIT_23                                          61                             61              

OP_WAIT_24                                          78                             78              

OP_WAIT_25                                          76                             76              

OP_WAIT_26                                          58                             58              

OP_WAIT_27                                          63                             63              

OP_WAIT_28                                          44                             44              

OP_WAIT_29                                          40                             40              

OP_WAIT_30                                          89                             89              

OP_WAIT_31                                        1143                           1143              

ROW_SIZE_0                                     9366124                        9366124              

ROW_SIZE_1                                      906271                         906271              

ROW_SIZE_2                                      262847                         262847              

ROW_SIZE_3                                      139087                         139087              

ROW_SIZE_4                                      168825                         168825              

ROW_SIZE_5                                       46813                          46813              

ROW_SIZE_6                                     1535056                        1535056              

ROW_SIZE_7                                           0                              0              

ROW_SIZE_8                                           0                              0              

ROW_SIZE_9                                           0                              0              

ROW_SIZE_10                                          0                              0              

ROW_SIZE_11                                          0                              0              

ROW_SIZE_12                                          0                              0              

ROW_SIZE_13                                          0                              0              

ROW_SIZE_14                                          0                              0              

ROW_SIZE_15                                          0                              0              

ROW_SIZE_16                                          0                              0              

ROW_SIZE_17                                          0                              0              

ROW_SIZE_18                                          0                              0              

ROW_SIZE_19                                          0                              0              

ROW_SIZE_20                                          0                              0              

ROW_SIZE_21                                          0                              0              

ROW_SIZE_22                                          0                              0              

ROW_SIZE_23                                          0                              0              

ROW_SIZE_24                                          0                              0              

ROW_SIZE_25                                          0                              0              

ROW_SIZE_26                                          0                              0              

ROW_SIZE_27                                          0                              0              

ROW_SIZE_28                                          0                              0              

ROW_SIZE_29                                          0                              0              

ROW_SIZE_30                                          0                              0              

ROW_SIZE_31                                          0                              0              

RET_OP_EXEC_COUNT_0                                  0        0.000%                0        0.000%
RET_OP_EXEC_COUNT_1                           11968927      100.000%         11968927      100.000%
RET_OP_EXEC_COUNT_2                                  0        0.000%                0        0.000%
RET_OP_EXEC_COUNT_3                                  0        0.000%                0        0.000%
RET_OP_EXEC_COUNT_4                                  0        0.000%                0        0.000%
RET_OP_EXEC_COUNT_5                                  0        0.000%                0        0.000%
RET_OP_EXEC_COUNT_6                                  0        0.000%                0        0.000%
RET_OP_EXEC_COUNT_7                                  0        0.000%                0        0.000%
RET_OP_EXEC_COUNT_8                                  0        0.000%                0        0.000%
RET_OP_EXEC_COUNT_9                                  0        0.000%                0        0.000%
RET_OP_EXEC_COUNT_10                                 0        0.000%                0        0.000%
RET_OP_EXEC_COUNT_11                                 0        0.000%                0        0.000%
RET_OP_EXEC_COUNT_12                                 0        0.000%                0        0.000%
RET_OP_EXEC_COUNT_13                                 0        0.000%                0        0.000%
RET_OP_EXEC_COUNT_14                                 0        0.000%                0        0.000%
RET_OP_EXEC_COUNT_15                                 0        0.000%                0        0.000%
RET_OP_EXEC_COUNT_16                                 0        0.000%                0        0.000%
RET_OP_EXEC_COUNT_17                                 0        0.000%                0        0.000%
RET_OP_EXEC_COUNT_18                                 0        0.000%                0        0.000%
RET_OP_EXEC_COUNT_19                                 0        0.000%                0        0.000%
RET_OP_EXEC_COUNT_20                                 0        0.000%                0        0.000%
RET_OP_EXEC_COUNT_21                                 0        0.000%                0        0.000%
RET_OP_EXEC_COUNT_22                                 0        0.000%                0        0.000%
RET_OP_EXEC_COUNT_23                                 0        0.000%                0        0.000%
RET_OP_EXEC_COUNT_24                                 0        0.000%                0        0.000%
RET_OP_EXEC_COUNT_25                                 0        0.000%                0        0.000%
RET_OP_EXEC_COUNT_26                                 0        0.000%                0        0.000%
RET_OP_EXEC_COUNT_27                                 0        0.000%                0        0.000%
RET_OP_EXEC_COUNT_28                                 0        0.000%                0        0.000%
RET_OP_EXEC_COUNT_29                                 0        0.000%                0        0.000%
RET_OP_EXEC_COUNT_30                                 0        0.000%                0        0.000%
RET_OP_EXEC_COUNT_31                                 0        0.000%                0        0.000%
RET_OP_EXEC_COUNT_32                                 0        0.000%                0        0.000%
                                              11968927      100.000%         11968927      100.000%
                                                  1.00         0.00              1.00         0.00

RET_STALL_LENGTH_0                            11942559       99.780%         11942559       99.780%
RET_STALL_LENGTH_100                             21504        0.180%            21504        0.180%
RET_STALL_LENGTH_200                              1601        0.013%             1601        0.013%
RET_STALL_LENGTH_300                               795        0.007%              795        0.007%
RET_STALL_LENGTH_400                               757        0.006%              757        0.006%
RET_STALL_LENGTH_500                               559        0.005%              559        0.005%
RET_STALL_LENGTH_600                               512        0.004%              512        0.004%
RET_STALL_LENGTH_700                               164        0.001%              164        0.001%
RET_STALL_LENGTH_800                                72        0.001%               72        0.001%
RET_STALL_LENGTH_900                                36        0.000%               36        0.000%
RET_STALL_LENGTH_1000                               22        0.000%               22        0.000%
RET_STALL_LENGTH_1100                               24        0.000%               24        0.000%
RET_STALL_LENGTH_1200                              186        0.002%              186        0.002%
RET_STALL_LENGTH_1300                               49        0.000%               49        0.000%
RET_STALL_LENGTH_1400                               13        0.000%               13        0.000%
RET_STALL_LENGTH_1500                               20        0.000%               20        0.000%
RET_STALL_LENGTH_1600                               12        0.000%               12        0.000%
RET_STALL_LENGTH_1700                               14        0.000%               14        0.000%
RET_STALL_LENGTH_1800                                9        0.000%                9        0.000%
RET_STALL_LENGTH_1900                                9        0.000%                9        0.000%
RET_STALL_LENGTH_2000                                1        0.000%                1        0.000%
RET_STALL_LENGTH_2100                                5        0.000%                5        0.000%
RET_STALL_LENGTH_2200                                2        0.000%                2        0.000%
RET_STALL_LENGTH_2300                                0        0.000%                0        0.000%
RET_STALL_LENGTH_2400                                0        0.000%                0        0.000%
RET_STALL_LENGTH_2500                                2        0.000%                2        0.000%
RET_STALL_LENGTH_2600                                0        0.000%                0        0.000%
RET_STALL_LENGTH_2700                                0        0.000%                0        0.000%
RET_STALL_LENGTH_2800                                0        0.000%                0        0.000%
RET_STALL_LENGTH_2900                                0        0.000%                0        0.000%
RET_STALL_LENGTH_3000                                0        0.000%                0        0.000%
RET_STALL_LENGTH_3100                                0        0.000%                0        0.000%
RET_STALL_LENGTH_3200                                0        0.000%                0        0.000%
RET_STALL_LENGTH_3300                                0        0.000%                0        0.000%
RET_STALL_LENGTH_3400                                0        0.000%                0        0.000%
RET_STALL_LENGTH_3500                                0        0.000%                0        0.000%
RET_STALL_LENGTH_3600                                0        0.000%                0        0.000%
RET_STALL_LENGTH_3700                                0        0.000%                0        0.000%
RET_STALL_LENGTH_3800                                0        0.000%                0        0.000%
RET_STALL_LENGTH_3900                                0        0.000%                0        0.000%
RET_STALL_LENGTH_4000                                0        0.000%                0        0.000%
RET_STALL_LENGTH_4100                                0        0.000%                0        0.000%
RET_STALL_LENGTH_4200                                0        0.000%                0        0.000%
RET_STALL_LENGTH_4300                                0        0.000%                0        0.000%
RET_STALL_LENGTH_4400                                0        0.000%                0        0.000%
RET_STALL_LENGTH_4500                                0        0.000%                0        0.000%
RET_STALL_LENGTH_4600                                0        0.000%                0        0.000%
RET_STALL_LENGTH_4700                                0        0.000%                0        0.000%
RET_STALL_LENGTH_4800                                0        0.000%                0        0.000%
RET_STALL_LENGTH_4900                                0        0.000%                0        0.000%
RET_STALL_LENGTH_5000                                0        0.000%                0        0.000%
                                              11968927      100.000%         11968927      100.000%
                                                  0.00         0.12              0.00         0.12

MEM_BLOCK_LENGTH_0                                9951       95.216%             9951       95.216%
MEM_BLOCK_LENGTH_100                               425        4.067%              425        4.067%
MEM_BLOCK_LENGTH_200                                41        0.392%               41        0.392%
MEM_BLOCK_LENGTH_300                                 4        0.038%                4        0.038%
MEM_BLOCK_LENGTH_400                                 0        0.000%                0        0.000%
MEM_BLOCK_LENGTH_500                                 6        0.057%                6        0.057%
MEM_BLOCK_LENGTH_600                                 0        0.000%                0        0.000%
MEM_BLOCK_LENGTH_700                                 4        0.038%                4        0.038%
MEM_BLOCK_LENGTH_800                                 1        0.010%                1        0.010%
MEM_BLOCK_LENGTH_900                                 4        0.038%                4        0.038%
MEM_BLOCK_LENGTH_1000                                0        0.000%                0        0.000%
MEM_BLOCK_LENGTH_1100                                1        0.010%                1        0.010%
MEM_BLOCK_LENGTH_1200                               10        0.096%               10        0.096%
MEM_BLOCK_LENGTH_1300                                4        0.038%                4        0.038%
MEM_BLOCK_LENGTH_1400                                0        0.000%                0        0.000%
MEM_BLOCK_LENGTH_1500                                0        0.000%                0        0.000%
MEM_BLOCK_LENGTH_1600                                0        0.000%                0        0.000%
MEM_BLOCK_LENGTH_1700                                0        0.000%                0        0.000%
MEM_BLOCK_LENGTH_1800                                0        0.000%                0        0.000%
MEM_BLOCK_LENGTH_1900                                0        0.000%                0        0.000%
MEM_BLOCK_LENGTH_2000                                0        0.000%                0        0.000%
MEM_BLOCK_LENGTH_2100                                0        0.000%                0        0.000%
MEM_BLOCK_LENGTH_2200                                0        0.000%                0        0.000%
MEM_BLOCK_LENGTH_2300                                0        0.000%                0        0.000%
MEM_BLOCK_LENGTH_2400                                0        0.000%                0        0.000%
MEM_BLOCK_LENGTH_2500                                0        0.000%                0        0.000%
MEM_BLOCK_LENGTH_2600                                0        0.000%                0        0.000%
MEM_BLOCK_LENGTH_2700                                0        0.000%                0        0.000%
MEM_BLOCK_LENGTH_2800                                0        0.000%                0        0.000%
MEM_BLOCK_LENGTH_2900                                0        0.000%                0        0.000%
MEM_BLOCK_LENGTH_3000                                0        0.000%                0        0.000%
MEM_BLOCK_LENGTH_3100                                0        0.000%                0        0.000%
MEM_BLOCK_LENGTH_3200                                0        0.000%                0        0.000%
MEM_BLOCK_LENGTH_3300                                0        0.000%                0        0.000%
MEM_BLOCK_LENGTH_3400                                0        0.000%                0        0.000%
MEM_BLOCK_LENGTH_3500                                0        0.000%                0        0.000%
MEM_BLOCK_LENGTH_3600                                0        0.000%                0        0.000%
MEM_BLOCK_LENGTH_3700                                0        0.000%                0        0.000%
MEM_BLOCK_LENGTH_3800                                0        0.000%                0        0.000%
MEM_BLOCK_LENGTH_3900                                0        0.000%                0        0.000%
MEM_BLOCK_LENGTH_4000                                0        0.000%                0        0.000%
MEM_BLOCK_LENGTH_4100                                0        0.000%                0        0.000%
MEM_BLOCK_LENGTH_4200                                0        0.000%                0        0.000%
MEM_BLOCK_LENGTH_4300                                0        0.000%                0        0.000%
MEM_BLOCK_LENGTH_4400                                0        0.000%                0        0.000%
MEM_BLOCK_LENGTH_4500                                0        0.000%                0        0.000%
MEM_BLOCK_LENGTH_4600                                0        0.000%                0        0.000%
MEM_BLOCK_LENGTH_4700                                0        0.000%                0        0.000%
MEM_BLOCK_LENGTH_4800                                0        0.000%                0        0.000%
MEM_BLOCK_LENGTH_4900                                0        0.000%                0        0.000%
MEM_BLOCK_LENGTH_5000                                0        0.000%                0        0.000%
                                                 10451      100.000%            10451      100.000%
                                                  0.08         0.58              0.08         0.58

FUS_BUSY_ON_PATH                              16981908        1.1824         16981908        1.1824

FUS_BUSY_OFF_PATH                                    0        0.0000                0        0.0000

FU_BUSY_MEM_STALL                              4663105        0.3247          4663105        0.3247

FUS_EMPTY                                     97915108        6.8176         97915108        6.8176

CHIP_UTILIZATION                                     0        0.0000                0        0.0000

CYCLES_UNDER_MEM_REQ                                 0                              0              

CYCLES_UNDER_NO_MEM_REQ                              0                              0              

CYCLES_UNDER_CRITICAL_MEM_REQ                        0                              0              

CYCLES_UNDER_NONCRITICAL_MEM_REQ                     0                              0              

CHIP_UTILIZATION_UNDER_MEM_REQ                       0          -nan                0          -nan

CHIP_UTILIZATION_UNDER_NO_MEM_REQ                    0          -nan                0          -nan

CHIP_UTILIZATION_UNDER_CRITICAL_MEM_REQ              0          -nan                0          -nan

CHIP_UTILIZATION_UNDER_NONCRITICAL_MEM_REQ             0          -nan                0          -nan

CYCLES_NOT_WAITING_FOR_OFF_CHIP                      0        0.0000                0        0.0000

FUS_BUSY_NOT_WAITING_FOR_OFF_CHIP                    0          -nan                0          -nan

CYCLES_WAITING_FOR_OFF_CHIP                          0        0.0000                0        0.0000

FUS_BUSY_WAITING_FOR_OFF_CHIP                        0          -nan                0          -nan

TOTAL_OFF_CHIP_DELAYS_LEFT                           0                              0              

WRONG_IO_SCHED                                       0                              0              

DVFS_CONFIG_SWITCH                                   0                              0              



