/* -*- Mode: c -*- */
####################################################################################################
Core 0
####################################################################################################
Cumulative:        Cycles: 14362127              Instructions: 10000000              IPC: 0.69628

PREF_DL0REQ_QUEUE_HIT_BY_DEMAND                      0                              0              

PREF_UMLC_REQ_QUEUE_HIT_BY_DEMAND                    0                              0              

PREF_UL1REQ_QUEUE_HIT_BY_DEMAND                      0                              0              

PREF_DL0REQ_QUEUE_FULL                               0                              0              

PREF_UMLC_REQ_QUEUE_FULL                             0                              0              

PREF_UL1REQ_QUEUE_FULL                               3                              3              

PREF_DC_HIT_NOSEND                                   0                              0              

PREF_WBQDC_HIT_NOSEND                                0                              0              

PREF_MLCQ_STALL                                      0                              0              

PREF_L1Q_STALL                                       0                              0              

PREF_UMLC_REQ_SEND_QUEUE_STALL                       0                              0              

PREF_UL1REQ_SEND_QUEUE_STALL                   1443761                        1443761              

PREF_UMLC_REQ_QUEUE_SENTREQ                          0                              0              

PREF_UL1REQ_QUEUE_SENTREQ                       280979                         280979              

PREF_NEWREQ_MATCHED                                356                            356              

PREF_UMLC_REQ_QUEUE_MATCHED_REQ                      0                              0              

PREF_UL1REQ_QUEUE_MATCHED_REQ                     4866                           4866              

PREF_DL0REQ_QUEUE_MATCHED_REQ                        0                              0              

L1_PREF_HIT                                     234641                         234641              

L1_PREF_UNIQUE_HIT                              172840                         172840              

L1_PREF_LATE                                      4370                           4370              

L1_LATE_PREF_CYCLES                            1546902                        1546902              

L1_LATE_PREF_CYCLES_DIST_0                         474       10.847%              474       10.847%
L1_LATE_PREF_CYCLES_DIST_100                       418        9.565%              418        9.565%
L1_LATE_PREF_CYCLES_DIST_200                       815       18.650%              815       18.650%
L1_LATE_PREF_CYCLES_DIST_300                      1117       25.561%             1117       25.561%
L1_LATE_PREF_CYCLES_DIST_400                       784       17.941%              784       17.941%
L1_LATE_PREF_CYCLES_DIST_500                       392        8.970%              392        8.970%
L1_LATE_PREF_CYCLES_DIST_600                       164        3.753%              164        3.753%
L1_LATE_PREF_CYCLES_DIST_700                        86        1.968%               86        1.968%
L1_LATE_PREF_CYCLES_DIST_800                        52        1.190%               52        1.190%
L1_LATE_PREF_CYCLES_DIST_900                        10        0.229%               10        0.229%
L1_LATE_PREF_CYCLES_DIST_1000                       11        0.252%               11        0.252%
L1_LATE_PREF_CYCLES_DIST_1100                        3        0.069%                3        0.069%
L1_LATE_PREF_CYCLES_DIST_1200                        2        0.046%                2        0.046%
L1_LATE_PREF_CYCLES_DIST_1300                        1        0.023%                1        0.023%
L1_LATE_PREF_CYCLES_DIST_1400                        5        0.114%                5        0.114%
L1_LATE_PREF_CYCLES_DIST_1500                        6        0.137%                6        0.137%
L1_LATE_PREF_CYCLES_DIST_1600                       12        0.275%               12        0.275%
L1_LATE_PREF_CYCLES_DIST_1700                        6        0.137%                6        0.137%
L1_LATE_PREF_CYCLES_DIST_1800                        3        0.069%                3        0.069%
L1_LATE_PREF_CYCLES_DIST_1900                        5        0.114%                5        0.114%
L1_LATE_PREF_CYCLES_DIST_2000                        4        0.092%                4        0.092%
                                                  4370      100.000%             4370      100.000%
                                                  3.08         2.02              3.08         2.02

MLC_PREF_HIT                                         0                              0              

MLC_PREF_UNIQUE_HIT                                  0                              0              

MLC_PREF_LATE                                        0                              0              

PREF_HYBRID_SEL_0                                    0         -nan%                0         -nan%
PREF_HYBRID_SEL_1                                    0         -nan%                0         -nan%
PREF_HYBRID_SEL_2                                    0         -nan%                0         -nan%
PREF_HYBRID_SEL_3                                    0         -nan%                0         -nan%
PREF_HYBRID_SEL_4                                    0         -nan%                0         -nan%
PREF_HYBRID_SEL_5                                    0         -nan%                0         -nan%
PREF_HYBRID_SEL_6                                    0         -nan%                0         -nan%
                                                     0         -nan%                0         -nan%
                                                  -nan         -nan              -nan         -nan

PREF_DISTANCE_1                                      0        0.000%                0        0.000%
PREF_DISTANCE_2                                      0        0.000%                0        0.000%
PREF_DISTANCE_3                                      0        0.000%                0        0.000%
PREF_DISTANCE_4                                      1        2.439%                1        2.439%
PREF_DISTANCE_5                                     40       97.561%               40       97.561%
PREF_DISTANCE_6                                      0        0.000%                0        0.000%
PREF_DISTANCE_7                                      0        0.000%                0        0.000%
PREF_DISTANCE_8                                      0        0.000%                0        0.000%
PREF_DISTANCE_9                                      0        0.000%                0        0.000%
PREF_DISTANCE_10                                     0        0.000%                0        0.000%
                                                    41      100.000%               41      100.000%
                                                  3.98         0.16              3.98         0.16

PREF_REPL_MRU                                        0         -nan%                0         -nan%
PREF_REPL_MID                                        0         -nan%                0         -nan%
PREF_REPL_LOWQTR                                     0         -nan%                0         -nan%
PREF_REPL_LRU                                        0         -nan%                0         -nan%
                                                     0         -nan%                0         -nan%
                                                  -nan         -nan              -nan         -nan

PREF_REPL_MOVEDOWN                                   0         -nan%                0         -nan%
PREF_REPL_MOVEUP                                     0         -nan%                0         -nan%
                                                     0         -nan%                0         -nan%
                                                  -nan         -nan              -nan         -nan

PREF_COV_1                                           0         -nan%                0         -nan%
PREF_COV_2                                           0         -nan%                0         -nan%
PREF_COV_3                                           0         -nan%                0         -nan%
PREF_COV_4                                           0         -nan%                0         -nan%
PREF_COV_5                                           0         -nan%                0         -nan%
PREF_COV_6                                           0         -nan%                0         -nan%
PREF_COV_7                                           0         -nan%                0         -nan%
PREF_COV_8                                           0         -nan%                0         -nan%
PREF_COV_9                                           0         -nan%                0         -nan%
PREF_COV_10                                          0         -nan%                0         -nan%
                                                     0         -nan%                0         -nan%
                                                  -nan         -nan              -nan         -nan

PREF_POL_1                                           0        0.000%                0        0.000%
PREF_POL_2                                           0        0.000%                0        0.000%
PREF_POL_3                                           0        0.000%                0        0.000%
PREF_POL_4                                           0        0.000%                0        0.000%
PREF_POL_5                                           0        0.000%                0        0.000%
PREF_POL_6                                           0        0.000%                0        0.000%
PREF_POL_7                                           0        0.000%                0        0.000%
PREF_POL_8                                           0        0.000%                0        0.000%
PREF_POL_9                                           0        0.000%                0        0.000%
PREF_POL_10                                         41      100.000%               41      100.000%
                                                    41      100.000%               41      100.000%
                                                  9.00         9.11              9.00         9.11

PREF_ACC_1                                          41      100.000%               41      100.000%
PREF_ACC_2                                           0        0.000%                0        0.000%
PREF_ACC_3                                           0        0.000%                0        0.000%
PREF_ACC_4                                           0        0.000%                0        0.000%
PREF_ACC_5                                           0        0.000%                0        0.000%
PREF_ACC_6                                           0        0.000%                0        0.000%
PREF_ACC_7                                           0        0.000%                0        0.000%
PREF_ACC_8                                           0        0.000%                0        0.000%
PREF_ACC_9                                           0        0.000%                0        0.000%
PREF_ACC_10                                          0        0.000%                0        0.000%
                                                    41      100.000%               41      100.000%
                                                  0.00         0.00              0.00         0.00

PREF_TIMELY_1                                        0        0.000%                0        0.000%
PREF_TIMELY_2                                        0        0.000%                0        0.000%
PREF_TIMELY_3                                        0        0.000%                0        0.000%
PREF_TIMELY_4                                        0        0.000%                0        0.000%
PREF_TIMELY_5                                        0        0.000%                0        0.000%
PREF_TIMELY_6                                        0        0.000%                0        0.000%
PREF_TIMELY_7                                        1        2.439%                1        2.439%
PREF_TIMELY_8                                        0        0.000%                0        0.000%
PREF_TIMELY_9                                        2        4.878%                2        4.878%
PREF_TIMELY_10                                      38       92.683%               38       92.683%
                                                    41      100.000%               41      100.000%
                                                  8.88         8.67              8.88         8.67

PREF_UNUSED_EVICT                                 6867                           6867              

PREF_REGION_SENT                                     0                              0              

PREF_REGION_USEFUL                                   0                              0              

PREF_REGION_EVICT                                    0                              0              

PREF_PFPOL                                           0                              0              

PREF_PHASE_NEWPHASE_DET                              0                              0              

PREF_PHASE_NEWPHASE_NOTVALID                         0                              0              

PREF_PHASE_SENTPREF                                  0                              0              

PREF_PHASE_OVERWRITE_PAGE                            0                              0              

PREF_UPDATE_COUNT                                   41                             41              

PREF_ACC1_HT_HP                                      0        0.000%                0        0.000%
PREF_ACC1_HT_LP                                     34       82.927%               34       82.927%
PREF_ACC1_LT_HP                                      0        0.000%                0        0.000%
PREF_ACC1_LT_LP                                      7       17.073%                7       17.073%
PREF_ACC2_HT_HP                                      0        0.000%                0        0.000%
PREF_ACC2_HT_LP                                      0        0.000%                0        0.000%
PREF_ACC2_LT_HP                                      0        0.000%                0        0.000%
PREF_ACC2_LT_LP                                      0        0.000%                0        0.000%
PREF_ACC3_HT_HP                                      0        0.000%                0        0.000%
PREF_ACC3_HT_LP                                      0        0.000%                0        0.000%
PREF_ACC3_LT_HP                                      0        0.000%                0        0.000%
PREF_ACC3_LT_LP                                      0        0.000%                0        0.000%
PREF_ACC4_HT_HP                                      0        0.000%                0        0.000%
PREF_ACC4_HT_LP                                      0        0.000%                0        0.000%
PREF_ACC4_LT_HP                                      0        0.000%                0        0.000%
PREF_ACC4_LT_LP                                      0        0.000%                0        0.000%
                                                    41      100.000%               41      100.000%
                                                  1.34         0.76              1.34         0.76



