/* -*- Mode: c -*- */
####################################################################################################
Core 0
####################################################################################################
Cumulative:        Cycles: 99495664              Instructions: 100000000             IPC: 1.00507

EXECUTION_TIME                           31092395000000                  31092395000000              

NODE_CYCLE                                    99495664                       99495664              

NODE_INST_COUNT                              100000000                      100000000              

NODE_UOP_COUNT                               122678423                      122678423              

FULL_WINDOW_STALL                             11931353       11.992%         11931353       11.992%

FULL_WINDOW_MEM_OP                            10725313       98.884%         10725313       98.884%
FULL_WINDOW_FP_OP                                   24        0.000%               24        0.000%
FULL_WINDOW_OTHER_OP                            120977        1.115%           120977        1.115%
                                              10846314      100.000%         10846314      100.000%
                                                  0.02         0.21              0.02         0.21

RET_BLOCKED_DC_MISS                           58244647       58.540%         58244647       58.540%

RET_BLOCKED_L1_MISS                           39499425       39.700%         39499425       39.700%

RET_BLOCKED_L1_MISS_BW_PREF                    1935668        1.945%          1935668        1.945%

RET_BLOCKED_L1_ACCESS                         18774884       18.870%         18774884       18.870%

RET_BLOCKED_MEM_STALL                         39504423       39.705%         39504423       39.705%

RET_BLOCKED_OFFCHIP_DEMAND                           0        0.000%                0        0.000%

OP_ISSUED                                    122678521                      122678521              

OP_RETIRED                                   122678423                      122678423              

REPLAY_SIGNALED                                      0                              0              

REPLAY_COUNTED                                       0                              0              

OFF_CRITICAL_PATH                                    0         -nan%                0         -nan%
ON_CRITICAL_PATH                                     0         -nan%                0         -nan%
                                                     0         -nan%                0         -nan%
                                                  -nan         -nan              -nan         -nan

LD_NO_DEPENDENTS                               2039868        7.064%          2039868        7.064%
LD_DEPENDENTS                                 26836556       92.936%         26836556       92.936%
                                              28876424      100.000%         28876424      100.000%
                                                  0.93         0.90              0.93         0.90

LD_EXEC_CYCLES_0                                     0        0.000%                0        0.000%
LD_EXEC_CYCLES_1                                     0        0.000%                0        0.000%
LD_EXEC_CYCLES_2                                     0        0.000%                0        0.000%
LD_EXEC_CYCLES_3                              19820546       92.588%         19820546       92.588%
LD_EXEC_CYCLES_4                               1586715        7.412%          1586715        7.412%
                                              21407261      100.000%         21407261      100.000%
                                                  3.07         0.88              3.07         0.88

FU_BUSY_0                                     36946874                       36946874              

FU_BUSY_1                                     29212547                       29212547              

FU_BUSY_2                                     21962929                       21962929              

FU_BUSY_3                                     16068180                       16068180              

FU_BUSY_4                                      9691315                        9691315              

FU_BUSY_5                                      6526863                        6526863              

FU_BUSY_6                                      4485938                        4485938              

FU_BUSY_7                                      2964345                        2964345              

FU_BUSY_8                                            0                              0              

FU_BUSY_9                                            0                              0              

FU_BUSY_10                                           0                              0              

FU_BUSY_11                                           0                              0              

FU_BUSY_12                                           0                              0              

FU_BUSY_13                                           0                              0              

FU_BUSY_14                                           0                              0              

FU_BUSY_15                                           0                              0              

FU_BUSY_16                                           0                              0              

FU_BUSY_17                                           0                              0              

FU_BUSY_18                                           0                              0              

FU_BUSY_19                                           0                              0              

FU_BUSY_20                                           0                              0              

FU_BUSY_21                                           0                              0              

FU_BUSY_22                                           0                              0              

FU_BUSY_23                                           0                              0              

FU_BUSY_24                                           0                              0              

FU_BUSY_25                                           0                              0              

FU_BUSY_26                                           0                              0              

FU_BUSY_27                                           0                              0              

FU_BUSY_28                                           0                              0              

FU_BUSY_29                                           0                              0              

FU_BUSY_30                                           0                              0              

FU_BUSY_31                                           0                              0              

OP_WAIT_0                                     94664232                       94664232              

OP_WAIT_1                                     23055569                       23055569              

OP_WAIT_2                                      2569447                        2569447              

OP_WAIT_3                                       398178                         398178              

OP_WAIT_4                                       953349                         953349              

OP_WAIT_5                                       123695                         123695              

OP_WAIT_6                                       407618                         407618              

OP_WAIT_7                                        82493                          82493              

OP_WAIT_8                                        40304                          40304              

OP_WAIT_9                                        32900                          32900              

OP_WAIT_10                                       30981                          30981              

OP_WAIT_11                                       13675                          13675              

OP_WAIT_12                                        9564                           9564              

OP_WAIT_13                                        5082                           5082              

OP_WAIT_14                                        9605                           9605              

OP_WAIT_15                                        6594                           6594              

OP_WAIT_16                                       12775                          12775              

OP_WAIT_17                                       11126                          11126              

OP_WAIT_18                                       22085                          22085              

OP_WAIT_19                                        8771                           8771              

OP_WAIT_20                                       24551                          24551              

OP_WAIT_21                                       24881                          24881              

OP_WAIT_22                                       10894                          10894              

OP_WAIT_23                                        2046                           2046              

OP_WAIT_24                                         837                            837              

OP_WAIT_25                                        1106                           1106              

OP_WAIT_26                                        1427                           1427              

OP_WAIT_27                                        3312                           3312              

OP_WAIT_28                                        1413                           1413              

OP_WAIT_29                                         714                            714              

OP_WAIT_30                                        2358                           2358              

OP_WAIT_31                                      146841                         146841              

ROW_SIZE_0                                    61843471                       61843471              

ROW_SIZE_1                                     5340853                        5340853              

ROW_SIZE_2                                     2499761                        2499761              

ROW_SIZE_3                                     1881653                        1881653              

ROW_SIZE_4                                     1755289                        1755289              

ROW_SIZE_5                                      603235                         603235              

ROW_SIZE_6                                    16109293                       16109293              

ROW_SIZE_7                                           0                              0              

ROW_SIZE_8                                           0                              0              

ROW_SIZE_9                                           0                              0              

ROW_SIZE_10                                          0                              0              

ROW_SIZE_11                                          0                              0              

ROW_SIZE_12                                          0                              0              

ROW_SIZE_13                                          0                              0              

ROW_SIZE_14                                          0                              0              

ROW_SIZE_15                                          0                              0              

ROW_SIZE_16                                          0                              0              

ROW_SIZE_17                                          0                              0              

ROW_SIZE_18                                          0                              0              

ROW_SIZE_19                                          0                              0              

ROW_SIZE_20                                          0                              0              

ROW_SIZE_21                                          0                              0              

ROW_SIZE_22                                          0                              0              

ROW_SIZE_23                                          0                              0              

ROW_SIZE_24                                          0                              0              

ROW_SIZE_25                                          0                              0              

ROW_SIZE_26                                          0                              0              

ROW_SIZE_27                                          0                              0              

ROW_SIZE_28                                          0                              0              

ROW_SIZE_29                                          0                              0              

ROW_SIZE_30                                          0                              0              

ROW_SIZE_31                                          0                              0              

RET_OP_EXEC_COUNT_0                                  0        0.000%                0        0.000%
RET_OP_EXEC_COUNT_1                          122678423      100.000%        122678423      100.000%
RET_OP_EXEC_COUNT_2                                  0        0.000%                0        0.000%
RET_OP_EXEC_COUNT_3                                  0        0.000%                0        0.000%
RET_OP_EXEC_COUNT_4                                  0        0.000%                0        0.000%
RET_OP_EXEC_COUNT_5                                  0        0.000%                0        0.000%
RET_OP_EXEC_COUNT_6                                  0        0.000%                0        0.000%
RET_OP_EXEC_COUNT_7                                  0        0.000%                0        0.000%
RET_OP_EXEC_COUNT_8                                  0        0.000%                0        0.000%
RET_OP_EXEC_COUNT_9                                  0        0.000%                0        0.000%
RET_OP_EXEC_COUNT_10                                 0        0.000%                0        0.000%
RET_OP_EXEC_COUNT_11                                 0        0.000%                0        0.000%
RET_OP_EXEC_COUNT_12                                 0        0.000%                0        0.000%
RET_OP_EXEC_COUNT_13                                 0        0.000%                0        0.000%
RET_OP_EXEC_COUNT_14                                 0        0.000%                0        0.000%
RET_OP_EXEC_COUNT_15                                 0        0.000%                0        0.000%
RET_OP_EXEC_COUNT_16                                 0        0.000%                0        0.000%
RET_OP_EXEC_COUNT_17                                 0        0.000%                0        0.000%
RET_OP_EXEC_COUNT_18                                 0        0.000%                0        0.000%
RET_OP_EXEC_COUNT_19                                 0        0.000%                0        0.000%
RET_OP_EXEC_COUNT_20                                 0        0.000%                0        0.000%
RET_OP_EXEC_COUNT_21                                 0        0.000%                0        0.000%
RET_OP_EXEC_COUNT_22                                 0        0.000%                0        0.000%
RET_OP_EXEC_COUNT_23                                 0        0.000%                0        0.000%
RET_OP_EXEC_COUNT_24                                 0        0.000%                0        0.000%
RET_OP_EXEC_COUNT_25                                 0        0.000%                0        0.000%
RET_OP_EXEC_COUNT_26                                 0        0.000%                0        0.000%
RET_OP_EXEC_COUNT_27                                 0        0.000%                0        0.000%
RET_OP_EXEC_COUNT_28                                 0        0.000%                0        0.000%
RET_OP_EXEC_COUNT_29                                 0        0.000%                0        0.000%
RET_OP_EXEC_COUNT_30                                 0        0.000%                0        0.000%
RET_OP_EXEC_COUNT_31                                 0        0.000%                0        0.000%
RET_OP_EXEC_COUNT_32                                 0        0.000%                0        0.000%
                                             122678423      100.000%        122678423      100.000%
                                                  1.00         0.00              1.00         0.00

RET_STALL_LENGTH_0                           122519826       99.871%        122519826       99.871%
RET_STALL_LENGTH_100                            152829        0.125%           152829        0.125%
RET_STALL_LENGTH_200                              1343        0.001%             1343        0.001%
RET_STALL_LENGTH_300                               603        0.000%              603        0.000%
RET_STALL_LENGTH_400                               752        0.001%              752        0.001%
RET_STALL_LENGTH_500                               324        0.000%              324        0.000%
RET_STALL_LENGTH_600                               113        0.000%              113        0.000%
RET_STALL_LENGTH_700                                62        0.000%               62        0.000%
RET_STALL_LENGTH_800                                56        0.000%               56        0.000%
RET_STALL_LENGTH_900                                65        0.000%               65        0.000%
RET_STALL_LENGTH_1000                              103        0.000%              103        0.000%
RET_STALL_LENGTH_1100                              373        0.000%              373        0.000%
RET_STALL_LENGTH_1200                             1700        0.001%             1700        0.001%
RET_STALL_LENGTH_1300                              205        0.000%              205        0.000%
RET_STALL_LENGTH_1400                               37        0.000%               37        0.000%
RET_STALL_LENGTH_1500                                7        0.000%                7        0.000%
RET_STALL_LENGTH_1600                               11        0.000%               11        0.000%
RET_STALL_LENGTH_1700                                9        0.000%                9        0.000%
RET_STALL_LENGTH_1800                                4        0.000%                4        0.000%
RET_STALL_LENGTH_1900                                1        0.000%                1        0.000%
RET_STALL_LENGTH_2000                                0        0.000%                0        0.000%
RET_STALL_LENGTH_2100                                0        0.000%                0        0.000%
RET_STALL_LENGTH_2200                                0        0.000%                0        0.000%
RET_STALL_LENGTH_2300                                0        0.000%                0        0.000%
RET_STALL_LENGTH_2400                                0        0.000%                0        0.000%
RET_STALL_LENGTH_2500                                0        0.000%                0        0.000%
RET_STALL_LENGTH_2600                                0        0.000%                0        0.000%
RET_STALL_LENGTH_2700                                0        0.000%                0        0.000%
RET_STALL_LENGTH_2800                                0        0.000%                0        0.000%
RET_STALL_LENGTH_2900                                0        0.000%                0        0.000%
RET_STALL_LENGTH_3000                                0        0.000%                0        0.000%
RET_STALL_LENGTH_3100                                0        0.000%                0        0.000%
RET_STALL_LENGTH_3200                                0        0.000%                0        0.000%
RET_STALL_LENGTH_3300                                0        0.000%                0        0.000%
RET_STALL_LENGTH_3400                                0        0.000%                0        0.000%
RET_STALL_LENGTH_3500                                0        0.000%                0        0.000%
RET_STALL_LENGTH_3600                                0        0.000%                0        0.000%
RET_STALL_LENGTH_3700                                0        0.000%                0        0.000%
RET_STALL_LENGTH_3800                                0        0.000%                0        0.000%
RET_STALL_LENGTH_3900                                0        0.000%                0        0.000%
RET_STALL_LENGTH_4000                                0        0.000%                0        0.000%
RET_STALL_LENGTH_4100                                0        0.000%                0        0.000%
RET_STALL_LENGTH_4200                                0        0.000%                0        0.000%
RET_STALL_LENGTH_4300                                0        0.000%                0        0.000%
RET_STALL_LENGTH_4400                                0        0.000%                0        0.000%
RET_STALL_LENGTH_4500                                0        0.000%                0        0.000%
RET_STALL_LENGTH_4600                                0        0.000%                0        0.000%
RET_STALL_LENGTH_4700                                0        0.000%                0        0.000%
RET_STALL_LENGTH_4800                                0        0.000%                0        0.000%
RET_STALL_LENGTH_4900                                0        0.000%                0        0.000%
RET_STALL_LENGTH_5000                                0        0.000%                0        0.000%
                                             122678423      100.000%        122678423      100.000%
                                                  0.00         0.07              0.00         0.07

MEM_BLOCK_LENGTH_0                                 260       93.863%              260       93.863%
MEM_BLOCK_LENGTH_100                                 6        2.166%                6        2.166%
MEM_BLOCK_LENGTH_200                                 4        1.444%                4        1.444%
MEM_BLOCK_LENGTH_300                                 4        1.444%                4        1.444%
MEM_BLOCK_LENGTH_400                                 1        0.361%                1        0.361%
MEM_BLOCK_LENGTH_500                                 0        0.000%                0        0.000%
MEM_BLOCK_LENGTH_600                                 1        0.361%                1        0.361%
MEM_BLOCK_LENGTH_700                                 0        0.000%                0        0.000%
MEM_BLOCK_LENGTH_800                                 0        0.000%                0        0.000%
MEM_BLOCK_LENGTH_900                                 0        0.000%                0        0.000%
MEM_BLOCK_LENGTH_1000                                0        0.000%                0        0.000%
MEM_BLOCK_LENGTH_1100                                0        0.000%                0        0.000%
MEM_BLOCK_LENGTH_1200                                0        0.000%                0        0.000%
MEM_BLOCK_LENGTH_1300                                1        0.361%                1        0.361%
MEM_BLOCK_LENGTH_1400                                0        0.000%                0        0.000%
MEM_BLOCK_LENGTH_1500                                0        0.000%                0        0.000%
MEM_BLOCK_LENGTH_1600                                0        0.000%                0        0.000%
MEM_BLOCK_LENGTH_1700                                0        0.000%                0        0.000%
MEM_BLOCK_LENGTH_1800                                0        0.000%                0        0.000%
MEM_BLOCK_LENGTH_1900                                0        0.000%                0        0.000%
MEM_BLOCK_LENGTH_2000                                0        0.000%                0        0.000%
MEM_BLOCK_LENGTH_2100                                0        0.000%                0        0.000%
MEM_BLOCK_LENGTH_2200                                0        0.000%                0        0.000%
MEM_BLOCK_LENGTH_2300                                0        0.000%                0        0.000%
MEM_BLOCK_LENGTH_2400                                0        0.000%                0        0.000%
MEM_BLOCK_LENGTH_2500                                0        0.000%                0        0.000%
MEM_BLOCK_LENGTH_2600                                0        0.000%                0        0.000%
MEM_BLOCK_LENGTH_2700                                0        0.000%                0        0.000%
MEM_BLOCK_LENGTH_2800                                0        0.000%                0        0.000%
MEM_BLOCK_LENGTH_2900                                0        0.000%                0        0.000%
MEM_BLOCK_LENGTH_3000                                0        0.000%                0        0.000%
MEM_BLOCK_LENGTH_3100                                0        0.000%                0        0.000%
MEM_BLOCK_LENGTH_3200                                0        0.000%                0        0.000%
MEM_BLOCK_LENGTH_3300                                0        0.000%                0        0.000%
MEM_BLOCK_LENGTH_3400                                0        0.000%                0        0.000%
MEM_BLOCK_LENGTH_3500                                0        0.000%                0        0.000%
MEM_BLOCK_LENGTH_3600                                0        0.000%                0        0.000%
MEM_BLOCK_LENGTH_3700                                0        0.000%                0        0.000%
MEM_BLOCK_LENGTH_3800                                0        0.000%                0        0.000%
MEM_BLOCK_LENGTH_3900                                0        0.000%                0        0.000%
MEM_BLOCK_LENGTH_4000                                0        0.000%                0        0.000%
MEM_BLOCK_LENGTH_4100                                0        0.000%                0        0.000%
MEM_BLOCK_LENGTH_4200                                0        0.000%                0        0.000%
MEM_BLOCK_LENGTH_4300                                0        0.000%                0        0.000%
MEM_BLOCK_LENGTH_4400                                0        0.000%                0        0.000%
MEM_BLOCK_LENGTH_4500                                0        0.000%                0        0.000%
MEM_BLOCK_LENGTH_4600                                0        0.000%                0        0.000%
MEM_BLOCK_LENGTH_4700                                0        0.000%                0        0.000%
MEM_BLOCK_LENGTH_4800                                0        0.000%                0        0.000%
MEM_BLOCK_LENGTH_4900                                0        0.000%                0        0.000%
MEM_BLOCK_LENGTH_5000                                0        0.000%                0        0.000%
                                                   277      100.000%              277      100.000%
                                                  0.18         0.97              0.18         0.97

FUS_BUSY_ON_PATH                             127858991        1.2851        127858991        1.2851

FUS_BUSY_OFF_PATH                                    0        0.0000                0        0.0000

FU_BUSY_MEM_STALL                              4718840        0.0474          4718840        0.0474

FUS_EMPTY                                    668106321        6.7149        668106321        6.7149

CHIP_UTILIZATION                                     0        0.0000                0        0.0000

CYCLES_UNDER_MEM_REQ                                 0                              0              

CYCLES_UNDER_NO_MEM_REQ                              0                              0              

CYCLES_UNDER_CRITICAL_MEM_REQ                        0                              0              

CYCLES_UNDER_NONCRITICAL_MEM_REQ                     0                              0              

CHIP_UTILIZATION_UNDER_MEM_REQ                       0          -nan                0          -nan

CHIP_UTILIZATION_UNDER_NO_MEM_REQ                    0          -nan                0          -nan

CHIP_UTILIZATION_UNDER_CRITICAL_MEM_REQ              0          -nan                0          -nan

CHIP_UTILIZATION_UNDER_NONCRITICAL_MEM_REQ             0          -nan                0          -nan

CYCLES_NOT_WAITING_FOR_OFF_CHIP                      0        0.0000                0        0.0000

FUS_BUSY_NOT_WAITING_FOR_OFF_CHIP                    0          -nan                0          -nan

CYCLES_WAITING_FOR_OFF_CHIP                          0        0.0000                0        0.0000

FUS_BUSY_WAITING_FOR_OFF_CHIP                        0          -nan                0          -nan

TOTAL_OFF_CHIP_DELAYS_LEFT                           0                              0              

WRONG_IO_SCHED                                       0                              0              

DVFS_CONFIG_SWITCH                                   0                              0              



