               ramulator.active_cycles_0            23913117                                      # Total active cycles for level _0
                 ramulator.busy_cycles_0            23913117                                      # (All-bank refresh only. busy cycles only include refresh time in rank level) The sum of cycles that the DRAM part is active or under refresh for level _0
            ramulator.serving_requests_0            41709667                                      # The sum of read and write requests that are served in this DRAM element per memory cycle for level _0
    ramulator.average_serving_requests_0            1.117895                                      # The average of read and write requests that are served in this DRAM element per memory cycle for level _0
             ramulator.active_cycles_0_0            23913117                                      # Total active cycles for level _0_0
               ramulator.busy_cycles_0_0            24884577                                      # (All-bank refresh only. busy cycles only include refresh time in rank level) The sum of cycles that the DRAM part is active or under refresh for level _0_0
          ramulator.serving_requests_0_0            41709667                                      # The sum of read and write requests that are served in this DRAM element per memory cycle for level _0_0
  ramulator.average_serving_requests_0_0            1.117895                                      # The average of read and write requests that are served in this DRAM element per memory cycle for level _0_0
           ramulator.active_cycles_0_0_0             7363395                                      # Total active cycles for level _0_0_0
             ramulator.busy_cycles_0_0_0             7363395                                      # (All-bank refresh only. busy cycles only include refresh time in rank level) The sum of cycles that the DRAM part is active or under refresh for level _0_0_0
        ramulator.serving_requests_0_0_0             9316991                                      # The sum of read and write requests that are served in this DRAM element per memory cycle for level _0_0_0
ramulator.average_serving_requests_0_0_0            0.249712                                      # The average of read and write requests that are served in this DRAM element per memory cycle for level _0_0_0
         ramulator.active_cycles_0_0_0_0             1781818                                      # Total active cycles for level _0_0_0_0
           ramulator.busy_cycles_0_0_0_0             1781818                                      # (All-bank refresh only. busy cycles only include refresh time in rank level) The sum of cycles that the DRAM part is active or under refresh for level _0_0_0_0
      ramulator.serving_requests_0_0_0_0             2065605                                      # The sum of read and write requests that are served in this DRAM element per memory cycle for level _0_0_0_0
ramulator.average_serving_requests_0_0_0_0            0.055362                                      # The average of read and write requests that are served in this DRAM element per memory cycle for level _0_0_0_0
         ramulator.active_cycles_0_0_0_1             2807535                                      # Total active cycles for level _0_0_0_1
           ramulator.busy_cycles_0_0_0_1             2807535                                      # (All-bank refresh only. busy cycles only include refresh time in rank level) The sum of cycles that the DRAM part is active or under refresh for level _0_0_0_1
      ramulator.serving_requests_0_0_0_1             3228424                                      # The sum of read and write requests that are served in this DRAM element per memory cycle for level _0_0_0_1
ramulator.average_serving_requests_0_0_0_1            0.086528                                      # The average of read and write requests that are served in this DRAM element per memory cycle for level _0_0_0_1
         ramulator.active_cycles_0_0_0_2             1941937                                      # Total active cycles for level _0_0_0_2
           ramulator.busy_cycles_0_0_0_2             1941937                                      # (All-bank refresh only. busy cycles only include refresh time in rank level) The sum of cycles that the DRAM part is active or under refresh for level _0_0_0_2
      ramulator.serving_requests_0_0_0_2             2286753                                      # The sum of read and write requests that are served in this DRAM element per memory cycle for level _0_0_0_2
ramulator.average_serving_requests_0_0_0_2            0.061289                                      # The average of read and write requests that are served in this DRAM element per memory cycle for level _0_0_0_2
         ramulator.active_cycles_0_0_0_3             1454008                                      # Total active cycles for level _0_0_0_3
           ramulator.busy_cycles_0_0_0_3             1454008                                      # (All-bank refresh only. busy cycles only include refresh time in rank level) The sum of cycles that the DRAM part is active or under refresh for level _0_0_0_3
      ramulator.serving_requests_0_0_0_3             1736209                                      # The sum of read and write requests that are served in this DRAM element per memory cycle for level _0_0_0_3
ramulator.average_serving_requests_0_0_0_3            0.046534                                      # The average of read and write requests that are served in this DRAM element per memory cycle for level _0_0_0_3
           ramulator.active_cycles_0_0_1             8351344                                      # Total active cycles for level _0_0_1
             ramulator.busy_cycles_0_0_1             8351344                                      # (All-bank refresh only. busy cycles only include refresh time in rank level) The sum of cycles that the DRAM part is active or under refresh for level _0_0_1
        ramulator.serving_requests_0_0_1            10671013                                      # The sum of read and write requests that are served in this DRAM element per memory cycle for level _0_0_1
ramulator.average_serving_requests_0_0_1            0.286003                                      # The average of read and write requests that are served in this DRAM element per memory cycle for level _0_0_1
         ramulator.active_cycles_0_0_1_0             2207064                                      # Total active cycles for level _0_0_1_0
           ramulator.busy_cycles_0_0_1_0             2207064                                      # (All-bank refresh only. busy cycles only include refresh time in rank level) The sum of cycles that the DRAM part is active or under refresh for level _0_0_1_0
      ramulator.serving_requests_0_0_1_0             2565844                                      # The sum of read and write requests that are served in this DRAM element per memory cycle for level _0_0_1_0
ramulator.average_serving_requests_0_0_1_0            0.068769                                      # The average of read and write requests that are served in this DRAM element per memory cycle for level _0_0_1_0
         ramulator.active_cycles_0_0_1_1             2391610                                      # Total active cycles for level _0_0_1_1
           ramulator.busy_cycles_0_0_1_1             2391610                                      # (All-bank refresh only. busy cycles only include refresh time in rank level) The sum of cycles that the DRAM part is active or under refresh for level _0_0_1_1
      ramulator.serving_requests_0_0_1_1             2738079                                      # The sum of read and write requests that are served in this DRAM element per memory cycle for level _0_0_1_1
ramulator.average_serving_requests_0_0_1_1            0.073386                                      # The average of read and write requests that are served in this DRAM element per memory cycle for level _0_0_1_1
         ramulator.active_cycles_0_0_1_2             2631364                                      # Total active cycles for level _0_0_1_2
           ramulator.busy_cycles_0_0_1_2             2631364                                      # (All-bank refresh only. busy cycles only include refresh time in rank level) The sum of cycles that the DRAM part is active or under refresh for level _0_0_1_2
      ramulator.serving_requests_0_0_1_2             2944330                                      # The sum of read and write requests that are served in this DRAM element per memory cycle for level _0_0_1_2
ramulator.average_serving_requests_0_0_1_2            0.078913                                      # The average of read and write requests that are served in this DRAM element per memory cycle for level _0_0_1_2
         ramulator.active_cycles_0_0_1_3             2058463                                      # Total active cycles for level _0_0_1_3
           ramulator.busy_cycles_0_0_1_3             2058463                                      # (All-bank refresh only. busy cycles only include refresh time in rank level) The sum of cycles that the DRAM part is active or under refresh for level _0_0_1_3
      ramulator.serving_requests_0_0_1_3             2422760                                      # The sum of read and write requests that are served in this DRAM element per memory cycle for level _0_0_1_3
ramulator.average_serving_requests_0_0_1_3            0.064934                                      # The average of read and write requests that are served in this DRAM element per memory cycle for level _0_0_1_3
           ramulator.active_cycles_0_0_2             8569361                                      # Total active cycles for level _0_0_2
             ramulator.busy_cycles_0_0_2             8569361                                      # (All-bank refresh only. busy cycles only include refresh time in rank level) The sum of cycles that the DRAM part is active or under refresh for level _0_0_2
        ramulator.serving_requests_0_0_2            10864525                                      # The sum of read and write requests that are served in this DRAM element per memory cycle for level _0_0_2
ramulator.average_serving_requests_0_0_2            0.291189                                      # The average of read and write requests that are served in this DRAM element per memory cycle for level _0_0_2
         ramulator.active_cycles_0_0_2_0             1905683                                      # Total active cycles for level _0_0_2_0
           ramulator.busy_cycles_0_0_2_0             1905683                                      # (All-bank refresh only. busy cycles only include refresh time in rank level) The sum of cycles that the DRAM part is active or under refresh for level _0_0_2_0
      ramulator.serving_requests_0_0_2_0             2174011                                      # The sum of read and write requests that are served in this DRAM element per memory cycle for level _0_0_2_0
ramulator.average_serving_requests_0_0_2_0            0.058267                                      # The average of read and write requests that are served in this DRAM element per memory cycle for level _0_0_2_0
         ramulator.active_cycles_0_0_2_1             2929103                                      # Total active cycles for level _0_0_2_1
           ramulator.busy_cycles_0_0_2_1             2929103                                      # (All-bank refresh only. busy cycles only include refresh time in rank level) The sum of cycles that the DRAM part is active or under refresh for level _0_0_2_1
      ramulator.serving_requests_0_0_2_1             3278148                                      # The sum of read and write requests that are served in this DRAM element per memory cycle for level _0_0_2_1
ramulator.average_serving_requests_0_0_2_1            0.087860                                      # The average of read and write requests that are served in this DRAM element per memory cycle for level _0_0_2_1
         ramulator.active_cycles_0_0_2_2             1824409                                      # Total active cycles for level _0_0_2_2
           ramulator.busy_cycles_0_0_2_2             1824409                                      # (All-bank refresh only. busy cycles only include refresh time in rank level) The sum of cycles that the DRAM part is active or under refresh for level _0_0_2_2
      ramulator.serving_requests_0_0_2_2             2069362                                      # The sum of read and write requests that are served in this DRAM element per memory cycle for level _0_0_2_2
ramulator.average_serving_requests_0_0_2_2            0.055463                                      # The average of read and write requests that are served in this DRAM element per memory cycle for level _0_0_2_2
         ramulator.active_cycles_0_0_2_3             2926354                                      # Total active cycles for level _0_0_2_3
           ramulator.busy_cycles_0_0_2_3             2926354                                      # (All-bank refresh only. busy cycles only include refresh time in rank level) The sum of cycles that the DRAM part is active or under refresh for level _0_0_2_3
      ramulator.serving_requests_0_0_2_3             3343004                                      # The sum of read and write requests that are served in this DRAM element per memory cycle for level _0_0_2_3
ramulator.average_serving_requests_0_0_2_3            0.089599                                      # The average of read and write requests that are served in this DRAM element per memory cycle for level _0_0_2_3
           ramulator.active_cycles_0_0_3             8633093                                      # Total active cycles for level _0_0_3
             ramulator.busy_cycles_0_0_3             8633093                                      # (All-bank refresh only. busy cycles only include refresh time in rank level) The sum of cycles that the DRAM part is active or under refresh for level _0_0_3
        ramulator.serving_requests_0_0_3            10856398                                      # The sum of read and write requests that are served in this DRAM element per memory cycle for level _0_0_3
ramulator.average_serving_requests_0_0_3            0.290971                                      # The average of read and write requests that are served in this DRAM element per memory cycle for level _0_0_3
         ramulator.active_cycles_0_0_3_0             2421107                                      # Total active cycles for level _0_0_3_0
           ramulator.busy_cycles_0_0_3_0             2421107                                      # (All-bank refresh only. busy cycles only include refresh time in rank level) The sum of cycles that the DRAM part is active or under refresh for level _0_0_3_0
      ramulator.serving_requests_0_0_3_0             2778574                                      # The sum of read and write requests that are served in this DRAM element per memory cycle for level _0_0_3_0
ramulator.average_serving_requests_0_0_3_0            0.074471                                      # The average of read and write requests that are served in this DRAM element per memory cycle for level _0_0_3_0
         ramulator.active_cycles_0_0_3_1             1313825                                      # Total active cycles for level _0_0_3_1
           ramulator.busy_cycles_0_0_3_1             1313825                                      # (All-bank refresh only. busy cycles only include refresh time in rank level) The sum of cycles that the DRAM part is active or under refresh for level _0_0_3_1
      ramulator.serving_requests_0_0_3_1             1571863                                      # The sum of read and write requests that are served in this DRAM element per memory cycle for level _0_0_3_1
ramulator.average_serving_requests_0_0_3_1            0.042129                                      # The average of read and write requests that are served in this DRAM element per memory cycle for level _0_0_3_1
         ramulator.active_cycles_0_0_3_2             3403729                                      # Total active cycles for level _0_0_3_2
           ramulator.busy_cycles_0_0_3_2             3403729                                      # (All-bank refresh only. busy cycles only include refresh time in rank level) The sum of cycles that the DRAM part is active or under refresh for level _0_0_3_2
      ramulator.serving_requests_0_0_3_2             3872777                                      # The sum of read and write requests that are served in this DRAM element per memory cycle for level _0_0_3_2
ramulator.average_serving_requests_0_0_3_2            0.103798                                      # The average of read and write requests that are served in this DRAM element per memory cycle for level _0_0_3_2
         ramulator.active_cycles_0_0_3_3             2259234                                      # Total active cycles for level _0_0_3_3
           ramulator.busy_cycles_0_0_3_3             2259234                                      # (All-bank refresh only. busy cycles only include refresh time in rank level) The sum of cycles that the DRAM part is active or under refresh for level _0_0_3_3
      ramulator.serving_requests_0_0_3_3             2621782                                      # The sum of read and write requests that are served in this DRAM element per memory cycle for level _0_0_3_3
ramulator.average_serving_requests_0_0_3_3            0.070269                                      # The average of read and write requests that are served in this DRAM element per memory cycle for level _0_0_3_3
      ramulator.read_transaction_bytes_0            58492736                                      # The total byte of read transaction per channel
     ramulator.write_transaction_bytes_0             2335872                                      # The total byte of write transaction per channel
       ramulator.row_hits_channel_0_core              693760                                      # Number of row hits per channel per core
     ramulator.row_misses_channel_0_core               53726                                      # Number of row misses per channel per core
  ramulator.row_conflicts_channel_0_core              202961                                      # Number of row conflicts per channel per core
  ramulator.read_row_hits_channel_0_core              676206                                      # Number of row hits for read requests per channel per core
                                     [0]            676206.0                                      # 
ramulator.read_row_misses_channel_0_core               50175                                      # Number of row misses for read requests per channel per core
                                     [0]             50175.0                                      # 
ramulator.read_row_conflicts_channel_0_core              187568                                      # Number of row conflicts for read requests per channel per core
                                     [0]            187568.0                                      # 
 ramulator.write_row_hits_channel_0_core               17554                                      # Number of row hits for write requests per channel per core
                                     [0]             17554.0                                      # 
ramulator.write_row_misses_channel_0_core                3551                                      # Number of row misses for write requests per channel per core
                                     [0]              3551.0                                      # 
ramulator.write_row_conflicts_channel_0_core               15393                                      # Number of row conflicts for write requests per channel per core
                                     [0]             15393.0                                      # 
      ramulator.useless_activates_0_core                   8                                      # Number of useless activations. E.g, ACT -> PRE w/o RD or WR
            ramulator.read_latency_avg_0           40.759840                                      # The average memory latency cycles (in memory time domain) per request for all read requests in this channel
            ramulator.read_latency_sum_0            37294153                                      # The memory latency cycles (in memory time domain) sum for all read requests in this channel
        ramulator.req_queue_length_avg_0           15.288103                                      # Average of read and write queue length per memory cycle per channel.
        ramulator.req_queue_length_sum_0           570412716                                      # Sum of read and write queue length per memory cycle per channel.
   ramulator.read_req_queue_length_avg_0            0.897305                                      # Read queue length average per memory cycle per channel.
   ramulator.read_req_queue_length_sum_0            33479232                                      # Read queue length sum per memory cycle per channel.
  ramulator.write_req_queue_length_avg_0           14.390799                                      # Write queue length average per memory cycle per channel.
  ramulator.write_req_queue_length_sum_0           536933484                                      # Write queue length sum per memory cycle per channel.
              ramulator.record_read_hits                 0.0                                      # record read hit count for this core when it reaches request limit or to the end
                                     [0]                 0.0                                      # 
            ramulator.record_read_misses                 0.0                                      # record_read_miss count for this core when it reaches request limit or to the end
                                     [0]                 0.0                                      # 
         ramulator.record_read_conflicts                 0.0                                      # record read conflict count for this core when it reaches request limit or to the end
                                     [0]                 0.0                                      # 
             ramulator.record_write_hits                 0.0                                      # record write hit count for this core when it reaches request limit or to the end
                                     [0]                 0.0                                      # 
           ramulator.record_write_misses                 0.0                                      # record write miss count for this core when it reaches request limit or to the end
                                     [0]                 0.0                                      # 
        ramulator.record_write_conflicts                 0.0                                      # record write conflict for this core when it reaches request limit or to the end
                                     [0]                 0.0                                      # 
                 ramulator.dram_capacity          8589934592                                      # Number of bytes in simulated DRAM
                   ramulator.dram_cycles            37310888                                      # Number of DRAM cycles simulated
             ramulator.incoming_requests              951475                                      # Number of incoming requests to DRAM
                 ramulator.read_requests              914973                                      # Number of incoming read requests to DRAM per core
                                     [0]            914973.0                                      # 
                ramulator.write_requests               36502                                      # Number of incoming write requests to DRAM per core
                                     [0]             36502.0                                      # 
       ramulator.ramulator_active_cycles            23913177                                      # The total number of cycles that the DRAM part is active (serving R/W)
 ramulator.incoming_requests_per_channel            951475.0                                      # Number of incoming requests to each DRAM channel
                                     [0]            951475.0                                      # 
ramulator.incoming_read_reqs_per_channel            914973.0                                      # Number of incoming read requests to each DRAM channel
                                     [0]            914973.0                                      # 
     ramulator.physical_page_replacement                   0                                      # The number of times that physical page replacement happens.
             ramulator.maximum_bandwidth         19200000000                                      # The theoretical maximum bandwidth (Bps)
          ramulator.in_queue_req_num_sum           570412716                                      # Sum of read/write queue length
     ramulator.in_queue_read_req_num_sum            33479232                                      # Sum of read queue length
    ramulator.in_queue_write_req_num_sum           536933484                                      # Sum of write queue length
          ramulator.in_queue_req_num_avg           15.288103                                      # Average of read/write queue length per memory cycle
     ramulator.in_queue_read_req_num_avg            0.897305                                      # Average of read queue length per memory cycle
    ramulator.in_queue_write_req_num_avg           14.390799                                      # Average of write queue length per memory cycle
          ramulator.record_read_requests                 0.0                                      # record read requests for this core when it reaches request limit or to the end
                                     [0]                 0.0                                      # 
         ramulator.record_write_requests                 0.0                                      # record write requests for this core when it reaches request limit or to the end
                                     [0]                 0.0                                      # 
