Scarab gitrev: 7ab9e17
Scarab started at Sun Jun 11 08:08:38 2023

Initialized Ramulator. 
** Heartbeat:   1% -- { 1000005 } -- 0.00 KIPS (333.33 KIPS)
** Heartbeat:   2% -- { 2000007 } -- 500.00 KIPS (400.00 KIPS)
** Heartbeat:   3% -- { 3000007 } -- 500.00 KIPS (428.57 KIPS)
** Heartbeat:   4% -- { 4000009 } -- 500.00 KIPS (444.45 KIPS)
** Heartbeat:   5% -- { 5000009 } -- 333.33 KIPS (416.67 KIPS)
** Heartbeat:   6% -- { 6000010 } -- 500.00 KIPS (428.57 KIPS)
** Heartbeat:   7% -- { 7000015 } -- 500.00 KIPS (437.50 KIPS)
** Heartbeat:   8% -- { 8000018 } -- 500.00 KIPS (444.45 KIPS)
** Heartbeat:   9% -- { 9000018 } -- 500.00 KIPS (450.00 KIPS)
** Heartbeat:  10% -- { 10000021 } -- 333.33 KIPS (434.78 KIPS)
** Heartbeat:  11% -- { 11000022 } -- 500.00 KIPS (440.00 KIPS)
** Heartbeat:  12% -- { 12000022 } -- 500.00 KIPS (444.45 KIPS)
** Heartbeat:  13% -- { 13000026 } -- 500.00 KIPS (448.28 KIPS)
** Heartbeat:  14% -- { 14000028 } -- 500.00 KIPS (451.61 KIPS)
** Heartbeat:  15% -- { 15000028 } -- 500.00 KIPS (454.55 KIPS)
** Heartbeat:  16% -- { 16000030 } -- 500.00 KIPS (457.14 KIPS)
** Heartbeat:  17% -- { 17000034 } -- 333.33 KIPS (447.37 KIPS)
** Heartbeat:  18% -- { 18000039 } -- 500.00 KIPS (450.00 KIPS)
** Heartbeat:  19% -- { 19000043 } -- 500.00 KIPS (452.38 KIPS)
** Heartbeat:  20% -- { 20000043 } -- 500.00 KIPS (454.55 KIPS)
** Heartbeat:  21% -- { 21000043 } -- 333.33 KIPS (446.81 KIPS)
** Heartbeat:  22% -- { 22000043 } -- 500.00 KIPS (448.98 KIPS)
** Heartbeat:  23% -- { 23000045 } -- 500.00 KIPS (450.98 KIPS)
** Heartbeat:  24% -- { 24000045 } -- 500.00 KIPS (452.83 KIPS)
** Heartbeat:  25% -- { 25000047 } -- 500.00 KIPS (454.55 KIPS)
** Heartbeat:  26% -- { 26000049 } -- 500.00 KIPS (456.14 KIPS)
** Heartbeat:  27% -- { 27000052 } -- 500.00 KIPS (457.63 KIPS)
** Heartbeat:  28% -- { 28000052 } -- 333.33 KIPS (451.61 KIPS)
** Heartbeat:  29% -- { 29000054 } -- 500.00 KIPS (453.13 KIPS)
** Heartbeat:  30% -- { 30000054 } -- 500.00 KIPS (454.55 KIPS)
** Heartbeat:  31% -- { 31000055 } -- 500.00 KIPS (455.88 KIPS)
** Heartbeat:  32% -- { 32000058 } -- 500.00 KIPS (457.14 KIPS)
** Heartbeat:  33% -- { 33000059 } -- 333.33 KIPS (452.06 KIPS)
** Heartbeat:  34% -- { 34000061 } -- 500.00 KIPS (453.33 KIPS)
** Heartbeat:  35% -- { 35000061 } -- 500.00 KIPS (454.55 KIPS)
** Heartbeat:  36% -- { 36000061 } -- 500.00 KIPS (455.70 KIPS)
** Heartbeat:  37% -- { 37000063 } -- 500.00 KIPS (456.79 KIPS)
** Heartbeat:  38% -- { 38000063 } -- 500.00 KIPS (457.83 KIPS)
** Heartbeat:  39% -- { 39000064 } -- 333.33 KIPS (453.49 KIPS)
** Heartbeat:  40% -- { 40000065 } -- 500.00 KIPS (454.55 KIPS)
** Heartbeat:  41% -- { 41000065 } -- 500.00 KIPS (455.56 KIPS)
** Heartbeat:  42% -- { 42000066 } -- 333.33 KIPS (451.61 KIPS)
** Heartbeat:  43% -- { 43000071 } -- 500.00 KIPS (452.63 KIPS)
** Heartbeat:  44% -- { 44000071 } -- 500.00 KIPS (453.61 KIPS)
** Heartbeat:  45% -- { 45000075 } -- 500.00 KIPS (454.55 KIPS)
** Heartbeat:  46% -- { 46000079 } -- 500.00 KIPS (455.45 KIPS)
** Heartbeat:  47% -- { 47000079 } -- 333.33 KIPS (451.92 KIPS)
** Heartbeat:  48% -- { 48000082 } -- 500.00 KIPS (452.83 KIPS)
** Heartbeat:  49% -- { 49000082 } -- 500.00 KIPS (453.70 KIPS)
** Heartbeat:  50% -- { 50000082 } -- 500.00 KIPS (454.55 KIPS)
** Heartbeat:  51% -- { 51000082 } -- 500.00 KIPS (455.36 KIPS)
** Heartbeat:  52% -- { 52000082 } -- 333.33 KIPS (452.17 KIPS)
** Heartbeat:  53% -- { 53000085 } -- 500.00 KIPS (452.99 KIPS)
** Heartbeat:  54% -- { 54000087 } -- 500.00 KIPS (453.78 KIPS)
** Heartbeat:  55% -- { 55000090 } -- 500.00 KIPS (454.55 KIPS)
** Heartbeat:  56% -- { 56000090 } -- 500.00 KIPS (455.29 KIPS)
** Heartbeat:  57% -- { 57000095 } -- 333.33 KIPS (452.38 KIPS)
** Heartbeat:  58% -- { 58000099 } -- 500.00 KIPS (453.13 KIPS)
** Heartbeat:  59% -- { 59000099 } -- 500.00 KIPS (453.85 KIPS)
** Heartbeat:  60% -- { 60000100 } -- 500.00 KIPS (454.55 KIPS)
** Heartbeat:  61% -- { 61000104 } -- 500.00 KIPS (455.22 KIPS)
** Heartbeat:  62% -- { 62000108 } -- 333.33 KIPS (452.56 KIPS)
** Heartbeat:  63% -- { 63000109 } -- 500.00 KIPS (453.24 KIPS)
** Heartbeat:  64% -- { 64000114 } -- 500.00 KIPS (453.90 KIPS)
** Heartbeat:  65% -- { 65000117 } -- 500.00 KIPS (454.55 KIPS)
** Heartbeat:  66% -- { 66000117 } -- 333.33 KIPS (452.06 KIPS)
** Heartbeat:  67% -- { 67000121 } -- 500.00 KIPS (452.70 KIPS)
** Heartbeat:  68% -- { 68000121 } -- 500.00 KIPS (453.33 KIPS)
** Heartbeat:  69% -- { 69000125 } -- 500.00 KIPS (453.95 KIPS)
** Heartbeat:  70% -- { 70000129 } -- 500.00 KIPS (454.55 KIPS)
** Heartbeat:  71% -- { 71000129 } -- 500.00 KIPS (455.13 KIPS)
** Heartbeat:  72% -- { 72000132 } -- 333.33 KIPS (452.83 KIPS)
** Heartbeat:  73% -- { 73000132 } -- 500.00 KIPS (453.42 KIPS)
** Heartbeat:  74% -- { 74000133 } -- 500.00 KIPS (453.99 KIPS)
** Heartbeat:  75% -- { 75000135 } -- 500.00 KIPS (454.55 KIPS)
** Heartbeat:  76% -- { 76000140 } -- 500.00 KIPS (455.09 KIPS)
** Heartbeat:  77% -- { 77000144 } -- 333.33 KIPS (452.94 KIPS)
** Heartbeat:  78% -- { 78000147 } -- 500.00 KIPS (453.49 KIPS)
** Heartbeat:  79% -- { 79000150 } -- 500.00 KIPS (454.02 KIPS)
** Heartbeat:  80% -- { 80000153 } -- 500.00 KIPS (454.55 KIPS)
** Heartbeat:  81% -- { 81000156 } -- 500.00 KIPS (455.06 KIPS)
** Heartbeat:  82% -- { 82000158 } -- 500.00 KIPS (455.56 KIPS)
** Heartbeat:  83% -- { 83000161 } -- 333.33 KIPS (453.55 KIPS)
** Heartbeat:  84% -- { 84000165 } -- 500.00 KIPS (454.05 KIPS)
** Heartbeat:  85% -- { 85000165 } -- 500.00 KIPS (454.55 KIPS)
** Heartbeat:  86% -- { 86000165 } -- 500.00 KIPS (455.03 KIPS)
** Heartbeat:  87% -- { 87000169 } -- 333.33 KIPS (453.13 KIPS)
** Heartbeat:  88% -- { 88000173 } -- 500.00 KIPS (453.61 KIPS)
** Heartbeat:  89% -- { 89000177 } -- 500.00 KIPS (454.08 KIPS)
** Heartbeat:  90% -- { 90000178 } -- 500.00 KIPS (454.55 KIPS)
** Heartbeat:  91% -- { 91000178 } -- 500.00 KIPS (455.00 KIPS)
** Heartbeat:  92% -- { 92000179 } -- 500.00 KIPS (455.45 KIPS)
** Heartbeat:  93% -- { 93000179 } -- 333.33 KIPS (453.66 KIPS)
** Heartbeat:  94% -- { 94000181 } -- 500.00 KIPS (454.11 KIPS)
** Heartbeat:  95% -- { 95000182 } -- 500.00 KIPS (454.55 KIPS)
** Heartbeat:  96% -- { 96000185 } -- 500.00 KIPS (454.98 KIPS)
** Heartbeat:  97% -- { 97000188 } -- 333.33 KIPS (453.27 KIPS)
** Heartbeat:  98% -- { 98000191 } -- 500.00 KIPS (453.70 KIPS)
** Heartbeat:  99% -- { 99000192 } -- 500.00 KIPS (454.13 KIPS)
** Core 0 Finished:    insts:100000000   cycles:99495664    time:31092395000000      -- 1.01 IPC (1.01 IPC) --  N/A  KIPS (454.55 KIPS)
done
Scarab finished at Sun Jun 11 08:12:18 2023

