Scarab gitrev: e8bfa19
Scarab started at Thu May  4 21:40:18 2023

Initialized Ramulator. 
** Heartbeat:   1% -- { 1000003 } -- 0.00 KIPS (333.33 KIPS)
** Heartbeat:   2% -- { 2000004 } -- 250.00 KIPS (285.71 KIPS)
** Heartbeat:   3% -- { 3000005 } -- 333.33 KIPS (300.00 KIPS)
** Heartbeat:   4% -- { 4000005 } -- 250.00 KIPS (285.71 KIPS)
** Heartbeat:   5% -- { 5000005 } -- 333.33 KIPS (294.12 KIPS)
** Heartbeat:   6% -- { 6000007 } -- 333.33 KIPS (300.00 KIPS)
** Heartbeat:   7% -- { 7000008 } -- 250.00 KIPS (291.67 KIPS)
** Heartbeat:   8% -- { 8000010 } -- 333.33 KIPS (296.30 KIPS)
** Heartbeat:   9% -- { 9000012 } -- 333.33 KIPS (300.00 KIPS)
** Heartbeat:  10% -- { 10000015 } -- 333.33 KIPS (303.03 KIPS)
** Heartbeat:  11% -- { 11000016 } -- 250.00 KIPS (297.30 KIPS)
** Heartbeat:  12% -- { 12000017 } -- 333.33 KIPS (300.00 KIPS)
** Heartbeat:  13% -- { 13000018 } -- 250.00 KIPS (295.45 KIPS)
** Heartbeat:  14% -- { 14000020 } -- 333.33 KIPS (297.87 KIPS)
** Heartbeat:  15% -- { 15000021 } -- 333.33 KIPS (300.00 KIPS)
** Heartbeat:  16% -- { 16000022 } -- 333.33 KIPS (301.89 KIPS)
** Heartbeat:  17% -- { 17000025 } -- 250.00 KIPS (298.25 KIPS)
** Heartbeat:  18% -- { 18000028 } -- 333.33 KIPS (300.00 KIPS)
** Heartbeat:  19% -- { 19000030 } -- 333.33 KIPS (301.59 KIPS)
** Heartbeat:  20% -- { 20000030 } -- 333.33 KIPS (303.03 KIPS)
** Heartbeat:  21% -- { 21000031 } -- 250.00 KIPS (300.00 KIPS)
** Heartbeat:  22% -- { 22000034 } -- 333.33 KIPS (301.37 KIPS)
** Heartbeat:  23% -- { 23000036 } -- 250.00 KIPS (298.70 KIPS)
** Heartbeat:  24% -- { 24000036 } -- 333.33 KIPS (300.00 KIPS)
** Heartbeat:  25% -- { 25000039 } -- 333.33 KIPS (301.21 KIPS)
** Heartbeat:  26% -- { 26000040 } -- 250.00 KIPS (298.85 KIPS)
** Heartbeat:  27% -- { 27000041 } -- 333.33 KIPS (300.00 KIPS)
** Heartbeat:  28% -- { 28000044 } -- 333.33 KIPS (301.08 KIPS)
** Heartbeat:  29% -- { 29000044 } -- 250.00 KIPS (298.97 KIPS)
** Heartbeat:  30% -- { 30000048 } -- 333.33 KIPS (300.00 KIPS)
** Heartbeat:  31% -- { 31000049 } -- 333.33 KIPS (300.97 KIPS)
** Heartbeat:  32% -- { 32000050 } -- 250.00 KIPS (299.07 KIPS)
** Heartbeat:  33% -- { 33000051 } -- 333.33 KIPS (300.00 KIPS)
** Heartbeat:  34% -- { 34000051 } -- 333.33 KIPS (300.89 KIPS)
** Heartbeat:  35% -- { 35000051 } -- 250.00 KIPS (299.15 KIPS)
** Heartbeat:  36% -- { 36000051 } -- 333.33 KIPS (300.00 KIPS)
** Heartbeat:  37% -- { 37000054 } -- 250.00 KIPS (298.39 KIPS)
** Heartbeat:  38% -- { 38000056 } -- 333.33 KIPS (299.21 KIPS)
** Heartbeat:  39% -- { 39000060 } -- 333.33 KIPS (300.00 KIPS)
** Heartbeat:  40% -- { 40000061 } -- 250.00 KIPS (298.51 KIPS)
** Heartbeat:  41% -- { 41000065 } -- 333.33 KIPS (299.27 KIPS)
** Heartbeat:  42% -- { 42000065 } -- 333.33 KIPS (300.00 KIPS)
** Heartbeat:  43% -- { 43000067 } -- 250.00 KIPS (298.61 KIPS)
** Heartbeat:  44% -- { 44000067 } -- 333.33 KIPS (299.32 KIPS)
** Heartbeat:  45% -- { 45000067 } -- 250.00 KIPS (298.01 KIPS)
** Heartbeat:  46% -- { 46000069 } -- 333.33 KIPS (298.70 KIPS)
** Heartbeat:  47% -- { 47000069 } -- 333.33 KIPS (299.36 KIPS)
** Heartbeat:  48% -- { 48000072 } -- 250.00 KIPS (298.14 KIPS)
** Heartbeat:  49% -- { 49000073 } -- 333.33 KIPS (298.78 KIPS)
** Heartbeat:  50% -- { 50000075 } -- 333.33 KIPS (299.40 KIPS)
** Heartbeat:  51% -- { 51000076 } -- 250.00 KIPS (298.25 KIPS)
** Heartbeat:  52% -- { 52000078 } -- 333.33 KIPS (298.85 KIPS)
** Heartbeat:  53% -- { 53000081 } -- 333.33 KIPS (299.44 KIPS)
** Heartbeat:  54% -- { 54000081 } -- 250.00 KIPS (298.34 KIPS)
** Heartbeat:  55% -- { 55000083 } -- 333.33 KIPS (298.91 KIPS)
** Heartbeat:  56% -- { 56000084 } -- 250.00 KIPS (297.87 KIPS)
** Heartbeat:  57% -- { 57000084 } -- 333.33 KIPS (298.43 KIPS)
** Heartbeat:  58% -- { 58000084 } -- 333.33 KIPS (298.97 KIPS)
** Heartbeat:  59% -- { 59000084 } -- 250.00 KIPS (297.98 KIPS)
** Heartbeat:  60% -- { 60000084 } -- 333.33 KIPS (298.51 KIPS)
** Heartbeat:  61% -- { 61000088 } -- 333.33 KIPS (299.02 KIPS)
** Heartbeat:  62% -- { 62000089 } -- 250.00 KIPS (298.08 KIPS)
** Heartbeat:  63% -- { 63000089 } -- 333.33 KIPS (298.58 KIPS)
** Heartbeat:  64% -- { 64000092 } -- 333.33 KIPS (299.07 KIPS)
** Heartbeat:  65% -- { 65000094 } -- 250.00 KIPS (298.17 KIPS)
** Heartbeat:  66% -- { 66000095 } -- 333.33 KIPS (298.64 KIPS)
** Heartbeat:  67% -- { 67000096 } -- 333.33 KIPS (299.11 KIPS)
** Heartbeat:  68% -- { 68000098 } -- 250.00 KIPS (298.25 KIPS)
** Heartbeat:  69% -- { 69000102 } -- 333.33 KIPS (298.70 KIPS)
** Heartbeat:  70% -- { 70000104 } -- 250.00 KIPS (297.87 KIPS)
** Heartbeat:  71% -- { 71000108 } -- 333.33 KIPS (298.32 KIPS)
** Heartbeat:  72% -- { 72000108 } -- 333.33 KIPS (298.76 KIPS)
** Heartbeat:  73% -- { 73000110 } -- 250.00 KIPS (297.96 KIPS)
** Heartbeat:  74% -- { 74000111 } -- 333.33 KIPS (298.39 KIPS)
** Heartbeat:  75% -- { 75000115 } -- 250.00 KIPS (297.62 KIPS)
** Heartbeat:  76% -- { 76000116 } -- 333.33 KIPS (298.04 KIPS)
** Heartbeat:  77% -- { 77000118 } -- 250.00 KIPS (297.30 KIPS)
** Heartbeat:  78% -- { 78000120 } -- 333.33 KIPS (297.71 KIPS)
** Heartbeat:  79% -- { 79000122 } -- 333.33 KIPS (298.11 KIPS)
** Heartbeat:  80% -- { 80000124 } -- 250.00 KIPS (297.40 KIPS)
** Heartbeat:  81% -- { 81000127 } -- 333.33 KIPS (297.79 KIPS)
** Heartbeat:  82% -- { 82000127 } -- 250.00 KIPS (297.10 KIPS)
** Heartbeat:  83% -- { 83000127 } -- 333.33 KIPS (297.49 KIPS)
** Heartbeat:  84% -- { 84000131 } -- 250.00 KIPS (296.82 KIPS)
** Heartbeat:  85% -- { 85000131 } -- 333.33 KIPS (297.20 KIPS)
** Heartbeat:  86% -- { 86000132 } -- 250.00 KIPS (296.55 KIPS)
** Heartbeat:  87% -- { 87000133 } -- 250.00 KIPS (295.92 KIPS)
** Heartbeat:  88% -- { 88000137 } -- 333.33 KIPS (296.30 KIPS)
** Heartbeat:  89% -- { 89000139 } -- 250.00 KIPS (295.68 KIPS)
** Heartbeat:  90% -- { 90000142 } -- 500.00 KIPS (297.03 KIPS)
** Heartbeat:  91% -- { 91000146 } -- 333.33 KIPS (297.39 KIPS)
** Heartbeat:  92% -- { 92000149 } -- 250.00 KIPS (296.77 KIPS)
** Heartbeat:  93% -- { 93000149 } -- 333.33 KIPS (297.13 KIPS)
** Heartbeat:  94% -- { 94000149 } -- 250.00 KIPS (296.53 KIPS)
** Heartbeat:  95% -- { 95000154 } -- 333.33 KIPS (296.88 KIPS)
** Heartbeat:  96% -- { 96000155 } -- 250.00 KIPS (296.30 KIPS)
** Heartbeat:  97% -- { 97000155 } -- 333.33 KIPS (296.64 KIPS)
** Heartbeat:  98% -- { 98000157 } -- 250.00 KIPS (296.07 KIPS)
** Heartbeat:  99% -- { 99000157 } -- 333.33 KIPS (296.41 KIPS)
** Core 0 Finished:    insts:100000000   cycles:51258001    time:16018125312500      -- 1.95 IPC (1.95 IPC) --  N/A  KIPS (295.86 KIPS)
done
Scarab finished at Thu May  4 21:45:56 2023

