/* -*- Mode: c -*- */
####################################################################################################
Core 0
####################################################################################################
Cumulative:        Cycles: 120644529             Instructions: 100000002             IPC: 0.82888

PREF_DL0REQ_QUEUE_HIT_BY_DEMAND                      0                              0              

PREF_UMLC_REQ_QUEUE_HIT_BY_DEMAND                    0                              0              

PREF_UL1REQ_QUEUE_HIT_BY_DEMAND                      0                              0              

PREF_DL0REQ_QUEUE_FULL                               0                              0              

PREF_UMLC_REQ_QUEUE_FULL                             0                              0              

PREF_UL1REQ_QUEUE_FULL                              67                             67              

PREF_DC_HIT_NOSEND                                   0                              0              

PREF_WBQDC_HIT_NOSEND                                0                              0              

PREF_MLCQ_STALL                                      0                              0              

PREF_L1Q_STALL                                       0                              0              

PREF_UMLC_REQ_SEND_QUEUE_STALL                       0                              0              

PREF_UL1REQ_SEND_QUEUE_STALL                  14076683                       14076683              

PREF_UMLC_REQ_QUEUE_SENTREQ                          0                              0              

PREF_UL1REQ_QUEUE_SENTREQ                      2698947                        2698947              

PREF_NEWREQ_MATCHED                               2770                           2770              

PREF_UMLC_REQ_QUEUE_MATCHED_REQ                      0                              0              

PREF_UL1REQ_QUEUE_MATCHED_REQ                    41919                          41919              

PREF_DL0REQ_QUEUE_MATCHED_REQ                        0                              0              

L1_PREF_HIT                                    2392832                        2392832              

L1_PREF_UNIQUE_HIT                             1685846                        1685846              

L1_PREF_LATE                                     13814                          13814              

L1_LATE_PREF_CYCLES                            3902937                        3902937              

L1_LATE_PREF_CYCLES_DIST_0                        4586       33.198%             4586       33.198%
L1_LATE_PREF_CYCLES_DIST_100                      1966       14.232%             1966       14.232%
L1_LATE_PREF_CYCLES_DIST_200                      1467       10.620%             1467       10.620%
L1_LATE_PREF_CYCLES_DIST_300                      1952       14.131%             1952       14.131%
L1_LATE_PREF_CYCLES_DIST_400                      1650       11.944%             1650       11.944%
L1_LATE_PREF_CYCLES_DIST_500                       838        6.066%              838        6.066%
L1_LATE_PREF_CYCLES_DIST_600                       420        3.040%              420        3.040%
L1_LATE_PREF_CYCLES_DIST_700                       221        1.600%              221        1.600%
L1_LATE_PREF_CYCLES_DIST_800                       226        1.636%              226        1.636%
L1_LATE_PREF_CYCLES_DIST_900                       143        1.035%              143        1.035%
L1_LATE_PREF_CYCLES_DIST_1000                       82        0.594%               82        0.594%
L1_LATE_PREF_CYCLES_DIST_1100                       48        0.347%               48        0.347%
L1_LATE_PREF_CYCLES_DIST_1200                       28        0.203%               28        0.203%
L1_LATE_PREF_CYCLES_DIST_1300                       20        0.145%               20        0.145%
L1_LATE_PREF_CYCLES_DIST_1400                       30        0.217%               30        0.217%
L1_LATE_PREF_CYCLES_DIST_1500                       46        0.333%               46        0.333%
L1_LATE_PREF_CYCLES_DIST_1600                       39        0.282%               39        0.282%
L1_LATE_PREF_CYCLES_DIST_1700                       22        0.159%               22        0.159%
L1_LATE_PREF_CYCLES_DIST_1800                       16        0.116%               16        0.116%
L1_LATE_PREF_CYCLES_DIST_1900                        6        0.043%                6        0.043%
L1_LATE_PREF_CYCLES_DIST_2000                        8        0.058%                8        0.058%
                                                 13814      100.000%            13814      100.000%
                                                  2.41         2.44              2.41         2.44

MLC_PREF_HIT                                         0                              0              

MLC_PREF_UNIQUE_HIT                                  0                              0              

MLC_PREF_LATE                                        0                              0              

PREF_HYBRID_SEL_0                                    0         -nan%                0         -nan%
PREF_HYBRID_SEL_1                                    0         -nan%                0         -nan%
PREF_HYBRID_SEL_2                                    0         -nan%                0         -nan%
PREF_HYBRID_SEL_3                                    0         -nan%                0         -nan%
PREF_HYBRID_SEL_4                                    0         -nan%                0         -nan%
PREF_HYBRID_SEL_5                                    0         -nan%                0         -nan%
PREF_HYBRID_SEL_6                                    0         -nan%                0         -nan%
                                                     0         -nan%                0         -nan%
                                                  -nan         -nan              -nan         -nan

PREF_DISTANCE_1                                      0        0.000%                0        0.000%
PREF_DISTANCE_2                                      0        0.000%                0        0.000%
PREF_DISTANCE_3                                      0        0.000%                0        0.000%
PREF_DISTANCE_4                                      1        0.244%                1        0.244%
PREF_DISTANCE_5                                    409       99.756%              409       99.756%
PREF_DISTANCE_6                                      0        0.000%                0        0.000%
PREF_DISTANCE_7                                      0        0.000%                0        0.000%
PREF_DISTANCE_8                                      0        0.000%                0        0.000%
PREF_DISTANCE_9                                      0        0.000%                0        0.000%
PREF_DISTANCE_10                                     0        0.000%                0        0.000%
                                                   410      100.000%              410      100.000%
                                                  4.00         0.05              4.00         0.05

PREF_REPL_MRU                                        0         -nan%                0         -nan%
PREF_REPL_MID                                        0         -nan%                0         -nan%
PREF_REPL_LOWQTR                                     0         -nan%                0         -nan%
PREF_REPL_LRU                                        0         -nan%                0         -nan%
                                                     0         -nan%                0         -nan%
                                                  -nan         -nan              -nan         -nan

PREF_REPL_MOVEDOWN                                   0         -nan%                0         -nan%
PREF_REPL_MOVEUP                                     0         -nan%                0         -nan%
                                                     0         -nan%                0         -nan%
                                                  -nan         -nan              -nan         -nan

PREF_COV_1                                           0         -nan%                0         -nan%
PREF_COV_2                                           0         -nan%                0         -nan%
PREF_COV_3                                           0         -nan%                0         -nan%
PREF_COV_4                                           0         -nan%                0         -nan%
PREF_COV_5                                           0         -nan%                0         -nan%
PREF_COV_6                                           0         -nan%                0         -nan%
PREF_COV_7                                           0         -nan%                0         -nan%
PREF_COV_8                                           0         -nan%                0         -nan%
PREF_COV_9                                           0         -nan%                0         -nan%
PREF_COV_10                                          0         -nan%                0         -nan%
                                                     0         -nan%                0         -nan%
                                                  -nan         -nan              -nan         -nan

PREF_POL_1                                           0        0.000%                0        0.000%
PREF_POL_2                                           0        0.000%                0        0.000%
PREF_POL_3                                           0        0.000%                0        0.000%
PREF_POL_4                                           0        0.000%                0        0.000%
PREF_POL_5                                           0        0.000%                0        0.000%
PREF_POL_6                                           0        0.000%                0        0.000%
PREF_POL_7                                           0        0.000%                0        0.000%
PREF_POL_8                                           0        0.000%                0        0.000%
PREF_POL_9                                           0        0.000%                0        0.000%
PREF_POL_10                                        410      100.000%              410      100.000%
                                                   410      100.000%              410      100.000%
                                                  9.00         9.01              9.00         9.01

PREF_ACC_1                                         410      100.000%              410      100.000%
PREF_ACC_2                                           0        0.000%                0        0.000%
PREF_ACC_3                                           0        0.000%                0        0.000%
PREF_ACC_4                                           0        0.000%                0        0.000%
PREF_ACC_5                                           0        0.000%                0        0.000%
PREF_ACC_6                                           0        0.000%                0        0.000%
PREF_ACC_7                                           0        0.000%                0        0.000%
PREF_ACC_8                                           0        0.000%                0        0.000%
PREF_ACC_9                                           0        0.000%                0        0.000%
PREF_ACC_10                                          0        0.000%                0        0.000%
                                                   410      100.000%              410      100.000%
                                                  0.00         0.00              0.00         0.00

PREF_TIMELY_1                                        0        0.000%                0        0.000%
PREF_TIMELY_2                                        0        0.000%                0        0.000%
PREF_TIMELY_3                                        0        0.000%                0        0.000%
PREF_TIMELY_4                                        0        0.000%                0        0.000%
PREF_TIMELY_5                                        0        0.000%                0        0.000%
PREF_TIMELY_6                                        0        0.000%                0        0.000%
PREF_TIMELY_7                                        1        0.244%                1        0.244%
PREF_TIMELY_8                                        0        0.000%                0        0.000%
PREF_TIMELY_9                                        2        0.488%                2        0.488%
PREF_TIMELY_10                                     407       99.268%              407       99.268%
                                                   410      100.000%              410      100.000%
                                                  8.99         8.97              8.99         8.97

PREF_UNUSED_EVICT                                65981                          65981              

PREF_REGION_SENT                                     0                              0              

PREF_REGION_USEFUL                                   0                              0              

PREF_REGION_EVICT                                    0                              0              

PREF_PFPOL                                           0                              0              

PREF_PHASE_NEWPHASE_DET                              0                              0              

PREF_PHASE_NEWPHASE_NOTVALID                         0                              0              

PREF_PHASE_SENTPREF                                  0                              0              

PREF_PHASE_OVERWRITE_PAGE                            0                              0              

PREF_UPDATE_COUNT                                  410                            410              

PREF_ACC1_HT_HP                                      0        0.000%                0        0.000%
PREF_ACC1_HT_LP                                    383       93.415%              383       93.415%
PREF_ACC1_LT_HP                                      0        0.000%                0        0.000%
PREF_ACC1_LT_LP                                     27        6.585%               27        6.585%
PREF_ACC2_HT_HP                                      0        0.000%                0        0.000%
PREF_ACC2_HT_LP                                      0        0.000%                0        0.000%
PREF_ACC2_LT_HP                                      0        0.000%                0        0.000%
PREF_ACC2_LT_LP                                      0        0.000%                0        0.000%
PREF_ACC3_HT_HP                                      0        0.000%                0        0.000%
PREF_ACC3_HT_LP                                      0        0.000%                0        0.000%
PREF_ACC3_LT_HP                                      0        0.000%                0        0.000%
PREF_ACC3_LT_LP                                      0        0.000%                0        0.000%
PREF_ACC4_HT_HP                                      0        0.000%                0        0.000%
PREF_ACC4_HT_LP                                      0        0.000%                0        0.000%
PREF_ACC4_LT_HP                                      0        0.000%                0        0.000%
PREF_ACC4_LT_LP                                      0        0.000%                0        0.000%
                                                   410      100.000%              410      100.000%
                                                  1.13         0.50              1.13         0.50



