               ramulator.active_cycles_0            27578787                                      # Total active cycles for level _0
                 ramulator.busy_cycles_0            27578787                                      # (All-bank refresh only. busy cycles only include refresh time in rank level) The sum of cycles that the DRAM part is active or under refresh for level _0
            ramulator.serving_requests_0           137629807                                      # The sum of read and write requests that are served in this DRAM element per memory cycle for level _0
    ramulator.average_serving_requests_0            3.033778                                      # The average of read and write requests that are served in this DRAM element per memory cycle for level _0
             ramulator.active_cycles_0_0            27578787                                      # Total active cycles for level _0_0
               ramulator.busy_cycles_0_0            28761507                                      # (All-bank refresh only. busy cycles only include refresh time in rank level) The sum of cycles that the DRAM part is active or under refresh for level _0_0
          ramulator.serving_requests_0_0           137629807                                      # The sum of read and write requests that are served in this DRAM element per memory cycle for level _0_0
  ramulator.average_serving_requests_0_0            3.033778                                      # The average of read and write requests that are served in this DRAM element per memory cycle for level _0_0
           ramulator.active_cycles_0_0_0            17256900                                      # Total active cycles for level _0_0_0
             ramulator.busy_cycles_0_0_0            17256900                                      # (All-bank refresh only. busy cycles only include refresh time in rank level) The sum of cycles that the DRAM part is active or under refresh for level _0_0_0
        ramulator.serving_requests_0_0_0            34022767                                      # The sum of read and write requests that are served in this DRAM element per memory cycle for level _0_0_0
ramulator.average_serving_requests_0_0_0            0.749965                                      # The average of read and write requests that are served in this DRAM element per memory cycle for level _0_0_0
         ramulator.active_cycles_0_0_0_0             6241405                                      # Total active cycles for level _0_0_0_0
           ramulator.busy_cycles_0_0_0_0             6241405                                      # (All-bank refresh only. busy cycles only include refresh time in rank level) The sum of cycles that the DRAM part is active or under refresh for level _0_0_0_0
      ramulator.serving_requests_0_0_0_0             7867196                                      # The sum of read and write requests that are served in this DRAM element per memory cycle for level _0_0_0_0
ramulator.average_serving_requests_0_0_0_0            0.173417                                      # The average of read and write requests that are served in this DRAM element per memory cycle for level _0_0_0_0
         ramulator.active_cycles_0_0_0_1             6449686                                      # Total active cycles for level _0_0_0_1
           ramulator.busy_cycles_0_0_0_1             6449686                                      # (All-bank refresh only. busy cycles only include refresh time in rank level) The sum of cycles that the DRAM part is active or under refresh for level _0_0_0_1
      ramulator.serving_requests_0_0_0_1             7946830                                      # The sum of read and write requests that are served in this DRAM element per memory cycle for level _0_0_0_1
ramulator.average_serving_requests_0_0_0_1            0.175172                                      # The average of read and write requests that are served in this DRAM element per memory cycle for level _0_0_0_1
         ramulator.active_cycles_0_0_0_2             6684452                                      # Total active cycles for level _0_0_0_2
           ramulator.busy_cycles_0_0_0_2             6684452                                      # (All-bank refresh only. busy cycles only include refresh time in rank level) The sum of cycles that the DRAM part is active or under refresh for level _0_0_0_2
      ramulator.serving_requests_0_0_0_2             8371749                                      # The sum of read and write requests that are served in this DRAM element per memory cycle for level _0_0_0_2
ramulator.average_serving_requests_0_0_0_2            0.184539                                      # The average of read and write requests that are served in this DRAM element per memory cycle for level _0_0_0_2
         ramulator.active_cycles_0_0_0_3             8065480                                      # Total active cycles for level _0_0_0_3
           ramulator.busy_cycles_0_0_0_3             8065480                                      # (All-bank refresh only. busy cycles only include refresh time in rank level) The sum of cycles that the DRAM part is active or under refresh for level _0_0_0_3
      ramulator.serving_requests_0_0_0_3             9836992                                      # The sum of read and write requests that are served in this DRAM element per memory cycle for level _0_0_0_3
ramulator.average_serving_requests_0_0_0_3            0.216837                                      # The average of read and write requests that are served in this DRAM element per memory cycle for level _0_0_0_3
           ramulator.active_cycles_0_0_1            17694556                                      # Total active cycles for level _0_0_1
             ramulator.busy_cycles_0_0_1            17694556                                      # (All-bank refresh only. busy cycles only include refresh time in rank level) The sum of cycles that the DRAM part is active or under refresh for level _0_0_1
        ramulator.serving_requests_0_0_1            34178328                                      # The sum of read and write requests that are served in this DRAM element per memory cycle for level _0_0_1
ramulator.average_serving_requests_0_0_1            0.753394                                      # The average of read and write requests that are served in this DRAM element per memory cycle for level _0_0_1
         ramulator.active_cycles_0_0_1_0             5430566                                      # Total active cycles for level _0_0_1_0
           ramulator.busy_cycles_0_0_1_0             5430566                                      # (All-bank refresh only. busy cycles only include refresh time in rank level) The sum of cycles that the DRAM part is active or under refresh for level _0_0_1_0
      ramulator.serving_requests_0_0_1_0             6935663                                      # The sum of read and write requests that are served in this DRAM element per memory cycle for level _0_0_1_0
ramulator.average_serving_requests_0_0_1_0            0.152883                                      # The average of read and write requests that are served in this DRAM element per memory cycle for level _0_0_1_0
         ramulator.active_cycles_0_0_1_1             5564720                                      # Total active cycles for level _0_0_1_1
           ramulator.busy_cycles_0_0_1_1             5564720                                      # (All-bank refresh only. busy cycles only include refresh time in rank level) The sum of cycles that the DRAM part is active or under refresh for level _0_0_1_1
      ramulator.serving_requests_0_0_1_1             7099611                                      # The sum of read and write requests that are served in this DRAM element per memory cycle for level _0_0_1_1
ramulator.average_serving_requests_0_0_1_1            0.156497                                      # The average of read and write requests that are served in this DRAM element per memory cycle for level _0_0_1_1
         ramulator.active_cycles_0_0_1_2             9118642                                      # Total active cycles for level _0_0_1_2
           ramulator.busy_cycles_0_0_1_2             9118642                                      # (All-bank refresh only. busy cycles only include refresh time in rank level) The sum of cycles that the DRAM part is active or under refresh for level _0_0_1_2
      ramulator.serving_requests_0_0_1_2            10930115                                      # The sum of read and write requests that are served in this DRAM element per memory cycle for level _0_0_1_2
ramulator.average_serving_requests_0_0_1_2            0.240933                                      # The average of read and write requests that are served in this DRAM element per memory cycle for level _0_0_1_2
         ramulator.active_cycles_0_0_1_3             7444342                                      # Total active cycles for level _0_0_1_3
           ramulator.busy_cycles_0_0_1_3             7444342                                      # (All-bank refresh only. busy cycles only include refresh time in rank level) The sum of cycles that the DRAM part is active or under refresh for level _0_0_1_3
      ramulator.serving_requests_0_0_1_3             9212939                                      # The sum of read and write requests that are served in this DRAM element per memory cycle for level _0_0_1_3
ramulator.average_serving_requests_0_0_1_3            0.203081                                      # The average of read and write requests that are served in this DRAM element per memory cycle for level _0_0_1_3
           ramulator.active_cycles_0_0_2            17173126                                      # Total active cycles for level _0_0_2
             ramulator.busy_cycles_0_0_2            17173126                                      # (All-bank refresh only. busy cycles only include refresh time in rank level) The sum of cycles that the DRAM part is active or under refresh for level _0_0_2
        ramulator.serving_requests_0_0_2            34027292                                      # The sum of read and write requests that are served in this DRAM element per memory cycle for level _0_0_2
ramulator.average_serving_requests_0_0_2            0.750065                                      # The average of read and write requests that are served in this DRAM element per memory cycle for level _0_0_2
         ramulator.active_cycles_0_0_2_0             7103779                                      # Total active cycles for level _0_0_2_0
           ramulator.busy_cycles_0_0_2_0             7103779                                      # (All-bank refresh only. busy cycles only include refresh time in rank level) The sum of cycles that the DRAM part is active or under refresh for level _0_0_2_0
      ramulator.serving_requests_0_0_2_0             8850017                                      # The sum of read and write requests that are served in this DRAM element per memory cycle for level _0_0_2_0
ramulator.average_serving_requests_0_0_2_0            0.195081                                      # The average of read and write requests that are served in this DRAM element per memory cycle for level _0_0_2_0
         ramulator.active_cycles_0_0_2_1             7128425                                      # Total active cycles for level _0_0_2_1
           ramulator.busy_cycles_0_0_2_1             7128425                                      # (All-bank refresh only. busy cycles only include refresh time in rank level) The sum of cycles that the DRAM part is active or under refresh for level _0_0_2_1
      ramulator.serving_requests_0_0_2_1             8729796                                      # The sum of read and write requests that are served in this DRAM element per memory cycle for level _0_0_2_1
ramulator.average_serving_requests_0_0_2_1            0.192431                                      # The average of read and write requests that are served in this DRAM element per memory cycle for level _0_0_2_1
         ramulator.active_cycles_0_0_2_2             6472294                                      # Total active cycles for level _0_0_2_2
           ramulator.busy_cycles_0_0_2_2             6472294                                      # (All-bank refresh only. busy cycles only include refresh time in rank level) The sum of cycles that the DRAM part is active or under refresh for level _0_0_2_2
      ramulator.serving_requests_0_0_2_2             8069581                                      # The sum of read and write requests that are served in this DRAM element per memory cycle for level _0_0_2_2
ramulator.average_serving_requests_0_0_2_2            0.177878                                      # The average of read and write requests that are served in this DRAM element per memory cycle for level _0_0_2_2
         ramulator.active_cycles_0_0_2_3             6757030                                      # Total active cycles for level _0_0_2_3
           ramulator.busy_cycles_0_0_2_3             6757030                                      # (All-bank refresh only. busy cycles only include refresh time in rank level) The sum of cycles that the DRAM part is active or under refresh for level _0_0_2_3
      ramulator.serving_requests_0_0_2_3             8377898                                      # The sum of read and write requests that are served in this DRAM element per memory cycle for level _0_0_2_3
ramulator.average_serving_requests_0_0_2_3            0.184674                                      # The average of read and write requests that are served in this DRAM element per memory cycle for level _0_0_2_3
           ramulator.active_cycles_0_0_3            17429906                                      # Total active cycles for level _0_0_3
             ramulator.busy_cycles_0_0_3            17429906                                      # (All-bank refresh only. busy cycles only include refresh time in rank level) The sum of cycles that the DRAM part is active or under refresh for level _0_0_3
        ramulator.serving_requests_0_0_3            35401420                                      # The sum of read and write requests that are served in this DRAM element per memory cycle for level _0_0_3
ramulator.average_serving_requests_0_0_3            0.780355                                      # The average of read and write requests that are served in this DRAM element per memory cycle for level _0_0_3
         ramulator.active_cycles_0_0_3_0             6600158                                      # Total active cycles for level _0_0_3_0
           ramulator.busy_cycles_0_0_3_0             6600158                                      # (All-bank refresh only. busy cycles only include refresh time in rank level) The sum of cycles that the DRAM part is active or under refresh for level _0_0_3_0
      ramulator.serving_requests_0_0_3_0             8130890                                      # The sum of read and write requests that are served in this DRAM element per memory cycle for level _0_0_3_0
ramulator.average_serving_requests_0_0_3_0            0.179229                                      # The average of read and write requests that are served in this DRAM element per memory cycle for level _0_0_3_0
         ramulator.active_cycles_0_0_3_1             7995623                                      # Total active cycles for level _0_0_3_1
           ramulator.busy_cycles_0_0_3_1             7995623                                      # (All-bank refresh only. busy cycles only include refresh time in rank level) The sum of cycles that the DRAM part is active or under refresh for level _0_0_3_1
      ramulator.serving_requests_0_0_3_1             9718231                                      # The sum of read and write requests that are served in this DRAM element per memory cycle for level _0_0_3_1
ramulator.average_serving_requests_0_0_3_1            0.214219                                      # The average of read and write requests that are served in this DRAM element per memory cycle for level _0_0_3_1
         ramulator.active_cycles_0_0_3_2             7446778                                      # Total active cycles for level _0_0_3_2
           ramulator.busy_cycles_0_0_3_2             7446778                                      # (All-bank refresh only. busy cycles only include refresh time in rank level) The sum of cycles that the DRAM part is active or under refresh for level _0_0_3_2
      ramulator.serving_requests_0_0_3_2             9062598                                      # The sum of read and write requests that are served in this DRAM element per memory cycle for level _0_0_3_2
ramulator.average_serving_requests_0_0_3_2            0.199767                                      # The average of read and write requests that are served in this DRAM element per memory cycle for level _0_0_3_2
         ramulator.active_cycles_0_0_3_3             6887669                                      # Total active cycles for level _0_0_3_3
           ramulator.busy_cycles_0_0_3_3             6887669                                      # (All-bank refresh only. busy cycles only include refresh time in rank level) The sum of cycles that the DRAM part is active or under refresh for level _0_0_3_3
      ramulator.serving_requests_0_0_3_3             8489701                                      # The sum of read and write requests that are served in this DRAM element per memory cycle for level _0_0_3_3
ramulator.average_serving_requests_0_0_3_3            0.187139                                      # The average of read and write requests that are served in this DRAM element per memory cycle for level _0_0_3_3
      ramulator.read_transaction_bytes_0           216756224                                      # The total byte of read transaction per channel
     ramulator.write_transaction_bytes_0             3271296                                      # The total byte of write transaction per channel
       ramulator.row_hits_channel_0_core             1814443                                      # Number of row hits per channel per core
     ramulator.row_misses_channel_0_core              125065                                      # Number of row misses per channel per core
  ramulator.row_conflicts_channel_0_core             1498422                                      # Number of row conflicts per channel per core
  ramulator.read_row_hits_channel_0_core             1782397                                      # Number of row hits for read requests per channel per core
                                     [0]           1782397.0                                      # 
ramulator.read_row_misses_channel_0_core              123396                                      # Number of row misses for read requests per channel per core
                                     [0]            123396.0                                      # 
ramulator.read_row_conflicts_channel_0_core             1481023                                      # Number of row conflicts for read requests per channel per core
                                     [0]           1481023.0                                      # 
 ramulator.write_row_hits_channel_0_core               32046                                      # Number of row hits for write requests per channel per core
                                     [0]             32046.0                                      # 
ramulator.write_row_misses_channel_0_core                1669                                      # Number of row misses for write requests per channel per core
                                     [0]              1669.0                                      # 
ramulator.write_row_conflicts_channel_0_core               17399                                      # Number of row conflicts for write requests per channel per core
                                     [0]             17399.0                                      # 
      ramulator.useless_activates_0_core                 202                                      # Number of useless activations. E.g, ACT -> PRE w/o RD or WR
            ramulator.read_latency_avg_0          125.108028                                      # The average memory latency cycles (in memory time domain) per request for all read requests in this channel
            ramulator.read_latency_sum_0           424519689                                      # The memory latency cycles (in memory time domain) sum for all read requests in this channel
        ramulator.req_queue_length_avg_0           23.838183                                      # Average of read and write queue length per memory cycle per channel.
        ramulator.req_queue_length_sum_0          1081438548                                      # Sum of read and write queue length per memory cycle per channel.
   ramulator.read_req_queue_length_avg_0            8.761452                                      # Read queue length average per memory cycle per channel.
   ramulator.read_req_queue_length_sum_0           397470389                                      # Read queue length sum per memory cycle per channel.
  ramulator.write_req_queue_length_avg_0           15.076731                                      # Write queue length average per memory cycle per channel.
  ramulator.write_req_queue_length_sum_0           683968159                                      # Write queue length sum per memory cycle per channel.
              ramulator.record_read_hits                 0.0                                      # record read hit count for this core when it reaches request limit or to the end
                                     [0]                 0.0                                      # 
            ramulator.record_read_misses                 0.0                                      # record_read_miss count for this core when it reaches request limit or to the end
                                     [0]                 0.0                                      # 
         ramulator.record_read_conflicts                 0.0                                      # record read conflict count for this core when it reaches request limit or to the end
                                     [0]                 0.0                                      # 
             ramulator.record_write_hits                 0.0                                      # record write hit count for this core when it reaches request limit or to the end
                                     [0]                 0.0                                      # 
           ramulator.record_write_misses                 0.0                                      # record write miss count for this core when it reaches request limit or to the end
                                     [0]                 0.0                                      # 
        ramulator.record_write_conflicts                 0.0                                      # record write conflict for this core when it reaches request limit or to the end
                                     [0]                 0.0                                      # 
                 ramulator.dram_capacity          8589934592                                      # Number of bytes in simulated DRAM
                   ramulator.dram_cycles            45365813                                      # Number of DRAM cycles simulated
             ramulator.incoming_requests             3444353                                      # Number of incoming requests to DRAM
                 ramulator.read_requests             3393225                                      # Number of incoming read requests to DRAM per core
                                     [0]           3393225.0                                      # 
                ramulator.write_requests               51128                                      # Number of incoming write requests to DRAM per core
                                     [0]             51128.0                                      # 
       ramulator.ramulator_active_cycles            27578787                                      # The total number of cycles that the DRAM part is active (serving R/W)
 ramulator.incoming_requests_per_channel           3444353.0                                      # Number of incoming requests to each DRAM channel
                                     [0]           3444353.0                                      # 
ramulator.incoming_read_reqs_per_channel           3393225.0                                      # Number of incoming read requests to each DRAM channel
                                     [0]           3393225.0                                      # 
     ramulator.physical_page_replacement                   0                                      # The number of times that physical page replacement happens.
             ramulator.maximum_bandwidth         19200000000                                      # The theoretical maximum bandwidth (Bps)
          ramulator.in_queue_req_num_sum          1081438548                                      # Sum of read/write queue length
     ramulator.in_queue_read_req_num_sum           397470389                                      # Sum of read queue length
    ramulator.in_queue_write_req_num_sum           683968159                                      # Sum of write queue length
          ramulator.in_queue_req_num_avg           23.838183                                      # Average of read/write queue length per memory cycle
     ramulator.in_queue_read_req_num_avg            8.761452                                      # Average of read queue length per memory cycle
    ramulator.in_queue_write_req_num_avg           15.076731                                      # Average of write queue length per memory cycle
          ramulator.record_read_requests                 0.0                                      # record read requests for this core when it reaches request limit or to the end
                                     [0]                 0.0                                      # 
         ramulator.record_write_requests                 0.0                                      # record write requests for this core when it reaches request limit or to the end
                                     [0]                 0.0                                      # 
