Scarab gitrev: 7ab9e17
Scarab started at Sun Jun 11 08:08:38 2023

Initialized Ramulator. 
** Heartbeat:   1% -- { 1000000 } -- 0.00 KIPS (500.00 KIPS)
** Heartbeat:   2% -- { 2000001 } -- 500.00 KIPS (500.00 KIPS)
** Heartbeat:   3% -- { 3000006 } -- 500.00 KIPS (500.00 KIPS)
** Heartbeat:   4% -- { 4000007 } -- 500.00 KIPS (500.00 KIPS)
** Heartbeat:   5% -- { 5000012 } -- 500.00 KIPS (500.00 KIPS)
** Heartbeat:   6% -- { 6000015 } -- 500.00 KIPS (500.00 KIPS)
** Heartbeat:   7% -- { 7000015 } -- 500.00 KIPS (500.00 KIPS)
** Heartbeat:   8% -- { 8000018 } -- 500.00 KIPS (500.00 KIPS)
** Heartbeat:   9% -- { 9000021 } -- 1000.00 KIPS (529.41 KIPS)
** Heartbeat:  10% -- { 10000025 } -- 500.00 KIPS (526.32 KIPS)
** Heartbeat:  11% -- { 11000030 } -- 500.00 KIPS (523.81 KIPS)
** Heartbeat:  12% -- { 12000034 } -- 500.00 KIPS (521.74 KIPS)
** Heartbeat:  13% -- { 13000035 } -- 500.00 KIPS (520.00 KIPS)
** Heartbeat:  14% -- { 14000035 } -- 500.00 KIPS (518.52 KIPS)
** Heartbeat:  15% -- { 15000035 } -- 500.00 KIPS (517.24 KIPS)
** Heartbeat:  16% -- { 16000036 } -- 500.00 KIPS (516.13 KIPS)
** Heartbeat:  17% -- { 17000037 } -- 500.00 KIPS (515.15 KIPS)
** Heartbeat:  18% -- { 18000040 } -- 1000.00 KIPS (529.41 KIPS)
** Heartbeat:  19% -- { 19000043 } -- 500.00 KIPS (527.78 KIPS)
** Heartbeat:  20% -- { 20000045 } -- 500.00 KIPS (526.32 KIPS)
** Heartbeat:  21% -- { 21000047 } -- 500.00 KIPS (525.00 KIPS)
** Heartbeat:  22% -- { 22000047 } -- 500.00 KIPS (523.81 KIPS)
** Heartbeat:  23% -- { 23000047 } -- 500.00 KIPS (522.73 KIPS)
** Heartbeat:  24% -- { 24000048 } -- 500.00 KIPS (521.74 KIPS)
** Heartbeat:  25% -- { 25000048 } -- 1000.00 KIPS (531.92 KIPS)
** Heartbeat:  26% -- { 26000048 } -- 500.00 KIPS (530.61 KIPS)
** Heartbeat:  27% -- { 27000050 } -- 500.00 KIPS (529.41 KIPS)
** Heartbeat:  28% -- { 28000050 } -- 500.00 KIPS (528.30 KIPS)
** Heartbeat:  29% -- { 29000052 } -- 500.00 KIPS (527.27 KIPS)
** Heartbeat:  30% -- { 30000054 } -- 500.00 KIPS (526.32 KIPS)
** Heartbeat:  31% -- { 31000057 } -- 500.00 KIPS (525.42 KIPS)
** Heartbeat:  32% -- { 32000060 } -- 500.00 KIPS (524.59 KIPS)
** Heartbeat:  33% -- { 33000063 } -- 1000.00 KIPS (532.26 KIPS)
** Heartbeat:  34% -- { 34000065 } -- 500.00 KIPS (531.25 KIPS)
** Heartbeat:  35% -- { 35000066 } -- 500.00 KIPS (530.30 KIPS)
** Heartbeat:  36% -- { 36000066 } -- 500.00 KIPS (529.41 KIPS)
** Heartbeat:  37% -- { 37000066 } -- 500.00 KIPS (528.57 KIPS)
** Heartbeat:  38% -- { 38000067 } -- 500.00 KIPS (527.78 KIPS)
** Heartbeat:  39% -- { 39000069 } -- 500.00 KIPS (527.03 KIPS)
** Heartbeat:  40% -- { 40000071 } -- 500.00 KIPS (526.32 KIPS)
** Heartbeat:  41% -- { 41000071 } -- 500.00 KIPS (525.64 KIPS)
** Heartbeat:  42% -- { 42000071 } -- 1000.00 KIPS (531.65 KIPS)
** Heartbeat:  43% -- { 43000075 } -- 500.00 KIPS (530.87 KIPS)
** Heartbeat:  44% -- { 44000075 } -- 500.00 KIPS (530.12 KIPS)
** Heartbeat:  45% -- { 45000075 } -- 500.00 KIPS (529.41 KIPS)
** Heartbeat:  46% -- { 46000079 } -- 500.00 KIPS (528.74 KIPS)
** Heartbeat:  47% -- { 47000080 } -- 500.00 KIPS (528.09 KIPS)
** Heartbeat:  48% -- { 48000080 } -- 500.00 KIPS (527.47 KIPS)
** Heartbeat:  49% -- { 49000080 } -- 500.00 KIPS (526.88 KIPS)
** Heartbeat:  50% -- { 50000080 } -- 500.00 KIPS (526.32 KIPS)
** Heartbeat:  51% -- { 51000083 } -- 1000.00 KIPS (531.25 KIPS)
** Heartbeat:  52% -- { 52000084 } -- 500.00 KIPS (530.61 KIPS)
** Heartbeat:  53% -- { 53000084 } -- 500.00 KIPS (530.00 KIPS)
** Heartbeat:  54% -- { 54000084 } -- 500.00 KIPS (529.41 KIPS)
** Heartbeat:  55% -- { 55000087 } -- 500.00 KIPS (528.85 KIPS)
** Heartbeat:  56% -- { 56000088 } -- 500.00 KIPS (528.30 KIPS)
** Heartbeat:  57% -- { 57000089 } -- 500.00 KIPS (527.78 KIPS)
** Heartbeat:  58% -- { 58000092 } -- 500.00 KIPS (527.27 KIPS)
** Heartbeat:  59% -- { 59000096 } -- 500.00 KIPS (526.79 KIPS)
** Heartbeat:  60% -- { 60000096 } -- 500.00 KIPS (526.32 KIPS)
** Heartbeat:  61% -- { 61000100 } -- 1000.00 KIPS (530.44 KIPS)
** Heartbeat:  62% -- { 62000103 } -- 500.00 KIPS (529.92 KIPS)
** Heartbeat:  63% -- { 63000106 } -- 500.00 KIPS (529.41 KIPS)
** Heartbeat:  64% -- { 64000107 } -- 500.00 KIPS (528.93 KIPS)
** Heartbeat:  65% -- { 65000107 } -- 500.00 KIPS (528.46 KIPS)
** Heartbeat:  66% -- { 66000110 } -- 500.00 KIPS (528.00 KIPS)
** Heartbeat:  67% -- { 67000111 } -- 500.00 KIPS (527.56 KIPS)
** Heartbeat:  68% -- { 68000114 } -- 500.00 KIPS (527.13 KIPS)
** Heartbeat:  69% -- { 69000115 } -- 500.00 KIPS (526.72 KIPS)
** Heartbeat:  70% -- { 70000119 } -- 1000.00 KIPS (530.30 KIPS)
** Heartbeat:  71% -- { 71000122 } -- 500.00 KIPS (529.85 KIPS)
** Heartbeat:  72% -- { 72000125 } -- 500.00 KIPS (529.41 KIPS)
** Heartbeat:  73% -- { 73000128 } -- 500.00 KIPS (528.99 KIPS)
** Heartbeat:  74% -- { 74000131 } -- 500.00 KIPS (528.57 KIPS)
** Heartbeat:  75% -- { 75000132 } -- 500.00 KIPS (528.17 KIPS)
** Heartbeat:  76% -- { 76000135 } -- 500.00 KIPS (527.78 KIPS)
** Heartbeat:  77% -- { 77000137 } -- 500.00 KIPS (527.40 KIPS)
** Heartbeat:  78% -- { 78000138 } -- 500.00 KIPS (527.03 KIPS)
** Heartbeat:  79% -- { 79000140 } -- 500.00 KIPS (526.67 KIPS)
** Heartbeat:  80% -- { 80000143 } -- 1000.00 KIPS (529.80 KIPS)
** Heartbeat:  81% -- { 81000147 } -- 500.00 KIPS (529.41 KIPS)
** Heartbeat:  82% -- { 82000149 } -- 500.00 KIPS (529.03 KIPS)
** Heartbeat:  83% -- { 83000149 } -- 500.00 KIPS (528.66 KIPS)
** Heartbeat:  84% -- { 84000151 } -- 500.00 KIPS (528.30 KIPS)
** Heartbeat:  85% -- { 85000154 } -- 500.00 KIPS (527.95 KIPS)
** Heartbeat:  86% -- { 86000158 } -- 500.00 KIPS (527.61 KIPS)
** Heartbeat:  87% -- { 87000158 } -- 500.00 KIPS (527.27 KIPS)
** Heartbeat:  88% -- { 88000158 } -- 500.00 KIPS (526.95 KIPS)
** Heartbeat:  89% -- { 89000160 } -- 1000.00 KIPS (529.76 KIPS)
** Heartbeat:  90% -- { 90000165 } -- 500.00 KIPS (529.41 KIPS)
** Heartbeat:  91% -- { 91000165 } -- 500.00 KIPS (529.07 KIPS)
** Heartbeat:  92% -- { 92000166 } -- 500.00 KIPS (528.74 KIPS)
** Heartbeat:  93% -- { 93000170 } -- 500.00 KIPS (528.41 KIPS)
** Heartbeat:  94% -- { 94000174 } -- 500.00 KIPS (528.09 KIPS)
** Heartbeat:  95% -- { 95000175 } -- 500.00 KIPS (527.78 KIPS)
** Heartbeat:  96% -- { 96000178 } -- 500.00 KIPS (527.47 KIPS)
** Heartbeat:  97% -- { 97000178 } -- 1000.00 KIPS (530.06 KIPS)
** Heartbeat:  98% -- { 98000179 } -- 500.00 KIPS (529.73 KIPS)
** Heartbeat:  99% -- { 99000179 } -- 500.00 KIPS (529.41 KIPS)
** Core 0 Finished:    insts:100000003   cycles:62388250    time:19496328125000      -- 1.60 IPC (1.60 IPC) --  N/A  KIPS (529.10 KIPS)
done
Scarab finished at Sun Jun 11 08:11:47 2023

