/* -*- Mode: c -*- */
####################################################################################################
Core 0
####################################################################################################
Cumulative:        Cycles: 62388250              Instructions: 100000003             IPC: 1.60287

DCACHE_PREF_HIT                                      0                              0              

IFETCH_WB_FIRST_SCHEDULE                             0         -nan%                0         -nan%
PREFETCH_LAST_SCHEDULE                               0         -nan%                0         -nan%
DEMAND_PASS_PREF_SCHEDULE                            0         -nan%                0         -nan%
DEMAND_PASS_LOW_OP_SCHEDULE                          0         -nan%                0         -nan%
DEMAND_LAST_SCHEDULE                                 0         -nan%                0         -nan%
                                                     0         -nan%                0         -nan%
                                                  -nan         -nan              -nan         -nan

SEND_MISS_REQ_QUEUE                               4908                           4908              

L1_DATA_EVICT                                       66                             66              

STREAM_BUFFER_REQ                                    0                              0              

PREF_SEND_TO_MEM_REQ                                 0         -nan%                0         -nan%
PREF_SEND_TO_MEM_REQ_FAIL                            0         -nan%                0         -nan%
                                                     0         -nan%                0         -nan%
                                                  -nan         -nan              -nan         -nan

HIT_TRAIN_STREAM                                  1757       30.830%             1757       30.830%
MISS_TRAIN_STREAM                                 3942       69.170%             3942       69.170%
                                                  5699      100.000%             5699      100.000%
                                                  0.69         0.63              0.69         0.63

STREAM_TRAIN_CREATE                               2519                           2519              

MEM_REQ_MISS_HWP_PREF_Q                              0         -nan%                0         -nan%
MEM_REQ_MISS_SW_PREF_Q                               0         -nan%                0         -nan%
MEM_REQ_MISS_IFETCH_Q                                0         -nan%                0         -nan%
MEM_REQ_MISS_DFETCH_Q                                0         -nan%                0         -nan%
MEM_REQ_MISS_DSTORE_Q                                0         -nan%                0         -nan%
MEM_REQ_MISS_DPRF_Q                                  0         -nan%                0         -nan%
MEM_REQ_MISS_WB_Q                                    0         -nan%                0         -nan%
                                                     0         -nan%                0         -nan%
                                                  -nan         -nan              -nan         -nan

PREF_HIT_BY_DEMAND_IFETCH                            0         -nan%                0         -nan%
PREF_HIT_BY_DEMAND_DFETCH                            0         -nan%                0         -nan%
PREF_HIT_BY_DEMAND_DSTORE                            0         -nan%                0         -nan%
PREF_HIT_BY_DEMAND_IPREF                             0         -nan%                0         -nan%
PREF_HIT_BY_DEMAND_DPRF                              0         -nan%                0         -nan%
PREF_HIT_BY_DEMAND_WB                                0         -nan%                0         -nan%
PREF_HIT_BY_PREF                                     0         -nan%                0         -nan%
                                                     0         -nan%                0         -nan%
                                                  -nan         -nan              -nan         -nan

PREF_HIT_DEMAND_IFETCH                               0         -nan%                0         -nan%
PREF_HIT_DEMAND_DFETCH                               0         -nan%                0         -nan%
PREF_HIT_DEMAND_DSTORE                               0         -nan%                0         -nan%
PREF_HIT_DEMAND_IPREF                                0         -nan%                0         -nan%
PREF_HIT_DEMAND_DPRF                                 0         -nan%                0         -nan%
PREF_HIT_DEMAND_WB                                   0         -nan%                0         -nan%
                                                     0         -nan%                0         -nan%
                                                  -nan         -nan              -nan         -nan

PREF_L1_FILL                                         0         -nan%                0         -nan%
DEMAND_L1_FILL                                       0         -nan%                0         -nan%
                                                     0         -nan%                0         -nan%
                                                  -nan         -nan              -nan         -nan

TOUCH_L1_REPLACE                                     0        0.000%                0        0.000%
NO_TOUCH_L1_REPLACE                                 66      100.000%               66      100.000%
                                                    66      100.000%               66      100.000%
                                                  1.00         1.01              1.00         1.01

PREF_REQ_QUE_FULL                                    0                              0              

STREAM_REQ_QUEUE_HIT_BY_DEMAND                       0                              0              

L2HIT_STREAM_PREF_REQ_QUE_FULL                       0                              0              

L2HIT_HIT_TRAIN_STREAM                               0         -nan%                0         -nan%
L2HIT_MISS_TRAIN_STREAM                              0         -nan%                0         -nan%
                                                     0         -nan%                0         -nan%
                                                  -nan         -nan              -nan         -nan

L2HIT_STREAM_TRAIN_CREATE                            0                              0              

L2HIT_STREAM_BUFFER_REQ                              0                              0              

L2HIT_STREAM_PREF_DCACHE_HIT                         0         -nan%                0         -nan%
L2HIT_STREAM_PREF_DCACHE_INSERT                      0         -nan%                0         -nan%
L2HIT_STREAM_L2_MISS                                 0         -nan%                0         -nan%
                                                     0         -nan%                0         -nan%
                                                  -nan         -nan              -nan         -nan

L2HIT_STREAM_DCACHE_PORT_FULL                        0                              0              

L2HIT_STREAM_PREF_L1_PORT_FULL                       0                              0              

L2HIT_TRAIN_HIT_DEMAND                               0         -nan%                0         -nan%
L2HIT_TRAIN_MISS_REQ                                 0         -nan%                0         -nan%
                                                     0         -nan%                0         -nan%
                                                  -nan         -nan              -nan         -nan

L2HIT_TRAIN_FILTER_MISS                              0         -nan%                0         -nan%
L2HIT_TRAIN_FILTER_HIT                               0         -nan%                0         -nan%
                                                     0         -nan%                0         -nan%
                                                  -nan         -nan              -nan         -nan

L2HIT_PREF_REQ_DCACHE_HIT                            0         -nan%                0         -nan%
L2HIT_PREF_REQ_DCACHE_MISS                           0         -nan%                0         -nan%
                                                     0         -nan%                0         -nan%
                                                  -nan         -nan              -nan         -nan

L2HIT_L2SEND_Q_FULL                                  0         -nan%                0         -nan%
L2HIT_L2SEND_Q_ENTER                                 0         -nan%                0         -nan%
                                                     0         -nan%                0         -nan%
                                                  -nan         -nan              -nan         -nan

L2HIT_MEM_REQ                                        0                              0              

REMOVE_REDUNDANT_STREAM_STAT                         0                              0              

REPLACE_OLD_STREAM                                2503                           2503              

REQ_SEND_QUEUE_STALL                                 0                              0              

STREAM_ENTER_RA                                      0                              0              

CORE_STREAM_LENGTH_0                                24       15.385%               24       15.385%
CORE_STREAM_LENGTH_10                               60       38.462%               60       38.462%
CORE_STREAM_LENGTH_20                               29       18.590%               29       18.590%
CORE_STREAM_LENGTH_30                               15        9.615%               15        9.615%
CORE_STREAM_LENGTH_40                                8        5.128%                8        5.128%
CORE_STREAM_LENGTH_50                                5        3.205%                5        3.205%
CORE_STREAM_LENGTH_60                                1        0.641%                1        0.641%
CORE_STREAM_LENGTH_70                                6        3.846%                6        3.846%
CORE_STREAM_LENGTH_80                                0        0.000%                0        0.000%
CORE_STREAM_LENGTH_90                                6        3.846%                6        3.846%
CORE_STREAM_LENGTH_100_P                             2        1.282%                2        1.282%
                                                   156      100.000%              156      100.000%
                                                  2.19         2.16              2.19         2.16

CORE_CUM_STREAM_LENGTH_0                           170        4.031%              170        4.031%
CORE_CUM_STREAM_LENGTH_10                          892       21.152%              892       21.152%
CORE_CUM_STREAM_LENGTH_20                          671       15.912%              671       15.912%
CORE_CUM_STREAM_LENGTH_30                          540       12.805%              540       12.805%
CORE_CUM_STREAM_LENGTH_40                          349        8.276%              349        8.276%
CORE_CUM_STREAM_LENGTH_50                          265        6.284%              265        6.284%
CORE_CUM_STREAM_LENGTH_60                           60        1.423%               60        1.423%
CORE_CUM_STREAM_LENGTH_70                          446       10.576%              446       10.576%
CORE_CUM_STREAM_LENGTH_80                            0        0.000%                0        0.000%
CORE_CUM_STREAM_LENGTH_90                          547       12.971%              547       12.971%
CORE_CUM_STREAM_LENGTH_100_P                       277        6.569%              277        6.569%
                                                  4217      100.000%             4217      100.000%
                                                  4.21         3.23              4.21         3.23

CORE_STREAM_TRAIN_HITS_0                            99       63.462%               99       63.462%
CORE_STREAM_TRAIN_HITS_10                           31       19.872%               31       19.872%
CORE_STREAM_TRAIN_HITS_20                            8        5.128%                8        5.128%
CORE_STREAM_TRAIN_HITS_30                            4        2.564%                4        2.564%
CORE_STREAM_TRAIN_HITS_40                            2        1.282%                2        1.282%
CORE_STREAM_TRAIN_HITS_50                            4        2.564%                4        2.564%
CORE_STREAM_TRAIN_HITS_60                            1        0.641%                1        0.641%
CORE_STREAM_TRAIN_HITS_70                            5        3.205%                5        3.205%
CORE_STREAM_TRAIN_HITS_80                            0        0.000%                0        0.000%
CORE_STREAM_TRAIN_HITS_90                            0        0.000%                0        0.000%
CORE_STREAM_TRAIN_HITS_100_P                         2        1.282%                2        1.282%
                                                   156      100.000%              156      100.000%
                                                  0.95         1.77              0.95         1.77

CORE_CUM_STREAM_TRAIN_HITS_0                       598       25.115%              598       25.115%
CORE_CUM_STREAM_TRAIN_HITS_10                      462       19.404%              462       19.404%
CORE_CUM_STREAM_TRAIN_HITS_20                      181        7.602%              181        7.602%
CORE_CUM_STREAM_TRAIN_HITS_30                      135        5.670%              135        5.670%
CORE_CUM_STREAM_TRAIN_HITS_40                       89        3.738%               89        3.738%
CORE_CUM_STREAM_TRAIN_HITS_50                      234        9.828%              234        9.828%
CORE_CUM_STREAM_TRAIN_HITS_60                       60        2.520%               60        2.520%
CORE_CUM_STREAM_TRAIN_HITS_70                      376       15.792%              376       15.792%
CORE_CUM_STREAM_TRAIN_HITS_80                        0        0.000%                0        0.000%
CORE_CUM_STREAM_TRAIN_HITS_90                        0        0.000%                0        0.000%
CORE_CUM_STREAM_TRAIN_HITS_100_P                   246       10.332%              246       10.332%
                                                  2381      100.000%             2381      100.000%
                                                  3.45         3.07              3.45         3.07

CORE_STREAM_TRAIN_CREATE                          2519                           2519              



