Scarab gitrev: e8bfa19
Scarab started at Thu May  4 21:40:18 2023

Initialized Ramulator. 
** Heartbeat:   1% -- { 1000003 } -- 0.00 KIPS (250.00 KIPS)
** Heartbeat:   2% -- { 2000004 } -- 333.33 KIPS (285.71 KIPS)
** Heartbeat:   3% -- { 3000005 } -- 250.00 KIPS (272.73 KIPS)
** Heartbeat:   4% -- { 4000008 } -- 333.33 KIPS (285.71 KIPS)
** Heartbeat:   5% -- { 5000010 } -- 250.00 KIPS (277.78 KIPS)
** Heartbeat:   6% -- { 6000012 } -- 250.00 KIPS (272.73 KIPS)
** Heartbeat:   7% -- { 7000014 } -- 333.33 KIPS (280.00 KIPS)
** Heartbeat:   8% -- { 8000016 } -- 250.00 KIPS (275.86 KIPS)
** Heartbeat:   9% -- { 9000018 } -- 333.33 KIPS (281.25 KIPS)
** Heartbeat:  10% -- { 10000019 } -- 250.00 KIPS (277.78 KIPS)
** Heartbeat:  11% -- { 11000020 } -- 333.33 KIPS (282.05 KIPS)
** Heartbeat:  12% -- { 12000021 } -- 250.00 KIPS (279.07 KIPS)
** Heartbeat:  13% -- { 13000024 } -- 333.33 KIPS (282.61 KIPS)
** Heartbeat:  14% -- { 14000025 } -- 250.00 KIPS (280.00 KIPS)
** Heartbeat:  15% -- { 15000025 } -- 333.33 KIPS (283.02 KIPS)
** Heartbeat:  16% -- { 16000030 } -- 250.00 KIPS (280.70 KIPS)
** Heartbeat:  17% -- { 17000030 } -- 333.33 KIPS (283.33 KIPS)
** Heartbeat:  18% -- { 18000034 } -- 333.33 KIPS (285.71 KIPS)
** Heartbeat:  19% -- { 19000035 } -- 250.00 KIPS (283.58 KIPS)
** Heartbeat:  20% -- { 20000037 } -- 333.33 KIPS (285.71 KIPS)
** Heartbeat:  21% -- { 21000037 } -- 250.00 KIPS (283.78 KIPS)
** Heartbeat:  22% -- { 22000039 } -- 250.00 KIPS (282.05 KIPS)
** Heartbeat:  23% -- { 23000040 } -- 333.33 KIPS (283.95 KIPS)
** Heartbeat:  24% -- { 24000042 } -- 250.00 KIPS (282.35 KIPS)
** Heartbeat:  25% -- { 25000042 } -- 250.00 KIPS (280.90 KIPS)
** Heartbeat:  26% -- { 26000043 } -- 333.33 KIPS (282.61 KIPS)
** Heartbeat:  27% -- { 27000045 } -- 250.00 KIPS (281.25 KIPS)
** Heartbeat:  28% -- { 28000046 } -- 250.00 KIPS (280.00 KIPS)
** Heartbeat:  29% -- { 29000048 } -- 333.33 KIPS (281.55 KIPS)
** Heartbeat:  30% -- { 30000048 } -- 250.00 KIPS (280.37 KIPS)
** Heartbeat:  31% -- { 31000049 } -- 333.33 KIPS (281.82 KIPS)
** Heartbeat:  32% -- { 32000050 } -- 250.00 KIPS (280.70 KIPS)
** Heartbeat:  33% -- { 33000050 } -- 333.33 KIPS (282.05 KIPS)
** Heartbeat:  34% -- { 34000051 } -- 250.00 KIPS (280.99 KIPS)
** Heartbeat:  35% -- { 35000051 } -- 333.33 KIPS (282.26 KIPS)
** Heartbeat:  36% -- { 36000051 } -- 250.00 KIPS (281.25 KIPS)
** Heartbeat:  37% -- { 37000054 } -- 333.33 KIPS (282.44 KIPS)
** Heartbeat:  38% -- { 38000056 } -- 250.00 KIPS (281.48 KIPS)
** Heartbeat:  39% -- { 39000060 } -- 250.00 KIPS (280.58 KIPS)
** Heartbeat:  40% -- { 40000062 } -- 333.33 KIPS (281.69 KIPS)
** Heartbeat:  41% -- { 41000062 } -- 250.00 KIPS (280.82 KIPS)
** Heartbeat:  42% -- { 42000065 } -- 333.33 KIPS (281.88 KIPS)
** Heartbeat:  43% -- { 43000070 } -- 250.00 KIPS (281.05 KIPS)
** Heartbeat:  44% -- { 44000071 } -- 333.33 KIPS (282.05 KIPS)
** Heartbeat:  45% -- { 45000073 } -- 250.00 KIPS (281.25 KIPS)
** Heartbeat:  46% -- { 46000075 } -- 333.33 KIPS (282.21 KIPS)
** Heartbeat:  47% -- { 47000075 } -- 250.00 KIPS (281.44 KIPS)
** Heartbeat:  48% -- { 48000075 } -- 333.33 KIPS (282.35 KIPS)
** Heartbeat:  49% -- { 49000077 } -- 250.00 KIPS (281.61 KIPS)
** Heartbeat:  50% -- { 50000077 } -- 250.00 KIPS (280.90 KIPS)
** Heartbeat:  51% -- { 51000077 } -- 333.33 KIPS (281.77 KIPS)
** Heartbeat:  52% -- { 52000078 } -- 250.00 KIPS (281.08 KIPS)
** Heartbeat:  53% -- { 53000083 } -- 333.33 KIPS (281.92 KIPS)
** Heartbeat:  54% -- { 54000084 } -- 250.00 KIPS (281.25 KIPS)
** Heartbeat:  55% -- { 55000086 } -- 250.00 KIPS (280.61 KIPS)
** Heartbeat:  56% -- { 56000086 } -- 333.33 KIPS (281.41 KIPS)
** Heartbeat:  57% -- { 57000090 } -- 250.00 KIPS (280.79 KIPS)
** Heartbeat:  58% -- { 58000090 } -- 333.33 KIPS (281.55 KIPS)
** Heartbeat:  59% -- { 59000093 } -- 250.00 KIPS (280.95 KIPS)
** Heartbeat:  60% -- { 60000093 } -- 333.33 KIPS (281.69 KIPS)
** Heartbeat:  61% -- { 61000094 } -- 250.00 KIPS (281.11 KIPS)
** Heartbeat:  62% -- { 62000094 } -- 333.33 KIPS (281.82 KIPS)
** Heartbeat:  63% -- { 63000095 } -- 250.00 KIPS (281.25 KIPS)
** Heartbeat:  64% -- { 64000095 } -- 333.33 KIPS (281.94 KIPS)
** Heartbeat:  65% -- { 65000095 } -- 250.00 KIPS (281.39 KIPS)
** Heartbeat:  66% -- { 66000095 } -- 333.33 KIPS (282.05 KIPS)
** Heartbeat:  67% -- { 67000095 } -- 250.00 KIPS (281.51 KIPS)
** Heartbeat:  68% -- { 68000098 } -- 333.33 KIPS (282.16 KIPS)
** Heartbeat:  69% -- { 69000102 } -- 250.00 KIPS (281.63 KIPS)
** Heartbeat:  70% -- { 70000104 } -- 250.00 KIPS (281.12 KIPS)
** Heartbeat:  71% -- { 71000108 } -- 250.00 KIPS (280.63 KIPS)
** Heartbeat:  72% -- { 72000108 } -- 333.33 KIPS (281.25 KIPS)
** Heartbeat:  73% -- { 73000108 } -- 250.00 KIPS (280.77 KIPS)
** Heartbeat:  74% -- { 74000111 } -- 333.33 KIPS (281.37 KIPS)
** Heartbeat:  75% -- { 75000111 } -- 250.00 KIPS (280.90 KIPS)
** Heartbeat:  76% -- { 76000116 } -- 250.00 KIPS (280.44 KIPS)
** Heartbeat:  77% -- { 77000116 } -- 333.33 KIPS (281.02 KIPS)
** Heartbeat:  78% -- { 78000117 } -- 250.00 KIPS (280.58 KIPS)
** Heartbeat:  79% -- { 79000122 } -- 250.00 KIPS (280.14 KIPS)
** Heartbeat:  80% -- { 80000124 } -- 333.33 KIPS (280.70 KIPS)
** Heartbeat:  81% -- { 81000127 } -- 250.00 KIPS (280.28 KIPS)
** Heartbeat:  82% -- { 82000129 } -- 250.00 KIPS (279.86 KIPS)
** Heartbeat:  83% -- { 83000130 } -- 333.33 KIPS (280.41 KIPS)
** Heartbeat:  84% -- { 84000131 } -- 250.00 KIPS (280.00 KIPS)
** Heartbeat:  85% -- { 85000134 } -- 250.00 KIPS (279.61 KIPS)
** Heartbeat:  86% -- { 86000138 } -- 333.33 KIPS (280.13 KIPS)
** Heartbeat:  87% -- { 87000138 } -- 250.00 KIPS (279.74 KIPS)
** Heartbeat:  88% -- { 88000139 } -- 250.00 KIPS (279.37 KIPS)
** Heartbeat:  89% -- { 89000139 } -- 333.33 KIPS (279.87 KIPS)
** Heartbeat:  90% -- { 90000142 } -- 250.00 KIPS (279.50 KIPS)
** Heartbeat:  91% -- { 91000146 } -- 500.00 KIPS (280.86 KIPS)
** Heartbeat:  92% -- { 92000149 } -- 500.00 KIPS (282.21 KIPS)
** Heartbeat:  93% -- { 93000149 } -- 333.33 KIPS (282.68 KIPS)
** Heartbeat:  94% -- { 94000149 } -- 500.00 KIPS (283.99 KIPS)
** Heartbeat:  95% -- { 95000151 } -- 333.33 KIPS (284.43 KIPS)
** Heartbeat:  96% -- { 96000152 } -- 333.33 KIPS (284.87 KIPS)
** Heartbeat:  97% -- { 97000155 } -- 333.33 KIPS (285.29 KIPS)
** Heartbeat:  98% -- { 98000157 } -- 333.33 KIPS (285.71 KIPS)
** Heartbeat:  99% -- { 99000158 } -- 333.33 KIPS (286.13 KIPS)
** Core 0 Finished:    insts:100000000   cycles:56180125    time:17556289062500      -- 1.78 IPC (1.78 IPC) --  N/A  KIPS (286.53 KIPS)
done
Scarab finished at Thu May  4 21:46:07 2023

