/* -*- Mode: c -*- */
####################################################################################################
Core 0
####################################################################################################
Cumulative:        Cycles: 35294408              Instructions: 100000000             IPC: 2.83331

EXECUTION_TIME                           11029502500000                  11029502500000              

NODE_CYCLE                                    35294408                       35294408              

NODE_INST_COUNT                              100000000                      100000000              

NODE_UOP_COUNT                               110907477                      110907477              

FULL_WINDOW_STALL                             10875786       30.814%         10875786       30.814%

FULL_WINDOW_MEM_OP                             4556717       58.861%          4556717       58.861%
FULL_WINDOW_FP_OP                              3087363       39.881%          3087363       39.881%
FULL_WINDOW_OTHER_OP                             97401        1.258%            97401        1.258%
                                               7741481      100.000%          7741481      100.000%
                                                  0.42         0.41              0.42         0.41

RET_BLOCKED_DC_MISS                            3131960        8.874%          3131960        8.874%

RET_BLOCKED_L1_MISS                            3240241        9.181%          3240241        9.181%

RET_BLOCKED_L1_MISS_BW_PREF                          0        0.000%                0        0.000%

RET_BLOCKED_L1_ACCESS                           122670        0.348%           122670        0.348%

RET_BLOCKED_MEM_STALL                          3370411        9.549%          3370411        9.549%

RET_BLOCKED_OFFCHIP_DEMAND                           0        0.000%                0        0.000%

OP_ISSUED                                    110907485                      110907485              

OP_RETIRED                                   110907477                      110907477              

REPLAY_SIGNALED                                      0                              0              

REPLAY_COUNTED                                       0                              0              

OFF_CRITICAL_PATH                                    0         -nan%                0         -nan%
ON_CRITICAL_PATH                                     0         -nan%                0         -nan%
                                                     0         -nan%                0         -nan%
                                                  -nan         -nan              -nan         -nan

LD_NO_DEPENDENTS                                521642        2.077%           521642        2.077%
LD_DEPENDENTS                                 24588499       97.923%         24588499       97.923%
                                              25110141      100.000%         25110141      100.000%
                                                  0.98         0.97              0.98         0.97

LD_EXEC_CYCLES_0                                     0        0.000%                0        0.000%
LD_EXEC_CYCLES_1                                     0        0.000%                0        0.000%
LD_EXEC_CYCLES_2                                     0        0.000%                0        0.000%
LD_EXEC_CYCLES_3                              12509567       71.660%         12509567       71.660%
LD_EXEC_CYCLES_4                               4947307       28.340%          4947307       28.340%
                                              17456874      100.000%         17456874      100.000%
                                                  3.28         1.81              3.28         1.81

FU_BUSY_0                                     28403386                       28403386              

FU_BUSY_1                                     24557889                       24557889              

FU_BUSY_2                                     21916110                       21916110              

FU_BUSY_3                                     17163827                       17163827              

FU_BUSY_4                                     14358617                       14358617              

FU_BUSY_5                                     12634469                       12634469              

FU_BUSY_6                                     10812693                       10812693              

FU_BUSY_7                                      9280845                        9280845              

FU_BUSY_8                                            0                              0              

FU_BUSY_9                                            0                              0              

FU_BUSY_10                                           0                              0              

FU_BUSY_11                                           0                              0              

FU_BUSY_12                                           0                              0              

FU_BUSY_13                                           0                              0              

FU_BUSY_14                                           0                              0              

FU_BUSY_15                                           0                              0              

FU_BUSY_16                                           0                              0              

FU_BUSY_17                                           0                              0              

FU_BUSY_18                                           0                              0              

FU_BUSY_19                                           0                              0              

FU_BUSY_20                                           0                              0              

FU_BUSY_21                                           0                              0              

FU_BUSY_22                                           0                              0              

FU_BUSY_23                                           0                              0              

FU_BUSY_24                                           0                              0              

FU_BUSY_25                                           0                              0              

FU_BUSY_26                                           0                              0              

FU_BUSY_27                                           0                              0              

FU_BUSY_28                                           0                              0              

FU_BUSY_29                                           0                              0              

FU_BUSY_30                                           0                              0              

FU_BUSY_31                                           0                              0              

OP_WAIT_0                                     75020790                       75020790              

OP_WAIT_1                                     16416733                       16416733              

OP_WAIT_2                                      4379107                        4379107              

OP_WAIT_3                                      2050151                        2050151              

OP_WAIT_4                                      1658815                        1658815              

OP_WAIT_5                                      1128822                        1128822              

OP_WAIT_6                                       814774                         814774              

OP_WAIT_7                                      1683205                        1683205              

OP_WAIT_8                                      1632537                        1632537              

OP_WAIT_9                                      1059780                        1059780              

OP_WAIT_10                                     2242504                        2242504              

OP_WAIT_11                                      686787                         686787              

OP_WAIT_12                                      601582                         601582              

OP_WAIT_13                                      260483                         260483              

OP_WAIT_14                                      227829                         227829              

OP_WAIT_15                                      131114                         131114              

OP_WAIT_16                                      108982                         108982              

OP_WAIT_17                                       97027                          97027              

OP_WAIT_18                                       77634                          77634              

OP_WAIT_19                                       60656                          60656              

OP_WAIT_20                                       46989                          46989              

OP_WAIT_21                                       22773                          22773              

OP_WAIT_22                                       15864                          15864              

OP_WAIT_23                                       20547                          20547              

OP_WAIT_24                                       17968                          17968              

OP_WAIT_25                                       19382                          19382              

OP_WAIT_26                                       50359                          50359              

OP_WAIT_27                                       34668                          34668              

OP_WAIT_28                                       15910                          15910              

OP_WAIT_29                                        4342                           4342              

OP_WAIT_30                                        9218                           9218              

OP_WAIT_31                                      310145                         310145              

ROW_SIZE_0                                    11746702                       11746702              

ROW_SIZE_1                                     1836326                        1836326              

ROW_SIZE_2                                     1388559                        1388559              

ROW_SIZE_3                                     1237945                        1237945              

ROW_SIZE_4                                     1514202                        1514202              

ROW_SIZE_5                                      377336                         377336              

ROW_SIZE_6                                    15772785                       15772785              

ROW_SIZE_7                                           0                              0              

ROW_SIZE_8                                           0                              0              

ROW_SIZE_9                                           0                              0              

ROW_SIZE_10                                          0                              0              

ROW_SIZE_11                                          0                              0              

ROW_SIZE_12                                          0                              0              

ROW_SIZE_13                                          0                              0              

ROW_SIZE_14                                          0                              0              

ROW_SIZE_15                                          0                              0              

ROW_SIZE_16                                          0                              0              

ROW_SIZE_17                                          0                              0              

ROW_SIZE_18                                          0                              0              

ROW_SIZE_19                                          0                              0              

ROW_SIZE_20                                          0                              0              

ROW_SIZE_21                                          0                              0              

ROW_SIZE_22                                          0                              0              

ROW_SIZE_23                                          0                              0              

ROW_SIZE_24                                          0                              0              

ROW_SIZE_25                                          0                              0              

ROW_SIZE_26                                          0                              0              

ROW_SIZE_27                                          0                              0              

ROW_SIZE_28                                          0                              0              

ROW_SIZE_29                                          0                              0              

ROW_SIZE_30                                          0                              0              

ROW_SIZE_31                                          0                              0              

RET_OP_EXEC_COUNT_0                                  0        0.000%                0        0.000%
RET_OP_EXEC_COUNT_1                          110907477      100.000%        110907477      100.000%
RET_OP_EXEC_COUNT_2                                  0        0.000%                0        0.000%
RET_OP_EXEC_COUNT_3                                  0        0.000%                0        0.000%
RET_OP_EXEC_COUNT_4                                  0        0.000%                0        0.000%
RET_OP_EXEC_COUNT_5                                  0        0.000%                0        0.000%
RET_OP_EXEC_COUNT_6                                  0        0.000%                0        0.000%
RET_OP_EXEC_COUNT_7                                  0        0.000%                0        0.000%
RET_OP_EXEC_COUNT_8                                  0        0.000%                0        0.000%
RET_OP_EXEC_COUNT_9                                  0        0.000%                0        0.000%
RET_OP_EXEC_COUNT_10                                 0        0.000%                0        0.000%
RET_OP_EXEC_COUNT_11                                 0        0.000%                0        0.000%
RET_OP_EXEC_COUNT_12                                 0        0.000%                0        0.000%
RET_OP_EXEC_COUNT_13                                 0        0.000%                0        0.000%
RET_OP_EXEC_COUNT_14                                 0        0.000%                0        0.000%
RET_OP_EXEC_COUNT_15                                 0        0.000%                0        0.000%
RET_OP_EXEC_COUNT_16                                 0        0.000%                0        0.000%
RET_OP_EXEC_COUNT_17                                 0        0.000%                0        0.000%
RET_OP_EXEC_COUNT_18                                 0        0.000%                0        0.000%
RET_OP_EXEC_COUNT_19                                 0        0.000%                0        0.000%
RET_OP_EXEC_COUNT_20                                 0        0.000%                0        0.000%
RET_OP_EXEC_COUNT_21                                 0        0.000%                0        0.000%
RET_OP_EXEC_COUNT_22                                 0        0.000%                0        0.000%
RET_OP_EXEC_COUNT_23                                 0        0.000%                0        0.000%
RET_OP_EXEC_COUNT_24                                 0        0.000%                0        0.000%
RET_OP_EXEC_COUNT_25                                 0        0.000%                0        0.000%
RET_OP_EXEC_COUNT_26                                 0        0.000%                0        0.000%
RET_OP_EXEC_COUNT_27                                 0        0.000%                0        0.000%
RET_OP_EXEC_COUNT_28                                 0        0.000%                0        0.000%
RET_OP_EXEC_COUNT_29                                 0        0.000%                0        0.000%
RET_OP_EXEC_COUNT_30                                 0        0.000%                0        0.000%
RET_OP_EXEC_COUNT_31                                 0        0.000%                0        0.000%
RET_OP_EXEC_COUNT_32                                 0        0.000%                0        0.000%
                                             110907477      100.000%        110907477      100.000%
                                                  1.00         0.00              1.00         0.00

RET_STALL_LENGTH_0                           110899289       99.993%        110899289       99.993%
RET_STALL_LENGTH_100                              5343        0.005%             5343        0.005%
RET_STALL_LENGTH_200                               363        0.000%              363        0.000%
RET_STALL_LENGTH_300                               672        0.001%              672        0.001%
RET_STALL_LENGTH_400                               681        0.001%              681        0.001%
RET_STALL_LENGTH_500                               361        0.000%              361        0.000%
RET_STALL_LENGTH_600                               198        0.000%              198        0.000%
RET_STALL_LENGTH_700                                98        0.000%               98        0.000%
RET_STALL_LENGTH_800                                63        0.000%               63        0.000%
RET_STALL_LENGTH_900                                50        0.000%               50        0.000%
RET_STALL_LENGTH_1000                               64        0.000%               64        0.000%
RET_STALL_LENGTH_1100                               80        0.000%               80        0.000%
RET_STALL_LENGTH_1200                              140        0.000%              140        0.000%
RET_STALL_LENGTH_1300                               24        0.000%               24        0.000%
RET_STALL_LENGTH_1400                                4        0.000%                4        0.000%
RET_STALL_LENGTH_1500                                9        0.000%                9        0.000%
RET_STALL_LENGTH_1600                               16        0.000%               16        0.000%
RET_STALL_LENGTH_1700                                8        0.000%                8        0.000%
RET_STALL_LENGTH_1800                                7        0.000%                7        0.000%
RET_STALL_LENGTH_1900                                5        0.000%                5        0.000%
RET_STALL_LENGTH_2000                                0        0.000%                0        0.000%
RET_STALL_LENGTH_2100                                2        0.000%                2        0.000%
RET_STALL_LENGTH_2200                                0        0.000%                0        0.000%
RET_STALL_LENGTH_2300                                0        0.000%                0        0.000%
RET_STALL_LENGTH_2400                                0        0.000%                0        0.000%
RET_STALL_LENGTH_2500                                0        0.000%                0        0.000%
RET_STALL_LENGTH_2600                                0        0.000%                0        0.000%
RET_STALL_LENGTH_2700                                0        0.000%                0        0.000%
RET_STALL_LENGTH_2800                                0        0.000%                0        0.000%
RET_STALL_LENGTH_2900                                0        0.000%                0        0.000%
RET_STALL_LENGTH_3000                                0        0.000%                0        0.000%
RET_STALL_LENGTH_3100                                0        0.000%                0        0.000%
RET_STALL_LENGTH_3200                                0        0.000%                0        0.000%
RET_STALL_LENGTH_3300                                0        0.000%                0        0.000%
RET_STALL_LENGTH_3400                                0        0.000%                0        0.000%
RET_STALL_LENGTH_3500                                0        0.000%                0        0.000%
RET_STALL_LENGTH_3600                                0        0.000%                0        0.000%
RET_STALL_LENGTH_3700                                0        0.000%                0        0.000%
RET_STALL_LENGTH_3800                                0        0.000%                0        0.000%
RET_STALL_LENGTH_3900                                0        0.000%                0        0.000%
RET_STALL_LENGTH_4000                                0        0.000%                0        0.000%
RET_STALL_LENGTH_4100                                0        0.000%                0        0.000%
RET_STALL_LENGTH_4200                                0        0.000%                0        0.000%
RET_STALL_LENGTH_4300                                0        0.000%                0        0.000%
RET_STALL_LENGTH_4400                                0        0.000%                0        0.000%
RET_STALL_LENGTH_4500                                0        0.000%                0        0.000%
RET_STALL_LENGTH_4600                                0        0.000%                0        0.000%
RET_STALL_LENGTH_4700                                0        0.000%                0        0.000%
RET_STALL_LENGTH_4800                                0        0.000%                0        0.000%
RET_STALL_LENGTH_4900                                0        0.000%                0        0.000%
RET_STALL_LENGTH_5000                                0        0.000%                0        0.000%
                                             110907477      100.000%        110907477      100.000%
                                                  0.00         0.03              0.00         0.03

MEM_BLOCK_LENGTH_0                                7317       83.016%             7317       83.016%
MEM_BLOCK_LENGTH_100                               273        3.097%              273        3.097%
MEM_BLOCK_LENGTH_200                               109        1.237%              109        1.237%
MEM_BLOCK_LENGTH_300                               171        1.940%              171        1.940%
MEM_BLOCK_LENGTH_400                               182        2.065%              182        2.065%
MEM_BLOCK_LENGTH_500                               133        1.509%              133        1.509%
MEM_BLOCK_LENGTH_600                               127        1.441%              127        1.441%
MEM_BLOCK_LENGTH_700                               131        1.486%              131        1.486%
MEM_BLOCK_LENGTH_800                                75        0.851%               75        0.851%
MEM_BLOCK_LENGTH_900                                53        0.601%               53        0.601%
MEM_BLOCK_LENGTH_1000                               37        0.420%               37        0.420%
MEM_BLOCK_LENGTH_1100                               35        0.397%               35        0.397%
MEM_BLOCK_LENGTH_1200                               27        0.306%               27        0.306%
MEM_BLOCK_LENGTH_1300                               25        0.284%               25        0.284%
MEM_BLOCK_LENGTH_1400                               24        0.272%               24        0.272%
MEM_BLOCK_LENGTH_1500                               13        0.147%               13        0.147%
MEM_BLOCK_LENGTH_1600                               15        0.170%               15        0.170%
MEM_BLOCK_LENGTH_1700                               10        0.113%               10        0.113%
MEM_BLOCK_LENGTH_1800                               10        0.113%               10        0.113%
MEM_BLOCK_LENGTH_1900                                8        0.091%                8        0.091%
MEM_BLOCK_LENGTH_2000                                5        0.057%                5        0.057%
MEM_BLOCK_LENGTH_2100                                6        0.068%                6        0.068%
MEM_BLOCK_LENGTH_2200                                5        0.057%                5        0.057%
MEM_BLOCK_LENGTH_2300                                4        0.045%                4        0.045%
MEM_BLOCK_LENGTH_2400                                2        0.023%                2        0.023%
MEM_BLOCK_LENGTH_2500                                3        0.034%                3        0.034%
MEM_BLOCK_LENGTH_2600                                6        0.068%                6        0.068%
MEM_BLOCK_LENGTH_2700                                2        0.023%                2        0.023%
MEM_BLOCK_LENGTH_2800                                0        0.000%                0        0.000%
MEM_BLOCK_LENGTH_2900                                0        0.000%                0        0.000%
MEM_BLOCK_LENGTH_3000                                0        0.000%                0        0.000%
MEM_BLOCK_LENGTH_3100                                1        0.011%                1        0.011%
MEM_BLOCK_LENGTH_3200                                1        0.011%                1        0.011%
MEM_BLOCK_LENGTH_3300                                2        0.023%                2        0.023%
MEM_BLOCK_LENGTH_3400                                0        0.000%                0        0.000%
MEM_BLOCK_LENGTH_3500                                0        0.000%                0        0.000%
MEM_BLOCK_LENGTH_3600                                0        0.000%                0        0.000%
MEM_BLOCK_LENGTH_3700                                0        0.000%                0        0.000%
MEM_BLOCK_LENGTH_3800                                0        0.000%                0        0.000%
MEM_BLOCK_LENGTH_3900                                0        0.000%                0        0.000%
MEM_BLOCK_LENGTH_4000                                0        0.000%                0        0.000%
MEM_BLOCK_LENGTH_4100                                0        0.000%                0        0.000%
MEM_BLOCK_LENGTH_4200                                0        0.000%                0        0.000%
MEM_BLOCK_LENGTH_4300                                1        0.011%                1        0.011%
MEM_BLOCK_LENGTH_4400                                0        0.000%                0        0.000%
MEM_BLOCK_LENGTH_4500                                0        0.000%                0        0.000%
MEM_BLOCK_LENGTH_4600                                0        0.000%                0        0.000%
MEM_BLOCK_LENGTH_4700                                0        0.000%                0        0.000%
MEM_BLOCK_LENGTH_4800                                0        0.000%                0        0.000%
MEM_BLOCK_LENGTH_4900                                0        0.000%                0        0.000%
MEM_BLOCK_LENGTH_5000                                1        0.011%                1        0.011%
                                                  8814      100.000%             8814      100.000%
                                                  1.00         2.92              1.00         2.92

FUS_BUSY_ON_PATH                             139127836        3.9419        139127836        3.9419

FUS_BUSY_OFF_PATH                                    0        0.0000                0        0.0000

FU_BUSY_MEM_STALL                             28218800        0.7995         28218800        0.7995

FUS_EMPTY                                    143227428        4.0581        143227428        4.0581

CHIP_UTILIZATION                                     0        0.0000                0        0.0000

CYCLES_UNDER_MEM_REQ                                 0                              0              

CYCLES_UNDER_NO_MEM_REQ                              0                              0              

CYCLES_UNDER_CRITICAL_MEM_REQ                        0                              0              

CYCLES_UNDER_NONCRITICAL_MEM_REQ                     0                              0              

CHIP_UTILIZATION_UNDER_MEM_REQ                       0          -nan                0          -nan

CHIP_UTILIZATION_UNDER_NO_MEM_REQ                    0          -nan                0          -nan

CHIP_UTILIZATION_UNDER_CRITICAL_MEM_REQ              0          -nan                0          -nan

CHIP_UTILIZATION_UNDER_NONCRITICAL_MEM_REQ             0          -nan                0          -nan

CYCLES_NOT_WAITING_FOR_OFF_CHIP                      0        0.0000                0        0.0000

FUS_BUSY_NOT_WAITING_FOR_OFF_CHIP                    0          -nan                0          -nan

CYCLES_WAITING_FOR_OFF_CHIP                          0        0.0000                0        0.0000

FUS_BUSY_WAITING_FOR_OFF_CHIP                        0          -nan                0          -nan

TOTAL_OFF_CHIP_DELAYS_LEFT                           0                              0              

WRONG_IO_SCHED                                       0                              0              

DVFS_CONFIG_SWITCH                                   0                              0              



