               ramulator.active_cycles_0             3353522                                      # Total active cycles for level _0
                 ramulator.busy_cycles_0             3353522                                      # (All-bank refresh only. busy cycles only include refresh time in rank level) The sum of cycles that the DRAM part is active or under refresh for level _0
            ramulator.serving_requests_0             5811722                                      # The sum of read and write requests that are served in this DRAM element per memory cycle for level _0
    ramulator.average_serving_requests_0            0.439104                                      # The average of read and write requests that are served in this DRAM element per memory cycle for level _0
             ramulator.active_cycles_0_0             3353522                                      # Total active cycles for level _0_0
               ramulator.busy_cycles_0_0             3860042                                      # (All-bank refresh only. busy cycles only include refresh time in rank level) The sum of cycles that the DRAM part is active or under refresh for level _0_0
          ramulator.serving_requests_0_0             5811722                                      # The sum of read and write requests that are served in this DRAM element per memory cycle for level _0_0
  ramulator.average_serving_requests_0_0            0.439104                                      # The average of read and write requests that are served in this DRAM element per memory cycle for level _0_0
           ramulator.active_cycles_0_0_0              984088                                      # Total active cycles for level _0_0_0
             ramulator.busy_cycles_0_0_0              984088                                      # (All-bank refresh only. busy cycles only include refresh time in rank level) The sum of cycles that the DRAM part is active or under refresh for level _0_0_0
        ramulator.serving_requests_0_0_0             1384564                                      # The sum of read and write requests that are served in this DRAM element per memory cycle for level _0_0_0
ramulator.average_serving_requests_0_0_0            0.104611                                      # The average of read and write requests that are served in this DRAM element per memory cycle for level _0_0_0
         ramulator.active_cycles_0_0_0_0              265336                                      # Total active cycles for level _0_0_0_0
           ramulator.busy_cycles_0_0_0_0              265336                                      # (All-bank refresh only. busy cycles only include refresh time in rank level) The sum of cycles that the DRAM part is active or under refresh for level _0_0_0_0
      ramulator.serving_requests_0_0_0_0              323708                                      # The sum of read and write requests that are served in this DRAM element per memory cycle for level _0_0_0_0
ramulator.average_serving_requests_0_0_0_0            0.024458                                      # The average of read and write requests that are served in this DRAM element per memory cycle for level _0_0_0_0
         ramulator.active_cycles_0_0_0_1              289511                                      # Total active cycles for level _0_0_0_1
           ramulator.busy_cycles_0_0_0_1              289511                                      # (All-bank refresh only. busy cycles only include refresh time in rank level) The sum of cycles that the DRAM part is active or under refresh for level _0_0_0_1
      ramulator.serving_requests_0_0_0_1              361469                                      # The sum of read and write requests that are served in this DRAM element per memory cycle for level _0_0_0_1
ramulator.average_serving_requests_0_0_0_1            0.027311                                      # The average of read and write requests that are served in this DRAM element per memory cycle for level _0_0_0_1
         ramulator.active_cycles_0_0_0_2              244637                                      # Total active cycles for level _0_0_0_2
           ramulator.busy_cycles_0_0_0_2              244637                                      # (All-bank refresh only. busy cycles only include refresh time in rank level) The sum of cycles that the DRAM part is active or under refresh for level _0_0_0_2
      ramulator.serving_requests_0_0_0_2              299918                                      # The sum of read and write requests that are served in this DRAM element per memory cycle for level _0_0_0_2
ramulator.average_serving_requests_0_0_0_2            0.022660                                      # The average of read and write requests that are served in this DRAM element per memory cycle for level _0_0_0_2
         ramulator.active_cycles_0_0_0_3              325017                                      # Total active cycles for level _0_0_0_3
           ramulator.busy_cycles_0_0_0_3              325017                                      # (All-bank refresh only. busy cycles only include refresh time in rank level) The sum of cycles that the DRAM part is active or under refresh for level _0_0_0_3
      ramulator.serving_requests_0_0_0_3              399469                                      # The sum of read and write requests that are served in this DRAM element per memory cycle for level _0_0_0_3
ramulator.average_serving_requests_0_0_0_3            0.030182                                      # The average of read and write requests that are served in this DRAM element per memory cycle for level _0_0_0_3
           ramulator.active_cycles_0_0_1             1707907                                      # Total active cycles for level _0_0_1
             ramulator.busy_cycles_0_0_1             1707907                                      # (All-bank refresh only. busy cycles only include refresh time in rank level) The sum of cycles that the DRAM part is active or under refresh for level _0_0_1
        ramulator.serving_requests_0_0_1             2049099                                      # The sum of read and write requests that are served in this DRAM element per memory cycle for level _0_0_1
ramulator.average_serving_requests_0_0_1            0.154819                                      # The average of read and write requests that are served in this DRAM element per memory cycle for level _0_0_1
         ramulator.active_cycles_0_0_1_0              245567                                      # Total active cycles for level _0_0_1_0
           ramulator.busy_cycles_0_0_1_0              245567                                      # (All-bank refresh only. busy cycles only include refresh time in rank level) The sum of cycles that the DRAM part is active or under refresh for level _0_0_1_0
      ramulator.serving_requests_0_0_1_0              302939                                      # The sum of read and write requests that are served in this DRAM element per memory cycle for level _0_0_1_0
ramulator.average_serving_requests_0_0_1_0            0.022889                                      # The average of read and write requests that are served in this DRAM element per memory cycle for level _0_0_1_0
         ramulator.active_cycles_0_0_1_1              230802                                      # Total active cycles for level _0_0_1_1
           ramulator.busy_cycles_0_0_1_1              230802                                      # (All-bank refresh only. busy cycles only include refresh time in rank level) The sum of cycles that the DRAM part is active or under refresh for level _0_0_1_1
      ramulator.serving_requests_0_0_1_1              284952                                      # The sum of read and write requests that are served in this DRAM element per memory cycle for level _0_0_1_1
ramulator.average_serving_requests_0_0_1_1            0.021530                                      # The average of read and write requests that are served in this DRAM element per memory cycle for level _0_0_1_1
         ramulator.active_cycles_0_0_1_2              290756                                      # Total active cycles for level _0_0_1_2
           ramulator.busy_cycles_0_0_1_2              290756                                      # (All-bank refresh only. busy cycles only include refresh time in rank level) The sum of cycles that the DRAM part is active or under refresh for level _0_0_1_2
      ramulator.serving_requests_0_0_1_2              354815                                      # The sum of read and write requests that are served in this DRAM element per memory cycle for level _0_0_1_2
ramulator.average_serving_requests_0_0_1_2            0.026808                                      # The average of read and write requests that are served in this DRAM element per memory cycle for level _0_0_1_2
         ramulator.active_cycles_0_0_1_3             1053572                                      # Total active cycles for level _0_0_1_3
           ramulator.busy_cycles_0_0_1_3             1053572                                      # (All-bank refresh only. busy cycles only include refresh time in rank level) The sum of cycles that the DRAM part is active or under refresh for level _0_0_1_3
      ramulator.serving_requests_0_0_1_3             1106393                                      # The sum of read and write requests that are served in this DRAM element per memory cycle for level _0_0_1_3
ramulator.average_serving_requests_0_0_1_3            0.083593                                      # The average of read and write requests that are served in this DRAM element per memory cycle for level _0_0_1_3
           ramulator.active_cycles_0_0_2              890379                                      # Total active cycles for level _0_0_2
             ramulator.busy_cycles_0_0_2              890379                                      # (All-bank refresh only. busy cycles only include refresh time in rank level) The sum of cycles that the DRAM part is active or under refresh for level _0_0_2
        ramulator.serving_requests_0_0_2             1225525                                      # The sum of read and write requests that are served in this DRAM element per memory cycle for level _0_0_2
ramulator.average_serving_requests_0_0_2            0.092594                                      # The average of read and write requests that are served in this DRAM element per memory cycle for level _0_0_2
         ramulator.active_cycles_0_0_2_0              259189                                      # Total active cycles for level _0_0_2_0
           ramulator.busy_cycles_0_0_2_0              259189                                      # (All-bank refresh only. busy cycles only include refresh time in rank level) The sum of cycles that the DRAM part is active or under refresh for level _0_0_2_0
      ramulator.serving_requests_0_0_2_0              314777                                      # The sum of read and write requests that are served in this DRAM element per memory cycle for level _0_0_2_0
ramulator.average_serving_requests_0_0_2_0            0.023783                                      # The average of read and write requests that are served in this DRAM element per memory cycle for level _0_0_2_0
         ramulator.active_cycles_0_0_2_1              264275                                      # Total active cycles for level _0_0_2_1
           ramulator.busy_cycles_0_0_2_1              264275                                      # (All-bank refresh only. busy cycles only include refresh time in rank level) The sum of cycles that the DRAM part is active or under refresh for level _0_0_2_1
      ramulator.serving_requests_0_0_2_1              327478                                      # The sum of read and write requests that are served in this DRAM element per memory cycle for level _0_0_2_1
ramulator.average_serving_requests_0_0_2_1            0.024743                                      # The average of read and write requests that are served in this DRAM element per memory cycle for level _0_0_2_1
         ramulator.active_cycles_0_0_2_2              264454                                      # Total active cycles for level _0_0_2_2
           ramulator.busy_cycles_0_0_2_2              264454                                      # (All-bank refresh only. busy cycles only include refresh time in rank level) The sum of cycles that the DRAM part is active or under refresh for level _0_0_2_2
      ramulator.serving_requests_0_0_2_2              336077                                      # The sum of read and write requests that are served in this DRAM element per memory cycle for level _0_0_2_2
ramulator.average_serving_requests_0_0_2_2            0.025392                                      # The average of read and write requests that are served in this DRAM element per memory cycle for level _0_0_2_2
         ramulator.active_cycles_0_0_2_3              202911                                      # Total active cycles for level _0_0_2_3
           ramulator.busy_cycles_0_0_2_3              202911                                      # (All-bank refresh only. busy cycles only include refresh time in rank level) The sum of cycles that the DRAM part is active or under refresh for level _0_0_2_3
      ramulator.serving_requests_0_0_2_3              247193                                      # The sum of read and write requests that are served in this DRAM element per memory cycle for level _0_0_2_3
ramulator.average_serving_requests_0_0_2_3            0.018677                                      # The average of read and write requests that are served in this DRAM element per memory cycle for level _0_0_2_3
           ramulator.active_cycles_0_0_3              845919                                      # Total active cycles for level _0_0_3
             ramulator.busy_cycles_0_0_3              845919                                      # (All-bank refresh only. busy cycles only include refresh time in rank level) The sum of cycles that the DRAM part is active or under refresh for level _0_0_3
        ramulator.serving_requests_0_0_3             1152534                                      # The sum of read and write requests that are served in this DRAM element per memory cycle for level _0_0_3
ramulator.average_serving_requests_0_0_3            0.087080                                      # The average of read and write requests that are served in this DRAM element per memory cycle for level _0_0_3
         ramulator.active_cycles_0_0_3_0              255158                                      # Total active cycles for level _0_0_3_0
           ramulator.busy_cycles_0_0_3_0              255158                                      # (All-bank refresh only. busy cycles only include refresh time in rank level) The sum of cycles that the DRAM part is active or under refresh for level _0_0_3_0
      ramulator.serving_requests_0_0_3_0              308459                                      # The sum of read and write requests that are served in this DRAM element per memory cycle for level _0_0_3_0
ramulator.average_serving_requests_0_0_3_0            0.023306                                      # The average of read and write requests that are served in this DRAM element per memory cycle for level _0_0_3_0
         ramulator.active_cycles_0_0_3_1              281589                                      # Total active cycles for level _0_0_3_1
           ramulator.busy_cycles_0_0_3_1              281589                                      # (All-bank refresh only. busy cycles only include refresh time in rank level) The sum of cycles that the DRAM part is active or under refresh for level _0_0_3_1
      ramulator.serving_requests_0_0_3_1              337003                                      # The sum of read and write requests that are served in this DRAM element per memory cycle for level _0_0_3_1
ramulator.average_serving_requests_0_0_3_1            0.025462                                      # The average of read and write requests that are served in this DRAM element per memory cycle for level _0_0_3_1
         ramulator.active_cycles_0_0_3_2              204217                                      # Total active cycles for level _0_0_3_2
           ramulator.busy_cycles_0_0_3_2              204217                                      # (All-bank refresh only. busy cycles only include refresh time in rank level) The sum of cycles that the DRAM part is active or under refresh for level _0_0_3_2
      ramulator.serving_requests_0_0_3_2              253559                                      # The sum of read and write requests that are served in this DRAM element per memory cycle for level _0_0_3_2
ramulator.average_serving_requests_0_0_3_2            0.019158                                      # The average of read and write requests that are served in this DRAM element per memory cycle for level _0_0_3_2
         ramulator.active_cycles_0_0_3_3              201031                                      # Total active cycles for level _0_0_3_3
           ramulator.busy_cycles_0_0_3_3              201031                                      # (All-bank refresh only. busy cycles only include refresh time in rank level) The sum of cycles that the DRAM part is active or under refresh for level _0_0_3_3
      ramulator.serving_requests_0_0_3_3              253513                                      # The sum of read and write requests that are served in this DRAM element per memory cycle for level _0_0_3_3
ramulator.average_serving_requests_0_0_3_3            0.019154                                      # The average of read and write requests that are served in this DRAM element per memory cycle for level _0_0_3_3
      ramulator.read_transaction_bytes_0             9431168                                      # The total byte of read transaction per channel
     ramulator.write_transaction_bytes_0             4099200                                      # The total byte of write transaction per channel
       ramulator.row_hits_channel_0_core              176667                                      # Number of row hits per channel per core
     ramulator.row_misses_channel_0_core                8677                                      # Number of row misses per channel per core
  ramulator.row_conflicts_channel_0_core               26068                                      # Number of row conflicts per channel per core
  ramulator.read_row_hits_channel_0_core              125806                                      # Number of row hits for read requests per channel per core
                                     [0]            125806.0                                      # 
ramulator.read_row_misses_channel_0_core                5768                                      # Number of row misses for read requests per channel per core
                                     [0]              5768.0                                      # 
ramulator.read_row_conflicts_channel_0_core               15788                                      # Number of row conflicts for read requests per channel per core
                                     [0]             15788.0                                      # 
 ramulator.write_row_hits_channel_0_core               50861                                      # Number of row hits for write requests per channel per core
                                     [0]             50861.0                                      # 
ramulator.write_row_misses_channel_0_core                2909                                      # Number of row misses for write requests per channel per core
                                     [0]              2909.0                                      # 
ramulator.write_row_conflicts_channel_0_core               10280                                      # Number of row conflicts for write requests per channel per core
                                     [0]             10280.0                                      # 
      ramulator.useless_activates_0_core                 124                                      # Number of useless activations. E.g, ACT -> PRE w/o RD or WR
            ramulator.read_latency_avg_0          121.050966                                      # The average memory latency cycles (in memory time domain) per request for all read requests in this channel
            ramulator.read_latency_sum_0            17839644                                      # The memory latency cycles (in memory time domain) sum for all read requests in this channel
        ramulator.req_queue_length_avg_0           11.704038                                      # Average of read and write queue length per memory cycle per channel.
        ramulator.req_queue_length_sum_0           154907720                                      # Sum of read and write queue length per memory cycle per channel.
   ramulator.read_req_queue_length_avg_0            1.320488                                      # Read queue length average per memory cycle per channel.
   ramulator.read_req_queue_length_sum_0            17477192                                      # Read queue length sum per memory cycle per channel.
  ramulator.write_req_queue_length_avg_0           10.383551                                      # Write queue length average per memory cycle per channel.
  ramulator.write_req_queue_length_sum_0           137430528                                      # Write queue length sum per memory cycle per channel.
              ramulator.record_read_hits                 0.0                                      # record read hit count for this core when it reaches request limit or to the end
                                     [0]                 0.0                                      # 
            ramulator.record_read_misses                 0.0                                      # record_read_miss count for this core when it reaches request limit or to the end
                                     [0]                 0.0                                      # 
         ramulator.record_read_conflicts                 0.0                                      # record read conflict count for this core when it reaches request limit or to the end
                                     [0]                 0.0                                      # 
             ramulator.record_write_hits                 0.0                                      # record write hit count for this core when it reaches request limit or to the end
                                     [0]                 0.0                                      # 
           ramulator.record_write_misses                 0.0                                      # record write miss count for this core when it reaches request limit or to the end
                                     [0]                 0.0                                      # 
        ramulator.record_write_conflicts                 0.0                                      # record write conflict for this core when it reaches request limit or to the end
                                     [0]                 0.0                                      # 
                 ramulator.dram_capacity          8589934592                                      # Number of bytes in simulated DRAM
                   ramulator.dram_cycles            13235408                                      # Number of DRAM cycles simulated
             ramulator.incoming_requests              211446                                      # Number of incoming requests to DRAM
                 ramulator.read_requests              147373                                      # Number of incoming read requests to DRAM per core
                                     [0]            147373.0                                      # 
                ramulator.write_requests               64073                                      # Number of incoming write requests to DRAM per core
                                     [0]             64073.0                                      # 
       ramulator.ramulator_active_cycles             3353522                                      # The total number of cycles that the DRAM part is active (serving R/W)
 ramulator.incoming_requests_per_channel            211446.0                                      # Number of incoming requests to each DRAM channel
                                     [0]            211446.0                                      # 
ramulator.incoming_read_reqs_per_channel            147373.0                                      # Number of incoming read requests to each DRAM channel
                                     [0]            147373.0                                      # 
     ramulator.physical_page_replacement                   0                                      # The number of times that physical page replacement happens.
             ramulator.maximum_bandwidth         19200000000                                      # The theoretical maximum bandwidth (Bps)
          ramulator.in_queue_req_num_sum           154907720                                      # Sum of read/write queue length
     ramulator.in_queue_read_req_num_sum            17477192                                      # Sum of read queue length
    ramulator.in_queue_write_req_num_sum           137430528                                      # Sum of write queue length
          ramulator.in_queue_req_num_avg           11.704038                                      # Average of read/write queue length per memory cycle
     ramulator.in_queue_read_req_num_avg            1.320488                                      # Average of read queue length per memory cycle
    ramulator.in_queue_write_req_num_avg           10.383551                                      # Average of write queue length per memory cycle
          ramulator.record_read_requests                 0.0                                      # record read requests for this core when it reaches request limit or to the end
                                     [0]                 0.0                                      # 
         ramulator.record_write_requests                 0.0                                      # record write requests for this core when it reaches request limit or to the end
                                     [0]                 0.0                                      # 
