Scarab gitrev: e8bfa19
Scarab started at Thu May  4 21:40:18 2023

Initialized Ramulator. 
** Heartbeat:   1% -- { 1000001 } -- 0.00 KIPS (333.33 KIPS)
** Heartbeat:   2% -- { 2000004 } -- 250.00 KIPS (285.71 KIPS)
** Heartbeat:   3% -- { 3000005 } -- 333.33 KIPS (300.00 KIPS)
** Heartbeat:   4% -- { 4000009 } -- 333.33 KIPS (307.69 KIPS)
** Heartbeat:   5% -- { 5000011 } -- 250.00 KIPS (294.12 KIPS)
** Heartbeat:   6% -- { 6000013 } -- 333.33 KIPS (300.00 KIPS)
** Heartbeat:   7% -- { 7000017 } -- 250.00 KIPS (291.67 KIPS)
** Heartbeat:   8% -- { 8000017 } -- 333.33 KIPS (296.30 KIPS)
** Heartbeat:   9% -- { 9000021 } -- 333.33 KIPS (300.00 KIPS)
** Heartbeat:  10% -- { 10000024 } -- 250.00 KIPS (294.12 KIPS)
** Heartbeat:  11% -- { 11000024 } -- 333.33 KIPS (297.30 KIPS)
** Heartbeat:  12% -- { 12000028 } -- 250.00 KIPS (292.68 KIPS)
** Heartbeat:  13% -- { 13000030 } -- 333.33 KIPS (295.46 KIPS)
** Heartbeat:  14% -- { 14000032 } -- 333.33 KIPS (297.87 KIPS)
** Heartbeat:  15% -- { 15000034 } -- 250.00 KIPS (294.12 KIPS)
** Heartbeat:  16% -- { 16000037 } -- 333.33 KIPS (296.30 KIPS)
** Heartbeat:  17% -- { 17000037 } -- 333.33 KIPS (298.25 KIPS)
** Heartbeat:  18% -- { 18000040 } -- 250.00 KIPS (295.08 KIPS)
** Heartbeat:  19% -- { 19000041 } -- 333.33 KIPS (296.88 KIPS)
** Heartbeat:  20% -- { 20000043 } -- 333.33 KIPS (298.51 KIPS)
** Heartbeat:  21% -- { 21000043 } -- 250.00 KIPS (295.78 KIPS)
** Heartbeat:  22% -- { 22000045 } -- 333.33 KIPS (297.30 KIPS)
** Heartbeat:  23% -- { 23000049 } -- 250.00 KIPS (294.87 KIPS)
** Heartbeat:  24% -- { 24000050 } -- 333.33 KIPS (296.30 KIPS)
** Heartbeat:  25% -- { 25000050 } -- 333.33 KIPS (297.62 KIPS)
** Heartbeat:  26% -- { 26000050 } -- 250.00 KIPS (295.46 KIPS)
** Heartbeat:  27% -- { 27000053 } -- 333.33 KIPS (296.70 KIPS)
** Heartbeat:  28% -- { 28000054 } -- 250.00 KIPS (294.74 KIPS)
** Heartbeat:  29% -- { 29000055 } -- 333.33 KIPS (295.92 KIPS)
** Heartbeat:  30% -- { 30000058 } -- 333.33 KIPS (297.03 KIPS)
** Heartbeat:  31% -- { 31000062 } -- 250.00 KIPS (295.24 KIPS)
** Heartbeat:  32% -- { 32000062 } -- 333.33 KIPS (296.30 KIPS)
** Heartbeat:  33% -- { 33000066 } -- 333.33 KIPS (297.30 KIPS)
** Heartbeat:  34% -- { 34000067 } -- 250.00 KIPS (295.65 KIPS)
** Heartbeat:  35% -- { 35000071 } -- 333.33 KIPS (296.61 KIPS)
** Heartbeat:  36% -- { 36000071 } -- 250.00 KIPS (295.08 KIPS)
** Heartbeat:  37% -- { 37000074 } -- 333.33 KIPS (296.00 KIPS)
** Heartbeat:  38% -- { 38000075 } -- 333.33 KIPS (296.88 KIPS)
** Heartbeat:  39% -- { 39000079 } -- 250.00 KIPS (295.46 KIPS)
** Heartbeat:  40% -- { 40000081 } -- 333.33 KIPS (296.30 KIPS)
** Heartbeat:  41% -- { 41000083 } -- 333.33 KIPS (297.10 KIPS)
** Heartbeat:  42% -- { 42000083 } -- 250.00 KIPS (295.78 KIPS)
** Heartbeat:  43% -- { 43000084 } -- 333.33 KIPS (296.55 KIPS)
** Heartbeat:  44% -- { 44000084 } -- 333.33 KIPS (297.30 KIPS)
** Heartbeat:  45% -- { 45000088 } -- 250.00 KIPS (296.05 KIPS)
** Heartbeat:  46% -- { 46000090 } -- 333.33 KIPS (296.77 KIPS)
** Heartbeat:  47% -- { 47000092 } -- 333.33 KIPS (297.47 KIPS)
** Heartbeat:  48% -- { 48000094 } -- 250.00 KIPS (296.30 KIPS)
** Heartbeat:  49% -- { 49000096 } -- 333.33 KIPS (296.97 KIPS)
** Heartbeat:  50% -- { 50000099 } -- 333.33 KIPS (297.62 KIPS)
** Heartbeat:  51% -- { 51000101 } -- 250.00 KIPS (296.51 KIPS)
** Heartbeat:  52% -- { 52000106 } -- 333.33 KIPS (297.14 KIPS)
** Heartbeat:  53% -- { 53000108 } -- 250.00 KIPS (296.09 KIPS)
** Heartbeat:  54% -- { 54000110 } -- 333.33 KIPS (296.70 KIPS)
** Heartbeat:  55% -- { 55000110 } -- 333.33 KIPS (297.30 KIPS)
** Heartbeat:  56% -- { 56000113 } -- 250.00 KIPS (296.30 KIPS)
** Heartbeat:  57% -- { 57000114 } -- 333.33 KIPS (296.88 KIPS)
** Heartbeat:  58% -- { 58000114 } -- 333.33 KIPS (297.44 KIPS)
** Heartbeat:  59% -- { 59000117 } -- 250.00 KIPS (296.48 KIPS)
** Heartbeat:  60% -- { 60000117 } -- 333.33 KIPS (297.03 KIPS)
** Heartbeat:  61% -- { 61000119 } -- 333.33 KIPS (297.56 KIPS)
** Heartbeat:  62% -- { 62000121 } -- 250.00 KIPS (296.65 KIPS)
** Heartbeat:  63% -- { 63000122 } -- 333.33 KIPS (297.17 KIPS)
** Heartbeat:  64% -- { 64000124 } -- 250.00 KIPS (296.30 KIPS)
** Heartbeat:  65% -- { 65000124 } -- 333.33 KIPS (296.80 KIPS)
** Heartbeat:  66% -- { 66000127 } -- 333.33 KIPS (297.30 KIPS)
** Heartbeat:  67% -- { 67000127 } -- 250.00 KIPS (296.46 KIPS)
** Heartbeat:  68% -- { 68000132 } -- 333.33 KIPS (296.94 KIPS)
** Heartbeat:  69% -- { 69000136 } -- 333.33 KIPS (297.41 KIPS)
** Heartbeat:  70% -- { 70000137 } -- 250.00 KIPS (296.61 KIPS)
** Heartbeat:  71% -- { 71000137 } -- 333.33 KIPS (297.07 KIPS)
** Heartbeat:  72% -- { 72000140 } -- 250.00 KIPS (296.30 KIPS)
** Heartbeat:  73% -- { 73000141 } -- 333.33 KIPS (296.75 KIPS)
** Heartbeat:  74% -- { 74000142 } -- 333.33 KIPS (297.19 KIPS)
** Heartbeat:  75% -- { 75000142 } -- 250.00 KIPS (296.44 KIPS)
** Heartbeat:  76% -- { 76000144 } -- 333.33 KIPS (296.88 KIPS)
** Heartbeat:  77% -- { 77000145 } -- 333.33 KIPS (297.30 KIPS)
** Heartbeat:  78% -- { 78000146 } -- 250.00 KIPS (296.58 KIPS)
** Heartbeat:  79% -- { 79000146 } -- 333.33 KIPS (296.99 KIPS)
** Heartbeat:  80% -- { 80000147 } -- 333.33 KIPS (297.40 KIPS)
** Heartbeat:  81% -- { 81000147 } -- 250.00 KIPS (296.70 KIPS)
** Heartbeat:  82% -- { 82000148 } -- 333.33 KIPS (297.10 KIPS)
** Heartbeat:  83% -- { 83000148 } -- 250.00 KIPS (296.43 KIPS)
** Heartbeat:  84% -- { 84000148 } -- 333.33 KIPS (296.82 KIPS)
** Heartbeat:  85% -- { 85000148 } -- 250.00 KIPS (296.17 KIPS)
** Heartbeat:  86% -- { 86000153 } -- 333.33 KIPS (296.55 KIPS)
** Heartbeat:  87% -- { 87000154 } -- 250.00 KIPS (295.92 KIPS)
** Heartbeat:  88% -- { 88000156 } -- 333.33 KIPS (296.30 KIPS)
** Heartbeat:  89% -- { 89000158 } -- 250.00 KIPS (295.68 KIPS)
** Heartbeat:  90% -- { 90000158 } -- 333.33 KIPS (296.05 KIPS)
** Heartbeat:  91% -- { 91000162 } -- 333.33 KIPS (296.42 KIPS)
** Heartbeat:  92% -- { 92000164 } -- 250.00 KIPS (295.82 KIPS)
** Heartbeat:  93% -- { 93000167 } -- 333.33 KIPS (296.18 KIPS)
** Heartbeat:  94% -- { 94000169 } -- 333.33 KIPS (296.53 KIPS)
** Heartbeat:  95% -- { 95000171 } -- 250.00 KIPS (295.95 KIPS)
** Heartbeat:  96% -- { 96000174 } -- 333.33 KIPS (296.30 KIPS)
** Heartbeat:  97% -- { 97000176 } -- 333.33 KIPS (296.64 KIPS)
** Heartbeat:  98% -- { 98000176 } -- 250.00 KIPS (296.07 KIPS)
** Heartbeat:  99% -- { 99000176 } -- 333.33 KIPS (296.41 KIPS)
** Core 0 Finished:    insts:100000004   cycles:40056092    time:12517528750000      -- 2.50 IPC (2.50 IPC) --  N/A  KIPS (296.74 KIPS)
done
Scarab finished at Thu May  4 21:45:55 2023

