Scarab gitrev: e8bfa19
Scarab started at Thu May  4 21:40:18 2023

Initialized Ramulator. 
** Heartbeat:   1% -- { 1000005 } -- 0.00 KIPS (250.00 KIPS)
** Heartbeat:   2% -- { 2000007 } -- 250.00 KIPS (250.00 KIPS)
** Heartbeat:   3% -- { 3000007 } -- 333.33 KIPS (272.73 KIPS)
** Heartbeat:   4% -- { 4000007 } -- 250.00 KIPS (266.67 KIPS)
** Heartbeat:   5% -- { 5000008 } -- 333.33 KIPS (277.78 KIPS)
** Heartbeat:   6% -- { 6000010 } -- 250.00 KIPS (272.73 KIPS)
** Heartbeat:   7% -- { 7000015 } -- 250.00 KIPS (269.23 KIPS)
** Heartbeat:   8% -- { 8000018 } -- 333.33 KIPS (275.86 KIPS)
** Heartbeat:   9% -- { 9000018 } -- 250.00 KIPS (272.73 KIPS)
** Heartbeat:  10% -- { 10000021 } -- 333.33 KIPS (277.78 KIPS)
** Heartbeat:  11% -- { 11000022 } -- 250.00 KIPS (275.00 KIPS)
** Heartbeat:  12% -- { 12000022 } -- 250.00 KIPS (272.73 KIPS)
** Heartbeat:  13% -- { 13000026 } -- 333.33 KIPS (276.60 KIPS)
** Heartbeat:  14% -- { 14000026 } -- 250.00 KIPS (274.51 KIPS)
** Heartbeat:  15% -- { 15000026 } -- 333.33 KIPS (277.78 KIPS)
** Heartbeat:  16% -- { 16000030 } -- 250.00 KIPS (275.86 KIPS)
** Heartbeat:  17% -- { 17000034 } -- 333.33 KIPS (278.69 KIPS)
** Heartbeat:  18% -- { 18000039 } -- 250.00 KIPS (276.92 KIPS)
** Heartbeat:  19% -- { 19000039 } -- 250.00 KIPS (275.36 KIPS)
** Heartbeat:  20% -- { 20000039 } -- 250.00 KIPS (273.97 KIPS)
** Heartbeat:  21% -- { 21000040 } -- 250.00 KIPS (272.73 KIPS)
** Heartbeat:  22% -- { 22000041 } -- 250.00 KIPS (271.61 KIPS)
** Heartbeat:  23% -- { 23000041 } -- 200.00 KIPS (267.44 KIPS)
** Heartbeat:  24% -- { 24000041 } -- 333.33 KIPS (269.66 KIPS)
** Heartbeat:  25% -- { 25000041 } -- 200.00 KIPS (265.96 KIPS)
** Heartbeat:  26% -- { 26000043 } -- 250.00 KIPS (265.31 KIPS)
** Heartbeat:  27% -- { 27000046 } -- 250.00 KIPS (264.71 KIPS)
** Heartbeat:  28% -- { 28000047 } -- 250.00 KIPS (264.15 KIPS)
** Heartbeat:  29% -- { 29000049 } -- 200.00 KIPS (261.26 KIPS)
** Heartbeat:  30% -- { 30000049 } -- 250.00 KIPS (260.87 KIPS)
** Heartbeat:  31% -- { 31000050 } -- 200.00 KIPS (258.33 KIPS)
** Heartbeat:  32% -- { 32000050 } -- 250.00 KIPS (258.06 KIPS)
** Heartbeat:  33% -- { 33000052 } -- 250.00 KIPS (257.81 KIPS)
** Heartbeat:  34% -- { 34000056 } -- 200.00 KIPS (255.64 KIPS)
** Heartbeat:  35% -- { 35000057 } -- 250.00 KIPS (255.47 KIPS)
** Heartbeat:  36% -- { 36000057 } -- 250.00 KIPS (255.32 KIPS)
** Heartbeat:  37% -- { 37000057 } -- 200.00 KIPS (253.43 KIPS)
** Heartbeat:  38% -- { 38000059 } -- 250.00 KIPS (253.33 KIPS)
** Heartbeat:  39% -- { 39000059 } -- 250.00 KIPS (253.25 KIPS)
** Heartbeat:  40% -- { 40000059 } -- 200.00 KIPS (251.57 KIPS)
** Heartbeat:  41% -- { 41000059 } -- 200.00 KIPS (250.00 KIPS)
** Heartbeat:  42% -- { 42000059 } -- 250.00 KIPS (250.00 KIPS)
** Heartbeat:  43% -- { 43000059 } -- 250.00 KIPS (250.00 KIPS)
** Heartbeat:  44% -- { 44000061 } -- 200.00 KIPS (248.59 KIPS)
** Heartbeat:  45% -- { 45000064 } -- 250.00 KIPS (248.62 KIPS)
** Heartbeat:  46% -- { 46000067 } -- 250.00 KIPS (248.65 KIPS)
** Heartbeat:  47% -- { 47000069 } -- 200.00 KIPS (247.37 KIPS)
** Heartbeat:  48% -- { 48000072 } -- 250.00 KIPS (247.42 KIPS)
** Heartbeat:  49% -- { 49000072 } -- 200.00 KIPS (246.23 KIPS)
** Heartbeat:  50% -- { 50000073 } -- 250.00 KIPS (246.31 KIPS)
** Heartbeat:  51% -- { 51000076 } -- 200.00 KIPS (245.19 KIPS)
** Heartbeat:  52% -- { 52000077 } -- 250.00 KIPS (245.28 KIPS)
** Heartbeat:  53% -- { 53000080 } -- 250.00 KIPS (245.37 KIPS)
** Heartbeat:  54% -- { 54000080 } -- 250.00 KIPS (245.45 KIPS)
** Heartbeat:  55% -- { 55000084 } -- 200.00 KIPS (244.44 KIPS)
** Heartbeat:  56% -- { 56000084 } -- 250.00 KIPS (244.54 KIPS)
** Heartbeat:  57% -- { 57000089 } -- 200.00 KIPS (243.59 KIPS)
** Heartbeat:  58% -- { 58000093 } -- 250.00 KIPS (243.70 KIPS)
** Heartbeat:  59% -- { 59000096 } -- 250.00 KIPS (243.80 KIPS)
** Heartbeat:  60% -- { 60000100 } -- 200.00 KIPS (242.92 KIPS)
** Heartbeat:  61% -- { 61000104 } -- 250.00 KIPS (243.03 KIPS)
** Heartbeat:  62% -- { 62000108 } -- 250.00 KIPS (243.14 KIPS)
** Heartbeat:  63% -- { 63000108 } -- 200.00 KIPS (242.31 KIPS)
** Heartbeat:  64% -- { 64000108 } -- 250.00 KIPS (242.42 KIPS)
** Heartbeat:  65% -- { 65000112 } -- 250.00 KIPS (242.54 KIPS)
** Heartbeat:  66% -- { 66000114 } -- 200.00 KIPS (241.76 KIPS)
** Heartbeat:  67% -- { 67000116 } -- 250.00 KIPS (241.88 KIPS)
** Heartbeat:  68% -- { 68000119 } -- 200.00 KIPS (241.14 KIPS)
** Heartbeat:  69% -- { 69000119 } -- 250.00 KIPS (241.26 KIPS)
** Heartbeat:  70% -- { 70000119 } -- 250.00 KIPS (241.38 KIPS)
** Heartbeat:  71% -- { 71000119 } -- 250.00 KIPS (241.50 KIPS)
** Heartbeat:  72% -- { 72000121 } -- 200.00 KIPS (240.80 KIPS)
** Heartbeat:  73% -- { 73000126 } -- 250.00 KIPS (240.92 KIPS)
** Heartbeat:  74% -- { 74000126 } -- 200.00 KIPS (240.26 KIPS)
** Heartbeat:  75% -- { 75000127 } -- 250.00 KIPS (240.39 KIPS)
** Heartbeat:  76% -- { 76000131 } -- 250.00 KIPS (240.51 KIPS)
** Heartbeat:  77% -- { 77000131 } -- 200.00 KIPS (239.88 KIPS)
** Heartbeat:  78% -- { 78000135 } -- 250.00 KIPS (240.00 KIPS)
** Heartbeat:  79% -- { 79000135 } -- 250.00 KIPS (240.12 KIPS)
** Heartbeat:  80% -- { 80000138 } -- 200.00 KIPS (239.52 KIPS)
** Heartbeat:  81% -- { 81000138 } -- 333.33 KIPS (240.36 KIPS)
** Heartbeat:  82% -- { 82000138 } -- 333.33 KIPS (241.18 KIPS)
** Heartbeat:  83% -- { 83000138 } -- 250.00 KIPS (241.28 KIPS)
** Heartbeat:  84% -- { 84000143 } -- 250.00 KIPS (241.38 KIPS)
** Heartbeat:  85% -- { 85000143 } -- 250.00 KIPS (241.48 KIPS)
** Heartbeat:  86% -- { 86000143 } -- 500.00 KIPS (242.94 KIPS)
** Heartbeat:  87% -- { 87000145 } -- 333.33 KIPS (243.70 KIPS)
** Heartbeat:  88% -- { 88000146 } -- 500.00 KIPS (245.13 KIPS)
** Heartbeat:  89% -- { 89000150 } -- 333.33 KIPS (245.86 KIPS)
** Heartbeat:  90% -- { 90000150 } -- 333.33 KIPS (246.58 KIPS)
** Heartbeat:  91% -- { 91000150 } -- 333.33 KIPS (247.28 KIPS)
** Heartbeat:  92% -- { 92000150 } -- 500.00 KIPS (248.65 KIPS)
** Heartbeat:  93% -- { 93000150 } -- 333.33 KIPS (249.33 KIPS)
** Heartbeat:  94% -- { 94000152 } -- 500.00 KIPS (250.67 KIPS)
** Heartbeat:  95% -- { 95000156 } -- 333.33 KIPS (251.32 KIPS)
** Heartbeat:  96% -- { 96000157 } -- 500.00 KIPS (252.63 KIPS)
** Heartbeat:  97% -- { 97000160 } -- 333.33 KIPS (253.26 KIPS)
** Heartbeat:  98% -- { 98000165 } -- 500.00 KIPS (254.55 KIPS)
** Heartbeat:  99% -- { 99000166 } -- 333.33 KIPS (255.16 KIPS)
** Core 0 Finished:    insts:100000000   cycles:93509505    time:29221720312500      -- 1.07 IPC (1.07 IPC) --  N/A  KIPS (256.41 KIPS)
done
Scarab finished at Thu May  4 21:46:48 2023

