/* -*- Mode: c -*- */
####################################################################################################
Core 0
####################################################################################################
Cumulative:        Cycles: 8441788               Instructions: 10000000              IPC: 1.18458

ST_OP_INV                                            0        0.000%                0        0.000%
ST_OP_NOP                                       191185        1.438%           191185        1.438%
ST_OP_CF                                       2025271       15.238%          2025271       15.238%
ST_OP_MOV                                      1179881        8.877%          1179881        8.877%
ST_OP_CMOV                                       27419        0.206%            27419        0.206%
ST_OP_LDA                                       542946        4.085%           542946        4.085%
ST_OP_IMEM                                     4653637       35.013%          4653637       35.013%
ST_OP_IADD                                     2698271       20.301%          2698271       20.301%
ST_OP_IMUL                                       17815        0.134%            17815        0.134%
ST_OP_IDIV                                        1161        0.009%             1161        0.009%
ST_OP_ICMP                                      989988        7.449%           989988        7.449%
ST_OP_LOGIC                                     820703        6.175%           820703        6.175%
ST_OP_SHIFT                                      83371        0.627%            83371        0.627%
ST_OP_FMEM                                       56855        0.428%            56855        0.428%
ST_OP_FCVT                                           0        0.000%                0        0.000%
ST_OP_FADD                                           0        0.000%                0        0.000%
ST_OP_FMUL                                           0        0.000%                0        0.000%
ST_OP_FMA                                            0        0.000%                0        0.000%
ST_OP_FDIV                                           0        0.000%                0        0.000%
ST_OP_FCMP                                           0        0.000%                0        0.000%
ST_OP_FCMOV                                          0        0.000%                0        0.000%
ST_OP_GATHER                                         0        0.000%                0        0.000%
ST_OP_SCATTER                                        0        0.000%                0        0.000%
ST_OP_PIPELINED_FAST                              2142        0.016%             2142        0.016%
ST_OP_PIPELINED_MEDIUM                               0        0.000%                0        0.000%
ST_OP_PIPELINED_SLOW                                 0        0.000%                0        0.000%
ST_OP_NOTPIPELINED_MEDIUM                          398        0.003%              398        0.003%
ST_OP_NOTPIPELINED_SLOW                              0        0.000%                0        0.000%
ST_OP_NOTPIPELINED_VERY_SLOW                         0        0.000%                0        0.000%
                                              13291043      100.000%         13291043      100.000%
                                                  5.89         2.66              5.89         2.66

ST_NOT_CF                                     11265772       84.762%         11265772       84.762%
ST_CF_BR                                        146064        1.099%           146064        1.099%
ST_CF_CBR                                      1379406       10.378%          1379406       10.378%
ST_CF_CALL                                      207780        1.563%           207780        1.563%
ST_CF_IBR                                        62774        0.472%            62774        0.472%
ST_CF_ICALL                                      10729        0.081%            10729        0.081%
ST_CF_ICO                                            0        0.000%                0        0.000%
ST_CF_RET                                       218517        1.644%           218517        1.644%
ST_CF_SYS                                            1        0.000%                1        0.000%
                                              13291043      100.000%         13291043      100.000%
                                                  0.40         1.08              0.40         1.08

ST_BAR_NONE                                   13291042      100.000%         13291042      100.000%
ST_BAR_FETCH                                         1        0.000%                1        0.000%
ST_BAR_ISSUE                                         0        0.000%                0        0.000%
ST_BAR_BOTH                                          0        0.000%                0        0.000%
                                              13291043      100.000%         13291043      100.000%
                                                  0.00         0.00              0.00         0.00

ST_NOT_MEM                                     8580551       64.559%          8580551       64.559%
ST_MEM_LD                                      2967205       22.325%          2967205       22.325%
ST_MEM_ST                                      1743287       13.116%          1743287       13.116%
ST_MEM_PF                                            0        0.000%                0        0.000%
ST_MEM_WH                                            0        0.000%                0        0.000%
ST_MEM_EVICT                                         0        0.000%                0        0.000%
                                              13291043      100.000%         13291043      100.000%
                                                  0.49         0.60              0.49         0.60

ST_NOT_MEM_OFFPATH                                   0         -nan%                0         -nan%
ST_MEM_LD_OFFPATH                                    0         -nan%                0         -nan%
ST_MEM_ST_OFFPATH                                    0         -nan%                0         -nan%
ST_MEM_PF_OFFPATH                                    0         -nan%                0         -nan%
ST_MEM_WH_OFFPATH                                    0         -nan%                0         -nan%
ST_MEM_EVIC_OFFPATHT                                 0         -nan%                0         -nan%
                                                     0         -nan%                0         -nan%
                                                  -nan         -nan              -nan         -nan

ST_OP_ONPATH                                  13291043                       13291043              

ST_OP_OFFPATH                                        0                              0              

ST_FAKE_OP_OFFPATH                                   0         -nan%                0         -nan%
ST_NOT_FAKE_OP_OFFPATH                               0         -nan%                0         -nan%
                                                     0         -nan%                0         -nan%
                                                  -nan         -nan              -nan         -nan

ST_FAKE_REASON_NOT_FAKE                              0         -nan%                0         -nan%
ST_FAKE_REASON_REDIRECT_TO_NOT_INSTRUMENTED             0         -nan%                0         -nan%
ST_FAKE_REASON_RETURN_TO_NOT_INSTRUMENTED             0         -nan%                0         -nan%
ST_FAKE_REASON_NONRET_CF_TO_NOT_INSTRUMENTED             0         -nan%                0         -nan%
ST_FAKE_REASON_NOT_TAKEN_TO_NOT_INSTRUMENTED             0         -nan%                0         -nan%
ST_FAKE_REASON_WRONG_PATH_STORE_TO_NEW_REGION             0         -nan%                0         -nan%
                                                     0         -nan%                0         -nan%
                                                  -nan         -nan              -nan         -nan

ST_INST_ONPATH                                10000067                       10000067              

ST_INST_OFFPATH                                      0                              0              

STATIC_PIN_NOP                                       0                              0              

DYNAMIC_PIN_REP_GREATER_256                          0                              0              



