Scarab gitrev: 7ab9e17
Scarab started at Sun Jun 11 08:08:38 2023

Initialized Ramulator. 
** Heartbeat:   1% -- { 1000001 } -- 0.00 KIPS (500.00 KIPS)
** Heartbeat:   2% -- { 2000004 } -- 500.00 KIPS (500.00 KIPS)
** Heartbeat:   3% -- { 3000007 } -- 500.00 KIPS (500.00 KIPS)
** Heartbeat:   4% -- { 4000007 } -- 1000.00 KIPS (571.43 KIPS)
** Heartbeat:   5% -- { 5000009 } -- 500.00 KIPS (555.56 KIPS)
** Heartbeat:   6% -- { 6000012 } -- 500.00 KIPS (545.46 KIPS)
** Heartbeat:   7% -- { 7000015 } -- 500.00 KIPS (538.46 KIPS)
** Heartbeat:   8% -- { 8000015 } -- 1000.00 KIPS (571.43 KIPS)
** Heartbeat:   9% -- { 9000015 } -- 500.00 KIPS (562.50 KIPS)
** Heartbeat:  10% -- { 10000017 } -- 500.00 KIPS (555.56 KIPS)
** Heartbeat:  11% -- { 11000020 } -- 500.00 KIPS (550.00 KIPS)
** Heartbeat:  12% -- { 12000022 } -- 1000.00 KIPS (571.43 KIPS)
** Heartbeat:  13% -- { 13000026 } -- 500.00 KIPS (565.22 KIPS)
** Heartbeat:  14% -- { 14000027 } -- 500.00 KIPS (560.00 KIPS)
** Heartbeat:  15% -- { 15000027 } -- 500.00 KIPS (555.56 KIPS)
** Heartbeat:  16% -- { 16000031 } -- 500.00 KIPS (551.73 KIPS)
** Heartbeat:  17% -- { 17000035 } -- 1000.00 KIPS (566.67 KIPS)
** Heartbeat:  18% -- { 18000035 } -- 500.00 KIPS (562.50 KIPS)
** Heartbeat:  19% -- { 19000038 } -- 500.00 KIPS (558.82 KIPS)
** Heartbeat:  20% -- { 20000040 } -- 500.00 KIPS (555.56 KIPS)
** Heartbeat:  21% -- { 21000042 } -- 1000.00 KIPS (567.57 KIPS)
** Heartbeat:  22% -- { 22000044 } -- 500.00 KIPS (564.10 KIPS)
** Heartbeat:  23% -- { 23000045 } -- 500.00 KIPS (560.98 KIPS)
** Heartbeat:  24% -- { 24000047 } -- 500.00 KIPS (558.14 KIPS)
** Heartbeat:  25% -- { 25000048 } -- 1000.00 KIPS (568.18 KIPS)
** Heartbeat:  26% -- { 26000049 } -- 500.00 KIPS (565.22 KIPS)
** Heartbeat:  27% -- { 27000052 } -- 500.00 KIPS (562.50 KIPS)
** Heartbeat:  28% -- { 28000054 } -- 500.00 KIPS (560.00 KIPS)
** Heartbeat:  29% -- { 29000057 } -- 1000.00 KIPS (568.63 KIPS)
** Heartbeat:  30% -- { 30000061 } -- 500.00 KIPS (566.04 KIPS)
** Heartbeat:  31% -- { 31000062 } -- 500.00 KIPS (563.64 KIPS)
** Heartbeat:  32% -- { 32000063 } -- 500.00 KIPS (561.40 KIPS)
** Heartbeat:  33% -- { 33000066 } -- 1000.00 KIPS (568.97 KIPS)
** Heartbeat:  34% -- { 34000068 } -- 500.00 KIPS (566.67 KIPS)
** Heartbeat:  35% -- { 35000069 } -- 500.00 KIPS (564.52 KIPS)
** Heartbeat:  36% -- { 36000070 } -- 500.00 KIPS (562.50 KIPS)
** Heartbeat:  37% -- { 37000074 } -- 1000.00 KIPS (569.23 KIPS)
** Heartbeat:  38% -- { 38000075 } -- 500.00 KIPS (567.17 KIPS)
** Heartbeat:  39% -- { 39000079 } -- 500.00 KIPS (565.22 KIPS)
** Heartbeat:  40% -- { 40000081 } -- 500.00 KIPS (563.38 KIPS)
** Heartbeat:  41% -- { 41000081 } -- 1000.00 KIPS (569.45 KIPS)
** Heartbeat:  42% -- { 42000082 } -- 500.00 KIPS (567.57 KIPS)
** Heartbeat:  43% -- { 43000085 } -- 500.00 KIPS (565.79 KIPS)
** Heartbeat:  44% -- { 44000089 } -- 500.00 KIPS (564.10 KIPS)
** Heartbeat:  45% -- { 45000091 } -- 1000.00 KIPS (569.62 KIPS)
** Heartbeat:  46% -- { 46000096 } -- 500.00 KIPS (567.90 KIPS)
** Heartbeat:  47% -- { 47000098 } -- 500.00 KIPS (566.27 KIPS)
** Heartbeat:  48% -- { 48000098 } -- 500.00 KIPS (564.71 KIPS)
** Heartbeat:  49% -- { 49000103 } -- 1000.00 KIPS (569.77 KIPS)
** Heartbeat:  50% -- { 50000107 } -- 500.00 KIPS (568.18 KIPS)
** Heartbeat:  51% -- { 51000111 } -- 500.00 KIPS (566.67 KIPS)
** Heartbeat:  52% -- { 52000116 } -- 500.00 KIPS (565.22 KIPS)
** Heartbeat:  53% -- { 53000116 } -- 1000.00 KIPS (569.89 KIPS)
** Heartbeat:  54% -- { 54000118 } -- 500.00 KIPS (568.42 KIPS)
** Heartbeat:  55% -- { 55000122 } -- 500.00 KIPS (567.01 KIPS)
** Heartbeat:  56% -- { 56000123 } -- 500.00 KIPS (565.66 KIPS)
** Heartbeat:  57% -- { 57000125 } -- 1000.00 KIPS (570.00 KIPS)
** Heartbeat:  58% -- { 58000125 } -- 500.00 KIPS (568.63 KIPS)
** Heartbeat:  59% -- { 59000130 } -- 500.00 KIPS (567.31 KIPS)
** Heartbeat:  60% -- { 60000130 } -- 500.00 KIPS (566.04 KIPS)
** Heartbeat:  61% -- { 61000131 } -- 1000.00 KIPS (570.09 KIPS)
** Heartbeat:  62% -- { 62000133 } -- 500.00 KIPS (568.81 KIPS)
** Heartbeat:  63% -- { 63000136 } -- 500.00 KIPS (567.57 KIPS)
** Heartbeat:  64% -- { 64000140 } -- 500.00 KIPS (566.37 KIPS)
** Heartbeat:  65% -- { 65000142 } -- 1000.00 KIPS (570.18 KIPS)
** Heartbeat:  66% -- { 66000142 } -- 500.00 KIPS (568.97 KIPS)
** Heartbeat:  67% -- { 67000146 } -- 500.00 KIPS (567.80 KIPS)
** Heartbeat:  68% -- { 68000149 } -- 500.00 KIPS (566.67 KIPS)
** Heartbeat:  69% -- { 69000153 } -- 500.00 KIPS (565.58 KIPS)
** Heartbeat:  70% -- { 70000157 } -- 1000.00 KIPS (569.11 KIPS)
** Heartbeat:  71% -- { 71000157 } -- 500.00 KIPS (568.00 KIPS)
** Heartbeat:  72% -- { 72000157 } -- 500.00 KIPS (566.93 KIPS)
** Heartbeat:  73% -- { 73000159 } -- 500.00 KIPS (565.89 KIPS)
** Heartbeat:  74% -- { 74000162 } -- 1000.00 KIPS (569.23 KIPS)
** Heartbeat:  75% -- { 75000163 } -- 500.00 KIPS (568.18 KIPS)
** Heartbeat:  76% -- { 76000165 } -- 500.00 KIPS (567.17 KIPS)
** Heartbeat:  77% -- { 77000165 } -- 500.00 KIPS (566.18 KIPS)
** Heartbeat:  78% -- { 78000168 } -- 500.00 KIPS (565.22 KIPS)
** Heartbeat:  79% -- { 79000172 } -- 1000.00 KIPS (568.35 KIPS)
** Heartbeat:  80% -- { 80000174 } -- 500.00 KIPS (567.38 KIPS)
** Heartbeat:  81% -- { 81000174 } -- 500.00 KIPS (566.43 KIPS)
** Heartbeat:  82% -- { 82000176 } -- 500.00 KIPS (565.52 KIPS)
** Heartbeat:  83% -- { 83000176 } -- 500.00 KIPS (564.63 KIPS)
** Heartbeat:  84% -- { 84000176 } -- 1000.00 KIPS (567.57 KIPS)
** Heartbeat:  85% -- { 85000176 } -- 500.00 KIPS (566.67 KIPS)
** Heartbeat:  86% -- { 86000177 } -- 500.00 KIPS (565.79 KIPS)
** Heartbeat:  87% -- { 87000182 } -- 500.00 KIPS (564.94 KIPS)
** Heartbeat:  88% -- { 88000187 } -- 1000.00 KIPS (567.74 KIPS)
** Heartbeat:  89% -- { 89000189 } -- 500.00 KIPS (566.88 KIPS)
** Heartbeat:  90% -- { 90000189 } -- 500.00 KIPS (566.04 KIPS)
** Heartbeat:  91% -- { 91000191 } -- 500.00 KIPS (565.22 KIPS)
** Heartbeat:  92% -- { 92000194 } -- 500.00 KIPS (564.42 KIPS)
** Heartbeat:  93% -- { 93000195 } -- 1000.00 KIPS (567.07 KIPS)
** Heartbeat:  94% -- { 94000195 } -- 500.00 KIPS (566.27 KIPS)
** Heartbeat:  95% -- { 95000199 } -- 500.00 KIPS (565.48 KIPS)
** Heartbeat:  96% -- { 96000202 } -- 500.00 KIPS (564.71 KIPS)
** Heartbeat:  97% -- { 97000205 } -- 500.00 KIPS (563.95 KIPS)
** Heartbeat:  98% -- { 98000207 } -- 1000.00 KIPS (566.48 KIPS)
** Heartbeat:  99% -- { 99000207 } -- 500.00 KIPS (565.72 KIPS)
** Core 0 Finished:    insts:100000004   cycles:37600340    time:11750106250000      -- 2.66 IPC (2.66 IPC) --  N/A  KIPS (564.97 KIPS)
done
Scarab finished at Sun Jun 11 08:11:35 2023

