/* -*- Mode: c -*- */
####################################################################################################
Core 0
####################################################################################################
Cumulative:        Cycles: 99011410              Instructions: 100000000             IPC: 1.00998

EXECUTION_TIME                           30941065625000                  30941065625000              

NODE_CYCLE                                    99011410                       99011410              

NODE_INST_COUNT                              100000000                      100000000              

NODE_UOP_COUNT                               122678423                      122678423              

FULL_WINDOW_STALL                             11770000       11.888%         11770000       11.888%

FULL_WINDOW_MEM_OP                            10575271       98.872%         10575271       98.872%
FULL_WINDOW_FP_OP                                   24        0.000%               24        0.000%
FULL_WINDOW_OTHER_OP                            120662        1.128%           120662        1.128%
                                              10695957      100.000%         10695957      100.000%
                                                  0.02         0.21              0.02         0.21

RET_BLOCKED_DC_MISS                           57766108       58.343%         57766108       58.343%

RET_BLOCKED_L1_MISS                           38957341       39.346%         38957341       39.346%

RET_BLOCKED_L1_MISS_BW_PREF                    1882752        1.902%          1882752        1.902%

RET_BLOCKED_L1_ACCESS                         18836843       19.025%         18836843       19.025%

RET_BLOCKED_MEM_STALL                         38962966       39.352%         38962966       39.352%

RET_BLOCKED_OFFCHIP_DEMAND                           0        0.000%                0        0.000%

OP_ISSUED                                    122678466                      122678466              

OP_RETIRED                                   122678423                      122678423              

REPLAY_SIGNALED                                      0                              0              

REPLAY_COUNTED                                       0                              0              

OFF_CRITICAL_PATH                                    0         -nan%                0         -nan%
ON_CRITICAL_PATH                                     0         -nan%                0         -nan%
                                                     0         -nan%                0         -nan%
                                                  -nan         -nan              -nan         -nan

LD_NO_DEPENDENTS                               2040597        7.067%          2040597        7.067%
LD_DEPENDENTS                                 26835827       92.933%         26835827       92.933%
                                              28876424      100.000%         28876424      100.000%
                                                  0.93         0.90              0.93         0.90

LD_EXEC_CYCLES_0                                     0        0.000%                0        0.000%
LD_EXEC_CYCLES_1                                     0        0.000%                0        0.000%
LD_EXEC_CYCLES_2                                     0        0.000%                0        0.000%
LD_EXEC_CYCLES_3                              19824698       92.592%         19824698       92.592%
LD_EXEC_CYCLES_4                               1586038        7.408%          1586038        7.408%
                                              21410736      100.000%         21410736      100.000%
                                                  3.07         0.88              3.07         0.88

FU_BUSY_0                                     36935024                       36935024              

FU_BUSY_1                                     29215414                       29215414              

FU_BUSY_2                                     21970690                       21970690              

FU_BUSY_3                                     16069494                       16069494              

FU_BUSY_4                                      9701485                        9701485              

FU_BUSY_5                                      6535306                        6535306              

FU_BUSY_6                                      4493755                        4493755              

FU_BUSY_7                                      2961215                        2961215              

FU_BUSY_8                                            0                              0              

FU_BUSY_9                                            0                              0              

FU_BUSY_10                                           0                              0              

FU_BUSY_11                                           0                              0              

FU_BUSY_12                                           0                              0              

FU_BUSY_13                                           0                              0              

FU_BUSY_14                                           0                              0              

FU_BUSY_15                                           0                              0              

FU_BUSY_16                                           0                              0              

FU_BUSY_17                                           0                              0              

FU_BUSY_18                                           0                              0              

FU_BUSY_19                                           0                              0              

FU_BUSY_20                                           0                              0              

FU_BUSY_21                                           0                              0              

FU_BUSY_22                                           0                              0              

FU_BUSY_23                                           0                              0              

FU_BUSY_24                                           0                              0              

FU_BUSY_25                                           0                              0              

FU_BUSY_26                                           0                              0              

FU_BUSY_27                                           0                              0              

FU_BUSY_28                                           0                              0              

FU_BUSY_29                                           0                              0              

FU_BUSY_30                                           0                              0              

FU_BUSY_31                                           0                              0              

OP_WAIT_0                                     94657295                       94657295              

OP_WAIT_1                                     23061191                       23061191              

OP_WAIT_2                                      2568809                        2568809              

OP_WAIT_3                                       396736                         396736              

OP_WAIT_4                                       948347                         948347              

OP_WAIT_5                                       117243                         117243              

OP_WAIT_6                                       404245                         404245              

OP_WAIT_7                                        80442                          80442              

OP_WAIT_8                                        38393                          38393              

OP_WAIT_9                                        31225                          31225              

OP_WAIT_10                                       30607                          30607              

OP_WAIT_11                                       13658                          13658              

OP_WAIT_12                                       10029                          10029              

OP_WAIT_13                                        7331                           7331              

OP_WAIT_14                                       13219                          13219              

OP_WAIT_15                                       10118                          10118              

OP_WAIT_16                                       16172                          16172              

OP_WAIT_17                                       14559                          14559              

OP_WAIT_18                                       32291                          32291              

OP_WAIT_19                                        8744                           8744              

OP_WAIT_20                                       24012                          24012              

OP_WAIT_21                                       24933                          24933              

OP_WAIT_22                                       10880                          10880              

OP_WAIT_23                                        1984                           1984              

OP_WAIT_24                                         795                            795              

OP_WAIT_25                                        1132                           1132              

OP_WAIT_26                                        1432                           1432              

OP_WAIT_27                                        3349                           3349              

OP_WAIT_28                                        1396                           1396              

OP_WAIT_29                                         746                            746              

OP_WAIT_30                                        2345                           2345              

OP_WAIT_31                                      144765                         144765              

ROW_SIZE_0                                    61370842                       61370842              

ROW_SIZE_1                                     5357493                        5357493              

ROW_SIZE_2                                     2504496                        2504496              

ROW_SIZE_3                                     1883787                        1883787              

ROW_SIZE_4                                     1763284                        1763284              

ROW_SIZE_5                                      606035                         606035              

ROW_SIZE_6                                    16096211                       16096211              

ROW_SIZE_7                                           0                              0              

ROW_SIZE_8                                           0                              0              

ROW_SIZE_9                                           0                              0              

ROW_SIZE_10                                          0                              0              

ROW_SIZE_11                                          0                              0              

ROW_SIZE_12                                          0                              0              

ROW_SIZE_13                                          0                              0              

ROW_SIZE_14                                          0                              0              

ROW_SIZE_15                                          0                              0              

ROW_SIZE_16                                          0                              0              

ROW_SIZE_17                                          0                              0              

ROW_SIZE_18                                          0                              0              

ROW_SIZE_19                                          0                              0              

ROW_SIZE_20                                          0                              0              

ROW_SIZE_21                                          0                              0              

ROW_SIZE_22                                          0                              0              

ROW_SIZE_23                                          0                              0              

ROW_SIZE_24                                          0                              0              

ROW_SIZE_25                                          0                              0              

ROW_SIZE_26                                          0                              0              

ROW_SIZE_27                                          0                              0              

ROW_SIZE_28                                          0                              0              

ROW_SIZE_29                                          0                              0              

ROW_SIZE_30                                          0                              0              

ROW_SIZE_31                                          0                              0              

RET_OP_EXEC_COUNT_0                                  0        0.000%                0        0.000%
RET_OP_EXEC_COUNT_1                          122678423      100.000%        122678423      100.000%
RET_OP_EXEC_COUNT_2                                  0        0.000%                0        0.000%
RET_OP_EXEC_COUNT_3                                  0        0.000%                0        0.000%
RET_OP_EXEC_COUNT_4                                  0        0.000%                0        0.000%
RET_OP_EXEC_COUNT_5                                  0        0.000%                0        0.000%
RET_OP_EXEC_COUNT_6                                  0        0.000%                0        0.000%
RET_OP_EXEC_COUNT_7                                  0        0.000%                0        0.000%
RET_OP_EXEC_COUNT_8                                  0        0.000%                0        0.000%
RET_OP_EXEC_COUNT_9                                  0        0.000%                0        0.000%
RET_OP_EXEC_COUNT_10                                 0        0.000%                0        0.000%
RET_OP_EXEC_COUNT_11                                 0        0.000%                0        0.000%
RET_OP_EXEC_COUNT_12                                 0        0.000%                0        0.000%
RET_OP_EXEC_COUNT_13                                 0        0.000%                0        0.000%
RET_OP_EXEC_COUNT_14                                 0        0.000%                0        0.000%
RET_OP_EXEC_COUNT_15                                 0        0.000%                0        0.000%
RET_OP_EXEC_COUNT_16                                 0        0.000%                0        0.000%
RET_OP_EXEC_COUNT_17                                 0        0.000%                0        0.000%
RET_OP_EXEC_COUNT_18                                 0        0.000%                0        0.000%
RET_OP_EXEC_COUNT_19                                 0        0.000%                0        0.000%
RET_OP_EXEC_COUNT_20                                 0        0.000%                0        0.000%
RET_OP_EXEC_COUNT_21                                 0        0.000%                0        0.000%
RET_OP_EXEC_COUNT_22                                 0        0.000%                0        0.000%
RET_OP_EXEC_COUNT_23                                 0        0.000%                0        0.000%
RET_OP_EXEC_COUNT_24                                 0        0.000%                0        0.000%
RET_OP_EXEC_COUNT_25                                 0        0.000%                0        0.000%
RET_OP_EXEC_COUNT_26                                 0        0.000%                0        0.000%
RET_OP_EXEC_COUNT_27                                 0        0.000%                0        0.000%
RET_OP_EXEC_COUNT_28                                 0        0.000%                0        0.000%
RET_OP_EXEC_COUNT_29                                 0        0.000%                0        0.000%
RET_OP_EXEC_COUNT_30                                 0        0.000%                0        0.000%
RET_OP_EXEC_COUNT_31                                 0        0.000%                0        0.000%
RET_OP_EXEC_COUNT_32                                 0        0.000%                0        0.000%
                                             122678423      100.000%        122678423      100.000%
                                                  1.00         0.00              1.00         0.00

RET_STALL_LENGTH_0                           122522461       99.873%        122522461       99.873%
RET_STALL_LENGTH_100                            150356        0.123%           150356        0.123%
RET_STALL_LENGTH_200                              1303        0.001%             1303        0.001%
RET_STALL_LENGTH_300                               583        0.000%              583        0.000%
RET_STALL_LENGTH_400                               702        0.001%              702        0.001%
RET_STALL_LENGTH_500                               324        0.000%              324        0.000%
RET_STALL_LENGTH_600                                94        0.000%               94        0.000%
RET_STALL_LENGTH_700                                60        0.000%               60        0.000%
RET_STALL_LENGTH_800                                49        0.000%               49        0.000%
RET_STALL_LENGTH_900                                81        0.000%               81        0.000%
RET_STALL_LENGTH_1000                               94        0.000%               94        0.000%
RET_STALL_LENGTH_1100                              389        0.000%              389        0.000%
RET_STALL_LENGTH_1200                             1673        0.001%             1673        0.001%
RET_STALL_LENGTH_1300                              188        0.000%              188        0.000%
RET_STALL_LENGTH_1400                               24        0.000%               24        0.000%
RET_STALL_LENGTH_1500                               11        0.000%               11        0.000%
RET_STALL_LENGTH_1600                               14        0.000%               14        0.000%
RET_STALL_LENGTH_1700                               10        0.000%               10        0.000%
RET_STALL_LENGTH_1800                                6        0.000%                6        0.000%
RET_STALL_LENGTH_1900                                1        0.000%                1        0.000%
RET_STALL_LENGTH_2000                                0        0.000%                0        0.000%
RET_STALL_LENGTH_2100                                0        0.000%                0        0.000%
RET_STALL_LENGTH_2200                                0        0.000%                0        0.000%
RET_STALL_LENGTH_2300                                0        0.000%                0        0.000%
RET_STALL_LENGTH_2400                                0        0.000%                0        0.000%
RET_STALL_LENGTH_2500                                0        0.000%                0        0.000%
RET_STALL_LENGTH_2600                                0        0.000%                0        0.000%
RET_STALL_LENGTH_2700                                0        0.000%                0        0.000%
RET_STALL_LENGTH_2800                                0        0.000%                0        0.000%
RET_STALL_LENGTH_2900                                0        0.000%                0        0.000%
RET_STALL_LENGTH_3000                                0        0.000%                0        0.000%
RET_STALL_LENGTH_3100                                0        0.000%                0        0.000%
RET_STALL_LENGTH_3200                                0        0.000%                0        0.000%
RET_STALL_LENGTH_3300                                0        0.000%                0        0.000%
RET_STALL_LENGTH_3400                                0        0.000%                0        0.000%
RET_STALL_LENGTH_3500                                0        0.000%                0        0.000%
RET_STALL_LENGTH_3600                                0        0.000%                0        0.000%
RET_STALL_LENGTH_3700                                0        0.000%                0        0.000%
RET_STALL_LENGTH_3800                                0        0.000%                0        0.000%
RET_STALL_LENGTH_3900                                0        0.000%                0        0.000%
RET_STALL_LENGTH_4000                                0        0.000%                0        0.000%
RET_STALL_LENGTH_4100                                0        0.000%                0        0.000%
RET_STALL_LENGTH_4200                                0        0.000%                0        0.000%
RET_STALL_LENGTH_4300                                0        0.000%                0        0.000%
RET_STALL_LENGTH_4400                                0        0.000%                0        0.000%
RET_STALL_LENGTH_4500                                0        0.000%                0        0.000%
RET_STALL_LENGTH_4600                                0        0.000%                0        0.000%
RET_STALL_LENGTH_4700                                0        0.000%                0        0.000%
RET_STALL_LENGTH_4800                                0        0.000%                0        0.000%
RET_STALL_LENGTH_4900                                0        0.000%                0        0.000%
RET_STALL_LENGTH_5000                                0        0.000%                0        0.000%
                                             122678423      100.000%        122678423      100.000%
                                                  0.00         0.07              0.00         0.07

MEM_BLOCK_LENGTH_0                                 247       91.481%              247       91.481%
MEM_BLOCK_LENGTH_100                                12        4.444%               12        4.444%
MEM_BLOCK_LENGTH_200                                 0        0.000%                0        0.000%
MEM_BLOCK_LENGTH_300                                 6        2.222%                6        2.222%
MEM_BLOCK_LENGTH_400                                 1        0.370%                1        0.370%
MEM_BLOCK_LENGTH_500                                 1        0.370%                1        0.370%
MEM_BLOCK_LENGTH_600                                 0        0.000%                0        0.000%
MEM_BLOCK_LENGTH_700                                 1        0.370%                1        0.370%
MEM_BLOCK_LENGTH_800                                 0        0.000%                0        0.000%
MEM_BLOCK_LENGTH_900                                 0        0.000%                0        0.000%
MEM_BLOCK_LENGTH_1000                                1        0.370%                1        0.370%
MEM_BLOCK_LENGTH_1100                                0        0.000%                0        0.000%
MEM_BLOCK_LENGTH_1200                                1        0.370%                1        0.370%
MEM_BLOCK_LENGTH_1300                                0        0.000%                0        0.000%
MEM_BLOCK_LENGTH_1400                                0        0.000%                0        0.000%
MEM_BLOCK_LENGTH_1500                                0        0.000%                0        0.000%
MEM_BLOCK_LENGTH_1600                                0        0.000%                0        0.000%
MEM_BLOCK_LENGTH_1700                                0        0.000%                0        0.000%
MEM_BLOCK_LENGTH_1800                                0        0.000%                0        0.000%
MEM_BLOCK_LENGTH_1900                                0        0.000%                0        0.000%
MEM_BLOCK_LENGTH_2000                                0        0.000%                0        0.000%
MEM_BLOCK_LENGTH_2100                                0        0.000%                0        0.000%
MEM_BLOCK_LENGTH_2200                                0        0.000%                0        0.000%
MEM_BLOCK_LENGTH_2300                                0        0.000%                0        0.000%
MEM_BLOCK_LENGTH_2400                                0        0.000%                0        0.000%
MEM_BLOCK_LENGTH_2500                                0        0.000%                0        0.000%
MEM_BLOCK_LENGTH_2600                                0        0.000%                0        0.000%
MEM_BLOCK_LENGTH_2700                                0        0.000%                0        0.000%
MEM_BLOCK_LENGTH_2800                                0        0.000%                0        0.000%
MEM_BLOCK_LENGTH_2900                                0        0.000%                0        0.000%
MEM_BLOCK_LENGTH_3000                                0        0.000%                0        0.000%
MEM_BLOCK_LENGTH_3100                                0        0.000%                0        0.000%
MEM_BLOCK_LENGTH_3200                                0        0.000%                0        0.000%
MEM_BLOCK_LENGTH_3300                                0        0.000%                0        0.000%
MEM_BLOCK_LENGTH_3400                                0        0.000%                0        0.000%
MEM_BLOCK_LENGTH_3500                                0        0.000%                0        0.000%
MEM_BLOCK_LENGTH_3600                                0        0.000%                0        0.000%
MEM_BLOCK_LENGTH_3700                                0        0.000%                0        0.000%
MEM_BLOCK_LENGTH_3800                                0        0.000%                0        0.000%
MEM_BLOCK_LENGTH_3900                                0        0.000%                0        0.000%
MEM_BLOCK_LENGTH_4000                                0        0.000%                0        0.000%
MEM_BLOCK_LENGTH_4100                                0        0.000%                0        0.000%
MEM_BLOCK_LENGTH_4200                                0        0.000%                0        0.000%
MEM_BLOCK_LENGTH_4300                                0        0.000%                0        0.000%
MEM_BLOCK_LENGTH_4400                                0        0.000%                0        0.000%
MEM_BLOCK_LENGTH_4500                                0        0.000%                0        0.000%
MEM_BLOCK_LENGTH_4600                                0        0.000%                0        0.000%
MEM_BLOCK_LENGTH_4700                                0        0.000%                0        0.000%
MEM_BLOCK_LENGTH_4800                                0        0.000%                0        0.000%
MEM_BLOCK_LENGTH_4900                                0        0.000%                0        0.000%
MEM_BLOCK_LENGTH_5000                                0        0.000%                0        0.000%
                                                   270      100.000%              270      100.000%
                                                  0.25         1.17              0.25         1.17

FUS_BUSY_ON_PATH                             127882383        1.2916        127882383        1.2916

FUS_BUSY_OFF_PATH                                    0        0.0000                0        0.0000

FU_BUSY_MEM_STALL                              4742270        0.0479          4742270        0.0479

FUS_EMPTY                                    664208897        6.7084        664208897        6.7084

CHIP_UTILIZATION                                     0        0.0000                0        0.0000

CYCLES_UNDER_MEM_REQ                                 0                              0              

CYCLES_UNDER_NO_MEM_REQ                              0                              0              

CYCLES_UNDER_CRITICAL_MEM_REQ                        0                              0              

CYCLES_UNDER_NONCRITICAL_MEM_REQ                     0                              0              

CHIP_UTILIZATION_UNDER_MEM_REQ                       0          -nan                0          -nan

CHIP_UTILIZATION_UNDER_NO_MEM_REQ                    0          -nan                0          -nan

CHIP_UTILIZATION_UNDER_CRITICAL_MEM_REQ              0          -nan                0          -nan

CHIP_UTILIZATION_UNDER_NONCRITICAL_MEM_REQ             0          -nan                0          -nan

CYCLES_NOT_WAITING_FOR_OFF_CHIP                      0        0.0000                0        0.0000

FUS_BUSY_NOT_WAITING_FOR_OFF_CHIP                    0          -nan                0          -nan

CYCLES_WAITING_FOR_OFF_CHIP                          0        0.0000                0        0.0000

FUS_BUSY_WAITING_FOR_OFF_CHIP                        0          -nan                0          -nan

TOTAL_OFF_CHIP_DELAYS_LEFT                           0                              0              

WRONG_IO_SCHED                                       0                              0              

DVFS_CONFIG_SWITCH                                   0                              0              



