/* -*- Mode: c -*- */
####################################################################################################
Core 0
####################################################################################################
Cumulative:        Cycles: 3498533               Instructions: 10000001              IPC: 2.85834

ST_OP_INV                                            0        0.000%                0        0.000%
ST_OP_NOP                                       246394        2.064%           246394        2.064%
ST_OP_CF                                       2087257       17.488%          2087257       17.488%
ST_OP_MOV                                      1270618       10.646%          1270618       10.646%
ST_OP_CMOV                                        9618        0.081%             9618        0.081%
ST_OP_LDA                                       465976        3.904%           465976        3.904%
ST_OP_IMEM                                     3186248       26.696%          3186248       26.696%
ST_OP_IADD                                     2013507       16.870%          2013507       16.870%
ST_OP_IMUL                                       60563        0.507%            60563        0.507%
ST_OP_IDIV                                        3197        0.027%             3197        0.027%
ST_OP_ICMP                                      861392        7.217%           861392        7.217%
ST_OP_LOGIC                                    1272211       10.659%          1272211       10.659%
ST_OP_SHIFT                                     269379        2.257%           269379        2.257%
ST_OP_FMEM                                       92705        0.777%            92705        0.777%
ST_OP_FCVT                                       31970        0.268%            31970        0.268%
ST_OP_FADD                                           0        0.000%                0        0.000%
ST_OP_FMUL                                       31970        0.268%            31970        0.268%
ST_OP_FMA                                            0        0.000%                0        0.000%
ST_OP_FDIV                                           0        0.000%                0        0.000%
ST_OP_FCMP                                        6392        0.054%             6392        0.054%
ST_OP_FCMOV                                          0        0.000%                0        0.000%
ST_OP_GATHER                                         0        0.000%                0        0.000%
ST_OP_SCATTER                                        0        0.000%                0        0.000%
ST_OP_PIPELINED_FAST                              9589        0.080%             9589        0.080%
ST_OP_PIPELINED_MEDIUM                               0        0.000%                0        0.000%
ST_OP_PIPELINED_SLOW                                 0        0.000%                0        0.000%
ST_OP_NOTPIPELINED_MEDIUM                        16428        0.138%            16428        0.138%
ST_OP_NOTPIPELINED_SLOW                              0        0.000%                0        0.000%
ST_OP_NOTPIPELINED_VERY_SLOW                         0        0.000%                0        0.000%
                                              11935414      100.000%         11935414      100.000%
                                                  6.12         3.29              6.12         3.29

ST_NOT_CF                                      9848157       82.512%          9848157       82.512%
ST_CF_BR                                        128488        1.077%           128488        1.077%
ST_CF_CBR                                      1494948       12.525%          1494948       12.525%
ST_CF_CALL                                      185564        1.555%           185564        1.555%
ST_CF_IBR                                        57530        0.482%            57530        0.482%
ST_CF_ICALL                                      15982        0.134%            15982        0.134%
ST_CF_ICO                                            0        0.000%                0        0.000%
ST_CF_RET                                       201548        1.689%           201548        1.689%
ST_CF_SYS                                         3197        0.027%             3197        0.027%
                                              11935414      100.000%         11935414      100.000%
                                                  0.45         1.11              0.45         1.11

ST_BAR_NONE                                   11932217       99.973%         11932217       99.973%
ST_BAR_FETCH                                      3197        0.027%             3197        0.027%
ST_BAR_ISSUE                                         0        0.000%                0        0.000%
ST_BAR_BOTH                                          0        0.000%                0        0.000%
                                              11935414      100.000%         11935414      100.000%
                                                  0.00         0.02              0.00         0.02

ST_NOT_MEM                                     8656461       72.528%          8656461       72.528%
ST_MEM_LD                                      2007213       16.817%          2007213       16.817%
ST_MEM_ST                                      1271740       10.655%          1271740       10.655%
ST_MEM_PF                                            0        0.000%                0        0.000%
ST_MEM_WH                                            0        0.000%                0        0.000%
ST_MEM_EVICT                                         0        0.000%                0        0.000%
                                              11935414      100.000%         11935414      100.000%
                                                  0.38         0.59              0.38         0.59

ST_NOT_MEM_OFFPATH                                   0         -nan%                0         -nan%
ST_MEM_LD_OFFPATH                                    0         -nan%                0         -nan%
ST_MEM_ST_OFFPATH                                    0         -nan%                0         -nan%
ST_MEM_PF_OFFPATH                                    0         -nan%                0         -nan%
ST_MEM_WH_OFFPATH                                    0         -nan%                0         -nan%
ST_MEM_EVIC_OFFPATHT                                 0         -nan%                0         -nan%
                                                     0         -nan%                0         -nan%
                                                  -nan         -nan              -nan         -nan

ST_OP_ONPATH                                  11935414                       11935414              

ST_OP_OFFPATH                                        0                              0              

ST_FAKE_OP_OFFPATH                                   0         -nan%                0         -nan%
ST_NOT_FAKE_OP_OFFPATH                               0         -nan%                0         -nan%
                                                     0         -nan%                0         -nan%
                                                  -nan         -nan              -nan         -nan

ST_FAKE_REASON_NOT_FAKE                              0         -nan%                0         -nan%
ST_FAKE_REASON_REDIRECT_TO_NOT_INSTRUMENTED             0         -nan%                0         -nan%
ST_FAKE_REASON_RETURN_TO_NOT_INSTRUMENTED             0         -nan%                0         -nan%
ST_FAKE_REASON_NONRET_CF_TO_NOT_INSTRUMENTED             0         -nan%                0         -nan%
ST_FAKE_REASON_NOT_TAKEN_TO_NOT_INSTRUMENTED             0         -nan%                0         -nan%
ST_FAKE_REASON_WRONG_PATH_STORE_TO_NEW_REGION             0         -nan%                0         -nan%
                                                     0         -nan%                0         -nan%
                                                  -nan         -nan              -nan         -nan

ST_INST_ONPATH                                10000093                       10000093              

ST_INST_OFFPATH                                      0                              0              

STATIC_PIN_NOP                                       0                              0              

DYNAMIC_PIN_REP_GREATER_256                          0                              0              



