/* -*- Mode: c -*- */
####################################################################################################
Core 0
####################################################################################################
Cumulative:        Cycles: 3498533               Instructions: 10000001              IPC: 2.85834

PREF_SMS_TRAIN_CALL                                150                            150              

PREF_SMS_TRAIN_FOUND_IN_AT                         108                            108              

PREF_SMS_TRAIN_FOUND_IN_FT                          17                             17              

PREF_SMS_TRAIN_FOUND_SAME_OFFSET_IN_FT               1                              1              

PREF_SMS_TRAIN_FOUND_OTHER_OFFSET_IN_FT             16                             16              

PREF_SMS_PHT_INSERT                                  0                              0              

PREF_SMS_PHT_EVICT                                   0                              0              

PREF_SMS_AT_EVICT_TO_PHT                             0                              0              

PREF_SMS_ENDGEN                                      0                              0              

PREF_SMS_ENDGEN_TO_PHT                               0                              0              

PREF_SMS_ENDGEN_IN_FT                                0                              0              

PREF_SMS_ENDGEN_IN_AT                                0                              0              

PREF_SMS_ENDGEN_NOT_FOUND                            0                              0              

PREF_SMS_FETCH_REGION_CALLS                          0                              0              

PREF_SMS_LINE_FETCH_TOTAL                            0                              0              

PREF_SMS_LINE_FETCH_SUCCESS                          0                              0              

PREF_SMS_WINDOW_1                                    0         -nan%                0         -nan%
PREF_SMS_WINDOW_2                                    0         -nan%                0         -nan%
PREF_SMS_WINDOW_4                                    0         -nan%                0         -nan%
PREF_SMS_WINDOW_8                                    0         -nan%                0         -nan%
PREF_SMS_WINDOW_16                                   0         -nan%                0         -nan%
PREF_SMS_WINDOW_24                                   0         -nan%                0         -nan%
PREF_SMS_WINDOW_32                                   0         -nan%                0         -nan%
PREF_SMS_WINDOW_64                                   0         -nan%                0         -nan%
                                                     0         -nan%                0         -nan%
                                                  -nan         -nan              -nan         -nan

PREF_SMS_WINDOW_WTF                                  0                              0              



