Scarab gitrev: e8bfa19
Scarab started at Thu May  4 21:40:18 2023

Initialized Ramulator. 
** Heartbeat:   1% -- { 1000001 } -- 0.00 KIPS (333.33 KIPS)
** Heartbeat:   2% -- { 2000004 } -- 250.00 KIPS (285.71 KIPS)
** Heartbeat:   3% -- { 3000007 } -- 333.33 KIPS (300.00 KIPS)
** Heartbeat:   4% -- { 4000007 } -- 333.33 KIPS (307.69 KIPS)
** Heartbeat:   5% -- { 5000009 } -- 333.33 KIPS (312.50 KIPS)
** Heartbeat:   6% -- { 6000010 } -- 250.00 KIPS (300.00 KIPS)
** Heartbeat:   7% -- { 7000015 } -- 333.33 KIPS (304.35 KIPS)
** Heartbeat:   8% -- { 8000015 } -- 333.33 KIPS (307.69 KIPS)
** Heartbeat:   9% -- { 9000015 } -- 250.00 KIPS (300.00 KIPS)
** Heartbeat:  10% -- { 10000017 } -- 333.33 KIPS (303.03 KIPS)
** Heartbeat:  11% -- { 11000017 } -- 333.33 KIPS (305.56 KIPS)
** Heartbeat:  12% -- { 12000017 } -- 250.00 KIPS (300.00 KIPS)
** Heartbeat:  13% -- { 13000018 } -- 333.33 KIPS (302.33 KIPS)
** Heartbeat:  14% -- { 14000021 } -- 333.33 KIPS (304.35 KIPS)
** Heartbeat:  15% -- { 15000024 } -- 333.33 KIPS (306.12 KIPS)
** Heartbeat:  16% -- { 16000025 } -- 250.00 KIPS (301.89 KIPS)
** Heartbeat:  17% -- { 17000025 } -- 333.33 KIPS (303.57 KIPS)
** Heartbeat:  18% -- { 18000025 } -- 333.33 KIPS (305.09 KIPS)
** Heartbeat:  19% -- { 19000027 } -- 250.00 KIPS (301.59 KIPS)
** Heartbeat:  20% -- { 20000027 } -- 333.33 KIPS (303.03 KIPS)
** Heartbeat:  21% -- { 21000027 } -- 333.33 KIPS (304.35 KIPS)
** Heartbeat:  22% -- { 22000032 } -- 250.00 KIPS (301.37 KIPS)
** Heartbeat:  23% -- { 23000033 } -- 333.33 KIPS (302.63 KIPS)
** Heartbeat:  24% -- { 24000035 } -- 333.33 KIPS (303.80 KIPS)
** Heartbeat:  25% -- { 25000035 } -- 250.00 KIPS (301.21 KIPS)
** Heartbeat:  26% -- { 26000036 } -- 333.33 KIPS (302.33 KIPS)
** Heartbeat:  27% -- { 27000038 } -- 333.33 KIPS (303.37 KIPS)
** Heartbeat:  28% -- { 28000040 } -- 250.00 KIPS (301.08 KIPS)
** Heartbeat:  29% -- { 29000042 } -- 333.33 KIPS (302.08 KIPS)
** Heartbeat:  30% -- { 30000047 } -- 333.33 KIPS (303.03 KIPS)
** Heartbeat:  31% -- { 31000047 } -- 250.00 KIPS (300.97 KIPS)
** Heartbeat:  32% -- { 32000050 } -- 333.33 KIPS (301.89 KIPS)
** Heartbeat:  33% -- { 33000050 } -- 333.33 KIPS (302.75 KIPS)
** Heartbeat:  34% -- { 34000054 } -- 250.00 KIPS (300.89 KIPS)
** Heartbeat:  35% -- { 35000054 } -- 333.33 KIPS (301.72 KIPS)
** Heartbeat:  36% -- { 36000054 } -- 333.33 KIPS (302.52 KIPS)
** Heartbeat:  37% -- { 37000054 } -- 250.00 KIPS (300.81 KIPS)
** Heartbeat:  38% -- { 38000054 } -- 333.33 KIPS (301.59 KIPS)
** Heartbeat:  39% -- { 39000058 } -- 333.33 KIPS (302.33 KIPS)
** Heartbeat:  40% -- { 40000060 } -- 250.00 KIPS (300.75 KIPS)
** Heartbeat:  41% -- { 41000064 } -- 333.33 KIPS (301.47 KIPS)
** Heartbeat:  42% -- { 42000066 } -- 333.33 KIPS (302.16 KIPS)
** Heartbeat:  43% -- { 43000071 } -- 250.00 KIPS (300.70 KIPS)
** Heartbeat:  44% -- { 44000071 } -- 333.33 KIPS (301.37 KIPS)
** Heartbeat:  45% -- { 45000073 } -- 333.33 KIPS (302.01 KIPS)
** Heartbeat:  46% -- { 46000076 } -- 250.00 KIPS (300.65 KIPS)
** Heartbeat:  47% -- { 47000081 } -- 333.33 KIPS (301.28 KIPS)
** Heartbeat:  48% -- { 48000082 } -- 333.33 KIPS (301.89 KIPS)
** Heartbeat:  49% -- { 49000083 } -- 333.33 KIPS (302.47 KIPS)
** Heartbeat:  50% -- { 50000085 } -- 250.00 KIPS (301.21 KIPS)
** Heartbeat:  51% -- { 51000090 } -- 333.33 KIPS (301.78 KIPS)
** Heartbeat:  52% -- { 52000094 } -- 333.33 KIPS (302.33 KIPS)
** Heartbeat:  53% -- { 53000098 } -- 250.00 KIPS (301.14 KIPS)
** Heartbeat:  54% -- { 54000098 } -- 333.33 KIPS (301.68 KIPS)
** Heartbeat:  55% -- { 55000100 } -- 333.33 KIPS (302.20 KIPS)
** Heartbeat:  56% -- { 56000102 } -- 250.00 KIPS (301.08 KIPS)
** Heartbeat:  57% -- { 57000104 } -- 333.33 KIPS (301.59 KIPS)
** Heartbeat:  58% -- { 58000104 } -- 333.33 KIPS (302.08 KIPS)
** Heartbeat:  59% -- { 59000105 } -- 250.00 KIPS (301.02 KIPS)
** Heartbeat:  60% -- { 60000107 } -- 333.33 KIPS (301.51 KIPS)
** Heartbeat:  61% -- { 61000110 } -- 333.33 KIPS (301.98 KIPS)
** Heartbeat:  62% -- { 62000111 } -- 250.00 KIPS (300.97 KIPS)
** Heartbeat:  63% -- { 63000115 } -- 333.33 KIPS (301.44 KIPS)
** Heartbeat:  64% -- { 64000116 } -- 333.33 KIPS (301.89 KIPS)
** Heartbeat:  65% -- { 65000118 } -- 250.00 KIPS (300.93 KIPS)
** Heartbeat:  66% -- { 66000122 } -- 333.33 KIPS (301.37 KIPS)
** Heartbeat:  67% -- { 67000122 } -- 333.33 KIPS (301.80 KIPS)
** Heartbeat:  68% -- { 68000127 } -- 250.00 KIPS (300.89 KIPS)
** Heartbeat:  69% -- { 69000131 } -- 333.33 KIPS (301.31 KIPS)
** Heartbeat:  70% -- { 70000131 } -- 250.00 KIPS (300.43 KIPS)
** Heartbeat:  71% -- { 71000134 } -- 333.33 KIPS (300.85 KIPS)
** Heartbeat:  72% -- { 72000134 } -- 333.33 KIPS (301.26 KIPS)
** Heartbeat:  73% -- { 73000134 } -- 250.00 KIPS (300.41 KIPS)
** Heartbeat:  74% -- { 74000138 } -- 333.33 KIPS (300.81 KIPS)
** Heartbeat:  75% -- { 75000141 } -- 333.33 KIPS (301.21 KIPS)
** Heartbeat:  76% -- { 76000144 } -- 250.00 KIPS (300.40 KIPS)
** Heartbeat:  77% -- { 77000145 } -- 333.33 KIPS (300.78 KIPS)
** Heartbeat:  78% -- { 78000146 } -- 333.33 KIPS (301.16 KIPS)
** Heartbeat:  79% -- { 79000146 } -- 250.00 KIPS (300.38 KIPS)
** Heartbeat:  80% -- { 80000147 } -- 333.33 KIPS (300.75 KIPS)
** Heartbeat:  81% -- { 81000147 } -- 333.33 KIPS (301.12 KIPS)
** Heartbeat:  82% -- { 82000148 } -- 250.00 KIPS (300.37 KIPS)
** Heartbeat:  83% -- { 83000149 } -- 333.33 KIPS (300.73 KIPS)
** Heartbeat:  84% -- { 84000152 } -- 333.33 KIPS (301.08 KIPS)
** Heartbeat:  85% -- { 85000152 } -- 250.00 KIPS (300.35 KIPS)
** Heartbeat:  86% -- { 86000153 } -- 333.33 KIPS (300.70 KIPS)
** Heartbeat:  87% -- { 87000154 } -- 250.00 KIPS (300.00 KIPS)
** Heartbeat:  88% -- { 88000156 } -- 333.33 KIPS (300.34 KIPS)
** Heartbeat:  89% -- { 89000158 } -- 333.33 KIPS (300.68 KIPS)
** Heartbeat:  90% -- { 90000158 } -- 250.00 KIPS (300.00 KIPS)
** Heartbeat:  91% -- { 91000162 } -- 333.33 KIPS (300.33 KIPS)
** Heartbeat:  92% -- { 92000164 } -- 250.00 KIPS (299.67 KIPS)
** Heartbeat:  93% -- { 93000167 } -- 333.33 KIPS (300.00 KIPS)
** Heartbeat:  94% -- { 94000169 } -- 333.33 KIPS (300.32 KIPS)
** Heartbeat:  95% -- { 95000171 } -- 250.00 KIPS (299.69 KIPS)
** Heartbeat:  96% -- { 96000175 } -- 333.33 KIPS (300.00 KIPS)
** Heartbeat:  97% -- { 97000176 } -- 333.33 KIPS (300.31 KIPS)
** Heartbeat:  98% -- { 98000176 } -- 333.33 KIPS (300.61 KIPS)
** Heartbeat:  99% -- { 99000180 } -- 250.00 KIPS (300.00 KIPS)
** Core 0 Finished:    insts:100000004   cycles:38931117    time:12165974062500      -- 2.57 IPC (2.57 IPC) --  N/A  KIPS (300.30 KIPS)
done
Scarab finished at Thu May  4 21:45:51 2023

