               ramulator.active_cycles_0             3308737                                      # Total active cycles for level _0
                 ramulator.busy_cycles_0             3308737                                      # (All-bank refresh only. busy cycles only include refresh time in rank level) The sum of cycles that the DRAM part is active or under refresh for level _0
            ramulator.serving_requests_0             5751445                                      # The sum of read and write requests that are served in this DRAM element per memory cycle for level _0
    ramulator.average_serving_requests_0            0.433497                                      # The average of read and write requests that are served in this DRAM element per memory cycle for level _0
             ramulator.active_cycles_0_0             3308737                                      # Total active cycles for level _0_0
               ramulator.busy_cycles_0_0             3819037                                      # (All-bank refresh only. busy cycles only include refresh time in rank level) The sum of cycles that the DRAM part is active or under refresh for level _0_0
          ramulator.serving_requests_0_0             5751445                                      # The sum of read and write requests that are served in this DRAM element per memory cycle for level _0_0
  ramulator.average_serving_requests_0_0            0.433497                                      # The average of read and write requests that are served in this DRAM element per memory cycle for level _0_0
           ramulator.active_cycles_0_0_0              964512                                      # Total active cycles for level _0_0_0
             ramulator.busy_cycles_0_0_0              964512                                      # (All-bank refresh only. busy cycles only include refresh time in rank level) The sum of cycles that the DRAM part is active or under refresh for level _0_0_0
        ramulator.serving_requests_0_0_0             1339702                                      # The sum of read and write requests that are served in this DRAM element per memory cycle for level _0_0_0
ramulator.average_serving_requests_0_0_0            0.100976                                      # The average of read and write requests that are served in this DRAM element per memory cycle for level _0_0_0
         ramulator.active_cycles_0_0_0_0              247737                                      # Total active cycles for level _0_0_0_0
           ramulator.busy_cycles_0_0_0_0              247737                                      # (All-bank refresh only. busy cycles only include refresh time in rank level) The sum of cycles that the DRAM part is active or under refresh for level _0_0_0_0
      ramulator.serving_requests_0_0_0_0              305395                                      # The sum of read and write requests that are served in this DRAM element per memory cycle for level _0_0_0_0
ramulator.average_serving_requests_0_0_0_0            0.023018                                      # The average of read and write requests that are served in this DRAM element per memory cycle for level _0_0_0_0
         ramulator.active_cycles_0_0_0_1              275906                                      # Total active cycles for level _0_0_0_1
           ramulator.busy_cycles_0_0_0_1              275906                                      # (All-bank refresh only. busy cycles only include refresh time in rank level) The sum of cycles that the DRAM part is active or under refresh for level _0_0_0_1
      ramulator.serving_requests_0_0_0_1              346718                                      # The sum of read and write requests that are served in this DRAM element per memory cycle for level _0_0_0_1
ramulator.average_serving_requests_0_0_0_1            0.026133                                      # The average of read and write requests that are served in this DRAM element per memory cycle for level _0_0_0_1
         ramulator.active_cycles_0_0_0_2              229934                                      # Total active cycles for level _0_0_0_2
           ramulator.busy_cycles_0_0_0_2              229934                                      # (All-bank refresh only. busy cycles only include refresh time in rank level) The sum of cycles that the DRAM part is active or under refresh for level _0_0_0_2
      ramulator.serving_requests_0_0_0_2              283891                                      # The sum of read and write requests that are served in this DRAM element per memory cycle for level _0_0_0_2
ramulator.average_serving_requests_0_0_0_2            0.021397                                      # The average of read and write requests that are served in this DRAM element per memory cycle for level _0_0_0_2
         ramulator.active_cycles_0_0_0_3              327306                                      # Total active cycles for level _0_0_0_3
           ramulator.busy_cycles_0_0_0_3              327306                                      # (All-bank refresh only. busy cycles only include refresh time in rank level) The sum of cycles that the DRAM part is active or under refresh for level _0_0_0_3
      ramulator.serving_requests_0_0_0_3              403698                                      # The sum of read and write requests that are served in this DRAM element per memory cycle for level _0_0_0_3
ramulator.average_serving_requests_0_0_0_3            0.030427                                      # The average of read and write requests that are served in this DRAM element per memory cycle for level _0_0_0_3
           ramulator.active_cycles_0_0_1             1690609                                      # Total active cycles for level _0_0_1
             ramulator.busy_cycles_0_0_1             1690609                                      # (All-bank refresh only. busy cycles only include refresh time in rank level) The sum of cycles that the DRAM part is active or under refresh for level _0_0_1
        ramulator.serving_requests_0_0_1             2034765                                      # The sum of read and write requests that are served in this DRAM element per memory cycle for level _0_0_1
ramulator.average_serving_requests_0_0_1            0.153364                                      # The average of read and write requests that are served in this DRAM element per memory cycle for level _0_0_1
         ramulator.active_cycles_0_0_1_0              246538                                      # Total active cycles for level _0_0_1_0
           ramulator.busy_cycles_0_0_1_0              246538                                      # (All-bank refresh only. busy cycles only include refresh time in rank level) The sum of cycles that the DRAM part is active or under refresh for level _0_0_1_0
      ramulator.serving_requests_0_0_1_0              302420                                      # The sum of read and write requests that are served in this DRAM element per memory cycle for level _0_0_1_0
ramulator.average_serving_requests_0_0_1_0            0.022794                                      # The average of read and write requests that are served in this DRAM element per memory cycle for level _0_0_1_0
         ramulator.active_cycles_0_0_1_1              229850                                      # Total active cycles for level _0_0_1_1
           ramulator.busy_cycles_0_0_1_1              229850                                      # (All-bank refresh only. busy cycles only include refresh time in rank level) The sum of cycles that the DRAM part is active or under refresh for level _0_0_1_1
      ramulator.serving_requests_0_0_1_1              281217                                      # The sum of read and write requests that are served in this DRAM element per memory cycle for level _0_0_1_1
ramulator.average_serving_requests_0_0_1_1            0.021196                                      # The average of read and write requests that are served in this DRAM element per memory cycle for level _0_0_1_1
         ramulator.active_cycles_0_0_1_2              304661                                      # Total active cycles for level _0_0_1_2
           ramulator.busy_cycles_0_0_1_2              304661                                      # (All-bank refresh only. busy cycles only include refresh time in rank level) The sum of cycles that the DRAM part is active or under refresh for level _0_0_1_2
      ramulator.serving_requests_0_0_1_2              368200                                      # The sum of read and write requests that are served in this DRAM element per memory cycle for level _0_0_1_2
ramulator.average_serving_requests_0_0_1_2            0.027752                                      # The average of read and write requests that are served in this DRAM element per memory cycle for level _0_0_1_2
         ramulator.active_cycles_0_0_1_3             1030103                                      # Total active cycles for level _0_0_1_3
           ramulator.busy_cycles_0_0_1_3             1030103                                      # (All-bank refresh only. busy cycles only include refresh time in rank level) The sum of cycles that the DRAM part is active or under refresh for level _0_0_1_3
      ramulator.serving_requests_0_0_1_3             1082928                                      # The sum of read and write requests that are served in this DRAM element per memory cycle for level _0_0_1_3
ramulator.average_serving_requests_0_0_1_3            0.081622                                      # The average of read and write requests that are served in this DRAM element per memory cycle for level _0_0_1_3
           ramulator.active_cycles_0_0_2              914582                                      # Total active cycles for level _0_0_2
             ramulator.busy_cycles_0_0_2              914582                                      # (All-bank refresh only. busy cycles only include refresh time in rank level) The sum of cycles that the DRAM part is active or under refresh for level _0_0_2
        ramulator.serving_requests_0_0_2             1257560                                      # The sum of read and write requests that are served in this DRAM element per memory cycle for level _0_0_2
ramulator.average_serving_requests_0_0_2            0.094785                                      # The average of read and write requests that are served in this DRAM element per memory cycle for level _0_0_2
         ramulator.active_cycles_0_0_2_0              259276                                      # Total active cycles for level _0_0_2_0
           ramulator.busy_cycles_0_0_2_0              259276                                      # (All-bank refresh only. busy cycles only include refresh time in rank level) The sum of cycles that the DRAM part is active or under refresh for level _0_0_2_0
      ramulator.serving_requests_0_0_2_0              315086                                      # The sum of read and write requests that are served in this DRAM element per memory cycle for level _0_0_2_0
ramulator.average_serving_requests_0_0_2_0            0.023749                                      # The average of read and write requests that are served in this DRAM element per memory cycle for level _0_0_2_0
         ramulator.active_cycles_0_0_2_1              282226                                      # Total active cycles for level _0_0_2_1
           ramulator.busy_cycles_0_0_2_1              282226                                      # (All-bank refresh only. busy cycles only include refresh time in rank level) The sum of cycles that the DRAM part is active or under refresh for level _0_0_2_1
      ramulator.serving_requests_0_0_2_1              346288                                      # The sum of read and write requests that are served in this DRAM element per memory cycle for level _0_0_2_1
ramulator.average_serving_requests_0_0_2_1            0.026100                                      # The average of read and write requests that are served in this DRAM element per memory cycle for level _0_0_2_1
         ramulator.active_cycles_0_0_2_2              256803                                      # Total active cycles for level _0_0_2_2
           ramulator.busy_cycles_0_0_2_2              256803                                      # (All-bank refresh only. busy cycles only include refresh time in rank level) The sum of cycles that the DRAM part is active or under refresh for level _0_0_2_2
      ramulator.serving_requests_0_0_2_2              328392                                      # The sum of read and write requests that are served in this DRAM element per memory cycle for level _0_0_2_2
ramulator.average_serving_requests_0_0_2_2            0.024752                                      # The average of read and write requests that are served in this DRAM element per memory cycle for level _0_0_2_2
         ramulator.active_cycles_0_0_2_3              223879                                      # Total active cycles for level _0_0_2_3
           ramulator.busy_cycles_0_0_2_3              223879                                      # (All-bank refresh only. busy cycles only include refresh time in rank level) The sum of cycles that the DRAM part is active or under refresh for level _0_0_2_3
      ramulator.serving_requests_0_0_2_3              267794                                      # The sum of read and write requests that are served in this DRAM element per memory cycle for level _0_0_2_3
ramulator.average_serving_requests_0_0_2_3            0.020184                                      # The average of read and write requests that are served in this DRAM element per memory cycle for level _0_0_2_3
           ramulator.active_cycles_0_0_3              817437                                      # Total active cycles for level _0_0_3
             ramulator.busy_cycles_0_0_3              817437                                      # (All-bank refresh only. busy cycles only include refresh time in rank level) The sum of cycles that the DRAM part is active or under refresh for level _0_0_3
        ramulator.serving_requests_0_0_3             1119418                                      # The sum of read and write requests that are served in this DRAM element per memory cycle for level _0_0_3
ramulator.average_serving_requests_0_0_3            0.084373                                      # The average of read and write requests that are served in this DRAM element per memory cycle for level _0_0_3
         ramulator.active_cycles_0_0_3_0              260817                                      # Total active cycles for level _0_0_3_0
           ramulator.busy_cycles_0_0_3_0              260817                                      # (All-bank refresh only. busy cycles only include refresh time in rank level) The sum of cycles that the DRAM part is active or under refresh for level _0_0_3_0
      ramulator.serving_requests_0_0_3_0              313716                                      # The sum of read and write requests that are served in this DRAM element per memory cycle for level _0_0_3_0
ramulator.average_serving_requests_0_0_3_0            0.023645                                      # The average of read and write requests that are served in this DRAM element per memory cycle for level _0_0_3_0
         ramulator.active_cycles_0_0_3_1              248672                                      # Total active cycles for level _0_0_3_1
           ramulator.busy_cycles_0_0_3_1              248672                                      # (All-bank refresh only. busy cycles only include refresh time in rank level) The sum of cycles that the DRAM part is active or under refresh for level _0_0_3_1
      ramulator.serving_requests_0_0_3_1              303136                                      # The sum of read and write requests that are served in this DRAM element per memory cycle for level _0_0_3_1
ramulator.average_serving_requests_0_0_3_1            0.022848                                      # The average of read and write requests that are served in this DRAM element per memory cycle for level _0_0_3_1
         ramulator.active_cycles_0_0_3_2              198341                                      # Total active cycles for level _0_0_3_2
           ramulator.busy_cycles_0_0_3_2              198341                                      # (All-bank refresh only. busy cycles only include refresh time in rank level) The sum of cycles that the DRAM part is active or under refresh for level _0_0_3_2
      ramulator.serving_requests_0_0_3_2              247208                                      # The sum of read and write requests that are served in this DRAM element per memory cycle for level _0_0_3_2
ramulator.average_serving_requests_0_0_3_2            0.018633                                      # The average of read and write requests that are served in this DRAM element per memory cycle for level _0_0_3_2
         ramulator.active_cycles_0_0_3_3              202237                                      # Total active cycles for level _0_0_3_3
           ramulator.busy_cycles_0_0_3_3              202237                                      # (All-bank refresh only. busy cycles only include refresh time in rank level) The sum of cycles that the DRAM part is active or under refresh for level _0_0_3_3
      ramulator.serving_requests_0_0_3_3              255358                                      # The sum of read and write requests that are served in this DRAM element per memory cycle for level _0_0_3_3
ramulator.average_serving_requests_0_0_3_3            0.019247                                      # The average of read and write requests that are served in this DRAM element per memory cycle for level _0_0_3_3
      ramulator.read_transaction_bytes_0             9432320                                      # The total byte of read transaction per channel
     ramulator.write_transaction_bytes_0             4101248                                      # The total byte of write transaction per channel
       ramulator.row_hits_channel_0_core              176699                                      # Number of row hits per channel per core
     ramulator.row_misses_channel_0_core                8733                                      # Number of row misses per channel per core
  ramulator.row_conflicts_channel_0_core               26030                                      # Number of row conflicts per channel per core
  ramulator.read_row_hits_channel_0_core              125864                                      # Number of row hits for read requests per channel per core
                                     [0]            125864.0                                      # 
ramulator.read_row_misses_channel_0_core                5786                                      # Number of row misses for read requests per channel per core
                                     [0]              5786.0                                      # 
ramulator.read_row_conflicts_channel_0_core               15730                                      # Number of row conflicts for read requests per channel per core
                                     [0]             15730.0                                      # 
 ramulator.write_row_hits_channel_0_core               50835                                      # Number of row hits for write requests per channel per core
                                     [0]             50835.0                                      # 
ramulator.write_row_misses_channel_0_core                2947                                      # Number of row misses for write requests per channel per core
                                     [0]              2947.0                                      # 
ramulator.write_row_conflicts_channel_0_core               10300                                      # Number of row conflicts for write requests per channel per core
                                     [0]             10300.0                                      # 
      ramulator.useless_activates_0_core                 106                                      # Number of useless activations. E.g, ACT -> PRE w/o RD or WR
            ramulator.read_latency_avg_0          120.893534                                      # The average memory latency cycles (in memory time domain) per request for all read requests in this channel
            ramulator.read_latency_sum_0            17819586                                      # The memory latency cycles (in memory time domain) sum for all read requests in this channel
        ramulator.req_queue_length_avg_0           13.786989                                      # Average of read and write queue length per memory cycle per channel.
        ramulator.req_queue_length_sum_0           182919584                                      # Sum of read and write queue length per memory cycle per channel.
   ramulator.read_req_queue_length_avg_0            1.315900                                      # Read queue length average per memory cycle per channel.
   ramulator.read_req_queue_length_sum_0            17458765                                      # Read queue length sum per memory cycle per channel.
  ramulator.write_req_queue_length_avg_0           12.471090                                      # Write queue length average per memory cycle per channel.
  ramulator.write_req_queue_length_sum_0           165460819                                      # Write queue length sum per memory cycle per channel.
              ramulator.record_read_hits                 0.0                                      # record read hit count for this core when it reaches request limit or to the end
                                     [0]                 0.0                                      # 
            ramulator.record_read_misses                 0.0                                      # record_read_miss count for this core when it reaches request limit or to the end
                                     [0]                 0.0                                      # 
         ramulator.record_read_conflicts                 0.0                                      # record read conflict count for this core when it reaches request limit or to the end
                                     [0]                 0.0                                      # 
             ramulator.record_write_hits                 0.0                                      # record write hit count for this core when it reaches request limit or to the end
                                     [0]                 0.0                                      # 
           ramulator.record_write_misses                 0.0                                      # record write miss count for this core when it reaches request limit or to the end
                                     [0]                 0.0                                      # 
        ramulator.record_write_conflicts                 0.0                                      # record write conflict for this core when it reaches request limit or to the end
                                     [0]                 0.0                                      # 
                 ramulator.dram_capacity          8589934592                                      # Number of bytes in simulated DRAM
                   ramulator.dram_cycles            13267551                                      # Number of DRAM cycles simulated
             ramulator.incoming_requests              211496                                      # Number of incoming requests to DRAM
                 ramulator.read_requests              147399                                      # Number of incoming read requests to DRAM per core
                                     [0]            147399.0                                      # 
                ramulator.write_requests               64097                                      # Number of incoming write requests to DRAM per core
                                     [0]             64097.0                                      # 
       ramulator.ramulator_active_cycles             3308737                                      # The total number of cycles that the DRAM part is active (serving R/W)
 ramulator.incoming_requests_per_channel            211496.0                                      # Number of incoming requests to each DRAM channel
                                     [0]            211496.0                                      # 
ramulator.incoming_read_reqs_per_channel            147399.0                                      # Number of incoming read requests to each DRAM channel
                                     [0]            147399.0                                      # 
     ramulator.physical_page_replacement                   0                                      # The number of times that physical page replacement happens.
             ramulator.maximum_bandwidth         19200000000                                      # The theoretical maximum bandwidth (Bps)
          ramulator.in_queue_req_num_sum           182919584                                      # Sum of read/write queue length
     ramulator.in_queue_read_req_num_sum            17458765                                      # Sum of read queue length
    ramulator.in_queue_write_req_num_sum           165460819                                      # Sum of write queue length
          ramulator.in_queue_req_num_avg           13.786989                                      # Average of read/write queue length per memory cycle
     ramulator.in_queue_read_req_num_avg            1.315900                                      # Average of read queue length per memory cycle
    ramulator.in_queue_write_req_num_avg           12.471090                                      # Average of write queue length per memory cycle
          ramulator.record_read_requests                 0.0                                      # record read requests for this core when it reaches request limit or to the end
                                     [0]                 0.0                                      # 
         ramulator.record_write_requests                 0.0                                      # record write requests for this core when it reaches request limit or to the end
                                     [0]                 0.0                                      # 
