Scarab gitrev: e8bfa19
Scarab started at Thu May  4 21:40:18 2023

Initialized Ramulator. 
** Heartbeat:   1% -- { 1000000 } -- 0.00 KIPS (333.33 KIPS)
** Heartbeat:   2% -- { 2000001 } -- 250.00 KIPS (285.71 KIPS)
** Heartbeat:   3% -- { 3000006 } -- 333.33 KIPS (300.00 KIPS)
** Heartbeat:   4% -- { 4000008 } -- 250.00 KIPS (285.71 KIPS)
** Heartbeat:   5% -- { 5000012 } -- 333.33 KIPS (294.12 KIPS)
** Heartbeat:   6% -- { 6000014 } -- 250.00 KIPS (285.71 KIPS)
** Heartbeat:   7% -- { 7000015 } -- 333.33 KIPS (291.67 KIPS)
** Heartbeat:   8% -- { 8000018 } -- 333.33 KIPS (296.30 KIPS)
** Heartbeat:   9% -- { 9000021 } -- 250.00 KIPS (290.32 KIPS)
** Heartbeat:  10% -- { 10000025 } -- 333.33 KIPS (294.12 KIPS)
** Heartbeat:  11% -- { 11000030 } -- 250.00 KIPS (289.47 KIPS)
** Heartbeat:  12% -- { 12000034 } -- 333.33 KIPS (292.68 KIPS)
** Heartbeat:  13% -- { 13000035 } -- 333.33 KIPS (295.46 KIPS)
** Heartbeat:  14% -- { 14000036 } -- 250.00 KIPS (291.67 KIPS)
** Heartbeat:  15% -- { 15000038 } -- 333.33 KIPS (294.12 KIPS)
** Heartbeat:  16% -- { 16000041 } -- 333.33 KIPS (296.30 KIPS)
** Heartbeat:  17% -- { 17000043 } -- 250.00 KIPS (293.10 KIPS)
** Heartbeat:  18% -- { 18000043 } -- 333.33 KIPS (295.08 KIPS)
** Heartbeat:  19% -- { 19000043 } -- 250.00 KIPS (292.31 KIPS)
** Heartbeat:  20% -- { 20000047 } -- 333.33 KIPS (294.12 KIPS)
** Heartbeat:  21% -- { 21000047 } -- 333.33 KIPS (295.78 KIPS)
** Heartbeat:  22% -- { 22000047 } -- 250.00 KIPS (293.33 KIPS)
** Heartbeat:  23% -- { 23000047 } -- 333.33 KIPS (294.87 KIPS)
** Heartbeat:  24% -- { 24000048 } -- 250.00 KIPS (292.68 KIPS)
** Heartbeat:  25% -- { 25000048 } -- 333.33 KIPS (294.12 KIPS)
** Heartbeat:  26% -- { 26000048 } -- 333.33 KIPS (295.46 KIPS)
** Heartbeat:  27% -- { 27000048 } -- 250.00 KIPS (293.48 KIPS)
** Heartbeat:  28% -- { 28000050 } -- 333.33 KIPS (294.74 KIPS)
** Heartbeat:  29% -- { 29000052 } -- 333.33 KIPS (295.92 KIPS)
** Heartbeat:  30% -- { 30000054 } -- 250.00 KIPS (294.12 KIPS)
** Heartbeat:  31% -- { 31000057 } -- 333.33 KIPS (295.24 KIPS)
** Heartbeat:  32% -- { 32000061 } -- 333.33 KIPS (296.30 KIPS)
** Heartbeat:  33% -- { 33000063 } -- 250.00 KIPS (294.64 KIPS)
** Heartbeat:  34% -- { 34000065 } -- 333.33 KIPS (295.65 KIPS)
** Heartbeat:  35% -- { 35000066 } -- 333.33 KIPS (296.61 KIPS)
** Heartbeat:  36% -- { 36000066 } -- 250.00 KIPS (295.08 KIPS)
** Heartbeat:  37% -- { 37000066 } -- 333.33 KIPS (296.00 KIPS)
** Heartbeat:  38% -- { 38000069 } -- 333.33 KIPS (296.88 KIPS)
** Heartbeat:  39% -- { 39000072 } -- 250.00 KIPS (295.46 KIPS)
** Heartbeat:  40% -- { 40000076 } -- 333.33 KIPS (296.30 KIPS)
** Heartbeat:  41% -- { 41000078 } -- 333.33 KIPS (297.10 KIPS)
** Heartbeat:  42% -- { 42000078 } -- 250.00 KIPS (295.78 KIPS)
** Heartbeat:  43% -- { 43000079 } -- 333.33 KIPS (296.55 KIPS)
** Heartbeat:  44% -- { 44000082 } -- 333.33 KIPS (297.30 KIPS)
** Heartbeat:  45% -- { 45000082 } -- 250.00 KIPS (296.05 KIPS)
** Heartbeat:  46% -- { 46000083 } -- 333.33 KIPS (296.77 KIPS)
** Heartbeat:  47% -- { 47000083 } -- 333.33 KIPS (297.47 KIPS)
** Heartbeat:  48% -- { 48000085 } -- 250.00 KIPS (296.30 KIPS)
** Heartbeat:  49% -- { 49000085 } -- 333.33 KIPS (296.97 KIPS)
** Heartbeat:  50% -- { 50000089 } -- 250.00 KIPS (295.86 KIPS)
** Heartbeat:  51% -- { 51000091 } -- 333.33 KIPS (296.51 KIPS)
** Heartbeat:  52% -- { 52000095 } -- 333.33 KIPS (297.14 KIPS)
** Heartbeat:  53% -- { 53000095 } -- 250.00 KIPS (296.09 KIPS)
** Heartbeat:  54% -- { 54000097 } -- 333.33 KIPS (296.70 KIPS)
** Heartbeat:  55% -- { 55000099 } -- 333.33 KIPS (297.30 KIPS)
** Heartbeat:  56% -- { 56000100 } -- 250.00 KIPS (296.30 KIPS)
** Heartbeat:  57% -- { 57000100 } -- 333.33 KIPS (296.88 KIPS)
** Heartbeat:  58% -- { 58000100 } -- 333.33 KIPS (297.44 KIPS)
** Heartbeat:  59% -- { 59000104 } -- 250.00 KIPS (296.48 KIPS)
** Heartbeat:  60% -- { 60000105 } -- 333.33 KIPS (297.03 KIPS)
** Heartbeat:  61% -- { 61000107 } -- 333.33 KIPS (297.56 KIPS)
** Heartbeat:  62% -- { 62000107 } -- 250.00 KIPS (296.65 KIPS)
** Heartbeat:  63% -- { 63000110 } -- 333.33 KIPS (297.17 KIPS)
** Heartbeat:  64% -- { 64000110 } -- 250.00 KIPS (296.30 KIPS)
** Heartbeat:  65% -- { 65000113 } -- 333.33 KIPS (296.80 KIPS)
** Heartbeat:  66% -- { 66000113 } -- 333.33 KIPS (297.30 KIPS)
** Heartbeat:  67% -- { 67000117 } -- 250.00 KIPS (296.46 KIPS)
** Heartbeat:  68% -- { 68000120 } -- 333.33 KIPS (296.94 KIPS)
** Heartbeat:  69% -- { 69000123 } -- 333.33 KIPS (297.41 KIPS)
** Heartbeat:  70% -- { 70000125 } -- 250.00 KIPS (296.61 KIPS)
** Heartbeat:  71% -- { 71000125 } -- 333.33 KIPS (297.07 KIPS)
** Heartbeat:  72% -- { 72000125 } -- 250.00 KIPS (296.30 KIPS)
** Heartbeat:  73% -- { 73000128 } -- 333.33 KIPS (296.75 KIPS)
** Heartbeat:  74% -- { 74000131 } -- 333.33 KIPS (297.19 KIPS)
** Heartbeat:  75% -- { 75000132 } -- 250.00 KIPS (296.44 KIPS)
** Heartbeat:  76% -- { 76000135 } -- 333.33 KIPS (296.88 KIPS)
** Heartbeat:  77% -- { 77000137 } -- 333.33 KIPS (297.30 KIPS)
** Heartbeat:  78% -- { 78000138 } -- 250.00 KIPS (296.58 KIPS)
** Heartbeat:  79% -- { 79000140 } -- 333.33 KIPS (296.99 KIPS)
** Heartbeat:  80% -- { 80000143 } -- 333.33 KIPS (297.40 KIPS)
** Heartbeat:  81% -- { 81000147 } -- 250.00 KIPS (296.70 KIPS)
** Heartbeat:  82% -- { 82000149 } -- 333.33 KIPS (297.10 KIPS)
** Heartbeat:  83% -- { 83000149 } -- 250.00 KIPS (296.43 KIPS)
** Heartbeat:  84% -- { 84000151 } -- 333.33 KIPS (296.82 KIPS)
** Heartbeat:  85% -- { 85000154 } -- 250.00 KIPS (296.17 KIPS)
** Heartbeat:  86% -- { 86000158 } -- 333.33 KIPS (296.55 KIPS)
** Heartbeat:  87% -- { 87000158 } -- 250.00 KIPS (295.92 KIPS)
** Heartbeat:  88% -- { 88000158 } -- 333.33 KIPS (296.30 KIPS)
** Heartbeat:  89% -- { 89000161 } -- 250.00 KIPS (295.68 KIPS)
** Heartbeat:  90% -- { 90000165 } -- 333.33 KIPS (296.05 KIPS)
** Heartbeat:  91% -- { 91000165 } -- 333.33 KIPS (296.42 KIPS)
** Heartbeat:  92% -- { 92000165 } -- 250.00 KIPS (295.82 KIPS)
** Heartbeat:  93% -- { 93000170 } -- 333.33 KIPS (296.18 KIPS)
** Heartbeat:  94% -- { 94000174 } -- 333.33 KIPS (296.53 KIPS)
** Heartbeat:  95% -- { 95000175 } -- 250.00 KIPS (295.95 KIPS)
** Heartbeat:  96% -- { 96000178 } -- 333.33 KIPS (296.30 KIPS)
** Heartbeat:  97% -- { 97000178 } -- 333.33 KIPS (296.64 KIPS)
** Heartbeat:  98% -- { 98000179 } -- 333.33 KIPS (296.97 KIPS)
** Heartbeat:  99% -- { 99000179 } -- 250.00 KIPS (296.41 KIPS)
** Core 0 Finished:    insts:100000003   cycles:61714236    time:19285698750000      -- 1.62 IPC (1.62 IPC) --  N/A  KIPS (296.74 KIPS)
done
Scarab finished at Thu May  4 21:45:55 2023

