               ramulator.active_cycles_0            27628923                                      # Total active cycles for level _0
                 ramulator.busy_cycles_0            27628923                                      # (All-bank refresh only. busy cycles only include refresh time in rank level) The sum of cycles that the DRAM part is active or under refresh for level _0
            ramulator.serving_requests_0           138195259                                      # The sum of read and write requests that are served in this DRAM element per memory cycle for level _0
    ramulator.average_serving_requests_0            3.042284                                      # The average of read and write requests that are served in this DRAM element per memory cycle for level _0
             ramulator.active_cycles_0_0            27628923                                      # Total active cycles for level _0_0
               ramulator.busy_cycles_0_0            28797783                                      # (All-bank refresh only. busy cycles only include refresh time in rank level) The sum of cycles that the DRAM part is active or under refresh for level _0_0
          ramulator.serving_requests_0_0           138195259                                      # The sum of read and write requests that are served in this DRAM element per memory cycle for level _0_0
  ramulator.average_serving_requests_0_0            3.042284                                      # The average of read and write requests that are served in this DRAM element per memory cycle for level _0_0
           ramulator.active_cycles_0_0_0            17308424                                      # Total active cycles for level _0_0_0
             ramulator.busy_cycles_0_0_0            17308424                                      # (All-bank refresh only. busy cycles only include refresh time in rank level) The sum of cycles that the DRAM part is active or under refresh for level _0_0_0
        ramulator.serving_requests_0_0_0            34113489                                      # The sum of read and write requests that are served in this DRAM element per memory cycle for level _0_0_0
ramulator.average_serving_requests_0_0_0            0.750988                                      # The average of read and write requests that are served in this DRAM element per memory cycle for level _0_0_0
         ramulator.active_cycles_0_0_0_0             6254398                                      # Total active cycles for level _0_0_0_0
           ramulator.busy_cycles_0_0_0_0             6254398                                      # (All-bank refresh only. busy cycles only include refresh time in rank level) The sum of cycles that the DRAM part is active or under refresh for level _0_0_0_0
      ramulator.serving_requests_0_0_0_0             7876084                                      # The sum of read and write requests that are served in this DRAM element per memory cycle for level _0_0_0_0
ramulator.average_serving_requests_0_0_0_0            0.173387                                      # The average of read and write requests that are served in this DRAM element per memory cycle for level _0_0_0_0
         ramulator.active_cycles_0_0_0_1             6474258                                      # Total active cycles for level _0_0_0_1
           ramulator.busy_cycles_0_0_0_1             6474258                                      # (All-bank refresh only. busy cycles only include refresh time in rank level) The sum of cycles that the DRAM part is active or under refresh for level _0_0_0_1
      ramulator.serving_requests_0_0_0_1             7977196                                      # The sum of read and write requests that are served in this DRAM element per memory cycle for level _0_0_0_1
ramulator.average_serving_requests_0_0_0_1            0.175613                                      # The average of read and write requests that are served in this DRAM element per memory cycle for level _0_0_0_1
         ramulator.active_cycles_0_0_0_2             6715979                                      # Total active cycles for level _0_0_0_2
           ramulator.busy_cycles_0_0_0_2             6715979                                      # (All-bank refresh only. busy cycles only include refresh time in rank level) The sum of cycles that the DRAM part is active or under refresh for level _0_0_0_2
      ramulator.serving_requests_0_0_0_2             8397165                                      # The sum of read and write requests that are served in this DRAM element per memory cycle for level _0_0_0_2
ramulator.average_serving_requests_0_0_0_2            0.184858                                      # The average of read and write requests that are served in this DRAM element per memory cycle for level _0_0_0_2
         ramulator.active_cycles_0_0_0_3             8092982                                      # Total active cycles for level _0_0_0_3
           ramulator.busy_cycles_0_0_0_3             8092982                                      # (All-bank refresh only. busy cycles only include refresh time in rank level) The sum of cycles that the DRAM part is active or under refresh for level _0_0_0_3
      ramulator.serving_requests_0_0_0_3             9863044                                      # The sum of read and write requests that are served in this DRAM element per memory cycle for level _0_0_0_3
ramulator.average_serving_requests_0_0_0_3            0.217129                                      # The average of read and write requests that are served in this DRAM element per memory cycle for level _0_0_0_3
           ramulator.active_cycles_0_0_1            17787302                                      # Total active cycles for level _0_0_1
             ramulator.busy_cycles_0_0_1            17787302                                      # (All-bank refresh only. busy cycles only include refresh time in rank level) The sum of cycles that the DRAM part is active or under refresh for level _0_0_1
        ramulator.serving_requests_0_0_1            34417073                                      # The sum of read and write requests that are served in this DRAM element per memory cycle for level _0_0_1
ramulator.average_serving_requests_0_0_1            0.757671                                      # The average of read and write requests that are served in this DRAM element per memory cycle for level _0_0_1
         ramulator.active_cycles_0_0_1_0             5466453                                      # Total active cycles for level _0_0_1_0
           ramulator.busy_cycles_0_0_1_0             5466453                                      # (All-bank refresh only. busy cycles only include refresh time in rank level) The sum of cycles that the DRAM part is active or under refresh for level _0_0_1_0
      ramulator.serving_requests_0_0_1_0             6973666                                      # The sum of read and write requests that are served in this DRAM element per memory cycle for level _0_0_1_0
ramulator.average_serving_requests_0_0_1_0            0.153521                                      # The average of read and write requests that are served in this DRAM element per memory cycle for level _0_0_1_0
         ramulator.active_cycles_0_0_1_1             5594468                                      # Total active cycles for level _0_0_1_1
           ramulator.busy_cycles_0_0_1_1             5594468                                      # (All-bank refresh only. busy cycles only include refresh time in rank level) The sum of cycles that the DRAM part is active or under refresh for level _0_0_1_1
      ramulator.serving_requests_0_0_1_1             7131664                                      # The sum of read and write requests that are served in this DRAM element per memory cycle for level _0_0_1_1
ramulator.average_serving_requests_0_0_1_1            0.156999                                      # The average of read and write requests that are served in this DRAM element per memory cycle for level _0_0_1_1
         ramulator.active_cycles_0_0_1_2             9208918                                      # Total active cycles for level _0_0_1_2
           ramulator.busy_cycles_0_0_1_2             9208918                                      # (All-bank refresh only. busy cycles only include refresh time in rank level) The sum of cycles that the DRAM part is active or under refresh for level _0_0_1_2
      ramulator.serving_requests_0_0_1_2            11067826                                      # The sum of read and write requests that are served in this DRAM element per memory cycle for level _0_0_1_2
ramulator.average_serving_requests_0_0_1_2            0.243651                                      # The average of read and write requests that are served in this DRAM element per memory cycle for level _0_0_1_2
         ramulator.active_cycles_0_0_1_3             7471422                                      # Total active cycles for level _0_0_1_3
           ramulator.busy_cycles_0_0_1_3             7471422                                      # (All-bank refresh only. busy cycles only include refresh time in rank level) The sum of cycles that the DRAM part is active or under refresh for level _0_0_1_3
      ramulator.serving_requests_0_0_1_3             9243917                                      # The sum of read and write requests that are served in this DRAM element per memory cycle for level _0_0_1_3
ramulator.average_serving_requests_0_0_1_3            0.203499                                      # The average of read and write requests that are served in this DRAM element per memory cycle for level _0_0_1_3
           ramulator.active_cycles_0_0_2            17210419                                      # Total active cycles for level _0_0_2
             ramulator.busy_cycles_0_0_2            17210419                                      # (All-bank refresh only. busy cycles only include refresh time in rank level) The sum of cycles that the DRAM part is active or under refresh for level _0_0_2
        ramulator.serving_requests_0_0_2            34134692                                      # The sum of read and write requests that are served in this DRAM element per memory cycle for level _0_0_2
ramulator.average_serving_requests_0_0_2            0.751454                                      # The average of read and write requests that are served in this DRAM element per memory cycle for level _0_0_2
         ramulator.active_cycles_0_0_2_0             7182304                                      # Total active cycles for level _0_0_2_0
           ramulator.busy_cycles_0_0_2_0             7182304                                      # (All-bank refresh only. busy cycles only include refresh time in rank level) The sum of cycles that the DRAM part is active or under refresh for level _0_0_2_0
      ramulator.serving_requests_0_0_2_0             8947163                                      # The sum of read and write requests that are served in this DRAM element per memory cycle for level _0_0_2_0
ramulator.average_serving_requests_0_0_2_0            0.196966                                      # The average of read and write requests that are served in this DRAM element per memory cycle for level _0_0_2_0
         ramulator.active_cycles_0_0_2_1             7160840                                      # Total active cycles for level _0_0_2_1
           ramulator.busy_cycles_0_0_2_1             7160840                                      # (All-bank refresh only. busy cycles only include refresh time in rank level) The sum of cycles that the DRAM part is active or under refresh for level _0_0_2_1
      ramulator.serving_requests_0_0_2_1             8760855                                      # The sum of read and write requests that are served in this DRAM element per memory cycle for level _0_0_2_1
ramulator.average_serving_requests_0_0_2_1            0.192865                                      # The average of read and write requests that are served in this DRAM element per memory cycle for level _0_0_2_1
         ramulator.active_cycles_0_0_2_2             6423432                                      # Total active cycles for level _0_0_2_2
           ramulator.busy_cycles_0_0_2_2             6423432                                      # (All-bank refresh only. busy cycles only include refresh time in rank level) The sum of cycles that the DRAM part is active or under refresh for level _0_0_2_2
      ramulator.serving_requests_0_0_2_2             8019089                                      # The sum of read and write requests that are served in this DRAM element per memory cycle for level _0_0_2_2
ramulator.average_serving_requests_0_0_2_2            0.176535                                      # The average of read and write requests that are served in this DRAM element per memory cycle for level _0_0_2_2
         ramulator.active_cycles_0_0_2_3             6790468                                      # Total active cycles for level _0_0_2_3
           ramulator.busy_cycles_0_0_2_3             6790468                                      # (All-bank refresh only. busy cycles only include refresh time in rank level) The sum of cycles that the DRAM part is active or under refresh for level _0_0_2_3
      ramulator.serving_requests_0_0_2_3             8407585                                      # The sum of read and write requests that are served in this DRAM element per memory cycle for level _0_0_2_3
ramulator.average_serving_requests_0_0_2_3            0.185088                                      # The average of read and write requests that are served in this DRAM element per memory cycle for level _0_0_2_3
           ramulator.active_cycles_0_0_3            17473782                                      # Total active cycles for level _0_0_3
             ramulator.busy_cycles_0_0_3            17473782                                      # (All-bank refresh only. busy cycles only include refresh time in rank level) The sum of cycles that the DRAM part is active or under refresh for level _0_0_3
        ramulator.serving_requests_0_0_3            35530005                                      # The sum of read and write requests that are served in this DRAM element per memory cycle for level _0_0_3
ramulator.average_serving_requests_0_0_3            0.782171                                      # The average of read and write requests that are served in this DRAM element per memory cycle for level _0_0_3
         ramulator.active_cycles_0_0_3_0             6618625                                      # Total active cycles for level _0_0_3_0
           ramulator.busy_cycles_0_0_3_0             6618625                                      # (All-bank refresh only. busy cycles only include refresh time in rank level) The sum of cycles that the DRAM part is active or under refresh for level _0_0_3_0
      ramulator.serving_requests_0_0_3_0             8148964                                      # The sum of read and write requests that are served in this DRAM element per memory cycle for level _0_0_3_0
ramulator.average_serving_requests_0_0_3_0            0.179394                                      # The average of read and write requests that are served in this DRAM element per memory cycle for level _0_0_3_0
         ramulator.active_cycles_0_0_3_1             8044304                                      # Total active cycles for level _0_0_3_1
           ramulator.busy_cycles_0_0_3_1             8044304                                      # (All-bank refresh only. busy cycles only include refresh time in rank level) The sum of cycles that the DRAM part is active or under refresh for level _0_0_3_1
      ramulator.serving_requests_0_0_3_1             9770472                                      # The sum of read and write requests that are served in this DRAM element per memory cycle for level _0_0_3_1
ramulator.average_serving_requests_0_0_3_1            0.215091                                      # The average of read and write requests that are served in this DRAM element per memory cycle for level _0_0_3_1
         ramulator.active_cycles_0_0_3_2             7472260                                      # Total active cycles for level _0_0_3_2
           ramulator.busy_cycles_0_0_3_2             7472260                                      # (All-bank refresh only. busy cycles only include refresh time in rank level) The sum of cycles that the DRAM part is active or under refresh for level _0_0_3_2
      ramulator.serving_requests_0_0_3_2             9087914                                      # The sum of read and write requests that are served in this DRAM element per memory cycle for level _0_0_3_2
ramulator.average_serving_requests_0_0_3_2            0.200065                                      # The average of read and write requests that are served in this DRAM element per memory cycle for level _0_0_3_2
         ramulator.active_cycles_0_0_3_3             6918397                                      # Total active cycles for level _0_0_3_3
           ramulator.busy_cycles_0_0_3_3             6918397                                      # (All-bank refresh only. busy cycles only include refresh time in rank level) The sum of cycles that the DRAM part is active or under refresh for level _0_0_3_3
      ramulator.serving_requests_0_0_3_3             8522655                                      # The sum of read and write requests that are served in this DRAM element per memory cycle for level _0_0_3_3
ramulator.average_serving_requests_0_0_3_3            0.187621                                      # The average of read and write requests that are served in this DRAM element per memory cycle for level _0_0_3_3
      ramulator.read_transaction_bytes_0           217207168                                      # The total byte of read transaction per channel
     ramulator.write_transaction_bytes_0             3282368                                      # The total byte of write transaction per channel
       ramulator.row_hits_channel_0_core             1814057                                      # Number of row hits per channel per core
     ramulator.row_misses_channel_0_core              125680                                      # Number of row misses per channel per core
  ramulator.row_conflicts_channel_0_core             1505412                                      # Number of row conflicts per channel per core
  ramulator.read_row_hits_channel_0_core             1781904                                      # Number of row hits for read requests per channel per core
                                     [0]           1781904.0                                      # 
ramulator.read_row_misses_channel_0_core              123959                                      # Number of row misses for read requests per channel per core
                                     [0]            123959.0                                      # 
ramulator.read_row_conflicts_channel_0_core             1487999                                      # Number of row conflicts for read requests per channel per core
                                     [0]           1487999.0                                      # 
 ramulator.write_row_hits_channel_0_core               32153                                      # Number of row hits for write requests per channel per core
                                     [0]             32153.0                                      # 
ramulator.write_row_misses_channel_0_core                1721                                      # Number of row misses for write requests per channel per core
                                     [0]              1721.0                                      # 
ramulator.write_row_conflicts_channel_0_core               17413                                      # Number of row conflicts for write requests per channel per core
                                     [0]             17413.0                                      # 
      ramulator.useless_activates_0_core                 189                                      # Number of useless activations. E.g, ACT -> PRE w/o RD or WR
            ramulator.read_latency_avg_0          125.068930                                      # The average memory latency cycles (in memory time domain) per request for all read requests in this channel
            ramulator.read_latency_sum_0           425283514                                      # The memory latency cycles (in memory time domain) sum for all read requests in this channel
        ramulator.req_queue_length_avg_0           23.896864                                      # Average of read and write queue length per memory cycle per channel.
        ramulator.req_queue_length_sum_0          1085511014                                      # Sum of read and write queue length per memory cycle per channel.
   ramulator.read_req_queue_length_avg_0            8.764156                                      # Read queue length average per memory cycle per channel.
   ramulator.read_req_queue_length_sum_0           398110304                                      # Read queue length sum per memory cycle per channel.
  ramulator.write_req_queue_length_avg_0           15.132708                                      # Write queue length average per memory cycle per channel.
  ramulator.write_req_queue_length_sum_0           687400710                                      # Write queue length sum per memory cycle per channel.
              ramulator.record_read_hits                 0.0                                      # record read hit count for this core when it reaches request limit or to the end
                                     [0]                 0.0                                      # 
            ramulator.record_read_misses                 0.0                                      # record_read_miss count for this core when it reaches request limit or to the end
                                     [0]                 0.0                                      # 
         ramulator.record_read_conflicts                 0.0                                      # record read conflict count for this core when it reaches request limit or to the end
                                     [0]                 0.0                                      # 
             ramulator.record_write_hits                 0.0                                      # record write hit count for this core when it reaches request limit or to the end
                                     [0]                 0.0                                      # 
           ramulator.record_write_misses                 0.0                                      # record write miss count for this core when it reaches request limit or to the end
                                     [0]                 0.0                                      # 
        ramulator.record_write_conflicts                 0.0                                      # record write conflict for this core when it reaches request limit or to the end
                                     [0]                 0.0                                      # 
                 ramulator.dram_capacity          8589934592                                      # Number of bytes in simulated DRAM
                   ramulator.dram_cycles            45424832                                      # Number of DRAM cycles simulated
             ramulator.incoming_requests             3451701                                      # Number of incoming requests to DRAM
                 ramulator.read_requests             3400393                                      # Number of incoming read requests to DRAM per core
                                     [0]           3400393.0                                      # 
                ramulator.write_requests               51308                                      # Number of incoming write requests to DRAM per core
                                     [0]             51308.0                                      # 
       ramulator.ramulator_active_cycles            27628923                                      # The total number of cycles that the DRAM part is active (serving R/W)
 ramulator.incoming_requests_per_channel           3451701.0                                      # Number of incoming requests to each DRAM channel
                                     [0]           3451701.0                                      # 
ramulator.incoming_read_reqs_per_channel           3400393.0                                      # Number of incoming read requests to each DRAM channel
                                     [0]           3400393.0                                      # 
     ramulator.physical_page_replacement                   0                                      # The number of times that physical page replacement happens.
             ramulator.maximum_bandwidth         19200000000                                      # The theoretical maximum bandwidth (Bps)
          ramulator.in_queue_req_num_sum          1085511014                                      # Sum of read/write queue length
     ramulator.in_queue_read_req_num_sum           398110304                                      # Sum of read queue length
    ramulator.in_queue_write_req_num_sum           687400710                                      # Sum of write queue length
          ramulator.in_queue_req_num_avg           23.896864                                      # Average of read/write queue length per memory cycle
     ramulator.in_queue_read_req_num_avg            8.764156                                      # Average of read queue length per memory cycle
    ramulator.in_queue_write_req_num_avg           15.132708                                      # Average of write queue length per memory cycle
          ramulator.record_read_requests                 0.0                                      # record read requests for this core when it reaches request limit or to the end
                                     [0]                 0.0                                      # 
         ramulator.record_write_requests                 0.0                                      # record write requests for this core when it reaches request limit or to the end
                                     [0]                 0.0                                      # 
