               ramulator.active_cycles_0            22131781                                      # Total active cycles for level _0
                 ramulator.busy_cycles_0            22131781                                      # (All-bank refresh only. busy cycles only include refresh time in rank level) The sum of cycles that the DRAM part is active or under refresh for level _0
            ramulator.serving_requests_0            34613437                                      # The sum of read and write requests that are served in this DRAM element per memory cycle for level _0
    ramulator.average_serving_requests_0            0.963226                                      # The average of read and write requests that are served in this DRAM element per memory cycle for level _0
             ramulator.active_cycles_0_0            22131781                                      # Total active cycles for level _0_0
               ramulator.busy_cycles_0_0            23070481                                      # (All-bank refresh only. busy cycles only include refresh time in rank level) The sum of cycles that the DRAM part is active or under refresh for level _0_0
          ramulator.serving_requests_0_0            34613437                                      # The sum of read and write requests that are served in this DRAM element per memory cycle for level _0_0
  ramulator.average_serving_requests_0_0            0.963226                                      # The average of read and write requests that are served in this DRAM element per memory cycle for level _0_0
           ramulator.active_cycles_0_0_0             6469534                                      # Total active cycles for level _0_0_0
             ramulator.busy_cycles_0_0_0             6469534                                      # (All-bank refresh only. busy cycles only include refresh time in rank level) The sum of cycles that the DRAM part is active or under refresh for level _0_0_0
        ramulator.serving_requests_0_0_0             7599604                                      # The sum of read and write requests that are served in this DRAM element per memory cycle for level _0_0_0
ramulator.average_serving_requests_0_0_0            0.211483                                      # The average of read and write requests that are served in this DRAM element per memory cycle for level _0_0_0
         ramulator.active_cycles_0_0_0_0             1358898                                      # Total active cycles for level _0_0_0_0
           ramulator.busy_cycles_0_0_0_0             1358898                                      # (All-bank refresh only. busy cycles only include refresh time in rank level) The sum of cycles that the DRAM part is active or under refresh for level _0_0_0_0
      ramulator.serving_requests_0_0_0_0             1496985                                      # The sum of read and write requests that are served in this DRAM element per memory cycle for level _0_0_0_0
ramulator.average_serving_requests_0_0_0_0            0.041658                                      # The average of read and write requests that are served in this DRAM element per memory cycle for level _0_0_0_0
         ramulator.active_cycles_0_0_0_1             2443033                                      # Total active cycles for level _0_0_0_1
           ramulator.busy_cycles_0_0_0_1             2443033                                      # (All-bank refresh only. busy cycles only include refresh time in rank level) The sum of cycles that the DRAM part is active or under refresh for level _0_0_0_1
      ramulator.serving_requests_0_0_0_1             2649428                                      # The sum of read and write requests that are served in this DRAM element per memory cycle for level _0_0_0_1
ramulator.average_serving_requests_0_0_0_1            0.073729                                      # The average of read and write requests that are served in this DRAM element per memory cycle for level _0_0_0_1
         ramulator.active_cycles_0_0_0_2             1725713                                      # Total active cycles for level _0_0_0_2
           ramulator.busy_cycles_0_0_0_2             1725713                                      # (All-bank refresh only. busy cycles only include refresh time in rank level) The sum of cycles that the DRAM part is active or under refresh for level _0_0_0_2
      ramulator.serving_requests_0_0_0_2             1895376                                      # The sum of read and write requests that are served in this DRAM element per memory cycle for level _0_0_0_2
ramulator.average_serving_requests_0_0_0_2            0.052745                                      # The average of read and write requests that are served in this DRAM element per memory cycle for level _0_0_0_2
         ramulator.active_cycles_0_0_0_3             1386003                                      # Total active cycles for level _0_0_0_3
           ramulator.busy_cycles_0_0_0_3             1386003                                      # (All-bank refresh only. busy cycles only include refresh time in rank level) The sum of cycles that the DRAM part is active or under refresh for level _0_0_0_3
      ramulator.serving_requests_0_0_0_3             1557815                                      # The sum of read and write requests that are served in this DRAM element per memory cycle for level _0_0_0_3
ramulator.average_serving_requests_0_0_0_3            0.043351                                      # The average of read and write requests that are served in this DRAM element per memory cycle for level _0_0_0_3
           ramulator.active_cycles_0_0_1             8703165                                      # Total active cycles for level _0_0_1
             ramulator.busy_cycles_0_0_1             8703165                                      # (All-bank refresh only. busy cycles only include refresh time in rank level) The sum of cycles that the DRAM part is active or under refresh for level _0_0_1
        ramulator.serving_requests_0_0_1            10452110                                      # The sum of read and write requests that are served in this DRAM element per memory cycle for level _0_0_1
ramulator.average_serving_requests_0_0_1            0.290862                                      # The average of read and write requests that are served in this DRAM element per memory cycle for level _0_0_1
         ramulator.active_cycles_0_0_1_0             2546451                                      # Total active cycles for level _0_0_1_0
           ramulator.busy_cycles_0_0_1_0             2546451                                      # (All-bank refresh only. busy cycles only include refresh time in rank level) The sum of cycles that the DRAM part is active or under refresh for level _0_0_1_0
      ramulator.serving_requests_0_0_1_0             2739873                                      # The sum of read and write requests that are served in this DRAM element per memory cycle for level _0_0_1_0
ramulator.average_serving_requests_0_0_1_0            0.076245                                      # The average of read and write requests that are served in this DRAM element per memory cycle for level _0_0_1_0
         ramulator.active_cycles_0_0_1_1             2445489                                      # Total active cycles for level _0_0_1_1
           ramulator.busy_cycles_0_0_1_1             2445489                                      # (All-bank refresh only. busy cycles only include refresh time in rank level) The sum of cycles that the DRAM part is active or under refresh for level _0_0_1_1
      ramulator.serving_requests_0_0_1_1             2638611                                      # The sum of read and write requests that are served in this DRAM element per memory cycle for level _0_0_1_1
ramulator.average_serving_requests_0_0_1_1            0.073428                                      # The average of read and write requests that are served in this DRAM element per memory cycle for level _0_0_1_1
         ramulator.active_cycles_0_0_1_2             2587319                                      # Total active cycles for level _0_0_1_2
           ramulator.busy_cycles_0_0_1_2             2587319                                      # (All-bank refresh only. busy cycles only include refresh time in rank level) The sum of cycles that the DRAM part is active or under refresh for level _0_0_1_2
      ramulator.serving_requests_0_0_1_2             2776166                                      # The sum of read and write requests that are served in this DRAM element per memory cycle for level _0_0_1_2
ramulator.average_serving_requests_0_0_1_2            0.077255                                      # The average of read and write requests that are served in this DRAM element per memory cycle for level _0_0_1_2
         ramulator.active_cycles_0_0_1_3             2099413                                      # Total active cycles for level _0_0_1_3
           ramulator.busy_cycles_0_0_1_3             2099413                                      # (All-bank refresh only. busy cycles only include refresh time in rank level) The sum of cycles that the DRAM part is active or under refresh for level _0_0_1_3
      ramulator.serving_requests_0_0_1_3             2297460                                      # The sum of read and write requests that are served in this DRAM element per memory cycle for level _0_0_1_3
ramulator.average_serving_requests_0_0_1_3            0.063934                                      # The average of read and write requests that are served in this DRAM element per memory cycle for level _0_0_1_3
           ramulator.active_cycles_0_0_2             7060782                                      # Total active cycles for level _0_0_2
             ramulator.busy_cycles_0_0_2             7060782                                      # (All-bank refresh only. busy cycles only include refresh time in rank level) The sum of cycles that the DRAM part is active or under refresh for level _0_0_2
        ramulator.serving_requests_0_0_2             8309647                                      # The sum of read and write requests that are served in this DRAM element per memory cycle for level _0_0_2
ramulator.average_serving_requests_0_0_2            0.231242                                      # The average of read and write requests that are served in this DRAM element per memory cycle for level _0_0_2
         ramulator.active_cycles_0_0_2_0             1518522                                      # Total active cycles for level _0_0_2_0
           ramulator.busy_cycles_0_0_2_0             1518522                                      # (All-bank refresh only. busy cycles only include refresh time in rank level) The sum of cycles that the DRAM part is active or under refresh for level _0_0_2_0
      ramulator.serving_requests_0_0_2_0             1663552                                      # The sum of read and write requests that are served in this DRAM element per memory cycle for level _0_0_2_0
ramulator.average_serving_requests_0_0_2_0            0.046293                                      # The average of read and write requests that are served in this DRAM element per memory cycle for level _0_0_2_0
         ramulator.active_cycles_0_0_2_1             2731359                                      # Total active cycles for level _0_0_2_1
           ramulator.busy_cycles_0_0_2_1             2731359                                      # (All-bank refresh only. busy cycles only include refresh time in rank level) The sum of cycles that the DRAM part is active or under refresh for level _0_0_2_1
      ramulator.serving_requests_0_0_2_1             2928819                                      # The sum of read and write requests that are served in this DRAM element per memory cycle for level _0_0_2_1
ramulator.average_serving_requests_0_0_2_1            0.081503                                      # The average of read and write requests that are served in this DRAM element per memory cycle for level _0_0_2_1
         ramulator.active_cycles_0_0_2_2             1009748                                      # Total active cycles for level _0_0_2_2
           ramulator.busy_cycles_0_0_2_2             1009748                                      # (All-bank refresh only. busy cycles only include refresh time in rank level) The sum of cycles that the DRAM part is active or under refresh for level _0_0_2_2
      ramulator.serving_requests_0_0_2_2             1133511                                      # The sum of read and write requests that are served in this DRAM element per memory cycle for level _0_0_2_2
ramulator.average_serving_requests_0_0_2_2            0.031543                                      # The average of read and write requests that are served in this DRAM element per memory cycle for level _0_0_2_2
         ramulator.active_cycles_0_0_2_3             2354178                                      # Total active cycles for level _0_0_2_3
           ramulator.busy_cycles_0_0_2_3             2354178                                      # (All-bank refresh only. busy cycles only include refresh time in rank level) The sum of cycles that the DRAM part is active or under refresh for level _0_0_2_3
      ramulator.serving_requests_0_0_2_3             2583765                                      # The sum of read and write requests that are served in this DRAM element per memory cycle for level _0_0_2_3
ramulator.average_serving_requests_0_0_2_3            0.071901                                      # The average of read and write requests that are served in this DRAM element per memory cycle for level _0_0_2_3
           ramulator.active_cycles_0_0_3             7081733                                      # Total active cycles for level _0_0_3
             ramulator.busy_cycles_0_0_3             7081733                                      # (All-bank refresh only. busy cycles only include refresh time in rank level) The sum of cycles that the DRAM part is active or under refresh for level _0_0_3
        ramulator.serving_requests_0_0_3             8252076                                      # The sum of read and write requests that are served in this DRAM element per memory cycle for level _0_0_3
ramulator.average_serving_requests_0_0_3            0.229640                                      # The average of read and write requests that are served in this DRAM element per memory cycle for level _0_0_3
         ramulator.active_cycles_0_0_3_0             2087315                                      # Total active cycles for level _0_0_3_0
           ramulator.busy_cycles_0_0_3_0             2087315                                      # (All-bank refresh only. busy cycles only include refresh time in rank level) The sum of cycles that the DRAM part is active or under refresh for level _0_0_3_0
      ramulator.serving_requests_0_0_3_0             2276214                                      # The sum of read and write requests that are served in this DRAM element per memory cycle for level _0_0_3_0
ramulator.average_serving_requests_0_0_3_0            0.063343                                      # The average of read and write requests that are served in this DRAM element per memory cycle for level _0_0_3_0
         ramulator.active_cycles_0_0_3_1             1035729                                      # Total active cycles for level _0_0_3_1
           ramulator.busy_cycles_0_0_3_1             1035729                                      # (All-bank refresh only. busy cycles only include refresh time in rank level) The sum of cycles that the DRAM part is active or under refresh for level _0_0_3_1
      ramulator.serving_requests_0_0_3_1             1163904                                      # The sum of read and write requests that are served in this DRAM element per memory cycle for level _0_0_3_1
ramulator.average_serving_requests_0_0_3_1            0.032389                                      # The average of read and write requests that are served in this DRAM element per memory cycle for level _0_0_3_1
         ramulator.active_cycles_0_0_3_2             2672749                                      # Total active cycles for level _0_0_3_2
           ramulator.busy_cycles_0_0_3_2             2672749                                      # (All-bank refresh only. busy cycles only include refresh time in rank level) The sum of cycles that the DRAM part is active or under refresh for level _0_0_3_2
      ramulator.serving_requests_0_0_3_2             2900690                                      # The sum of read and write requests that are served in this DRAM element per memory cycle for level _0_0_3_2
ramulator.average_serving_requests_0_0_3_2            0.080721                                      # The average of read and write requests that are served in this DRAM element per memory cycle for level _0_0_3_2
         ramulator.active_cycles_0_0_3_3             1726619                                      # Total active cycles for level _0_0_3_3
           ramulator.busy_cycles_0_0_3_3             1726619                                      # (All-bank refresh only. busy cycles only include refresh time in rank level) The sum of cycles that the DRAM part is active or under refresh for level _0_0_3_3
      ramulator.serving_requests_0_0_3_3             1911268                                      # The sum of read and write requests that are served in this DRAM element per memory cycle for level _0_0_3_3
ramulator.average_serving_requests_0_0_3_3            0.053187                                      # The average of read and write requests that are served in this DRAM element per memory cycle for level _0_0_3_3
      ramulator.read_transaction_bytes_0            41176960                                      # The total byte of read transaction per channel
     ramulator.write_transaction_bytes_0             2069760                                      # The total byte of write transaction per channel
       ramulator.row_hits_channel_0_core              450569                                      # Number of row hits per channel per core
     ramulator.row_misses_channel_0_core               49779                                      # Number of row misses per channel per core
  ramulator.row_conflicts_channel_0_core              175382                                      # Number of row conflicts per channel per core
  ramulator.read_row_hits_channel_0_core              435301                                      # Number of row hits for read requests per channel per core
                                     [0]            435301.0                                      # 
ramulator.read_row_misses_channel_0_core               46227                                      # Number of row misses for read requests per channel per core
                                     [0]             46227.0                                      # 
ramulator.read_row_conflicts_channel_0_core              161862                                      # Number of row conflicts for read requests per channel per core
                                     [0]            161862.0                                      # 
 ramulator.write_row_hits_channel_0_core               15268                                      # Number of row hits for write requests per channel per core
                                     [0]             15268.0                                      # 
ramulator.write_row_misses_channel_0_core                3552                                      # Number of row misses for write requests per channel per core
                                     [0]              3552.0                                      # 
ramulator.write_row_conflicts_channel_0_core               13520                                      # Number of row conflicts for write requests per channel per core
                                     [0]             13520.0                                      # 
      ramulator.useless_activates_0_core                  10                                      # Number of useless activations. E.g, ACT -> PRE w/o RD or WR
            ramulator.read_latency_avg_0           40.101353                                      # The average memory latency cycles (in memory time domain) per request for all read requests in this channel
            ramulator.read_latency_sum_0            25835497                                      # The memory latency cycles (in memory time domain) sum for all read requests in this channel
        ramulator.req_queue_length_avg_0           14.931688                                      # Average of read and write queue length per memory cycle per channel.
        ramulator.req_queue_length_sum_0           536568653                                      # Sum of read and write queue length per memory cycle per channel.
   ramulator.read_req_queue_length_avg_0            0.626137                                      # Read queue length average per memory cycle per channel.
   ramulator.read_req_queue_length_sum_0            22500174                                      # Read queue length sum per memory cycle per channel.
  ramulator.write_req_queue_length_avg_0           14.305551                                      # Write queue length average per memory cycle per channel.
  ramulator.write_req_queue_length_sum_0           514068479                                      # Write queue length sum per memory cycle per channel.
              ramulator.record_read_hits                 0.0                                      # record read hit count for this core when it reaches request limit or to the end
                                     [0]                 0.0                                      # 
            ramulator.record_read_misses                 0.0                                      # record_read_miss count for this core when it reaches request limit or to the end
                                     [0]                 0.0                                      # 
         ramulator.record_read_conflicts                 0.0                                      # record read conflict count for this core when it reaches request limit or to the end
                                     [0]                 0.0                                      # 
             ramulator.record_write_hits                 0.0                                      # record write hit count for this core when it reaches request limit or to the end
                                     [0]                 0.0                                      # 
           ramulator.record_write_misses                 0.0                                      # record write miss count for this core when it reaches request limit or to the end
                                     [0]                 0.0                                      # 
        ramulator.record_write_conflicts                 0.0                                      # record write conflict for this core when it reaches request limit or to the end
                                     [0]                 0.0                                      # 
                 ramulator.dram_capacity          8589934592                                      # Number of bytes in simulated DRAM
                   ramulator.dram_cycles            35934895                                      # Number of DRAM cycles simulated
             ramulator.incoming_requests              676613                                      # Number of incoming requests to DRAM
                 ramulator.read_requests              644255                                      # Number of incoming read requests to DRAM per core
                                     [0]            644255.0                                      # 
                ramulator.write_requests               32358                                      # Number of incoming write requests to DRAM per core
                                     [0]             32358.0                                      # 
       ramulator.ramulator_active_cycles            22131781                                      # The total number of cycles that the DRAM part is active (serving R/W)
 ramulator.incoming_requests_per_channel            676613.0                                      # Number of incoming requests to each DRAM channel
                                     [0]            676613.0                                      # 
ramulator.incoming_read_reqs_per_channel            644255.0                                      # Number of incoming read requests to each DRAM channel
                                     [0]            644255.0                                      # 
     ramulator.physical_page_replacement                   0                                      # The number of times that physical page replacement happens.
             ramulator.maximum_bandwidth         19200000000                                      # The theoretical maximum bandwidth (Bps)
          ramulator.in_queue_req_num_sum           536568653                                      # Sum of read/write queue length
     ramulator.in_queue_read_req_num_sum            22500174                                      # Sum of read queue length
    ramulator.in_queue_write_req_num_sum           514068479                                      # Sum of write queue length
          ramulator.in_queue_req_num_avg           14.931688                                      # Average of read/write queue length per memory cycle
     ramulator.in_queue_read_req_num_avg            0.626137                                      # Average of read queue length per memory cycle
    ramulator.in_queue_write_req_num_avg           14.305551                                      # Average of write queue length per memory cycle
          ramulator.record_read_requests                 0.0                                      # record read requests for this core when it reaches request limit or to the end
                                     [0]                 0.0                                      # 
         ramulator.record_write_requests                 0.0                                      # record write requests for this core when it reaches request limit or to the end
                                     [0]                 0.0                                      # 
