               ramulator.active_cycles_0             3198627                                      # Total active cycles for level _0
                 ramulator.busy_cycles_0             3198627                                      # (All-bank refresh only. busy cycles only include refresh time in rank level) The sum of cycles that the DRAM part is active or under refresh for level _0
            ramulator.serving_requests_0             3870956                                      # The sum of read and write requests that are served in this DRAM element per memory cycle for level _0
    ramulator.average_serving_requests_0            0.127657                                      # The average of read and write requests that are served in this DRAM element per memory cycle for level _0
             ramulator.active_cycles_0_0             3198627                                      # Total active cycles for level _0_0
               ramulator.busy_cycles_0_0             4461567                                      # (All-bank refresh only. busy cycles only include refresh time in rank level) The sum of cycles that the DRAM part is active or under refresh for level _0_0
          ramulator.serving_requests_0_0             3870956                                      # The sum of read and write requests that are served in this DRAM element per memory cycle for level _0_0
  ramulator.average_serving_requests_0_0            0.127657                                      # The average of read and write requests that are served in this DRAM element per memory cycle for level _0_0
           ramulator.active_cycles_0_0_0             1124652                                      # Total active cycles for level _0_0_0
             ramulator.busy_cycles_0_0_0             1124652                                      # (All-bank refresh only. busy cycles only include refresh time in rank level) The sum of cycles that the DRAM part is active or under refresh for level _0_0_0
        ramulator.serving_requests_0_0_0             1212731                                      # The sum of read and write requests that are served in this DRAM element per memory cycle for level _0_0_0
ramulator.average_serving_requests_0_0_0            0.039994                                      # The average of read and write requests that are served in this DRAM element per memory cycle for level _0_0_0
         ramulator.active_cycles_0_0_0_0              180772                                      # Total active cycles for level _0_0_0_0
           ramulator.busy_cycles_0_0_0_0              180772                                      # (All-bank refresh only. busy cycles only include refresh time in rank level) The sum of cycles that the DRAM part is active or under refresh for level _0_0_0_0
      ramulator.serving_requests_0_0_0_0              190233                                      # The sum of read and write requests that are served in this DRAM element per memory cycle for level _0_0_0_0
ramulator.average_serving_requests_0_0_0_0            0.006274                                      # The average of read and write requests that are served in this DRAM element per memory cycle for level _0_0_0_0
         ramulator.active_cycles_0_0_0_1              284209                                      # Total active cycles for level _0_0_0_1
           ramulator.busy_cycles_0_0_0_1              284209                                      # (All-bank refresh only. busy cycles only include refresh time in rank level) The sum of cycles that the DRAM part is active or under refresh for level _0_0_0_1
      ramulator.serving_requests_0_0_0_1              293467                                      # The sum of read and write requests that are served in this DRAM element per memory cycle for level _0_0_0_1
ramulator.average_serving_requests_0_0_0_1            0.009678                                      # The average of read and write requests that are served in this DRAM element per memory cycle for level _0_0_0_1
         ramulator.active_cycles_0_0_0_2              555374                                      # Total active cycles for level _0_0_0_2
           ramulator.busy_cycles_0_0_0_2              555374                                      # (All-bank refresh only. busy cycles only include refresh time in rank level) The sum of cycles that the DRAM part is active or under refresh for level _0_0_0_2
      ramulator.serving_requests_0_0_0_2              566134                                      # The sum of read and write requests that are served in this DRAM element per memory cycle for level _0_0_0_2
ramulator.average_serving_requests_0_0_0_2            0.018670                                      # The average of read and write requests that are served in this DRAM element per memory cycle for level _0_0_0_2
         ramulator.active_cycles_0_0_0_3              154665                                      # Total active cycles for level _0_0_0_3
           ramulator.busy_cycles_0_0_0_3              154665                                      # (All-bank refresh only. busy cycles only include refresh time in rank level) The sum of cycles that the DRAM part is active or under refresh for level _0_0_0_3
      ramulator.serving_requests_0_0_0_3              162897                                      # The sum of read and write requests that are served in this DRAM element per memory cycle for level _0_0_0_3
ramulator.average_serving_requests_0_0_0_3            0.005372                                      # The average of read and write requests that are served in this DRAM element per memory cycle for level _0_0_0_3
           ramulator.active_cycles_0_0_1              900790                                      # Total active cycles for level _0_0_1
             ramulator.busy_cycles_0_0_1              900790                                      # (All-bank refresh only. busy cycles only include refresh time in rank level) The sum of cycles that the DRAM part is active or under refresh for level _0_0_1
        ramulator.serving_requests_0_0_1              974490                                      # The sum of read and write requests that are served in this DRAM element per memory cycle for level _0_0_1
ramulator.average_serving_requests_0_0_1            0.032137                                      # The average of read and write requests that are served in this DRAM element per memory cycle for level _0_0_1
         ramulator.active_cycles_0_0_1_0              235440                                      # Total active cycles for level _0_0_1_0
           ramulator.busy_cycles_0_0_1_0              235440                                      # (All-bank refresh only. busy cycles only include refresh time in rank level) The sum of cycles that the DRAM part is active or under refresh for level _0_0_1_0
      ramulator.serving_requests_0_0_1_0              246021                                      # The sum of read and write requests that are served in this DRAM element per memory cycle for level _0_0_1_0
ramulator.average_serving_requests_0_0_1_0            0.008113                                      # The average of read and write requests that are served in this DRAM element per memory cycle for level _0_0_1_0
         ramulator.active_cycles_0_0_1_1              169627                                      # Total active cycles for level _0_0_1_1
           ramulator.busy_cycles_0_0_1_1              169627                                      # (All-bank refresh only. busy cycles only include refresh time in rank level) The sum of cycles that the DRAM part is active or under refresh for level _0_0_1_1
      ramulator.serving_requests_0_0_1_1              180337                                      # The sum of read and write requests that are served in this DRAM element per memory cycle for level _0_0_1_1
ramulator.average_serving_requests_0_0_1_1            0.005947                                      # The average of read and write requests that are served in this DRAM element per memory cycle for level _0_0_1_1
         ramulator.active_cycles_0_0_1_2              329086                                      # Total active cycles for level _0_0_1_2
           ramulator.busy_cycles_0_0_1_2              329086                                      # (All-bank refresh only. busy cycles only include refresh time in rank level) The sum of cycles that the DRAM part is active or under refresh for level _0_0_1_2
      ramulator.serving_requests_0_0_1_2              338324                                      # The sum of read and write requests that are served in this DRAM element per memory cycle for level _0_0_1_2
ramulator.average_serving_requests_0_0_1_2            0.011157                                      # The average of read and write requests that are served in this DRAM element per memory cycle for level _0_0_1_2
         ramulator.active_cycles_0_0_1_3              200216                                      # Total active cycles for level _0_0_1_3
           ramulator.busy_cycles_0_0_1_3              200216                                      # (All-bank refresh only. busy cycles only include refresh time in rank level) The sum of cycles that the DRAM part is active or under refresh for level _0_0_1_3
      ramulator.serving_requests_0_0_1_3              209808                                      # The sum of read and write requests that are served in this DRAM element per memory cycle for level _0_0_1_3
ramulator.average_serving_requests_0_0_1_3            0.006919                                      # The average of read and write requests that are served in this DRAM element per memory cycle for level _0_0_1_3
           ramulator.active_cycles_0_0_2              657944                                      # Total active cycles for level _0_0_2
             ramulator.busy_cycles_0_0_2              657944                                      # (All-bank refresh only. busy cycles only include refresh time in rank level) The sum of cycles that the DRAM part is active or under refresh for level _0_0_2
        ramulator.serving_requests_0_0_2              704973                                      # The sum of read and write requests that are served in this DRAM element per memory cycle for level _0_0_2
ramulator.average_serving_requests_0_0_2            0.023249                                      # The average of read and write requests that are served in this DRAM element per memory cycle for level _0_0_2
         ramulator.active_cycles_0_0_2_0              147611                                      # Total active cycles for level _0_0_2_0
           ramulator.busy_cycles_0_0_2_0              147611                                      # (All-bank refresh only. busy cycles only include refresh time in rank level) The sum of cycles that the DRAM part is active or under refresh for level _0_0_2_0
      ramulator.serving_requests_0_0_2_0              155673                                      # The sum of read and write requests that are served in this DRAM element per memory cycle for level _0_0_2_0
ramulator.average_serving_requests_0_0_2_0            0.005134                                      # The average of read and write requests that are served in this DRAM element per memory cycle for level _0_0_2_0
         ramulator.active_cycles_0_0_2_1              166146                                      # Total active cycles for level _0_0_2_1
           ramulator.busy_cycles_0_0_2_1              166146                                      # (All-bank refresh only. busy cycles only include refresh time in rank level) The sum of cycles that the DRAM part is active or under refresh for level _0_0_2_1
      ramulator.serving_requests_0_0_2_1              175507                                      # The sum of read and write requests that are served in this DRAM element per memory cycle for level _0_0_2_1
ramulator.average_serving_requests_0_0_2_1            0.005788                                      # The average of read and write requests that are served in this DRAM element per memory cycle for level _0_0_2_1
         ramulator.active_cycles_0_0_2_2              173522                                      # Total active cycles for level _0_0_2_2
           ramulator.busy_cycles_0_0_2_2              173522                                      # (All-bank refresh only. busy cycles only include refresh time in rank level) The sum of cycles that the DRAM part is active or under refresh for level _0_0_2_2
      ramulator.serving_requests_0_0_2_2              182324                                      # The sum of read and write requests that are served in this DRAM element per memory cycle for level _0_0_2_2
ramulator.average_serving_requests_0_0_2_2            0.006013                                      # The average of read and write requests that are served in this DRAM element per memory cycle for level _0_0_2_2
         ramulator.active_cycles_0_0_2_3              185039                                      # Total active cycles for level _0_0_2_3
           ramulator.busy_cycles_0_0_2_3              185039                                      # (All-bank refresh only. busy cycles only include refresh time in rank level) The sum of cycles that the DRAM part is active or under refresh for level _0_0_2_3
      ramulator.serving_requests_0_0_2_3              191469                                      # The sum of read and write requests that are served in this DRAM element per memory cycle for level _0_0_2_3
ramulator.average_serving_requests_0_0_2_3            0.006314                                      # The average of read and write requests that are served in this DRAM element per memory cycle for level _0_0_2_3
           ramulator.active_cycles_0_0_3              901555                                      # Total active cycles for level _0_0_3
             ramulator.busy_cycles_0_0_3              901555                                      # (All-bank refresh only. busy cycles only include refresh time in rank level) The sum of cycles that the DRAM part is active or under refresh for level _0_0_3
        ramulator.serving_requests_0_0_3              978762                                      # The sum of read and write requests that are served in this DRAM element per memory cycle for level _0_0_3
ramulator.average_serving_requests_0_0_3            0.032278                                      # The average of read and write requests that are served in this DRAM element per memory cycle for level _0_0_3
         ramulator.active_cycles_0_0_3_0               82926                                      # Total active cycles for level _0_0_3_0
           ramulator.busy_cycles_0_0_3_0               82926                                      # (All-bank refresh only. busy cycles only include refresh time in rank level) The sum of cycles that the DRAM part is active or under refresh for level _0_0_3_0
      ramulator.serving_requests_0_0_3_0               89143                                      # The sum of read and write requests that are served in this DRAM element per memory cycle for level _0_0_3_0
ramulator.average_serving_requests_0_0_3_0            0.002940                                      # The average of read and write requests that are served in this DRAM element per memory cycle for level _0_0_3_0
         ramulator.active_cycles_0_0_3_1              357055                                      # Total active cycles for level _0_0_3_1
           ramulator.busy_cycles_0_0_3_1              357055                                      # (All-bank refresh only. busy cycles only include refresh time in rank level) The sum of cycles that the DRAM part is active or under refresh for level _0_0_3_1
      ramulator.serving_requests_0_0_3_1              367897                                      # The sum of read and write requests that are served in this DRAM element per memory cycle for level _0_0_3_1
ramulator.average_serving_requests_0_0_3_1            0.012133                                      # The average of read and write requests that are served in this DRAM element per memory cycle for level _0_0_3_1
         ramulator.active_cycles_0_0_3_2              307117                                      # Total active cycles for level _0_0_3_2
           ramulator.busy_cycles_0_0_3_2              307117                                      # (All-bank refresh only. busy cycles only include refresh time in rank level) The sum of cycles that the DRAM part is active or under refresh for level _0_0_3_2
      ramulator.serving_requests_0_0_3_2              318298                                      # The sum of read and write requests that are served in this DRAM element per memory cycle for level _0_0_3_2
ramulator.average_serving_requests_0_0_3_2            0.010497                                      # The average of read and write requests that are served in this DRAM element per memory cycle for level _0_0_3_2
         ramulator.active_cycles_0_0_3_3              194760                                      # Total active cycles for level _0_0_3_3
           ramulator.busy_cycles_0_0_3_3              194760                                      # (All-bank refresh only. busy cycles only include refresh time in rank level) The sum of cycles that the DRAM part is active or under refresh for level _0_0_3_3
      ramulator.serving_requests_0_0_3_3              203424                                      # The sum of read and write requests that are served in this DRAM element per memory cycle for level _0_0_3_3
ramulator.average_serving_requests_0_0_3_3            0.006709                                      # The average of read and write requests that are served in this DRAM element per memory cycle for level _0_0_3_3
      ramulator.read_transaction_bytes_0             3226304                                      # The total byte of read transaction per channel
     ramulator.write_transaction_bytes_0             1878592                                      # The total byte of write transaction per channel
       ramulator.row_hits_channel_0_core               53931                                      # Number of row hits per channel per core
     ramulator.row_misses_channel_0_core               17292                                      # Number of row misses per channel per core
  ramulator.row_conflicts_channel_0_core                8541                                      # Number of row conflicts per channel per core
  ramulator.read_row_hits_channel_0_core               36426                                      # Number of row hits for read requests per channel per core
                                     [0]             36426.0                                      # 
ramulator.read_row_misses_channel_0_core               10060                                      # Number of row misses for read requests per channel per core
                                     [0]             10060.0                                      # 
ramulator.read_row_conflicts_channel_0_core                3925                                      # Number of row conflicts for read requests per channel per core
                                     [0]              3925.0                                      # 
 ramulator.write_row_hits_channel_0_core               17505                                      # Number of row hits for write requests per channel per core
                                     [0]             17505.0                                      # 
ramulator.write_row_misses_channel_0_core                7232                                      # Number of row misses for write requests per channel per core
                                     [0]              7232.0                                      # 
ramulator.write_row_conflicts_channel_0_core                4616                                      # Number of row conflicts for write requests per channel per core
                                     [0]              4616.0                                      # 
      ramulator.useless_activates_0_core                   6                                      # Number of useless activations. E.g, ACT -> PRE w/o RD or WR
            ramulator.read_latency_avg_0           42.910079                                      # The average memory latency cycles (in memory time domain) per request for all read requests in this channel
            ramulator.read_latency_sum_0             2163140                                      # The memory latency cycles (in memory time domain) sum for all read requests in this channel
        ramulator.req_queue_length_avg_0           11.549433                                      # Average of read and write queue length per memory cycle per channel.
        ramulator.req_queue_length_sum_0           350215026                                      # Sum of read and write queue length per memory cycle per channel.
   ramulator.read_req_queue_length_avg_0            0.063931                                      # Read queue length average per memory cycle per channel.
   ramulator.read_req_queue_length_sum_0             1938580                                      # Read queue length sum per memory cycle per channel.
  ramulator.write_req_queue_length_avg_0           11.485502                                      # Write queue length average per memory cycle per channel.
  ramulator.write_req_queue_length_sum_0           348276446                                      # Write queue length sum per memory cycle per channel.
              ramulator.record_read_hits                 0.0                                      # record read hit count for this core when it reaches request limit or to the end
                                     [0]                 0.0                                      # 
            ramulator.record_read_misses                 0.0                                      # record_read_miss count for this core when it reaches request limit or to the end
                                     [0]                 0.0                                      # 
         ramulator.record_read_conflicts                 0.0                                      # record read conflict count for this core when it reaches request limit or to the end
                                     [0]                 0.0                                      # 
             ramulator.record_write_hits                 0.0                                      # record write hit count for this core when it reaches request limit or to the end
                                     [0]                 0.0                                      # 
           ramulator.record_write_misses                 0.0                                      # record write miss count for this core when it reaches request limit or to the end
                                     [0]                 0.0                                      # 
        ramulator.record_write_conflicts                 0.0                                      # record write conflict for this core when it reaches request limit or to the end
                                     [0]                 0.0                                      # 
                 ramulator.dram_capacity          8589934592                                      # Number of bytes in simulated DRAM
                   ramulator.dram_cycles            30323137                                      # Number of DRAM cycles simulated
             ramulator.incoming_requests               79785                                      # Number of incoming requests to DRAM
                 ramulator.read_requests               50411                                      # Number of incoming read requests to DRAM per core
                                     [0]             50411.0                                      # 
                ramulator.write_requests               29374                                      # Number of incoming write requests to DRAM per core
                                     [0]             29374.0                                      # 
       ramulator.ramulator_active_cycles             3198627                                      # The total number of cycles that the DRAM part is active (serving R/W)
 ramulator.incoming_requests_per_channel             79785.0                                      # Number of incoming requests to each DRAM channel
                                     [0]             79785.0                                      # 
ramulator.incoming_read_reqs_per_channel             50411.0                                      # Number of incoming read requests to each DRAM channel
                                     [0]             50411.0                                      # 
     ramulator.physical_page_replacement                   0                                      # The number of times that physical page replacement happens.
             ramulator.maximum_bandwidth         19200000000                                      # The theoretical maximum bandwidth (Bps)
          ramulator.in_queue_req_num_sum           350215026                                      # Sum of read/write queue length
     ramulator.in_queue_read_req_num_sum             1938580                                      # Sum of read queue length
    ramulator.in_queue_write_req_num_sum           348276446                                      # Sum of write queue length
          ramulator.in_queue_req_num_avg           11.549433                                      # Average of read/write queue length per memory cycle
     ramulator.in_queue_read_req_num_avg            0.063931                                      # Average of read queue length per memory cycle
    ramulator.in_queue_write_req_num_avg           11.485502                                      # Average of write queue length per memory cycle
          ramulator.record_read_requests                 0.0                                      # record read requests for this core when it reaches request limit or to the end
                                     [0]                 0.0                                      # 
         ramulator.record_write_requests                 0.0                                      # record write requests for this core when it reaches request limit or to the end
                                     [0]                 0.0                                      # 
