Scarab gitrev: 8e47791
Scarab started at Sat May 20 05:54:04 2023

Initialized Ramulator. 
** Heartbeat:   1% -- { 1000004 } -- 0.00 KIPS (250.00 KIPS)
** Heartbeat:   2% -- { 2000005 } -- 250.00 KIPS (250.00 KIPS)
** Heartbeat:   3% -- { 3000005 } -- 250.00 KIPS (250.00 KIPS)
** Heartbeat:   4% -- { 4000008 } -- 250.00 KIPS (250.00 KIPS)
** Heartbeat:   5% -- { 5000011 } -- 250.00 KIPS (250.00 KIPS)
** Heartbeat:   6% -- { 6000011 } -- 200.00 KIPS (240.00 KIPS)
** Heartbeat:   7% -- { 7000013 } -- 250.00 KIPS (241.38 KIPS)
** Heartbeat:   8% -- { 8000014 } -- 250.00 KIPS (242.42 KIPS)
** Heartbeat:   9% -- { 9000014 } -- 250.00 KIPS (243.24 KIPS)
** Heartbeat:  10% -- { 10000019 } -- 250.00 KIPS (243.90 KIPS)
** Heartbeat:  11% -- { 11000024 } -- 250.00 KIPS (244.44 KIPS)
** Heartbeat:  12% -- { 12000024 } -- 250.00 KIPS (244.90 KIPS)
** Heartbeat:  13% -- { 13000024 } -- 250.00 KIPS (245.28 KIPS)
** Heartbeat:  14% -- { 14000029 } -- 200.00 KIPS (241.38 KIPS)
** Heartbeat:  15% -- { 15000034 } -- 250.00 KIPS (241.94 KIPS)
** Heartbeat:  16% -- { 16000036 } -- 250.00 KIPS (242.42 KIPS)
** Heartbeat:  17% -- { 17000037 } -- 250.00 KIPS (242.86 KIPS)
** Heartbeat:  18% -- { 18000042 } -- 250.00 KIPS (243.24 KIPS)
** Heartbeat:  19% -- { 19000042 } -- 250.00 KIPS (243.59 KIPS)
** Heartbeat:  20% -- { 20000045 } -- 250.00 KIPS (243.90 KIPS)
** Heartbeat:  21% -- { 21000046 } -- 250.00 KIPS (244.19 KIPS)
** Heartbeat:  22% -- { 22000046 } -- 250.00 KIPS (244.44 KIPS)
** Heartbeat:  23% -- { 23000049 } -- 200.00 KIPS (242.11 KIPS)
** Heartbeat:  24% -- { 24000052 } -- 250.00 KIPS (242.42 KIPS)
** Heartbeat:  25% -- { 25000053 } -- 250.00 KIPS (242.72 KIPS)
** Heartbeat:  26% -- { 26000053 } -- 250.00 KIPS (242.99 KIPS)
** Heartbeat:  27% -- { 27000056 } -- 250.00 KIPS (243.24 KIPS)
** Heartbeat:  28% -- { 28000056 } -- 250.00 KIPS (243.48 KIPS)
** Heartbeat:  29% -- { 29000056 } -- 250.00 KIPS (243.70 KIPS)
** Heartbeat:  30% -- { 30000056 } -- 200.00 KIPS (241.94 KIPS)
** Heartbeat:  31% -- { 31000057 } -- 250.00 KIPS (242.19 KIPS)
** Heartbeat:  32% -- { 32000057 } -- 250.00 KIPS (242.42 KIPS)
** Heartbeat:  33% -- { 33000058 } -- 250.00 KIPS (242.65 KIPS)
** Heartbeat:  34% -- { 34000058 } -- 250.00 KIPS (242.86 KIPS)
** Heartbeat:  35% -- { 35000058 } -- 200.00 KIPS (241.38 KIPS)
** Heartbeat:  36% -- { 36000058 } -- 250.00 KIPS (241.61 KIPS)
** Heartbeat:  37% -- { 37000061 } -- 250.00 KIPS (241.83 KIPS)
** Heartbeat:  38% -- { 38000064 } -- 250.00 KIPS (242.04 KIPS)
** Heartbeat:  39% -- { 39000064 } -- 250.00 KIPS (242.24 KIPS)
** Heartbeat:  40% -- { 40000065 } -- 200.00 KIPS (240.96 KIPS)
** Heartbeat:  41% -- { 41000067 } -- 250.00 KIPS (241.18 KIPS)
** Heartbeat:  42% -- { 42000067 } -- 250.00 KIPS (241.38 KIPS)
** Heartbeat:  43% -- { 43000068 } -- 333.33 KIPS (242.94 KIPS)
** Heartbeat:  44% -- { 44000068 } -- 500.00 KIPS (245.81 KIPS)
** Heartbeat:  45% -- { 45000069 } -- 333.33 KIPS (247.25 KIPS)
** Heartbeat:  46% -- { 46000069 } -- 333.33 KIPS (248.65 KIPS)
** Heartbeat:  47% -- { 47000069 } -- 333.33 KIPS (250.00 KIPS)
** Heartbeat:  48% -- { 48000070 } -- 500.00 KIPS (252.63 KIPS)
** Heartbeat:  49% -- { 49000072 } -- 333.33 KIPS (253.89 KIPS)
** Heartbeat:  50% -- { 50000073 } -- 333.33 KIPS (255.10 KIPS)
** Heartbeat:  51% -- { 51000075 } -- 500.00 KIPS (257.58 KIPS)
** Heartbeat:  52% -- { 52000077 } -- 333.33 KIPS (258.71 KIPS)
** Heartbeat:  53% -- { 53000077 } -- 333.33 KIPS (259.80 KIPS)
** Heartbeat:  54% -- { 54000077 } -- 500.00 KIPS (262.14 KIPS)
** Heartbeat:  55% -- { 55000080 } -- 333.33 KIPS (263.16 KIPS)
** Heartbeat:  56% -- { 56000082 } -- 333.33 KIPS (264.15 KIPS)
** Heartbeat:  57% -- { 57000083 } -- 500.00 KIPS (266.36 KIPS)
** Heartbeat:  58% -- { 58000086 } -- 333.33 KIPS (267.28 KIPS)
** Heartbeat:  59% -- { 59000091 } -- 333.33 KIPS (268.18 KIPS)
** Heartbeat:  60% -- { 60000091 } -- 333.33 KIPS (269.06 KIPS)
** Heartbeat:  61% -- { 61000093 } -- 250.00 KIPS (268.72 KIPS)
** Heartbeat:  62% -- { 62000093 } -- 333.33 KIPS (269.57 KIPS)
** Heartbeat:  63% -- { 63000093 } -- 250.00 KIPS (269.23 KIPS)
** Heartbeat:  64% -- { 64000093 } -- 250.00 KIPS (268.91 KIPS)
** Heartbeat:  65% -- { 65000093 } -- 250.00 KIPS (268.60 KIPS)
** Heartbeat:  66% -- { 66000093 } -- 250.00 KIPS (268.29 KIPS)
** Heartbeat:  67% -- { 67000093 } -- 250.00 KIPS (268.00 KIPS)
** Heartbeat:  68% -- { 68000094 } -- 200.00 KIPS (266.67 KIPS)
** Heartbeat:  69% -- { 69000095 } -- 250.00 KIPS (266.41 KIPS)
** Heartbeat:  70% -- { 70000095 } -- 250.00 KIPS (266.16 KIPS)
** Heartbeat:  71% -- { 71000098 } -- 250.00 KIPS (265.92 KIPS)
** Heartbeat:  72% -- { 72000102 } -- 200.00 KIPS (264.71 KIPS)
** Heartbeat:  73% -- { 73000105 } -- 250.00 KIPS (264.49 KIPS)
** Heartbeat:  74% -- { 74000106 } -- 250.00 KIPS (264.29 KIPS)
** Heartbeat:  75% -- { 75000109 } -- 250.00 KIPS (264.08 KIPS)
** Heartbeat:  76% -- { 76000112 } -- 250.00 KIPS (263.89 KIPS)
** Heartbeat:  77% -- { 77000115 } -- 250.00 KIPS (263.70 KIPS)
** Heartbeat:  78% -- { 78000116 } -- 250.00 KIPS (263.51 KIPS)
** Heartbeat:  79% -- { 79000118 } -- 200.00 KIPS (262.46 KIPS)
** Heartbeat:  80% -- { 80000118 } -- 250.00 KIPS (262.30 KIPS)
** Heartbeat:  81% -- { 81000118 } -- 250.00 KIPS (262.14 KIPS)
** Heartbeat:  82% -- { 82000118 } -- 250.00 KIPS (261.98 KIPS)
** Heartbeat:  83% -- { 83000120 } -- 250.00 KIPS (261.83 KIPS)
** Heartbeat:  84% -- { 84000121 } -- 500.00 KIPS (263.32 KIPS)
** Heartbeat:  85% -- { 85000122 } -- 500.00 KIPS (264.80 KIPS)
** Heartbeat:  86% -- { 86000122 } -- 333.33 KIPS (265.43 KIPS)
** Heartbeat:  87% -- { 87000123 } -- 500.00 KIPS (266.87 KIPS)
** Heartbeat:  88% -- { 88000128 } -- 500.00 KIPS (268.29 KIPS)
** Heartbeat:  89% -- { 89000130 } -- 333.33 KIPS (268.88 KIPS)
** Heartbeat:  90% -- { 90000130 } -- 500.00 KIPS (270.27 KIPS)
** Heartbeat:  91% -- { 91000130 } -- 500.00 KIPS (271.64 KIPS)
** Heartbeat:  92% -- { 92000132 } -- 333.33 KIPS (272.19 KIPS)
** Heartbeat:  93% -- { 93000136 } -- 500.00 KIPS (273.53 KIPS)
** Heartbeat:  94% -- { 94000140 } -- 500.00 KIPS (274.85 KIPS)
** Heartbeat:  95% -- { 95000143 } -- 500.00 KIPS (276.16 KIPS)
** Heartbeat:  96% -- { 96000143 } -- 333.33 KIPS (276.66 KIPS)
** Heartbeat:  97% -- { 97000146 } -- 500.00 KIPS (277.94 KIPS)
** Heartbeat:  98% -- { 98000148 } -- 500.00 KIPS (279.20 KIPS)
** Heartbeat:  99% -- { 99000150 } -- 333.33 KIPS (279.66 KIPS)
** Core 0 Finished:    insts:100000000   cycles:80861667    time:25269270937500      -- 1.24 IPC (1.24 IPC) --  N/A  KIPS (280.90 KIPS)
done
Scarab finished at Sat May 20 06:00:00 2023

