Scarab gitrev: 8e47791
Scarab started at Sat May 20 05:54:04 2023

Initialized Ramulator. 
** Heartbeat:   1% -- { 1000001 } -- 0.00 KIPS (200.00 KIPS)
** Heartbeat:   2% -- { 2000001 } -- 250.00 KIPS (222.22 KIPS)
** Heartbeat:   3% -- { 3000006 } -- 250.00 KIPS (230.77 KIPS)
** Heartbeat:   4% -- { 4000009 } -- 500.00 KIPS (266.67 KIPS)
** Heartbeat:   5% -- { 5000011 } -- 333.33 KIPS (277.78 KIPS)
** Heartbeat:   6% -- { 6000014 } -- 500.00 KIPS (300.00 KIPS)
** Heartbeat:   7% -- { 7000016 } -- 200.00 KIPS (280.00 KIPS)
** Heartbeat:   8% -- { 8000020 } -- 250.00 KIPS (275.86 KIPS)
** Heartbeat:   9% -- { 9000020 } -- 250.00 KIPS (272.73 KIPS)
** Heartbeat:  10% -- { 10000023 } -- 250.00 KIPS (270.27 KIPS)
** Heartbeat:  11% -- { 11000025 } -- 200.00 KIPS (261.91 KIPS)
** Heartbeat:  12% -- { 12000025 } -- 200.00 KIPS (255.32 KIPS)
** Heartbeat:  13% -- { 13000029 } -- 250.00 KIPS (254.90 KIPS)
** Heartbeat:  14% -- { 14000030 } -- 250.00 KIPS (254.55 KIPS)
** Heartbeat:  15% -- { 15000030 } -- 250.00 KIPS (254.24 KIPS)
** Heartbeat:  16% -- { 16000035 } -- 250.00 KIPS (253.97 KIPS)
** Heartbeat:  17% -- { 17000036 } -- 200.00 KIPS (250.00 KIPS)
** Heartbeat:  18% -- { 18000037 } -- 250.00 KIPS (250.00 KIPS)
** Heartbeat:  19% -- { 19000040 } -- 250.00 KIPS (250.00 KIPS)
** Heartbeat:  20% -- { 20000045 } -- 250.00 KIPS (250.00 KIPS)
** Heartbeat:  21% -- { 21000049 } -- 200.00 KIPS (247.06 KIPS)
** Heartbeat:  22% -- { 22000049 } -- 250.00 KIPS (247.19 KIPS)
** Heartbeat:  23% -- { 23000054 } -- 250.00 KIPS (247.31 KIPS)
** Heartbeat:  24% -- { 24000054 } -- 200.00 KIPS (244.90 KIPS)
** Heartbeat:  25% -- { 25000055 } -- 250.00 KIPS (245.10 KIPS)
** Heartbeat:  26% -- { 26000055 } -- 200.00 KIPS (242.99 KIPS)
** Heartbeat:  27% -- { 27000055 } -- 333.33 KIPS (245.46 KIPS)
** Heartbeat:  28% -- { 28000055 } -- 250.00 KIPS (245.61 KIPS)
** Heartbeat:  29% -- { 29000055 } -- 250.00 KIPS (245.76 KIPS)
** Heartbeat:  30% -- { 30000057 } -- 250.00 KIPS (245.90 KIPS)
** Heartbeat:  31% -- { 31000057 } -- 250.00 KIPS (246.03 KIPS)
** Heartbeat:  32% -- { 32000060 } -- 250.00 KIPS (246.15 KIPS)
** Heartbeat:  33% -- { 33000063 } -- 250.00 KIPS (246.27 KIPS)
** Heartbeat:  34% -- { 34000063 } -- 250.00 KIPS (246.38 KIPS)
** Heartbeat:  35% -- { 35000065 } -- 200.00 KIPS (244.76 KIPS)
** Heartbeat:  36% -- { 36000070 } -- 250.00 KIPS (244.90 KIPS)
** Heartbeat:  37% -- { 37000071 } -- 200.00 KIPS (243.42 KIPS)
** Heartbeat:  38% -- { 38000071 } -- 250.00 KIPS (243.59 KIPS)
** Heartbeat:  39% -- { 39000075 } -- 250.00 KIPS (243.75 KIPS)
** Heartbeat:  40% -- { 40000075 } -- 250.00 KIPS (243.90 KIPS)
** Heartbeat:  41% -- { 41000078 } -- 200.00 KIPS (242.60 KIPS)
** Heartbeat:  42% -- { 42000079 } -- 250.00 KIPS (242.78 KIPS)
** Heartbeat:  43% -- { 43000081 } -- 250.00 KIPS (242.94 KIPS)
** Heartbeat:  44% -- { 44000084 } -- 250.00 KIPS (243.09 KIPS)
** Heartbeat:  45% -- { 45000086 } -- 250.00 KIPS (243.24 KIPS)
** Heartbeat:  46% -- { 46000091 } -- 250.00 KIPS (243.39 KIPS)
** Heartbeat:  47% -- { 47000092 } -- 200.00 KIPS (242.27 KIPS)
** Heartbeat:  48% -- { 48000092 } -- 250.00 KIPS (242.42 KIPS)
** Heartbeat:  49% -- { 49000093 } -- 200.00 KIPS (241.38 KIPS)
** Heartbeat:  50% -- { 50000095 } -- 250.00 KIPS (241.55 KIPS)
** Heartbeat:  51% -- { 51000099 } -- 250.00 KIPS (241.71 KIPS)
** Heartbeat:  52% -- { 52000102 } -- 250.00 KIPS (241.86 KIPS)
** Heartbeat:  53% -- { 53000102 } -- 200.00 KIPS (240.91 KIPS)
** Heartbeat:  54% -- { 54000103 } -- 250.00 KIPS (241.07 KIPS)
** Heartbeat:  55% -- { 55000104 } -- 250.00 KIPS (241.23 KIPS)
** Heartbeat:  56% -- { 56000104 } -- 200.00 KIPS (240.34 KIPS)
** Heartbeat:  57% -- { 57000107 } -- 250.00 KIPS (240.51 KIPS)
** Heartbeat:  58% -- { 58000107 } -- 250.00 KIPS (240.66 KIPS)
** Heartbeat:  59% -- { 59000107 } -- 250.00 KIPS (240.82 KIPS)
** Heartbeat:  60% -- { 60000108 } -- 200.00 KIPS (240.00 KIPS)
** Heartbeat:  61% -- { 61000108 } -- 250.00 KIPS (240.16 KIPS)
** Heartbeat:  62% -- { 62000111 } -- 250.00 KIPS (240.31 KIPS)
** Heartbeat:  63% -- { 63000112 } -- 200.00 KIPS (239.54 KIPS)
** Heartbeat:  64% -- { 64000114 } -- 333.33 KIPS (240.60 KIPS)
** Heartbeat:  65% -- { 65000114 } -- 200.00 KIPS (239.85 KIPS)
** Heartbeat:  66% -- { 66000116 } -- 250.00 KIPS (240.00 KIPS)
** Heartbeat:  67% -- { 67000117 } -- 250.00 KIPS (240.14 KIPS)
** Heartbeat:  68% -- { 68000117 } -- 250.00 KIPS (240.28 KIPS)
** Heartbeat:  69% -- { 69000121 } -- 250.00 KIPS (240.42 KIPS)
** Heartbeat:  70% -- { 70000123 } -- 200.00 KIPS (239.73 KIPS)
** Heartbeat:  71% -- { 71000125 } -- 250.00 KIPS (239.87 KIPS)
** Heartbeat:  72% -- { 72000126 } -- 250.00 KIPS (240.00 KIPS)
** Heartbeat:  73% -- { 73000129 } -- 250.00 KIPS (240.13 KIPS)
** Heartbeat:  74% -- { 74000130 } -- 250.00 KIPS (240.26 KIPS)
** Heartbeat:  75% -- { 75000131 } -- 250.00 KIPS (240.39 KIPS)
** Heartbeat:  76% -- { 76000131 } -- 250.00 KIPS (240.51 KIPS)
** Heartbeat:  77% -- { 77000132 } -- 333.33 KIPS (241.38 KIPS)
** Heartbeat:  78% -- { 78000134 } -- 500.00 KIPS (242.99 KIPS)
** Heartbeat:  79% -- { 79000135 } -- 333.33 KIPS (243.83 KIPS)
** Heartbeat:  80% -- { 80000136 } -- 500.00 KIPS (245.40 KIPS)
** Heartbeat:  81% -- { 81000138 } -- 333.33 KIPS (246.20 KIPS)
** Heartbeat:  82% -- { 82000138 } -- 500.00 KIPS (247.73 KIPS)
** Heartbeat:  83% -- { 83000140 } -- 333.33 KIPS (248.50 KIPS)
** Heartbeat:  84% -- { 84000142 } -- 500.00 KIPS (250.00 KIPS)
** Heartbeat:  85% -- { 85000142 } -- 333.33 KIPS (250.74 KIPS)
** Heartbeat:  86% -- { 86000147 } -- 500.00 KIPS (252.20 KIPS)
** Heartbeat:  87% -- { 87000147 } -- 333.33 KIPS (252.91 KIPS)
** Heartbeat:  88% -- { 88000149 } -- 500.00 KIPS (254.34 KIPS)
** Heartbeat:  89% -- { 89000150 } -- 500.00 KIPS (255.75 KIPS)
** Heartbeat:  90% -- { 90000153 } -- 333.33 KIPS (256.41 KIPS)
** Heartbeat:  91% -- { 91000155 } -- 500.00 KIPS (257.79 KIPS)
** Heartbeat:  92% -- { 92000158 } -- 500.00 KIPS (259.16 KIPS)
** Heartbeat:  93% -- { 93000159 } -- 333.33 KIPS (259.78 KIPS)
** Heartbeat:  94% -- { 94000160 } -- 500.00 KIPS (261.11 KIPS)
** Heartbeat:  95% -- { 95000160 } -- 500.00 KIPS (262.43 KIPS)
** Heartbeat:  96% -- { 96000164 } -- 500.00 KIPS (263.74 KIPS)
** Heartbeat:  97% -- { 97000167 } -- 333.33 KIPS (264.31 KIPS)
** Heartbeat:  98% -- { 98000167 } -- 500.00 KIPS (265.58 KIPS)
** Heartbeat:  99% -- { 99000167 } -- 500.00 KIPS (266.85 KIPS)
** Core 0 Finished:    insts:100000000   cycles:80674101    time:25210656562500      -- 1.24 IPC (1.24 IPC) --  N/A  KIPS (268.10 KIPS)
done
Scarab finished at Sat May 20 06:00:17 2023

