               ramulator.active_cycles_0            22453713                                      # Total active cycles for level _0
                 ramulator.busy_cycles_0            22453713                                      # (All-bank refresh only. busy cycles only include refresh time in rank level) The sum of cycles that the DRAM part is active or under refresh for level _0
            ramulator.serving_requests_0            54416647                                      # The sum of read and write requests that are served in this DRAM element per memory cycle for level _0
    ramulator.average_serving_requests_0            1.856486                                      # The average of read and write requests that are served in this DRAM element per memory cycle for level _0
             ramulator.active_cycles_0_0            22453713                                      # Total active cycles for level _0_0
               ramulator.busy_cycles_0_0            22881693                                      # (All-bank refresh only. busy cycles only include refresh time in rank level) The sum of cycles that the DRAM part is active or under refresh for level _0_0
          ramulator.serving_requests_0_0            54416647                                      # The sum of read and write requests that are served in this DRAM element per memory cycle for level _0_0
  ramulator.average_serving_requests_0_0            1.856486                                      # The average of read and write requests that are served in this DRAM element per memory cycle for level _0_0
           ramulator.active_cycles_0_0_0            10259715                                      # Total active cycles for level _0_0_0
             ramulator.busy_cycles_0_0_0            10259715                                      # (All-bank refresh only. busy cycles only include refresh time in rank level) The sum of cycles that the DRAM part is active or under refresh for level _0_0_0
        ramulator.serving_requests_0_0_0            13849413                                      # The sum of read and write requests that are served in this DRAM element per memory cycle for level _0_0_0
ramulator.average_serving_requests_0_0_0            0.472489                                      # The average of read and write requests that are served in this DRAM element per memory cycle for level _0_0_0
         ramulator.active_cycles_0_0_0_0             3261368                                      # Total active cycles for level _0_0_0_0
           ramulator.busy_cycles_0_0_0_0             3261368                                      # (All-bank refresh only. busy cycles only include refresh time in rank level) The sum of cycles that the DRAM part is active or under refresh for level _0_0_0_0
      ramulator.serving_requests_0_0_0_0             3451667                                      # The sum of read and write requests that are served in this DRAM element per memory cycle for level _0_0_0_0
ramulator.average_serving_requests_0_0_0_0            0.117758                                      # The average of read and write requests that are served in this DRAM element per memory cycle for level _0_0_0_0
         ramulator.active_cycles_0_0_0_1             3308242                                      # Total active cycles for level _0_0_0_1
           ramulator.busy_cycles_0_0_0_1             3308242                                      # (All-bank refresh only. busy cycles only include refresh time in rank level) The sum of cycles that the DRAM part is active or under refresh for level _0_0_0_1
      ramulator.serving_requests_0_0_0_1             3509082                                      # The sum of read and write requests that are served in this DRAM element per memory cycle for level _0_0_0_1
ramulator.average_serving_requests_0_0_0_1            0.119716                                      # The average of read and write requests that are served in this DRAM element per memory cycle for level _0_0_0_1
         ramulator.active_cycles_0_0_0_2             3035019                                      # Total active cycles for level _0_0_0_2
           ramulator.busy_cycles_0_0_0_2             3035019                                      # (All-bank refresh only. busy cycles only include refresh time in rank level) The sum of cycles that the DRAM part is active or under refresh for level _0_0_0_2
      ramulator.serving_requests_0_0_0_2             3220898                                      # The sum of read and write requests that are served in this DRAM element per memory cycle for level _0_0_0_2
ramulator.average_serving_requests_0_0_0_2            0.109885                                      # The average of read and write requests that are served in this DRAM element per memory cycle for level _0_0_0_2
         ramulator.active_cycles_0_0_0_3             3446360                                      # Total active cycles for level _0_0_0_3
           ramulator.busy_cycles_0_0_0_3             3446360                                      # (All-bank refresh only. busy cycles only include refresh time in rank level) The sum of cycles that the DRAM part is active or under refresh for level _0_0_0_3
      ramulator.serving_requests_0_0_0_3             3667766                                      # The sum of read and write requests that are served in this DRAM element per memory cycle for level _0_0_0_3
ramulator.average_serving_requests_0_0_0_3            0.125130                                      # The average of read and write requests that are served in this DRAM element per memory cycle for level _0_0_0_3
           ramulator.active_cycles_0_0_1             9705474                                      # Total active cycles for level _0_0_1
             ramulator.busy_cycles_0_0_1             9705474                                      # (All-bank refresh only. busy cycles only include refresh time in rank level) The sum of cycles that the DRAM part is active or under refresh for level _0_0_1
        ramulator.serving_requests_0_0_1            13108524                                      # The sum of read and write requests that are served in this DRAM element per memory cycle for level _0_0_1
ramulator.average_serving_requests_0_0_1            0.447212                                      # The average of read and write requests that are served in this DRAM element per memory cycle for level _0_0_1
         ramulator.active_cycles_0_0_1_0             2813274                                      # Total active cycles for level _0_0_1_0
           ramulator.busy_cycles_0_0_1_0             2813274                                      # (All-bank refresh only. busy cycles only include refresh time in rank level) The sum of cycles that the DRAM part is active or under refresh for level _0_0_1_0
      ramulator.serving_requests_0_0_1_0             2984838                                      # The sum of read and write requests that are served in this DRAM element per memory cycle for level _0_0_1_0
ramulator.average_serving_requests_0_0_1_0            0.101831                                      # The average of read and write requests that are served in this DRAM element per memory cycle for level _0_0_1_0
         ramulator.active_cycles_0_0_1_1             3067669                                      # Total active cycles for level _0_0_1_1
           ramulator.busy_cycles_0_0_1_1             3067669                                      # (All-bank refresh only. busy cycles only include refresh time in rank level) The sum of cycles that the DRAM part is active or under refresh for level _0_0_1_1
      ramulator.serving_requests_0_0_1_1             3257265                                      # The sum of read and write requests that are served in this DRAM element per memory cycle for level _0_0_1_1
ramulator.average_serving_requests_0_0_1_1            0.111125                                      # The average of read and write requests that are served in this DRAM element per memory cycle for level _0_0_1_1
         ramulator.active_cycles_0_0_1_2             3242801                                      # Total active cycles for level _0_0_1_2
           ramulator.busy_cycles_0_0_1_2             3242801                                      # (All-bank refresh only. busy cycles only include refresh time in rank level) The sum of cycles that the DRAM part is active or under refresh for level _0_0_1_2
      ramulator.serving_requests_0_0_1_2             3445567                                      # The sum of read and write requests that are served in this DRAM element per memory cycle for level _0_0_1_2
ramulator.average_serving_requests_0_0_1_2            0.117549                                      # The average of read and write requests that are served in this DRAM element per memory cycle for level _0_0_1_2
         ramulator.active_cycles_0_0_1_3             3220886                                      # Total active cycles for level _0_0_1_3
           ramulator.busy_cycles_0_0_1_3             3220886                                      # (All-bank refresh only. busy cycles only include refresh time in rank level) The sum of cycles that the DRAM part is active or under refresh for level _0_0_1_3
      ramulator.serving_requests_0_0_1_3             3420854                                      # The sum of read and write requests that are served in this DRAM element per memory cycle for level _0_0_1_3
ramulator.average_serving_requests_0_0_1_3            0.116706                                      # The average of read and write requests that are served in this DRAM element per memory cycle for level _0_0_1_3
           ramulator.active_cycles_0_0_2            10462651                                      # Total active cycles for level _0_0_2
             ramulator.busy_cycles_0_0_2            10462651                                      # (All-bank refresh only. busy cycles only include refresh time in rank level) The sum of cycles that the DRAM part is active or under refresh for level _0_0_2
        ramulator.serving_requests_0_0_2            14141246                                      # The sum of read and write requests that are served in this DRAM element per memory cycle for level _0_0_2
ramulator.average_serving_requests_0_0_2            0.482445                                      # The average of read and write requests that are served in this DRAM element per memory cycle for level _0_0_2
         ramulator.active_cycles_0_0_2_0             3034488                                      # Total active cycles for level _0_0_2_0
           ramulator.busy_cycles_0_0_2_0             3034488                                      # (All-bank refresh only. busy cycles only include refresh time in rank level) The sum of cycles that the DRAM part is active or under refresh for level _0_0_2_0
      ramulator.serving_requests_0_0_2_0             3227284                                      # The sum of read and write requests that are served in this DRAM element per memory cycle for level _0_0_2_0
ramulator.average_serving_requests_0_0_2_0            0.110102                                      # The average of read and write requests that are served in this DRAM element per memory cycle for level _0_0_2_0
         ramulator.active_cycles_0_0_2_1             3407340                                      # Total active cycles for level _0_0_2_1
           ramulator.busy_cycles_0_0_2_1             3407340                                      # (All-bank refresh only. busy cycles only include refresh time in rank level) The sum of cycles that the DRAM part is active or under refresh for level _0_0_2_1
      ramulator.serving_requests_0_0_2_1             3614436                                      # The sum of read and write requests that are served in this DRAM element per memory cycle for level _0_0_2_1
ramulator.average_serving_requests_0_0_2_1            0.123311                                      # The average of read and write requests that are served in this DRAM element per memory cycle for level _0_0_2_1
         ramulator.active_cycles_0_0_2_2             3400446                                      # Total active cycles for level _0_0_2_2
           ramulator.busy_cycles_0_0_2_2             3400446                                      # (All-bank refresh only. busy cycles only include refresh time in rank level) The sum of cycles that the DRAM part is active or under refresh for level _0_0_2_2
      ramulator.serving_requests_0_0_2_2             3605723                                      # The sum of read and write requests that are served in this DRAM element per memory cycle for level _0_0_2_2
ramulator.average_serving_requests_0_0_2_2            0.123013                                      # The average of read and write requests that are served in this DRAM element per memory cycle for level _0_0_2_2
         ramulator.active_cycles_0_0_2_3             3478682                                      # Total active cycles for level _0_0_2_3
           ramulator.busy_cycles_0_0_2_3             3478682                                      # (All-bank refresh only. busy cycles only include refresh time in rank level) The sum of cycles that the DRAM part is active or under refresh for level _0_0_2_3
      ramulator.serving_requests_0_0_2_3             3693803                                      # The sum of read and write requests that are served in this DRAM element per memory cycle for level _0_0_2_3
ramulator.average_serving_requests_0_0_2_3            0.126018                                      # The average of read and write requests that are served in this DRAM element per memory cycle for level _0_0_2_3
           ramulator.active_cycles_0_0_3             9893013                                      # Total active cycles for level _0_0_3
             ramulator.busy_cycles_0_0_3             9893013                                      # (All-bank refresh only. busy cycles only include refresh time in rank level) The sum of cycles that the DRAM part is active or under refresh for level _0_0_3
        ramulator.serving_requests_0_0_3            13317464                                      # The sum of read and write requests that are served in this DRAM element per memory cycle for level _0_0_3
ramulator.average_serving_requests_0_0_3            0.454341                                      # The average of read and write requests that are served in this DRAM element per memory cycle for level _0_0_3
         ramulator.active_cycles_0_0_3_0             3236558                                      # Total active cycles for level _0_0_3_0
           ramulator.busy_cycles_0_0_3_0             3236558                                      # (All-bank refresh only. busy cycles only include refresh time in rank level) The sum of cycles that the DRAM part is active or under refresh for level _0_0_3_0
      ramulator.serving_requests_0_0_3_0             3437451                                      # The sum of read and write requests that are served in this DRAM element per memory cycle for level _0_0_3_0
ramulator.average_serving_requests_0_0_3_0            0.117273                                      # The average of read and write requests that are served in this DRAM element per memory cycle for level _0_0_3_0
         ramulator.active_cycles_0_0_3_1             3062550                                      # Total active cycles for level _0_0_3_1
           ramulator.busy_cycles_0_0_3_1             3062550                                      # (All-bank refresh only. busy cycles only include refresh time in rank level) The sum of cycles that the DRAM part is active or under refresh for level _0_0_3_1
      ramulator.serving_requests_0_0_3_1             3255896                                      # The sum of read and write requests that are served in this DRAM element per memory cycle for level _0_0_3_1
ramulator.average_serving_requests_0_0_3_1            0.111079                                      # The average of read and write requests that are served in this DRAM element per memory cycle for level _0_0_3_1
         ramulator.active_cycles_0_0_3_2             3172140                                      # Total active cycles for level _0_0_3_2
           ramulator.busy_cycles_0_0_3_2             3172140                                      # (All-bank refresh only. busy cycles only include refresh time in rank level) The sum of cycles that the DRAM part is active or under refresh for level _0_0_3_2
      ramulator.serving_requests_0_0_3_2             3369848                                      # The sum of read and write requests that are served in this DRAM element per memory cycle for level _0_0_3_2
ramulator.average_serving_requests_0_0_3_2            0.114966                                      # The average of read and write requests that are served in this DRAM element per memory cycle for level _0_0_3_2
         ramulator.active_cycles_0_0_3_3             3072903                                      # Total active cycles for level _0_0_3_3
           ramulator.busy_cycles_0_0_3_3             3072903                                      # (All-bank refresh only. busy cycles only include refresh time in rank level) The sum of cycles that the DRAM part is active or under refresh for level _0_0_3_3
      ramulator.serving_requests_0_0_3_3             3254269                                      # The sum of read and write requests that are served in this DRAM element per memory cycle for level _0_0_3_3
ramulator.average_serving_requests_0_0_3_3            0.111023                                      # The average of read and write requests that are served in this DRAM element per memory cycle for level _0_0_3_3
      ramulator.read_transaction_bytes_0            34137280                                      # The total byte of read transaction per channel
     ramulator.write_transaction_bytes_0            17605824                                      # The total byte of write transaction per channel
       ramulator.row_hits_channel_0_core              304624                                      # Number of row hits per channel per core
     ramulator.row_misses_channel_0_core               53693                                      # Number of row misses per channel per core
  ramulator.row_conflicts_channel_0_core              450169                                      # Number of row conflicts per channel per core
  ramulator.read_row_hits_channel_0_core              288554                                      # Number of row hits for read requests per channel per core
                                     [0]            288554.0                                      # 
ramulator.read_row_misses_channel_0_core               32881                                      # Number of row misses for read requests per channel per core
                                     [0]             32881.0                                      # 
ramulator.read_row_conflicts_channel_0_core              211960                                      # Number of row conflicts for read requests per channel per core
                                     [0]            211960.0                                      # 
 ramulator.write_row_hits_channel_0_core               16070                                      # Number of row hits for write requests per channel per core
                                     [0]             16070.0                                      # 
ramulator.write_row_misses_channel_0_core               20812                                      # Number of row misses for write requests per channel per core
                                     [0]             20812.0                                      # 
ramulator.write_row_conflicts_channel_0_core              238209                                      # Number of row conflicts for write requests per channel per core
                                     [0]            238209.0                                      # 
      ramulator.useless_activates_0_core                 105                                      # Number of useless activations. E.g, ACT -> PRE w/o RD or WR
            ramulator.read_latency_avg_0           53.888650                                      # The average memory latency cycles (in memory time domain) per request for all read requests in this channel
            ramulator.read_latency_sum_0            28752343                                      # The memory latency cycles (in memory time domain) sum for all read requests in this channel
        ramulator.req_queue_length_avg_0           15.168997                                      # Average of read and write queue length per memory cycle per channel.
        ramulator.req_queue_length_sum_0           444628072                                      # Sum of read and write queue length per memory cycle per channel.
   ramulator.read_req_queue_length_avg_0            0.844714                                      # Read queue length average per memory cycle per channel.
   ramulator.read_req_queue_length_sum_0            24759947                                      # Read queue length sum per memory cycle per channel.
  ramulator.write_req_queue_length_avg_0           14.324283                                      # Write queue length average per memory cycle per channel.
  ramulator.write_req_queue_length_sum_0           419868125                                      # Write queue length sum per memory cycle per channel.
              ramulator.record_read_hits                 0.0                                      # record read hit count for this core when it reaches request limit or to the end
                                     [0]                 0.0                                      # 
            ramulator.record_read_misses                 0.0                                      # record_read_miss count for this core when it reaches request limit or to the end
                                     [0]                 0.0                                      # 
         ramulator.record_read_conflicts                 0.0                                      # record read conflict count for this core when it reaches request limit or to the end
                                     [0]                 0.0                                      # 
             ramulator.record_write_hits                 0.0                                      # record write hit count for this core when it reaches request limit or to the end
                                     [0]                 0.0                                      # 
           ramulator.record_write_misses                 0.0                                      # record write miss count for this core when it reaches request limit or to the end
                                     [0]                 0.0                                      # 
        ramulator.record_write_conflicts                 0.0                                      # record write conflict for this core when it reaches request limit or to the end
                                     [0]                 0.0                                      # 
                 ramulator.dram_capacity          8589934592                                      # Number of bytes in simulated DRAM
                   ramulator.dram_cycles            29311633                                      # Number of DRAM cycles simulated
             ramulator.incoming_requests              808664                                      # Number of incoming requests to DRAM
                 ramulator.read_requests              533551                                      # Number of incoming read requests to DRAM per core
                                     [0]            533551.0                                      # 
                ramulator.write_requests              275113                                      # Number of incoming write requests to DRAM per core
                                     [0]            275113.0                                      # 
       ramulator.ramulator_active_cycles            22453713                                      # The total number of cycles that the DRAM part is active (serving R/W)
 ramulator.incoming_requests_per_channel            808664.0                                      # Number of incoming requests to each DRAM channel
                                     [0]            808664.0                                      # 
ramulator.incoming_read_reqs_per_channel            533551.0                                      # Number of incoming read requests to each DRAM channel
                                     [0]            533551.0                                      # 
     ramulator.physical_page_replacement                   0                                      # The number of times that physical page replacement happens.
             ramulator.maximum_bandwidth         19200000000                                      # The theoretical maximum bandwidth (Bps)
          ramulator.in_queue_req_num_sum           444628072                                      # Sum of read/write queue length
     ramulator.in_queue_read_req_num_sum            24759947                                      # Sum of read queue length
    ramulator.in_queue_write_req_num_sum           419868125                                      # Sum of write queue length
          ramulator.in_queue_req_num_avg           15.168997                                      # Average of read/write queue length per memory cycle
     ramulator.in_queue_read_req_num_avg            0.844714                                      # Average of read queue length per memory cycle
    ramulator.in_queue_write_req_num_avg           14.324283                                      # Average of write queue length per memory cycle
          ramulator.record_read_requests                 0.0                                      # record read requests for this core when it reaches request limit or to the end
                                     [0]                 0.0                                      # 
         ramulator.record_write_requests                 0.0                                      # record write requests for this core when it reaches request limit or to the end
                                     [0]                 0.0                                      # 
