Scarab gitrev: e8bfa19
Scarab started at Thu May  4 21:40:18 2023

Initialized Ramulator. 
** Heartbeat:   1% -- { 1000003 } -- 0.00 KIPS (200.00 KIPS)
** Heartbeat:   2% -- { 2000007 } -- 166.67 KIPS (181.82 KIPS)
** Heartbeat:   3% -- { 3000007 } -- 200.00 KIPS (187.50 KIPS)
** Heartbeat:   4% -- { 4000009 } -- 200.00 KIPS (190.48 KIPS)
** Heartbeat:   5% -- { 5000012 } -- 166.67 KIPS (185.19 KIPS)
** Heartbeat:   6% -- { 6000014 } -- 166.67 KIPS (181.82 KIPS)
** Heartbeat:   7% -- { 7000015 } -- 200.00 KIPS (184.21 KIPS)
** Heartbeat:   8% -- { 8000018 } -- 200.00 KIPS (186.05 KIPS)
** Heartbeat:   9% -- { 9000018 } -- 166.67 KIPS (183.67 KIPS)
** Heartbeat:  10% -- { 10000019 } -- 200.00 KIPS (185.19 KIPS)
** Heartbeat:  11% -- { 11000023 } -- 200.00 KIPS (186.44 KIPS)
** Heartbeat:  12% -- { 12000023 } -- 166.67 KIPS (184.62 KIPS)
** Heartbeat:  13% -- { 13000023 } -- 166.67 KIPS (183.10 KIPS)
** Heartbeat:  14% -- { 14000025 } -- 200.00 KIPS (184.21 KIPS)
** Heartbeat:  15% -- { 15000025 } -- 200.00 KIPS (185.19 KIPS)
** Heartbeat:  16% -- { 16000029 } -- 166.67 KIPS (183.91 KIPS)
** Heartbeat:  17% -- { 17000031 } -- 166.67 KIPS (182.80 KIPS)
** Heartbeat:  18% -- { 18000031 } -- 200.00 KIPS (183.67 KIPS)
** Heartbeat:  19% -- { 19000035 } -- 200.00 KIPS (184.47 KIPS)
** Heartbeat:  20% -- { 20000039 } -- 166.67 KIPS (183.49 KIPS)
** Heartbeat:  21% -- { 21000039 } -- 166.67 KIPS (182.61 KIPS)
** Heartbeat:  22% -- { 22000042 } -- 166.67 KIPS (181.82 KIPS)
** Heartbeat:  23% -- { 23000045 } -- 200.00 KIPS (182.54 KIPS)
** Heartbeat:  24% -- { 24000047 } -- 166.67 KIPS (181.82 KIPS)
** Heartbeat:  25% -- { 25000048 } -- 166.67 KIPS (181.16 KIPS)
** Heartbeat:  26% -- { 26000048 } -- 200.00 KIPS (181.82 KIPS)
** Heartbeat:  27% -- { 27000051 } -- 166.67 KIPS (181.21 KIPS)
** Heartbeat:  28% -- { 28000052 } -- 200.00 KIPS (181.82 KIPS)
** Heartbeat:  29% -- { 29000052 } -- 142.86 KIPS (180.12 KIPS)
** Heartbeat:  30% -- { 30000054 } -- 200.00 KIPS (180.72 KIPS)
** Heartbeat:  31% -- { 31000058 } -- 200.00 KIPS (181.29 KIPS)
** Heartbeat:  32% -- { 32000060 } -- 142.86 KIPS (179.78 KIPS)
** Heartbeat:  33% -- { 33000060 } -- 166.67 KIPS (179.35 KIPS)
** Heartbeat:  34% -- { 34000063 } -- 200.00 KIPS (179.89 KIPS)
** Heartbeat:  35% -- { 35000063 } -- 200.00 KIPS (180.41 KIPS)
** Heartbeat:  36% -- { 36000063 } -- 166.67 KIPS (180.00 KIPS)
** Heartbeat:  37% -- { 37000066 } -- 166.67 KIPS (179.61 KIPS)
** Heartbeat:  38% -- { 38000069 } -- 200.00 KIPS (180.10 KIPS)
** Heartbeat:  39% -- { 39000074 } -- 200.00 KIPS (180.56 KIPS)
** Heartbeat:  40% -- { 40000076 } -- 166.67 KIPS (180.18 KIPS)
** Heartbeat:  41% -- { 41000079 } -- 166.67 KIPS (179.82 KIPS)
** Heartbeat:  42% -- { 42000081 } -- 200.00 KIPS (180.26 KIPS)
** Heartbeat:  43% -- { 43000084 } -- 200.00 KIPS (180.67 KIPS)
** Heartbeat:  44% -- { 44000086 } -- 166.67 KIPS (180.33 KIPS)
** Heartbeat:  45% -- { 45000087 } -- 166.67 KIPS (180.00 KIPS)
** Heartbeat:  46% -- { 46000087 } -- 200.00 KIPS (180.39 KIPS)
** Heartbeat:  47% -- { 47000088 } -- 200.00 KIPS (180.77 KIPS)
** Heartbeat:  48% -- { 48000090 } -- 166.67 KIPS (180.45 KIPS)
** Heartbeat:  49% -- { 49000090 } -- 142.86 KIPS (179.49 KIPS)
** Heartbeat:  50% -- { 50000091 } -- 200.00 KIPS (179.86 KIPS)
** Heartbeat:  51% -- { 51000094 } -- 200.00 KIPS (180.21 KIPS)
** Heartbeat:  52% -- { 52000098 } -- 166.67 KIPS (179.93 KIPS)
** Heartbeat:  53% -- { 53000098 } -- 166.67 KIPS (179.66 KIPS)
** Heartbeat:  54% -- { 54000101 } -- 200.00 KIPS (180.00 KIPS)
** Heartbeat:  55% -- { 55000102 } -- 200.00 KIPS (180.33 KIPS)
** Heartbeat:  56% -- { 56000105 } -- 166.67 KIPS (180.06 KIPS)
** Heartbeat:  57% -- { 57000105 } -- 166.67 KIPS (179.81 KIPS)
** Heartbeat:  58% -- { 58000105 } -- 166.67 KIPS (179.57 KIPS)
** Heartbeat:  59% -- { 59000105 } -- 200.00 KIPS (179.88 KIPS)
** Heartbeat:  60% -- { 60000108 } -- 200.00 KIPS (180.18 KIPS)
** Heartbeat:  61% -- { 61000109 } -- 166.67 KIPS (179.94 KIPS)
** Heartbeat:  62% -- { 62000111 } -- 200.00 KIPS (180.23 KIPS)
** Heartbeat:  63% -- { 63000112 } -- 333.33 KIPS (181.56 KIPS)
** Heartbeat:  64% -- { 64000113 } -- 333.33 KIPS (182.86 KIPS)
** Heartbeat:  65% -- { 65000113 } -- 333.33 KIPS (184.14 KIPS)
** Heartbeat:  66% -- { 66000114 } -- 250.00 KIPS (184.87 KIPS)
** Heartbeat:  67% -- { 67000114 } -- 500.00 KIPS (186.63 KIPS)
** Heartbeat:  68% -- { 68000117 } -- 250.00 KIPS (187.33 KIPS)
** Heartbeat:  69% -- { 69000121 } -- 333.33 KIPS (188.52 KIPS)
** Heartbeat:  70% -- { 70000124 } -- 333.33 KIPS (189.70 KIPS)
** Heartbeat:  71% -- { 71000124 } -- 333.33 KIPS (190.86 KIPS)
** Heartbeat:  72% -- { 72000124 } -- 333.33 KIPS (192.00 KIPS)
** Heartbeat:  73% -- { 73000127 } -- 333.33 KIPS (193.12 KIPS)
** Heartbeat:  74% -- { 74000128 } -- 333.33 KIPS (194.23 KIPS)
** Heartbeat:  75% -- { 75000129 } -- 333.33 KIPS (195.31 KIPS)
** Heartbeat:  76% -- { 76000133 } -- 333.33 KIPS (196.38 KIPS)
** Heartbeat:  77% -- { 77000133 } -- 333.33 KIPS (197.44 KIPS)
** Heartbeat:  78% -- { 78000136 } -- 333.33 KIPS (198.47 KIPS)
** Heartbeat:  79% -- { 79000136 } -- 333.33 KIPS (199.50 KIPS)
** Heartbeat:  80% -- { 80000139 } -- 333.33 KIPS (200.50 KIPS)
** Heartbeat:  81% -- { 81000143 } -- 500.00 KIPS (202.00 KIPS)
** Heartbeat:  82% -- { 82000145 } -- 250.00 KIPS (202.47 KIPS)
** Heartbeat:  83% -- { 83000148 } -- 333.33 KIPS (203.43 KIPS)
** Heartbeat:  84% -- { 84000148 } -- 333.33 KIPS (204.38 KIPS)
** Heartbeat:  85% -- { 85000148 } -- 333.33 KIPS (205.31 KIPS)
** Heartbeat:  86% -- { 86000148 } -- 333.33 KIPS (206.24 KIPS)
** Heartbeat:  87% -- { 87000148 } -- 333.33 KIPS (207.14 KIPS)
** Heartbeat:  88% -- { 88000153 } -- 333.33 KIPS (208.04 KIPS)
** Heartbeat:  89% -- { 89000153 } -- 500.00 KIPS (209.41 KIPS)
** Heartbeat:  90% -- { 90000157 } -- 333.33 KIPS (210.28 KIPS)
** Heartbeat:  91% -- { 91000158 } -- 250.00 KIPS (210.65 KIPS)
** Heartbeat:  92% -- { 92000162 } -- 500.00 KIPS (211.98 KIPS)
** Heartbeat:  93% -- { 93000162 } -- 333.33 KIPS (212.82 KIPS)
** Heartbeat:  94% -- { 94000164 } -- 333.33 KIPS (213.64 KIPS)
** Heartbeat:  95% -- { 95000165 } -- 333.33 KIPS (214.45 KIPS)
** Heartbeat:  96% -- { 96000166 } -- 333.33 KIPS (215.25 KIPS)
** Heartbeat:  97% -- { 97000168 } -- 333.33 KIPS (216.04 KIPS)
** Heartbeat:  98% -- { 98000172 } -- 333.33 KIPS (216.81 KIPS)
** Heartbeat:  99% -- { 99000176 } -- 333.33 KIPS (217.58 KIPS)
** Core 0 Finished:    insts:100000002   cycles:137041344   time:42825420000000      -- 0.73 IPC (0.73 IPC) --  N/A  KIPS (218.34 KIPS)
done
Scarab finished at Thu May  4 21:47:56 2023

