Scarab gitrev: 8e47791
Scarab started at Sat May 20 05:54:04 2023

Initialized Ramulator. 
** Heartbeat:   1% -- { 1000001 } -- 0.00 KIPS (333.33 KIPS)
** Heartbeat:   2% -- { 2000004 } -- 333.33 KIPS (333.33 KIPS)
** Heartbeat:   3% -- { 3000007 } -- 333.33 KIPS (333.33 KIPS)
** Heartbeat:   4% -- { 4000007 } -- 333.33 KIPS (333.33 KIPS)
** Heartbeat:   5% -- { 5000009 } -- 333.33 KIPS (333.33 KIPS)
** Heartbeat:   6% -- { 6000012 } -- 333.33 KIPS (333.33 KIPS)
** Heartbeat:   7% -- { 7000015 } -- 333.33 KIPS (333.33 KIPS)
** Heartbeat:   8% -- { 8000015 } -- 333.33 KIPS (333.33 KIPS)
** Heartbeat:   9% -- { 9000015 } -- 333.33 KIPS (333.33 KIPS)
** Heartbeat:  10% -- { 10000017 } -- 333.33 KIPS (333.33 KIPS)
** Heartbeat:  11% -- { 11000020 } -- 333.33 KIPS (333.33 KIPS)
** Heartbeat:  12% -- { 12000022 } -- 250.00 KIPS (324.32 KIPS)
** Heartbeat:  13% -- { 13000026 } -- 333.33 KIPS (325.00 KIPS)
** Heartbeat:  14% -- { 14000027 } -- 333.33 KIPS (325.58 KIPS)
** Heartbeat:  15% -- { 15000027 } -- 333.33 KIPS (326.09 KIPS)
** Heartbeat:  16% -- { 16000031 } -- 333.33 KIPS (326.53 KIPS)
** Heartbeat:  17% -- { 17000035 } -- 333.33 KIPS (326.92 KIPS)
** Heartbeat:  18% -- { 18000035 } -- 333.33 KIPS (327.27 KIPS)
** Heartbeat:  19% -- { 19000038 } -- 333.33 KIPS (327.59 KIPS)
** Heartbeat:  20% -- { 20000040 } -- 333.33 KIPS (327.87 KIPS)
** Heartbeat:  21% -- { 21000042 } -- 333.33 KIPS (328.13 KIPS)
** Heartbeat:  22% -- { 22000044 } -- 333.33 KIPS (328.36 KIPS)
** Heartbeat:  23% -- { 23000045 } -- 333.33 KIPS (328.57 KIPS)
** Heartbeat:  24% -- { 24000047 } -- 333.33 KIPS (328.77 KIPS)
** Heartbeat:  25% -- { 25000048 } -- 250.00 KIPS (324.68 KIPS)
** Heartbeat:  26% -- { 26000049 } -- 333.33 KIPS (325.00 KIPS)
** Heartbeat:  27% -- { 27000052 } -- 333.33 KIPS (325.30 KIPS)
** Heartbeat:  28% -- { 28000054 } -- 333.33 KIPS (325.58 KIPS)
** Heartbeat:  29% -- { 29000057 } -- 333.33 KIPS (325.84 KIPS)
** Heartbeat:  30% -- { 30000061 } -- 333.33 KIPS (326.09 KIPS)
** Heartbeat:  31% -- { 31000062 } -- 333.33 KIPS (326.32 KIPS)
** Heartbeat:  32% -- { 32000063 } -- 333.33 KIPS (326.53 KIPS)
** Heartbeat:  33% -- { 33000066 } -- 333.33 KIPS (326.73 KIPS)
** Heartbeat:  34% -- { 34000068 } -- 333.33 KIPS (326.92 KIPS)
** Heartbeat:  35% -- { 35000069 } -- 250.00 KIPS (324.07 KIPS)
** Heartbeat:  36% -- { 36000070 } -- 333.33 KIPS (324.32 KIPS)
** Heartbeat:  37% -- { 37000074 } -- 333.33 KIPS (324.56 KIPS)
** Heartbeat:  38% -- { 38000075 } -- 333.33 KIPS (324.79 KIPS)
** Heartbeat:  39% -- { 39000079 } -- 333.33 KIPS (325.00 KIPS)
** Heartbeat:  40% -- { 40000081 } -- 333.33 KIPS (325.20 KIPS)
** Heartbeat:  41% -- { 41000081 } -- 333.33 KIPS (325.40 KIPS)
** Heartbeat:  42% -- { 42000082 } -- 250.00 KIPS (323.08 KIPS)
** Heartbeat:  43% -- { 43000085 } -- 333.33 KIPS (323.31 KIPS)
** Heartbeat:  44% -- { 44000089 } -- 333.33 KIPS (323.53 KIPS)
** Heartbeat:  45% -- { 45000091 } -- 333.33 KIPS (323.74 KIPS)
** Heartbeat:  46% -- { 46000096 } -- 333.33 KIPS (323.94 KIPS)
** Heartbeat:  47% -- { 47000098 } -- 333.33 KIPS (324.14 KIPS)
** Heartbeat:  48% -- { 48000098 } -- 333.33 KIPS (324.32 KIPS)
** Heartbeat:  49% -- { 49000103 } -- 333.33 KIPS (324.50 KIPS)
** Heartbeat:  50% -- { 50000107 } -- 333.33 KIPS (324.68 KIPS)
** Heartbeat:  51% -- { 51000111 } -- 333.33 KIPS (324.84 KIPS)
** Heartbeat:  52% -- { 52000116 } -- 333.33 KIPS (325.00 KIPS)
** Heartbeat:  53% -- { 53000116 } -- 333.33 KIPS (325.15 KIPS)
** Heartbeat:  54% -- { 54000118 } -- 250.00 KIPS (323.35 KIPS)
** Heartbeat:  55% -- { 55000122 } -- 333.33 KIPS (323.53 KIPS)
** Heartbeat:  56% -- { 56000123 } -- 333.33 KIPS (323.70 KIPS)
** Heartbeat:  57% -- { 57000125 } -- 333.33 KIPS (323.86 KIPS)
** Heartbeat:  58% -- { 58000125 } -- 333.33 KIPS (324.02 KIPS)
** Heartbeat:  59% -- { 59000130 } -- 333.33 KIPS (324.18 KIPS)
** Heartbeat:  60% -- { 60000130 } -- 333.33 KIPS (324.33 KIPS)
** Heartbeat:  61% -- { 61000131 } -- 250.00 KIPS (322.75 KIPS)
** Heartbeat:  62% -- { 62000133 } -- 333.33 KIPS (322.92 KIPS)
** Heartbeat:  63% -- { 63000136 } -- 333.33 KIPS (323.08 KIPS)
** Heartbeat:  64% -- { 64000140 } -- 333.33 KIPS (323.23 KIPS)
** Heartbeat:  65% -- { 65000142 } -- 333.33 KIPS (323.38 KIPS)
** Heartbeat:  66% -- { 66000142 } -- 333.33 KIPS (323.53 KIPS)
** Heartbeat:  67% -- { 67000146 } -- 250.00 KIPS (322.12 KIPS)
** Heartbeat:  68% -- { 68000149 } -- 333.33 KIPS (322.28 KIPS)
** Heartbeat:  69% -- { 69000153 } -- 333.33 KIPS (322.43 KIPS)
** Heartbeat:  70% -- { 70000157 } -- 333.33 KIPS (322.58 KIPS)
** Heartbeat:  71% -- { 71000157 } -- 333.33 KIPS (322.73 KIPS)
** Heartbeat:  72% -- { 72000157 } -- 250.00 KIPS (321.43 KIPS)
** Heartbeat:  73% -- { 73000159 } -- 333.33 KIPS (321.59 KIPS)
** Heartbeat:  74% -- { 74000162 } -- 333.33 KIPS (321.74 KIPS)
** Heartbeat:  75% -- { 75000163 } -- 333.33 KIPS (321.89 KIPS)
** Heartbeat:  76% -- { 76000165 } -- 333.33 KIPS (322.03 KIPS)
** Heartbeat:  77% -- { 77000165 } -- 250.00 KIPS (320.83 KIPS)
** Heartbeat:  78% -- { 78000168 } -- 333.33 KIPS (320.99 KIPS)
** Heartbeat:  79% -- { 79000172 } -- 333.33 KIPS (321.14 KIPS)
** Heartbeat:  80% -- { 80000174 } -- 333.33 KIPS (321.29 KIPS)
** Heartbeat:  81% -- { 81000174 } -- 333.33 KIPS (321.43 KIPS)
** Heartbeat:  82% -- { 82000176 } -- 333.33 KIPS (321.57 KIPS)
** Heartbeat:  83% -- { 83000176 } -- 250.00 KIPS (320.46 KIPS)
** Heartbeat:  84% -- { 84000176 } -- 333.33 KIPS (320.61 KIPS)
** Heartbeat:  85% -- { 85000176 } -- 333.33 KIPS (320.76 KIPS)
** Heartbeat:  86% -- { 86000177 } -- 333.33 KIPS (320.90 KIPS)
** Heartbeat:  87% -- { 87000182 } -- 333.33 KIPS (321.03 KIPS)
** Heartbeat:  88% -- { 88000187 } -- 333.33 KIPS (321.17 KIPS)
** Heartbeat:  89% -- { 89000189 } -- 333.33 KIPS (321.30 KIPS)
** Heartbeat:  90% -- { 90000189 } -- 333.33 KIPS (321.43 KIPS)
** Heartbeat:  91% -- { 91000191 } -- 333.33 KIPS (321.56 KIPS)
** Heartbeat:  92% -- { 92000194 } -- 250.00 KIPS (320.56 KIPS)
** Heartbeat:  93% -- { 93000195 } -- 333.33 KIPS (320.69 KIPS)
** Heartbeat:  94% -- { 94000195 } -- 333.33 KIPS (320.82 KIPS)
** Heartbeat:  95% -- { 95000199 } -- 333.33 KIPS (320.95 KIPS)
** Heartbeat:  96% -- { 96000202 } -- 333.33 KIPS (321.07 KIPS)
** Heartbeat:  97% -- { 97000205 } -- 333.33 KIPS (321.19 KIPS)
** Heartbeat:  98% -- { 98000207 } -- 333.33 KIPS (321.31 KIPS)
** Heartbeat:  99% -- { 99000207 } -- 333.33 KIPS (321.43 KIPS)
** Core 0 Finished:    insts:100000004   cycles:37600340    time:11750106250000      -- 2.66 IPC (2.66 IPC) --  N/A  KIPS (321.54 KIPS)
done
Scarab finished at Sat May 20 05:59:15 2023

