/* -*- Mode: c -*- */
####################################################################################################
Core 0
####################################################################################################
Cumulative:        Cycles: 80804991              Instructions: 100000000             IPC: 1.23755

DCACHE_PREF_HIT                                      0                              0              

IFETCH_WB_FIRST_SCHEDULE                             0         -nan%                0         -nan%
PREFETCH_LAST_SCHEDULE                               0         -nan%                0         -nan%
DEMAND_PASS_PREF_SCHEDULE                            0         -nan%                0         -nan%
DEMAND_PASS_LOW_OP_SCHEDULE                          0         -nan%                0         -nan%
DEMAND_LAST_SCHEDULE                                 0         -nan%                0         -nan%
                                                     0         -nan%                0         -nan%
                                                  -nan         -nan              -nan         -nan

SEND_MISS_REQ_QUEUE                             591225                         591225              

L1_DATA_EVICT                                   574970                         574970              

STREAM_BUFFER_REQ                                    0                              0              

PREF_SEND_TO_MEM_REQ                                 0         -nan%                0         -nan%
PREF_SEND_TO_MEM_REQ_FAIL                            0         -nan%                0         -nan%
                                                     0         -nan%                0         -nan%
                                                  -nan         -nan              -nan         -nan

HIT_TRAIN_STREAM                                 84669       14.511%            84669       14.511%
MISS_TRAIN_STREAM                               498798       85.489%           498798       85.489%
                                                583467      100.000%           583467      100.000%
                                                  0.85         0.80              0.85         0.80

STREAM_TRAIN_CREATE                             243682                         243682              

MEM_REQ_MISS_HWP_PREF_Q                              0         -nan%                0         -nan%
MEM_REQ_MISS_SW_PREF_Q                               0         -nan%                0         -nan%
MEM_REQ_MISS_IFETCH_Q                                0         -nan%                0         -nan%
MEM_REQ_MISS_DFETCH_Q                                0         -nan%                0         -nan%
MEM_REQ_MISS_DSTORE_Q                                0         -nan%                0         -nan%
MEM_REQ_MISS_DPRF_Q                                  0         -nan%                0         -nan%
MEM_REQ_MISS_WB_Q                                    0         -nan%                0         -nan%
                                                     0         -nan%                0         -nan%
                                                  -nan         -nan              -nan         -nan

PREF_HIT_BY_DEMAND_IFETCH                            0         -nan%                0         -nan%
PREF_HIT_BY_DEMAND_DFETCH                            0         -nan%                0         -nan%
PREF_HIT_BY_DEMAND_DSTORE                            0         -nan%                0         -nan%
PREF_HIT_BY_DEMAND_IPREF                             0         -nan%                0         -nan%
PREF_HIT_BY_DEMAND_DPRF                              0         -nan%                0         -nan%
PREF_HIT_BY_DEMAND_WB                                0         -nan%                0         -nan%
PREF_HIT_BY_PREF                                     0         -nan%                0         -nan%
                                                     0         -nan%                0         -nan%
                                                  -nan         -nan              -nan         -nan

PREF_HIT_DEMAND_IFETCH                               0         -nan%                0         -nan%
PREF_HIT_DEMAND_DFETCH                               0         -nan%                0         -nan%
PREF_HIT_DEMAND_DSTORE                               0         -nan%                0         -nan%
PREF_HIT_DEMAND_IPREF                                0         -nan%                0         -nan%
PREF_HIT_DEMAND_DPRF                                 0         -nan%                0         -nan%
PREF_HIT_DEMAND_WB                                   0         -nan%                0         -nan%
                                                     0         -nan%                0         -nan%
                                                  -nan         -nan              -nan         -nan

PREF_L1_FILL                                         0         -nan%                0         -nan%
DEMAND_L1_FILL                                       0         -nan%                0         -nan%
                                                     0         -nan%                0         -nan%
                                                  -nan         -nan              -nan         -nan

TOUCH_L1_REPLACE                                     0        0.000%                0        0.000%
NO_TOUCH_L1_REPLACE                             574970      100.000%           574970      100.000%
                                                574970      100.000%           574970      100.000%
                                                  1.00         1.00              1.00         1.00

PREF_REQ_QUE_FULL                                    0                              0              

STREAM_REQ_QUEUE_HIT_BY_DEMAND                       0                              0              

L2HIT_STREAM_PREF_REQ_QUE_FULL                       0                              0              

L2HIT_HIT_TRAIN_STREAM                               0         -nan%                0         -nan%
L2HIT_MISS_TRAIN_STREAM                              0         -nan%                0         -nan%
                                                     0         -nan%                0         -nan%
                                                  -nan         -nan              -nan         -nan

L2HIT_STREAM_TRAIN_CREATE                            0                              0              

L2HIT_STREAM_BUFFER_REQ                              0                              0              

L2HIT_STREAM_PREF_DCACHE_HIT                         0         -nan%                0         -nan%
L2HIT_STREAM_PREF_DCACHE_INSERT                      0         -nan%                0         -nan%
L2HIT_STREAM_L2_MISS                                 0         -nan%                0         -nan%
                                                     0         -nan%                0         -nan%
                                                  -nan         -nan              -nan         -nan

L2HIT_STREAM_DCACHE_PORT_FULL                        0                              0              

L2HIT_STREAM_PREF_L1_PORT_FULL                       0                              0              

L2HIT_TRAIN_HIT_DEMAND                               0         -nan%                0         -nan%
L2HIT_TRAIN_MISS_REQ                                 0         -nan%                0         -nan%
                                                     0         -nan%                0         -nan%
                                                  -nan         -nan              -nan         -nan

L2HIT_TRAIN_FILTER_MISS                              0         -nan%                0         -nan%
L2HIT_TRAIN_FILTER_HIT                               0         -nan%                0         -nan%
                                                     0         -nan%                0         -nan%
                                                  -nan         -nan              -nan         -nan

L2HIT_PREF_REQ_DCACHE_HIT                            0         -nan%                0         -nan%
L2HIT_PREF_REQ_DCACHE_MISS                           0         -nan%                0         -nan%
                                                     0         -nan%                0         -nan%
                                                  -nan         -nan              -nan         -nan

L2HIT_L2SEND_Q_FULL                                  0         -nan%                0         -nan%
L2HIT_L2SEND_Q_ENTER                                 0         -nan%                0         -nan%
                                                     0         -nan%                0         -nan%
                                                  -nan         -nan              -nan         -nan

L2HIT_MEM_REQ                                        0                              0              

REMOVE_REDUNDANT_STREAM_STAT                         0                              0              

REPLACE_OLD_STREAM                              243666                         243666              

REQ_SEND_QUEUE_STALL                                 0                              0              

STREAM_ENTER_RA                                      0                              0              

CORE_STREAM_LENGTH_0                             11200       36.334%            11200       36.334%
CORE_STREAM_LENGTH_10                            15447       50.112%            15447       50.112%
CORE_STREAM_LENGTH_20                             3408       11.056%             3408       11.056%
CORE_STREAM_LENGTH_30                              492        1.596%              492        1.596%
CORE_STREAM_LENGTH_40                              187        0.607%              187        0.607%
CORE_STREAM_LENGTH_50                               40        0.130%               40        0.130%
CORE_STREAM_LENGTH_60                               13        0.042%               13        0.042%
CORE_STREAM_LENGTH_70                                4        0.013%                4        0.013%
CORE_STREAM_LENGTH_80                                4        0.013%                4        0.013%
CORE_STREAM_LENGTH_90                                5        0.016%                5        0.016%
CORE_STREAM_LENGTH_100_P                            25        0.081%               25        0.081%
                                                 30825      100.000%            30825      100.000%
                                                  0.81         0.66              0.81         0.66

CORE_CUM_STREAM_LENGTH_0                         67674       17.389%            67674       17.389%
CORE_CUM_STREAM_LENGTH_10                       211779       54.418%           211779       54.418%
CORE_CUM_STREAM_LENGTH_20                        76936       19.769%            76936       19.769%
CORE_CUM_STREAM_LENGTH_30                        15891        4.083%            15891        4.083%
CORE_CUM_STREAM_LENGTH_40                         8272        2.126%             8272        2.126%
CORE_CUM_STREAM_LENGTH_50                         2113        0.543%             2113        0.543%
CORE_CUM_STREAM_LENGTH_60                          824        0.212%              824        0.212%
CORE_CUM_STREAM_LENGTH_70                          294        0.076%              294        0.076%
CORE_CUM_STREAM_LENGTH_80                          338        0.087%              338        0.087%
CORE_CUM_STREAM_LENGTH_90                          480        0.123%              480        0.123%
CORE_CUM_STREAM_LENGTH_100_P                      4569        1.174%             4569        1.174%
                                                389170      100.000%           389170      100.000%
                                                  1.33         1.25              1.33         1.25

CORE_STREAM_TRAIN_HITS_0                         26779       86.874%            26779       86.874%
CORE_STREAM_TRAIN_HITS_10                         3905       12.668%             3905       12.668%
CORE_STREAM_TRAIN_HITS_20                           57        0.185%               57        0.185%
CORE_STREAM_TRAIN_HITS_30                           22        0.071%               22        0.071%
CORE_STREAM_TRAIN_HITS_40                           26        0.084%               26        0.084%
CORE_STREAM_TRAIN_HITS_50                            4        0.013%                4        0.013%
CORE_STREAM_TRAIN_HITS_60                            7        0.023%                7        0.023%
CORE_STREAM_TRAIN_HITS_70                            3        0.010%                3        0.010%
CORE_STREAM_TRAIN_HITS_80                            0        0.000%                0        0.000%
CORE_STREAM_TRAIN_HITS_90                            4        0.013%                4        0.013%
CORE_STREAM_TRAIN_HITS_100_P                        18        0.058%               18        0.058%
                                                 30825      100.000%            30825      100.000%
                                                  0.15         0.45              0.15         0.45

CORE_CUM_STREAM_TRAIN_HITS_0                    156019       75.020%           156019       75.020%
CORE_CUM_STREAM_TRAIN_HITS_10                    43968       21.142%            43968       21.142%
CORE_CUM_STREAM_TRAIN_HITS_20                     1300        0.625%             1300        0.625%
CORE_CUM_STREAM_TRAIN_HITS_30                      773        0.372%              773        0.372%
CORE_CUM_STREAM_TRAIN_HITS_40                     1166        0.561%             1166        0.561%
CORE_CUM_STREAM_TRAIN_HITS_50                      224        0.108%              224        0.108%
CORE_CUM_STREAM_TRAIN_HITS_60                      449        0.216%              449        0.216%
CORE_CUM_STREAM_TRAIN_HITS_70                      225        0.108%              225        0.108%
CORE_CUM_STREAM_TRAIN_HITS_80                        0        0.000%                0        0.000%
CORE_CUM_STREAM_TRAIN_HITS_90                      375        0.180%              375        0.180%
CORE_CUM_STREAM_TRAIN_HITS_100_P                  3470        1.669%             3470        1.669%
                                                207969      100.000%           207969      100.000%
                                                  0.47         1.40              0.47         1.40

CORE_STREAM_TRAIN_CREATE                        243682                         243682              



