Scarab gitrev: 7ab9e17
Scarab started at Sun Jun 11 08:08:38 2023

Initialized Ramulator. 
** Heartbeat:   1% -- { 1000003 } -- 0.00 KIPS (333.33 KIPS)
** Heartbeat:   2% -- { 2000007 } -- 333.33 KIPS (333.33 KIPS)
** Heartbeat:   3% -- { 3000007 } -- 333.33 KIPS (333.33 KIPS)
** Heartbeat:   4% -- { 4000009 } -- 500.00 KIPS (363.64 KIPS)
** Heartbeat:   5% -- { 5000012 } -- 333.33 KIPS (357.14 KIPS)
** Heartbeat:   6% -- { 6000014 } -- 333.33 KIPS (352.94 KIPS)
** Heartbeat:   7% -- { 7000015 } -- 500.00 KIPS (368.42 KIPS)
** Heartbeat:   8% -- { 8000018 } -- 333.33 KIPS (363.64 KIPS)
** Heartbeat:   9% -- { 9000018 } -- 333.33 KIPS (360.00 KIPS)
** Heartbeat:  10% -- { 10000022 } -- 500.00 KIPS (370.37 KIPS)
** Heartbeat:  11% -- { 11000023 } -- 333.33 KIPS (366.67 KIPS)
** Heartbeat:  12% -- { 12000023 } -- 333.33 KIPS (363.64 KIPS)
** Heartbeat:  13% -- { 13000023 } -- 333.33 KIPS (361.11 KIPS)
** Heartbeat:  14% -- { 14000025 } -- 500.00 KIPS (368.42 KIPS)
** Heartbeat:  15% -- { 15000025 } -- 333.33 KIPS (365.85 KIPS)
** Heartbeat:  16% -- { 16000027 } -- 333.33 KIPS (363.64 KIPS)
** Heartbeat:  17% -- { 17000027 } -- 500.00 KIPS (369.57 KIPS)
** Heartbeat:  18% -- { 18000028 } -- 333.33 KIPS (367.35 KIPS)
** Heartbeat:  19% -- { 19000031 } -- 500.00 KIPS (372.55 KIPS)
** Heartbeat:  20% -- { 20000032 } -- 333.33 KIPS (370.37 KIPS)
** Heartbeat:  21% -- { 21000037 } -- 333.33 KIPS (368.42 KIPS)
** Heartbeat:  22% -- { 22000040 } -- 333.33 KIPS (366.67 KIPS)
** Heartbeat:  23% -- { 23000041 } -- 500.00 KIPS (370.97 KIPS)
** Heartbeat:  24% -- { 24000041 } -- 333.33 KIPS (369.23 KIPS)
** Heartbeat:  25% -- { 25000042 } -- 333.33 KIPS (367.65 KIPS)
** Heartbeat:  26% -- { 26000042 } -- 500.00 KIPS (371.43 KIPS)
** Heartbeat:  27% -- { 27000047 } -- 333.33 KIPS (369.86 KIPS)
** Heartbeat:  28% -- { 28000047 } -- 333.33 KIPS (368.42 KIPS)
** Heartbeat:  29% -- { 29000049 } -- 333.33 KIPS (367.09 KIPS)
** Heartbeat:  30% -- { 30000049 } -- 500.00 KIPS (370.37 KIPS)
** Heartbeat:  31% -- { 31000053 } -- 333.33 KIPS (369.05 KIPS)
** Heartbeat:  32% -- { 32000055 } -- 333.33 KIPS (367.82 KIPS)
** Heartbeat:  33% -- { 33000055 } -- 333.33 KIPS (366.67 KIPS)
** Heartbeat:  34% -- { 34000057 } -- 500.00 KIPS (369.57 KIPS)
** Heartbeat:  35% -- { 35000061 } -- 333.33 KIPS (368.42 KIPS)
** Heartbeat:  36% -- { 36000063 } -- 500.00 KIPS (371.13 KIPS)
** Heartbeat:  37% -- { 37000066 } -- 333.33 KIPS (370.00 KIPS)
** Heartbeat:  38% -- { 38000069 } -- 333.33 KIPS (368.93 KIPS)
** Heartbeat:  39% -- { 39000074 } -- 500.00 KIPS (371.43 KIPS)
** Heartbeat:  40% -- { 40000076 } -- 333.33 KIPS (370.37 KIPS)
** Heartbeat:  41% -- { 41000079 } -- 333.33 KIPS (369.37 KIPS)
** Heartbeat:  42% -- { 42000081 } -- 333.33 KIPS (368.42 KIPS)
** Heartbeat:  43% -- { 43000084 } -- 500.00 KIPS (370.69 KIPS)
** Heartbeat:  44% -- { 44000086 } -- 333.33 KIPS (369.75 KIPS)
** Heartbeat:  45% -- { 45000087 } -- 333.33 KIPS (368.85 KIPS)
** Heartbeat:  46% -- { 46000087 } -- 500.00 KIPS (370.97 KIPS)
** Heartbeat:  47% -- { 47000088 } -- 333.33 KIPS (370.08 KIPS)
** Heartbeat:  48% -- { 48000090 } -- 333.33 KIPS (369.23 KIPS)
** Heartbeat:  49% -- { 49000090 } -- 333.33 KIPS (368.42 KIPS)
** Heartbeat:  50% -- { 50000091 } -- 500.00 KIPS (370.37 KIPS)
** Heartbeat:  51% -- { 51000094 } -- 333.33 KIPS (369.57 KIPS)
** Heartbeat:  52% -- { 52000099 } -- 333.33 KIPS (368.80 KIPS)
** Heartbeat:  53% -- { 53000099 } -- 500.00 KIPS (370.63 KIPS)
** Heartbeat:  54% -- { 54000102 } -- 333.33 KIPS (369.86 KIPS)
** Heartbeat:  55% -- { 55000102 } -- 500.00 KIPS (371.62 KIPS)
** Heartbeat:  56% -- { 56000105 } -- 333.33 KIPS (370.86 KIPS)
** Heartbeat:  57% -- { 57000107 } -- 333.33 KIPS (370.13 KIPS)
** Heartbeat:  58% -- { 58000109 } -- 333.33 KIPS (369.43 KIPS)
** Heartbeat:  59% -- { 59000111 } -- 500.00 KIPS (371.07 KIPS)
** Heartbeat:  60% -- { 60000111 } -- 333.33 KIPS (370.37 KIPS)
** Heartbeat:  61% -- { 61000112 } -- 333.33 KIPS (369.70 KIPS)
** Heartbeat:  62% -- { 62000112 } -- 500.00 KIPS (371.26 KIPS)
** Heartbeat:  63% -- { 63000112 } -- 333.33 KIPS (370.59 KIPS)
** Heartbeat:  64% -- { 64000113 } -- 333.33 KIPS (369.94 KIPS)
** Heartbeat:  65% -- { 65000113 } -- 333.33 KIPS (369.32 KIPS)
** Heartbeat:  66% -- { 66000114 } -- 500.00 KIPS (370.79 KIPS)
** Heartbeat:  67% -- { 67000114 } -- 333.33 KIPS (370.17 KIPS)
** Heartbeat:  68% -- { 68000117 } -- 333.33 KIPS (369.57 KIPS)
** Heartbeat:  69% -- { 69000117 } -- 500.00 KIPS (370.97 KIPS)
** Heartbeat:  70% -- { 70000120 } -- 333.33 KIPS (370.37 KIPS)
** Heartbeat:  71% -- { 71000120 } -- 333.33 KIPS (369.79 KIPS)
** Heartbeat:  72% -- { 72000124 } -- 500.00 KIPS (371.13 KIPS)
** Heartbeat:  73% -- { 73000127 } -- 333.33 KIPS (370.56 KIPS)
** Heartbeat:  74% -- { 74000131 } -- 333.33 KIPS (370.00 KIPS)
** Heartbeat:  75% -- { 75000135 } -- 500.00 KIPS (371.29 KIPS)
** Heartbeat:  76% -- { 76000139 } -- 333.33 KIPS (370.73 KIPS)
** Heartbeat:  77% -- { 77000142 } -- 500.00 KIPS (371.98 KIPS)
** Heartbeat:  78% -- { 78000142 } -- 333.33 KIPS (371.43 KIPS)
** Heartbeat:  79% -- { 79000142 } -- 333.33 KIPS (370.89 KIPS)
** Heartbeat:  80% -- { 80000143 } -- 500.00 KIPS (372.09 KIPS)
** Heartbeat:  81% -- { 81000143 } -- 333.33 KIPS (371.56 KIPS)
** Heartbeat:  82% -- { 82000145 } -- 333.33 KIPS (371.04 KIPS)
** Heartbeat:  83% -- { 83000148 } -- 333.33 KIPS (370.54 KIPS)
** Heartbeat:  84% -- { 84000148 } -- 500.00 KIPS (371.68 KIPS)
** Heartbeat:  85% -- { 85000148 } -- 333.33 KIPS (371.18 KIPS)
** Heartbeat:  86% -- { 86000148 } -- 333.33 KIPS (370.69 KIPS)
** Heartbeat:  87% -- { 87000148 } -- 500.00 KIPS (371.80 KIPS)
** Heartbeat:  88% -- { 88000153 } -- 333.33 KIPS (371.31 KIPS)
** Heartbeat:  89% -- { 89000153 } -- 500.00 KIPS (372.39 KIPS)
** Heartbeat:  90% -- { 90000157 } -- 333.33 KIPS (371.90 KIPS)
** Heartbeat:  91% -- { 91000160 } -- 333.33 KIPS (371.43 KIPS)
** Heartbeat:  92% -- { 92000163 } -- 500.00 KIPS (372.47 KIPS)
** Heartbeat:  93% -- { 93000163 } -- 333.33 KIPS (372.00 KIPS)
** Heartbeat:  94% -- { 94000164 } -- 333.33 KIPS (371.54 KIPS)
** Heartbeat:  95% -- { 95000169 } -- 500.00 KIPS (372.55 KIPS)
** Heartbeat:  96% -- { 96000170 } -- 333.33 KIPS (372.09 KIPS)
** Heartbeat:  97% -- { 97000172 } -- 500.00 KIPS (373.08 KIPS)
** Heartbeat:  98% -- { 98000172 } -- 333.33 KIPS (372.62 KIPS)
** Heartbeat:  99% -- { 99000172 } -- 333.33 KIPS (372.18 KIPS)
** Core 0 Finished:    insts:100000002   cycles:121548526   time:37983914375000      -- 0.82 IPC (0.82 IPC) --  N/A  KIPS (373.13 KIPS)
done
Scarab finished at Sun Jun 11 08:13:06 2023

