               ramulator.active_cycles_0            23340587                                      # Total active cycles for level _0
                 ramulator.busy_cycles_0            23340587                                      # (All-bank refresh only. busy cycles only include refresh time in rank level) The sum of cycles that the DRAM part is active or under refresh for level _0
            ramulator.serving_requests_0            40177817                                      # The sum of read and write requests that are served in this DRAM element per memory cycle for level _0
    ramulator.average_serving_requests_0            1.080019                                      # The average of read and write requests that are served in this DRAM element per memory cycle for level _0
             ramulator.active_cycles_0_0            23340587                                      # Total active cycles for level _0_0
               ramulator.busy_cycles_0_0            24359927                                      # (All-bank refresh only. busy cycles only include refresh time in rank level) The sum of cycles that the DRAM part is active or under refresh for level _0_0
          ramulator.serving_requests_0_0            40177817                                      # The sum of read and write requests that are served in this DRAM element per memory cycle for level _0_0
  ramulator.average_serving_requests_0_0            1.080019                                      # The average of read and write requests that are served in this DRAM element per memory cycle for level _0_0
           ramulator.active_cycles_0_0_0             7390288                                      # Total active cycles for level _0_0_0
             ramulator.busy_cycles_0_0_0             7390288                                      # (All-bank refresh only. busy cycles only include refresh time in rank level) The sum of cycles that the DRAM part is active or under refresh for level _0_0_0
        ramulator.serving_requests_0_0_0             9385696                                      # The sum of read and write requests that are served in this DRAM element per memory cycle for level _0_0_0
ramulator.average_serving_requests_0_0_0            0.252297                                      # The average of read and write requests that are served in this DRAM element per memory cycle for level _0_0_0
         ramulator.active_cycles_0_0_0_0             1634372                                      # Total active cycles for level _0_0_0_0
           ramulator.busy_cycles_0_0_0_0             1634372                                      # (All-bank refresh only. busy cycles only include refresh time in rank level) The sum of cycles that the DRAM part is active or under refresh for level _0_0_0_0
      ramulator.serving_requests_0_0_0_0             1909354                                      # The sum of read and write requests that are served in this DRAM element per memory cycle for level _0_0_0_0
ramulator.average_serving_requests_0_0_0_0            0.051325                                      # The average of read and write requests that are served in this DRAM element per memory cycle for level _0_0_0_0
         ramulator.active_cycles_0_0_0_1             2636768                                      # Total active cycles for level _0_0_0_1
           ramulator.busy_cycles_0_0_0_1             2636768                                      # (All-bank refresh only. busy cycles only include refresh time in rank level) The sum of cycles that the DRAM part is active or under refresh for level _0_0_0_1
      ramulator.serving_requests_0_0_0_1             3038415                                      # The sum of read and write requests that are served in this DRAM element per memory cycle for level _0_0_0_1
ramulator.average_serving_requests_0_0_0_1            0.081676                                      # The average of read and write requests that are served in this DRAM element per memory cycle for level _0_0_0_1
         ramulator.active_cycles_0_0_0_2             2317586                                      # Total active cycles for level _0_0_0_2
           ramulator.busy_cycles_0_0_0_2             2317586                                      # (All-bank refresh only. busy cycles only include refresh time in rank level) The sum of cycles that the DRAM part is active or under refresh for level _0_0_0_2
      ramulator.serving_requests_0_0_0_2             2668061                                      # The sum of read and write requests that are served in this DRAM element per memory cycle for level _0_0_0_2
ramulator.average_serving_requests_0_0_0_2            0.071720                                      # The average of read and write requests that are served in this DRAM element per memory cycle for level _0_0_0_2
         ramulator.active_cycles_0_0_0_3             1487936                                      # Total active cycles for level _0_0_0_3
           ramulator.busy_cycles_0_0_0_3             1487936                                      # (All-bank refresh only. busy cycles only include refresh time in rank level) The sum of cycles that the DRAM part is active or under refresh for level _0_0_0_3
      ramulator.serving_requests_0_0_0_3             1769866                                      # The sum of read and write requests that are served in this DRAM element per memory cycle for level _0_0_0_3
ramulator.average_serving_requests_0_0_0_3            0.047576                                      # The average of read and write requests that are served in this DRAM element per memory cycle for level _0_0_0_3
           ramulator.active_cycles_0_0_1             8173948                                      # Total active cycles for level _0_0_1
             ramulator.busy_cycles_0_0_1             8173948                                      # (All-bank refresh only. busy cycles only include refresh time in rank level) The sum of cycles that the DRAM part is active or under refresh for level _0_0_1
        ramulator.serving_requests_0_0_1            10321602                                      # The sum of read and write requests that are served in this DRAM element per memory cycle for level _0_0_1
ramulator.average_serving_requests_0_0_1            0.277455                                      # The average of read and write requests that are served in this DRAM element per memory cycle for level _0_0_1
         ramulator.active_cycles_0_0_1_0             1860136                                      # Total active cycles for level _0_0_1_0
           ramulator.busy_cycles_0_0_1_0             1860136                                      # (All-bank refresh only. busy cycles only include refresh time in rank level) The sum of cycles that the DRAM part is active or under refresh for level _0_0_1_0
      ramulator.serving_requests_0_0_1_0             2204486                                      # The sum of read and write requests that are served in this DRAM element per memory cycle for level _0_0_1_0
ramulator.average_serving_requests_0_0_1_0            0.059259                                      # The average of read and write requests that are served in this DRAM element per memory cycle for level _0_0_1_0
         ramulator.active_cycles_0_0_1_1             2444579                                      # Total active cycles for level _0_0_1_1
           ramulator.busy_cycles_0_0_1_1             2444579                                      # (All-bank refresh only. busy cycles only include refresh time in rank level) The sum of cycles that the DRAM part is active or under refresh for level _0_0_1_1
      ramulator.serving_requests_0_0_1_1             2790933                                      # The sum of read and write requests that are served in this DRAM element per memory cycle for level _0_0_1_1
ramulator.average_serving_requests_0_0_1_1            0.075023                                      # The average of read and write requests that are served in this DRAM element per memory cycle for level _0_0_1_1
         ramulator.active_cycles_0_0_1_2             2455963                                      # Total active cycles for level _0_0_1_2
           ramulator.busy_cycles_0_0_1_2             2455963                                      # (All-bank refresh only. busy cycles only include refresh time in rank level) The sum of cycles that the DRAM part is active or under refresh for level _0_0_1_2
      ramulator.serving_requests_0_0_1_2             2759037                                      # The sum of read and write requests that are served in this DRAM element per memory cycle for level _0_0_1_2
ramulator.average_serving_requests_0_0_1_2            0.074166                                      # The average of read and write requests that are served in this DRAM element per memory cycle for level _0_0_1_2
         ramulator.active_cycles_0_0_1_3             2200481                                      # Total active cycles for level _0_0_1_3
           ramulator.busy_cycles_0_0_1_3             2200481                                      # (All-bank refresh only. busy cycles only include refresh time in rank level) The sum of cycles that the DRAM part is active or under refresh for level _0_0_1_3
      ramulator.serving_requests_0_0_1_3             2567146                                      # The sum of read and write requests that are served in this DRAM element per memory cycle for level _0_0_1_3
ramulator.average_serving_requests_0_0_1_3            0.069007                                      # The average of read and write requests that are served in this DRAM element per memory cycle for level _0_0_1_3
           ramulator.active_cycles_0_0_2             7501132                                      # Total active cycles for level _0_0_2
             ramulator.busy_cycles_0_0_2             7501132                                      # (All-bank refresh only. busy cycles only include refresh time in rank level) The sum of cycles that the DRAM part is active or under refresh for level _0_0_2
        ramulator.serving_requests_0_0_2             9576816                                      # The sum of read and write requests that are served in this DRAM element per memory cycle for level _0_0_2
ramulator.average_serving_requests_0_0_2            0.257434                                      # The average of read and write requests that are served in this DRAM element per memory cycle for level _0_0_2
         ramulator.active_cycles_0_0_2_0             1488540                                      # Total active cycles for level _0_0_2_0
           ramulator.busy_cycles_0_0_2_0             1488540                                      # (All-bank refresh only. busy cycles only include refresh time in rank level) The sum of cycles that the DRAM part is active or under refresh for level _0_0_2_0
      ramulator.serving_requests_0_0_2_0             1742721                                      # The sum of read and write requests that are served in this DRAM element per memory cycle for level _0_0_2_0
ramulator.average_serving_requests_0_0_2_0            0.046846                                      # The average of read and write requests that are served in this DRAM element per memory cycle for level _0_0_2_0
         ramulator.active_cycles_0_0_2_1             2926099                                      # Total active cycles for level _0_0_2_1
           ramulator.busy_cycles_0_0_2_1             2926099                                      # (All-bank refresh only. busy cycles only include refresh time in rank level) The sum of cycles that the DRAM part is active or under refresh for level _0_0_2_1
      ramulator.serving_requests_0_0_2_1             3258077                                      # The sum of read and write requests that are served in this DRAM element per memory cycle for level _0_0_2_1
ramulator.average_serving_requests_0_0_2_1            0.087580                                      # The average of read and write requests that are served in this DRAM element per memory cycle for level _0_0_2_1
         ramulator.active_cycles_0_0_2_2             1151978                                      # Total active cycles for level _0_0_2_2
           ramulator.busy_cycles_0_0_2_2             1151978                                      # (All-bank refresh only. busy cycles only include refresh time in rank level) The sum of cycles that the DRAM part is active or under refresh for level _0_0_2_2
      ramulator.serving_requests_0_0_2_2             1380644                                      # The sum of read and write requests that are served in this DRAM element per memory cycle for level _0_0_2_2
ramulator.average_serving_requests_0_0_2_2            0.037113                                      # The average of read and write requests that are served in this DRAM element per memory cycle for level _0_0_2_2
         ramulator.active_cycles_0_0_2_3             2782375                                      # Total active cycles for level _0_0_2_3
           ramulator.busy_cycles_0_0_2_3             2782375                                      # (All-bank refresh only. busy cycles only include refresh time in rank level) The sum of cycles that the DRAM part is active or under refresh for level _0_0_2_3
      ramulator.serving_requests_0_0_2_3             3195374                                      # The sum of read and write requests that are served in this DRAM element per memory cycle for level _0_0_2_3
ramulator.average_serving_requests_0_0_2_3            0.085895                                      # The average of read and write requests that are served in this DRAM element per memory cycle for level _0_0_2_3
           ramulator.active_cycles_0_0_3             8712989                                      # Total active cycles for level _0_0_3
             ramulator.busy_cycles_0_0_3             8712989                                      # (All-bank refresh only. busy cycles only include refresh time in rank level) The sum of cycles that the DRAM part is active or under refresh for level _0_0_3
        ramulator.serving_requests_0_0_3            10892939                                      # The sum of read and write requests that are served in this DRAM element per memory cycle for level _0_0_3
ramulator.average_serving_requests_0_0_3            0.292813                                      # The average of read and write requests that are served in this DRAM element per memory cycle for level _0_0_3
         ramulator.active_cycles_0_0_3_0             2110887                                      # Total active cycles for level _0_0_3_0
           ramulator.busy_cycles_0_0_3_0             2110887                                      # (All-bank refresh only. busy cycles only include refresh time in rank level) The sum of cycles that the DRAM part is active or under refresh for level _0_0_3_0
      ramulator.serving_requests_0_0_3_0             2446391                                      # The sum of read and write requests that are served in this DRAM element per memory cycle for level _0_0_3_0
ramulator.average_serving_requests_0_0_3_0            0.065761                                      # The average of read and write requests that are served in this DRAM element per memory cycle for level _0_0_3_0
         ramulator.active_cycles_0_0_3_1             1492942                                      # Total active cycles for level _0_0_3_1
           ramulator.busy_cycles_0_0_3_1             1492942                                      # (All-bank refresh only. busy cycles only include refresh time in rank level) The sum of cycles that the DRAM part is active or under refresh for level _0_0_3_1
      ramulator.serving_requests_0_0_3_1             1747022                                      # The sum of read and write requests that are served in this DRAM element per memory cycle for level _0_0_3_1
ramulator.average_serving_requests_0_0_3_1            0.046962                                      # The average of read and write requests that are served in this DRAM element per memory cycle for level _0_0_3_1
         ramulator.active_cycles_0_0_3_2             3202768                                      # Total active cycles for level _0_0_3_2
           ramulator.busy_cycles_0_0_3_2             3202768                                      # (All-bank refresh only. busy cycles only include refresh time in rank level) The sum of cycles that the DRAM part is active or under refresh for level _0_0_3_2
      ramulator.serving_requests_0_0_3_2             3642917                                      # The sum of read and write requests that are served in this DRAM element per memory cycle for level _0_0_3_2
ramulator.average_serving_requests_0_0_3_2            0.097925                                      # The average of read and write requests that are served in this DRAM element per memory cycle for level _0_0_3_2
         ramulator.active_cycles_0_0_3_3             2687819                                      # Total active cycles for level _0_0_3_3
           ramulator.busy_cycles_0_0_3_3             2687819                                      # (All-bank refresh only. busy cycles only include refresh time in rank level) The sum of cycles that the DRAM part is active or under refresh for level _0_0_3_3
      ramulator.serving_requests_0_0_3_3             3056609                                      # The sum of read and write requests that are served in this DRAM element per memory cycle for level _0_0_3_3
ramulator.average_serving_requests_0_0_3_3            0.082165                                      # The average of read and write requests that are served in this DRAM element per memory cycle for level _0_0_3_3
      ramulator.read_transaction_bytes_0            57912064                                      # The total byte of read transaction per channel
     ramulator.write_transaction_bytes_0             2319296                                      # The total byte of write transaction per channel
       ramulator.row_hits_channel_0_core              686069                                      # Number of row hits per channel per core
     ramulator.row_misses_channel_0_core               53192                                      # Number of row misses per channel per core
  ramulator.row_conflicts_channel_0_core              201854                                      # Number of row conflicts per channel per core
  ramulator.read_row_hits_channel_0_core              668817                                      # Number of row hits for read requests per channel per core
                                     [0]            668817.0                                      # 
ramulator.read_row_misses_channel_0_core               49536                                      # Number of row misses for read requests per channel per core
                                     [0]             49536.0                                      # 
ramulator.read_row_conflicts_channel_0_core              186523                                      # Number of row conflicts for read requests per channel per core
                                     [0]            186523.0                                      # 
 ramulator.write_row_hits_channel_0_core               17252                                      # Number of row hits for write requests per channel per core
                                     [0]             17252.0                                      # 
ramulator.write_row_misses_channel_0_core                3656                                      # Number of row misses for write requests per channel per core
                                     [0]              3656.0                                      # 
ramulator.write_row_conflicts_channel_0_core               15331                                      # Number of row conflicts for write requests per channel per core
                                     [0]             15331.0                                      # 
      ramulator.useless_activates_0_core                  21                                      # Number of useless activations. E.g, ACT -> PRE w/o RD or WR
            ramulator.read_latency_avg_0           40.598648                                      # The average memory latency cycles (in memory time domain) per request for all read requests in this channel
            ramulator.read_latency_sum_0            36776042                                      # The memory latency cycles (in memory time domain) sum for all read requests in this channel
        ramulator.req_queue_length_avg_0           15.225058                                      # Average of read and write queue length per memory cycle per channel.
        ramulator.req_queue_length_sum_0           566387690                                      # Sum of read and write queue length per memory cycle per channel.
   ramulator.read_req_queue_length_avg_0            0.886737                                      # Read queue length average per memory cycle per channel.
   ramulator.read_req_queue_length_sum_0            32987506                                      # Read queue length sum per memory cycle per channel.
  ramulator.write_req_queue_length_avg_0           14.338321                                      # Write queue length average per memory cycle per channel.
  ramulator.write_req_queue_length_sum_0           533400184                                      # Write queue length sum per memory cycle per channel.
              ramulator.record_read_hits                 0.0                                      # record read hit count for this core when it reaches request limit or to the end
                                     [0]                 0.0                                      # 
            ramulator.record_read_misses                 0.0                                      # record_read_miss count for this core when it reaches request limit or to the end
                                     [0]                 0.0                                      # 
         ramulator.record_read_conflicts                 0.0                                      # record read conflict count for this core when it reaches request limit or to the end
                                     [0]                 0.0                                      # 
             ramulator.record_write_hits                 0.0                                      # record write hit count for this core when it reaches request limit or to the end
                                     [0]                 0.0                                      # 
           ramulator.record_write_misses                 0.0                                      # record write miss count for this core when it reaches request limit or to the end
                                     [0]                 0.0                                      # 
        ramulator.record_write_conflicts                 0.0                                      # record write conflict for this core when it reaches request limit or to the end
                                     [0]                 0.0                                      # 
                 ramulator.dram_capacity          8589934592                                      # Number of bytes in simulated DRAM
                   ramulator.dram_cycles            37201021                                      # Number of DRAM cycles simulated
             ramulator.incoming_requests              942094                                      # Number of incoming requests to DRAM
                 ramulator.read_requests              905844                                      # Number of incoming read requests to DRAM per core
                                     [0]            905844.0                                      # 
                ramulator.write_requests               36250                                      # Number of incoming write requests to DRAM per core
                                     [0]             36250.0                                      # 
       ramulator.ramulator_active_cycles            23340654                                      # The total number of cycles that the DRAM part is active (serving R/W)
 ramulator.incoming_requests_per_channel            942094.0                                      # Number of incoming requests to each DRAM channel
                                     [0]            942094.0                                      # 
ramulator.incoming_read_reqs_per_channel            905844.0                                      # Number of incoming read requests to each DRAM channel
                                     [0]            905844.0                                      # 
     ramulator.physical_page_replacement                   0                                      # The number of times that physical page replacement happens.
             ramulator.maximum_bandwidth         19200000000                                      # The theoretical maximum bandwidth (Bps)
          ramulator.in_queue_req_num_sum           566387690                                      # Sum of read/write queue length
     ramulator.in_queue_read_req_num_sum            32987506                                      # Sum of read queue length
    ramulator.in_queue_write_req_num_sum           533400184                                      # Sum of write queue length
          ramulator.in_queue_req_num_avg           15.225058                                      # Average of read/write queue length per memory cycle
     ramulator.in_queue_read_req_num_avg            0.886737                                      # Average of read queue length per memory cycle
    ramulator.in_queue_write_req_num_avg           14.338321                                      # Average of write queue length per memory cycle
          ramulator.record_read_requests                 0.0                                      # record read requests for this core when it reaches request limit or to the end
                                     [0]                 0.0                                      # 
         ramulator.record_write_requests                 0.0                                      # record write requests for this core when it reaches request limit or to the end
                                     [0]                 0.0                                      # 
