Scarab gitrev: 8e47791
Scarab started at Sat May 20 05:54:04 2023

Initialized Ramulator. 
** Heartbeat:   1% -- { 1000005 } -- 0.00 KIPS (250.00 KIPS)
** Heartbeat:   2% -- { 2000007 } -- 333.33 KIPS (285.72 KIPS)
** Heartbeat:   3% -- { 3000007 } -- 333.33 KIPS (300.00 KIPS)
** Heartbeat:   4% -- { 4000009 } -- 333.33 KIPS (307.69 KIPS)
** Heartbeat:   5% -- { 5000009 } -- 250.00 KIPS (294.12 KIPS)
** Heartbeat:   6% -- { 6000010 } -- 250.00 KIPS (285.71 KIPS)
** Heartbeat:   7% -- { 7000015 } -- 250.00 KIPS (280.00 KIPS)
** Heartbeat:   8% -- { 8000018 } -- 250.00 KIPS (275.86 KIPS)
** Heartbeat:   9% -- { 9000018 } -- 250.00 KIPS (272.73 KIPS)
** Heartbeat:  10% -- { 10000021 } -- 250.00 KIPS (270.27 KIPS)
** Heartbeat:  11% -- { 11000022 } -- 250.00 KIPS (268.29 KIPS)
** Heartbeat:  12% -- { 12000022 } -- 333.33 KIPS (272.73 KIPS)
** Heartbeat:  13% -- { 13000026 } -- 250.00 KIPS (270.83 KIPS)
** Heartbeat:  14% -- { 14000028 } -- 250.00 KIPS (269.23 KIPS)
** Heartbeat:  15% -- { 15000028 } -- 250.00 KIPS (267.86 KIPS)
** Heartbeat:  16% -- { 16000030 } -- 333.33 KIPS (271.19 KIPS)
** Heartbeat:  17% -- { 17000034 } -- 250.00 KIPS (269.84 KIPS)
** Heartbeat:  18% -- { 18000039 } -- 250.00 KIPS (268.66 KIPS)
** Heartbeat:  19% -- { 19000043 } -- 250.00 KIPS (267.61 KIPS)
** Heartbeat:  20% -- { 20000043 } -- 250.00 KIPS (266.67 KIPS)
** Heartbeat:  21% -- { 21000043 } -- 250.00 KIPS (265.82 KIPS)
** Heartbeat:  22% -- { 22000043 } -- 250.00 KIPS (265.06 KIPS)
** Heartbeat:  23% -- { 23000045 } -- 333.33 KIPS (267.44 KIPS)
** Heartbeat:  24% -- { 24000045 } -- 250.00 KIPS (266.67 KIPS)
** Heartbeat:  25% -- { 25000047 } -- 250.00 KIPS (265.96 KIPS)
** Heartbeat:  26% -- { 26000049 } -- 333.33 KIPS (268.04 KIPS)
** Heartbeat:  27% -- { 27000052 } -- 250.00 KIPS (267.33 KIPS)
** Heartbeat:  28% -- { 28000052 } -- 250.00 KIPS (266.67 KIPS)
** Heartbeat:  29% -- { 29000054 } -- 250.00 KIPS (266.06 KIPS)
** Heartbeat:  30% -- { 30000054 } -- 250.00 KIPS (265.49 KIPS)
** Heartbeat:  31% -- { 31000055 } -- 250.00 KIPS (264.96 KIPS)
** Heartbeat:  32% -- { 32000058 } -- 250.00 KIPS (264.46 KIPS)
** Heartbeat:  33% -- { 33000059 } -- 333.33 KIPS (266.13 KIPS)
** Heartbeat:  34% -- { 34000061 } -- 250.00 KIPS (265.63 KIPS)
** Heartbeat:  35% -- { 35000061 } -- 250.00 KIPS (265.15 KIPS)
** Heartbeat:  36% -- { 36000061 } -- 250.00 KIPS (264.71 KIPS)
** Heartbeat:  37% -- { 37000063 } -- 250.00 KIPS (264.29 KIPS)
** Heartbeat:  38% -- { 38000063 } -- 333.33 KIPS (265.73 KIPS)
** Heartbeat:  39% -- { 39000064 } -- 200.00 KIPS (263.51 KIPS)
** Heartbeat:  40% -- { 40000065 } -- 250.00 KIPS (263.16 KIPS)
** Heartbeat:  41% -- { 41000065 } -- 250.00 KIPS (262.82 KIPS)
** Heartbeat:  42% -- { 42000066 } -- 250.00 KIPS (262.50 KIPS)
** Heartbeat:  43% -- { 43000071 } -- 333.33 KIPS (263.80 KIPS)
** Heartbeat:  44% -- { 44000071 } -- 250.00 KIPS (263.47 KIPS)
** Heartbeat:  45% -- { 45000075 } -- 250.00 KIPS (263.16 KIPS)
** Heartbeat:  46% -- { 46000079 } -- 250.00 KIPS (262.86 KIPS)
** Heartbeat:  47% -- { 47000079 } -- 250.00 KIPS (262.57 KIPS)
** Heartbeat:  48% -- { 48000082 } -- 250.00 KIPS (262.30 KIPS)
** Heartbeat:  49% -- { 49000082 } -- 250.00 KIPS (262.03 KIPS)
** Heartbeat:  50% -- { 50000082 } -- 250.00 KIPS (261.78 KIPS)
** Heartbeat:  51% -- { 51000082 } -- 333.33 KIPS (262.89 KIPS)
** Heartbeat:  52% -- { 52000082 } -- 250.00 KIPS (262.63 KIPS)
** Heartbeat:  53% -- { 53000085 } -- 250.00 KIPS (262.38 KIPS)
** Heartbeat:  54% -- { 54000087 } -- 250.00 KIPS (262.14 KIPS)
** Heartbeat:  55% -- { 55000090 } -- 250.00 KIPS (261.91 KIPS)
** Heartbeat:  56% -- { 56000090 } -- 250.00 KIPS (261.68 KIPS)
** Heartbeat:  57% -- { 57000095 } -- 250.00 KIPS (261.47 KIPS)
** Heartbeat:  58% -- { 58000099 } -- 250.00 KIPS (261.26 KIPS)
** Heartbeat:  59% -- { 59000099 } -- 250.00 KIPS (261.06 KIPS)
** Heartbeat:  60% -- { 60000100 } -- 250.00 KIPS (260.87 KIPS)
** Heartbeat:  61% -- { 61000104 } -- 333.33 KIPS (261.80 KIPS)
** Heartbeat:  62% -- { 62000108 } -- 250.00 KIPS (261.60 KIPS)
** Heartbeat:  63% -- { 63000109 } -- 250.00 KIPS (261.41 KIPS)
** Heartbeat:  64% -- { 64000114 } -- 250.00 KIPS (261.22 KIPS)
** Heartbeat:  65% -- { 65000117 } -- 333.33 KIPS (262.10 KIPS)
** Heartbeat:  66% -- { 66000117 } -- 333.33 KIPS (262.95 KIPS)
** Heartbeat:  67% -- { 67000121 } -- 200.00 KIPS (261.72 KIPS)
** Heartbeat:  68% -- { 68000121 } -- 333.33 KIPS (262.55 KIPS)
** Heartbeat:  69% -- { 69000125 } -- 250.00 KIPS (262.36 KIPS)
** Heartbeat:  70% -- { 70000129 } -- 250.00 KIPS (262.17 KIPS)
** Heartbeat:  71% -- { 71000129 } -- 250.00 KIPS (261.99 KIPS)
** Heartbeat:  72% -- { 72000132 } -- 333.33 KIPS (262.77 KIPS)
** Heartbeat:  73% -- { 73000132 } -- 333.33 KIPS (263.54 KIPS)
** Heartbeat:  74% -- { 74000133 } -- 250.00 KIPS (263.35 KIPS)
** Heartbeat:  75% -- { 75000135 } -- 333.33 KIPS (264.08 KIPS)
** Heartbeat:  76% -- { 76000140 } -- 333.33 KIPS (264.81 KIPS)
** Heartbeat:  77% -- { 77000144 } -- 500.00 KIPS (266.44 KIPS)
** Heartbeat:  78% -- { 78000147 } -- 500.00 KIPS (268.04 KIPS)
** Heartbeat:  79% -- { 79000150 } -- 333.33 KIPS (268.71 KIPS)
** Heartbeat:  80% -- { 80000153 } -- 333.33 KIPS (269.36 KIPS)
** Heartbeat:  81% -- { 81000156 } -- 500.00 KIPS (270.90 KIPS)
** Heartbeat:  82% -- { 82000158 } -- 500.00 KIPS (272.43 KIPS)
** Heartbeat:  83% -- { 83000161 } -- 333.33 KIPS (273.03 KIPS)
** Heartbeat:  84% -- { 84000164 } -- 333.33 KIPS (273.62 KIPS)
** Heartbeat:  85% -- { 85000165 } -- 500.00 KIPS (275.08 KIPS)
** Heartbeat:  86% -- { 86000165 } -- 500.00 KIPS (276.53 KIPS)
** Heartbeat:  87% -- { 87000169 } -- 333.33 KIPS (277.07 KIPS)
** Heartbeat:  88% -- { 88000173 } -- 500.00 KIPS (278.48 KIPS)
** Heartbeat:  89% -- { 89000177 } -- 500.00 KIPS (279.87 KIPS)
** Heartbeat:  90% -- { 90000178 } -- 333.33 KIPS (280.37 KIPS)
** Heartbeat:  91% -- { 91000178 } -- 500.00 KIPS (281.73 KIPS)
** Heartbeat:  92% -- { 92000179 } -- 333.33 KIPS (282.21 KIPS)
** Heartbeat:  93% -- { 93000179 } -- 500.00 KIPS (283.54 KIPS)
** Heartbeat:  94% -- { 94000181 } -- 500.00 KIPS (284.85 KIPS)
** Heartbeat:  95% -- { 95000182 } -- 333.33 KIPS (285.29 KIPS)
** Heartbeat:  96% -- { 96000185 } -- 500.00 KIPS (286.57 KIPS)
** Heartbeat:  97% -- { 97000188 } -- 500.00 KIPS (287.83 KIPS)
** Heartbeat:  98% -- { 98000188 } -- 500.00 KIPS (289.09 KIPS)
** Heartbeat:  99% -- { 99000192 } -- 333.33 KIPS (289.47 KIPS)
** Core 0 Finished:    insts:100000000   cycles:99202683    time:31000838437500      -- 1.01 IPC (1.01 IPC) --  N/A  KIPS (290.70 KIPS)
done
Scarab finished at Sat May 20 05:59:48 2023

