Scarab gitrev: e8bfa19
Scarab started at Thu May  4 21:40:18 2023

Initialized Ramulator. 
** Heartbeat:   1% -- { 1000000 } -- 0.00 KIPS (333.33 KIPS)
** Heartbeat:   2% -- { 2000003 } -- 333.33 KIPS (333.33 KIPS)
** Heartbeat:   3% -- { 3000006 } -- 333.33 KIPS (333.33 KIPS)
** Heartbeat:   4% -- { 4000009 } -- 500.00 KIPS (363.64 KIPS)
** Heartbeat:   5% -- { 5000010 } -- 333.33 KIPS (357.14 KIPS)
** Heartbeat:   6% -- { 6000012 } -- 333.33 KIPS (352.94 KIPS)
** Heartbeat:   7% -- { 7000012 } -- 333.33 KIPS (350.00 KIPS)
** Heartbeat:   8% -- { 8000014 } -- 333.33 KIPS (347.83 KIPS)
** Heartbeat:   9% -- { 9000016 } -- 333.33 KIPS (346.15 KIPS)
** Heartbeat:  10% -- { 10000019 } -- 333.33 KIPS (344.83 KIPS)
** Heartbeat:  11% -- { 11000020 } -- 333.33 KIPS (343.75 KIPS)
** Heartbeat:  12% -- { 12000020 } -- 333.33 KIPS (342.86 KIPS)
** Heartbeat:  13% -- { 13000021 } -- 333.33 KIPS (342.11 KIPS)
** Heartbeat:  14% -- { 14000022 } -- 333.33 KIPS (341.46 KIPS)
** Heartbeat:  15% -- { 15000023 } -- 333.33 KIPS (340.91 KIPS)
** Heartbeat:  16% -- { 16000027 } -- 333.33 KIPS (340.43 KIPS)
** Heartbeat:  17% -- { 17000028 } -- 333.33 KIPS (340.00 KIPS)
** Heartbeat:  18% -- { 18000030 } -- 142.86 KIPS (315.79 KIPS)
** Heartbeat:  19% -- { 19000030 } -- 166.67 KIPS (301.59 KIPS)
** Heartbeat:  20% -- { 20000033 } -- 250.00 KIPS (298.51 KIPS)
** Heartbeat:  21% -- { 21000034 } -- 333.33 KIPS (300.00 KIPS)
** Heartbeat:  22% -- { 22000035 } -- 250.00 KIPS (297.30 KIPS)
** Heartbeat:  23% -- { 23000036 } -- 333.33 KIPS (298.70 KIPS)
** Heartbeat:  24% -- { 24000038 } -- 333.33 KIPS (300.00 KIPS)
** Heartbeat:  25% -- { 25000042 } -- 333.33 KIPS (301.21 KIPS)
** Heartbeat:  26% -- { 26000042 } -- 333.33 KIPS (302.33 KIPS)
** Heartbeat:  27% -- { 27000042 } -- 333.33 KIPS (303.37 KIPS)
** Heartbeat:  28% -- { 28000043 } -- 333.33 KIPS (304.35 KIPS)
** Heartbeat:  29% -- { 29000044 } -- 500.00 KIPS (308.51 KIPS)
** Heartbeat:  30% -- { 30000044 } -- 333.33 KIPS (309.28 KIPS)
** Heartbeat:  31% -- { 31000045 } -- 333.33 KIPS (310.00 KIPS)
** Heartbeat:  32% -- { 32000045 } -- 333.33 KIPS (310.68 KIPS)
** Heartbeat:  33% -- { 33000046 } -- 333.33 KIPS (311.32 KIPS)
** Heartbeat:  34% -- { 34000049 } -- 250.00 KIPS (309.09 KIPS)
** Heartbeat:  35% -- { 35000052 } -- 250.00 KIPS (307.02 KIPS)
** Heartbeat:  36% -- { 36000053 } -- 333.33 KIPS (307.69 KIPS)
** Heartbeat:  37% -- { 37000054 } -- 250.00 KIPS (305.79 KIPS)
** Heartbeat:  38% -- { 38000057 } -- 333.33 KIPS (306.45 KIPS)
** Heartbeat:  39% -- { 39000058 } -- 250.00 KIPS (304.69 KIPS)
** Heartbeat:  40% -- { 40000058 } -- 333.33 KIPS (305.34 KIPS)
** Heartbeat:  41% -- { 41000059 } -- 250.00 KIPS (303.70 KIPS)
** Heartbeat:  42% -- { 42000064 } -- 333.33 KIPS (304.35 KIPS)
** Heartbeat:  43% -- { 43000064 } -- 333.33 KIPS (304.96 KIPS)
** Heartbeat:  44% -- { 44000069 } -- 500.00 KIPS (307.69 KIPS)
** Heartbeat:  45% -- { 45000070 } -- 333.33 KIPS (308.22 KIPS)
** Heartbeat:  46% -- { 46000070 } -- 333.33 KIPS (308.73 KIPS)
** Heartbeat:  47% -- { 47000071 } -- 500.00 KIPS (311.26 KIPS)
** Heartbeat:  48% -- { 48000073 } -- 333.33 KIPS (311.69 KIPS)
** Heartbeat:  49% -- { 49000075 } -- 500.00 KIPS (314.10 KIPS)
** Heartbeat:  50% -- { 50000077 } -- 333.33 KIPS (314.47 KIPS)
** Heartbeat:  51% -- { 51000082 } -- 333.33 KIPS (314.82 KIPS)
** Heartbeat:  52% -- { 52000084 } -- 500.00 KIPS (317.07 KIPS)
** Heartbeat:  53% -- { 53000085 } -- 333.33 KIPS (317.37 KIPS)
** Heartbeat:  54% -- { 54000089 } -- 333.33 KIPS (317.65 KIPS)
** Heartbeat:  55% -- { 55000093 } -- 500.00 KIPS (319.77 KIPS)
** Heartbeat:  56% -- { 56000096 } -- 333.33 KIPS (320.00 KIPS)
** Heartbeat:  57% -- { 57000098 } -- 333.33 KIPS (320.23 KIPS)
** Heartbeat:  58% -- { 58000100 } -- 500.00 KIPS (322.22 KIPS)
** Heartbeat:  59% -- { 59000101 } -- 333.33 KIPS (322.40 KIPS)
** Heartbeat:  60% -- { 60000106 } -- 333.33 KIPS (322.58 KIPS)
** Heartbeat:  61% -- { 61000110 } -- 500.00 KIPS (324.47 KIPS)
** Heartbeat:  62% -- { 62000111 } -- 333.33 KIPS (324.61 KIPS)
** Heartbeat:  63% -- { 63000111 } -- 333.33 KIPS (324.74 KIPS)
** Heartbeat:  64% -- { 64000114 } -- 500.00 KIPS (326.53 KIPS)
** Heartbeat:  65% -- { 65000115 } -- 333.33 KIPS (326.63 KIPS)
** Heartbeat:  66% -- { 66000120 } -- 333.33 KIPS (326.73 KIPS)
** Heartbeat:  67% -- { 67000121 } -- 500.00 KIPS (328.43 KIPS)
** Heartbeat:  68% -- { 68000124 } -- 333.33 KIPS (328.50 KIPS)
** Heartbeat:  69% -- { 69000126 } -- 500.00 KIPS (330.14 KIPS)
** Heartbeat:  70% -- { 70000127 } -- 333.33 KIPS (330.19 KIPS)
** Heartbeat:  71% -- { 71000130 } -- 333.33 KIPS (330.23 KIPS)
** Heartbeat:  72% -- { 72000135 } -- 500.00 KIPS (331.80 KIPS)
** Heartbeat:  73% -- { 73000139 } -- 333.33 KIPS (331.82 KIPS)
** Heartbeat:  74% -- { 74000141 } -- 333.33 KIPS (331.84 KIPS)
** Heartbeat:  75% -- { 75000142 } -- 500.00 KIPS (333.33 KIPS)
** Heartbeat:  76% -- { 76000142 } -- 333.33 KIPS (333.33 KIPS)
** Heartbeat:  77% -- { 77000144 } -- 333.33 KIPS (333.33 KIPS)
** Heartbeat:  78% -- { 78000148 } -- 500.00 KIPS (334.76 KIPS)
** Heartbeat:  79% -- { 79000151 } -- 333.33 KIPS (334.75 KIPS)
** Heartbeat:  80% -- { 80000153 } -- 333.33 KIPS (334.73 KIPS)
** Heartbeat:  81% -- { 81000154 } -- 333.33 KIPS (334.71 KIPS)
** Heartbeat:  82% -- { 82000157 } -- 500.00 KIPS (336.07 KIPS)
** Heartbeat:  83% -- { 83000158 } -- 333.33 KIPS (336.03 KIPS)
** Heartbeat:  84% -- { 84000160 } -- 333.33 KIPS (336.00 KIPS)
** Heartbeat:  85% -- { 85000160 } -- 333.33 KIPS (335.97 KIPS)
** Heartbeat:  86% -- { 86000165 } -- 333.33 KIPS (335.94 KIPS)
** Heartbeat:  87% -- { 87000166 } -- 333.33 KIPS (335.91 KIPS)
** Heartbeat:  88% -- { 88000166 } -- 333.33 KIPS (335.88 KIPS)
** Heartbeat:  89% -- { 89000167 } -- 333.33 KIPS (335.85 KIPS)
** Heartbeat:  90% -- { 90000170 } -- 333.33 KIPS (335.82 KIPS)
** Heartbeat:  91% -- { 91000170 } -- 333.33 KIPS (335.79 KIPS)
** Heartbeat:  92% -- { 92000172 } -- 500.00 KIPS (337.00 KIPS)
** Heartbeat:  93% -- { 93000172 } -- 333.33 KIPS (336.96 KIPS)
** Heartbeat:  94% -- { 94000172 } -- 333.33 KIPS (336.92 KIPS)
** Heartbeat:  95% -- { 95000172 } -- 333.33 KIPS (336.88 KIPS)
** Heartbeat:  96% -- { 96000173 } -- 333.33 KIPS (336.84 KIPS)
** Heartbeat:  97% -- { 97000175 } -- 333.33 KIPS (336.81 KIPS)
** Heartbeat:  98% -- { 98000180 } -- 333.33 KIPS (336.77 KIPS)
** Heartbeat:  99% -- { 99000180 } -- 333.33 KIPS (336.74 KIPS)
** Core 0 Finished:    insts:100000000   cycles:35377741    time:11055544062500      -- 2.83 IPC (2.83 IPC) --  N/A  KIPS (336.70 KIPS)
done
Scarab finished at Thu May  4 21:45:15 2023

