               ramulator.active_cycles_0             2221164                                      # Total active cycles for level _0
                 ramulator.busy_cycles_0             2221164                                      # (All-bank refresh only. busy cycles only include refresh time in rank level) The sum of cycles that the DRAM part is active or under refresh for level _0
            ramulator.serving_requests_0             3894572                                      # The sum of read and write requests that are served in this DRAM element per memory cycle for level _0
    ramulator.average_serving_requests_0            1.055409                                      # The average of read and write requests that are served in this DRAM element per memory cycle for level _0
             ramulator.active_cycles_0_0             2221164                                      # Total active cycles for level _0_0
               ramulator.busy_cycles_0_0             2324904                                      # (All-bank refresh only. busy cycles only include refresh time in rank level) The sum of cycles that the DRAM part is active or under refresh for level _0_0
          ramulator.serving_requests_0_0             3894572                                      # The sum of read and write requests that are served in this DRAM element per memory cycle for level _0_0
  ramulator.average_serving_requests_0_0            1.055409                                      # The average of read and write requests that are served in this DRAM element per memory cycle for level _0_0
           ramulator.active_cycles_0_0_0              860409                                      # Total active cycles for level _0_0_0
             ramulator.busy_cycles_0_0_0              860409                                      # (All-bank refresh only. busy cycles only include refresh time in rank level) The sum of cycles that the DRAM part is active or under refresh for level _0_0_0
        ramulator.serving_requests_0_0_0             1074224                                      # The sum of read and write requests that are served in this DRAM element per memory cycle for level _0_0_0
ramulator.average_serving_requests_0_0_0            0.291109                                      # The average of read and write requests that are served in this DRAM element per memory cycle for level _0_0_0
         ramulator.active_cycles_0_0_0_0              127937                                      # Total active cycles for level _0_0_0_0
           ramulator.busy_cycles_0_0_0_0              127937                                      # (All-bank refresh only. busy cycles only include refresh time in rank level) The sum of cycles that the DRAM part is active or under refresh for level _0_0_0_0
      ramulator.serving_requests_0_0_0_0              157733                                      # The sum of read and write requests that are served in this DRAM element per memory cycle for level _0_0_0_0
ramulator.average_serving_requests_0_0_0_0            0.042745                                      # The average of read and write requests that are served in this DRAM element per memory cycle for level _0_0_0_0
         ramulator.active_cycles_0_0_0_1              492533                                      # Total active cycles for level _0_0_0_1
           ramulator.busy_cycles_0_0_0_1              492533                                      # (All-bank refresh only. busy cycles only include refresh time in rank level) The sum of cycles that the DRAM part is active or under refresh for level _0_0_0_1
      ramulator.serving_requests_0_0_0_1              544957                                      # The sum of read and write requests that are served in this DRAM element per memory cycle for level _0_0_0_1
ramulator.average_serving_requests_0_0_0_1            0.147681                                      # The average of read and write requests that are served in this DRAM element per memory cycle for level _0_0_0_1
         ramulator.active_cycles_0_0_0_2              199590                                      # Total active cycles for level _0_0_0_2
           ramulator.busy_cycles_0_0_0_2              199590                                      # (All-bank refresh only. busy cycles only include refresh time in rank level) The sum of cycles that the DRAM part is active or under refresh for level _0_0_0_2
      ramulator.serving_requests_0_0_0_2              241181                                      # The sum of read and write requests that are served in this DRAM element per memory cycle for level _0_0_0_2
ramulator.average_serving_requests_0_0_0_2            0.065359                                      # The average of read and write requests that are served in this DRAM element per memory cycle for level _0_0_0_2
         ramulator.active_cycles_0_0_0_3              102819                                      # Total active cycles for level _0_0_0_3
           ramulator.busy_cycles_0_0_0_3              102819                                      # (All-bank refresh only. busy cycles only include refresh time in rank level) The sum of cycles that the DRAM part is active or under refresh for level _0_0_0_3
      ramulator.serving_requests_0_0_0_3              130353                                      # The sum of read and write requests that are served in this DRAM element per memory cycle for level _0_0_0_3
ramulator.average_serving_requests_0_0_0_3            0.035325                                      # The average of read and write requests that are served in this DRAM element per memory cycle for level _0_0_0_3
           ramulator.active_cycles_0_0_1              889580                                      # Total active cycles for level _0_0_1
             ramulator.busy_cycles_0_0_1              889580                                      # (All-bank refresh only. busy cycles only include refresh time in rank level) The sum of cycles that the DRAM part is active or under refresh for level _0_0_1
        ramulator.serving_requests_0_0_1             1132337                                      # The sum of read and write requests that are served in this DRAM element per memory cycle for level _0_0_1
ramulator.average_serving_requests_0_0_1            0.306857                                      # The average of read and write requests that are served in this DRAM element per memory cycle for level _0_0_1
         ramulator.active_cycles_0_0_1_0              144990                                      # Total active cycles for level _0_0_1_0
           ramulator.busy_cycles_0_0_1_0              144990                                      # (All-bank refresh only. busy cycles only include refresh time in rank level) The sum of cycles that the DRAM part is active or under refresh for level _0_0_1_0
      ramulator.serving_requests_0_0_1_0              181679                                      # The sum of read and write requests that are served in this DRAM element per memory cycle for level _0_0_1_0
ramulator.average_serving_requests_0_0_1_0            0.049234                                      # The average of read and write requests that are served in this DRAM element per memory cycle for level _0_0_1_0
         ramulator.active_cycles_0_0_1_1              328588                                      # Total active cycles for level _0_0_1_1
           ramulator.busy_cycles_0_0_1_1              328588                                      # (All-bank refresh only. busy cycles only include refresh time in rank level) The sum of cycles that the DRAM part is active or under refresh for level _0_0_1_1
      ramulator.serving_requests_0_0_1_1              372896                                      # The sum of read and write requests that are served in this DRAM element per memory cycle for level _0_0_1_1
ramulator.average_serving_requests_0_0_1_1            0.101053                                      # The average of read and write requests that are served in this DRAM element per memory cycle for level _0_0_1_1
         ramulator.active_cycles_0_0_1_2              365276                                      # Total active cycles for level _0_0_1_2
           ramulator.busy_cycles_0_0_1_2              365276                                      # (All-bank refresh only. busy cycles only include refresh time in rank level) The sum of cycles that the DRAM part is active or under refresh for level _0_0_1_2
      ramulator.serving_requests_0_0_1_2              401175                                      # The sum of read and write requests that are served in this DRAM element per memory cycle for level _0_0_1_2
ramulator.average_serving_requests_0_0_1_2            0.108716                                      # The average of read and write requests that are served in this DRAM element per memory cycle for level _0_0_1_2
         ramulator.active_cycles_0_0_1_3              141013                                      # Total active cycles for level _0_0_1_3
           ramulator.busy_cycles_0_0_1_3              141013                                      # (All-bank refresh only. busy cycles only include refresh time in rank level) The sum of cycles that the DRAM part is active or under refresh for level _0_0_1_3
      ramulator.serving_requests_0_0_1_3              176587                                      # The sum of read and write requests that are served in this DRAM element per memory cycle for level _0_0_1_3
ramulator.average_serving_requests_0_0_1_3            0.047854                                      # The average of read and write requests that are served in this DRAM element per memory cycle for level _0_0_1_3
           ramulator.active_cycles_0_0_2              736239                                      # Total active cycles for level _0_0_2
             ramulator.busy_cycles_0_0_2              736239                                      # (All-bank refresh only. busy cycles only include refresh time in rank level) The sum of cycles that the DRAM part is active or under refresh for level _0_0_2
        ramulator.serving_requests_0_0_2              923156                                      # The sum of read and write requests that are served in this DRAM element per memory cycle for level _0_0_2
ramulator.average_serving_requests_0_0_2            0.250171                                      # The average of read and write requests that are served in this DRAM element per memory cycle for level _0_0_2
         ramulator.active_cycles_0_0_2_0              160586                                      # Total active cycles for level _0_0_2_0
           ramulator.busy_cycles_0_0_2_0              160586                                      # (All-bank refresh only. busy cycles only include refresh time in rank level) The sum of cycles that the DRAM part is active or under refresh for level _0_0_2_0
      ramulator.serving_requests_0_0_2_0              189150                                      # The sum of read and write requests that are served in this DRAM element per memory cycle for level _0_0_2_0
ramulator.average_serving_requests_0_0_2_0            0.051259                                      # The average of read and write requests that are served in this DRAM element per memory cycle for level _0_0_2_0
         ramulator.active_cycles_0_0_2_1              392637                                      # Total active cycles for level _0_0_2_1
           ramulator.busy_cycles_0_0_2_1              392637                                      # (All-bank refresh only. busy cycles only include refresh time in rank level) The sum of cycles that the DRAM part is active or under refresh for level _0_0_2_1
      ramulator.serving_requests_0_0_2_1              433146                                      # The sum of read and write requests that are served in this DRAM element per memory cycle for level _0_0_2_1
ramulator.average_serving_requests_0_0_2_1            0.117380                                      # The average of read and write requests that are served in this DRAM element per memory cycle for level _0_0_2_1
         ramulator.active_cycles_0_0_2_2               90187                                      # Total active cycles for level _0_0_2_2
           ramulator.busy_cycles_0_0_2_2               90187                                      # (All-bank refresh only. busy cycles only include refresh time in rank level) The sum of cycles that the DRAM part is active or under refresh for level _0_0_2_2
      ramulator.serving_requests_0_0_2_2              114216                                      # The sum of read and write requests that are served in this DRAM element per memory cycle for level _0_0_2_2
ramulator.average_serving_requests_0_0_2_2            0.030952                                      # The average of read and write requests that are served in this DRAM element per memory cycle for level _0_0_2_2
         ramulator.active_cycles_0_0_2_3              147317                                      # Total active cycles for level _0_0_2_3
           ramulator.busy_cycles_0_0_2_3              147317                                      # (All-bank refresh only. busy cycles only include refresh time in rank level) The sum of cycles that the DRAM part is active or under refresh for level _0_0_2_3
      ramulator.serving_requests_0_0_2_3              186644                                      # The sum of read and write requests that are served in this DRAM element per memory cycle for level _0_0_2_3
ramulator.average_serving_requests_0_0_2_3            0.050580                                      # The average of read and write requests that are served in this DRAM element per memory cycle for level _0_0_2_3
           ramulator.active_cycles_0_0_3              581694                                      # Total active cycles for level _0_0_3
             ramulator.busy_cycles_0_0_3              581694                                      # (All-bank refresh only. busy cycles only include refresh time in rank level) The sum of cycles that the DRAM part is active or under refresh for level _0_0_3
        ramulator.serving_requests_0_0_3              764855                                      # The sum of read and write requests that are served in this DRAM element per memory cycle for level _0_0_3
ramulator.average_serving_requests_0_0_3            0.207272                                      # The average of read and write requests that are served in this DRAM element per memory cycle for level _0_0_3
         ramulator.active_cycles_0_0_3_0              151035                                      # Total active cycles for level _0_0_3_0
           ramulator.busy_cycles_0_0_3_0              151035                                      # (All-bank refresh only. busy cycles only include refresh time in rank level) The sum of cycles that the DRAM part is active or under refresh for level _0_0_3_0
      ramulator.serving_requests_0_0_3_0              184731                                      # The sum of read and write requests that are served in this DRAM element per memory cycle for level _0_0_3_0
ramulator.average_serving_requests_0_0_3_0            0.050061                                      # The average of read and write requests that are served in this DRAM element per memory cycle for level _0_0_3_0
         ramulator.active_cycles_0_0_3_1              103826                                      # Total active cycles for level _0_0_3_1
           ramulator.busy_cycles_0_0_3_1              103826                                      # (All-bank refresh only. busy cycles only include refresh time in rank level) The sum of cycles that the DRAM part is active or under refresh for level _0_0_3_1
      ramulator.serving_requests_0_0_3_1              130866                                      # The sum of read and write requests that are served in this DRAM element per memory cycle for level _0_0_3_1
ramulator.average_serving_requests_0_0_3_1            0.035464                                      # The average of read and write requests that are served in this DRAM element per memory cycle for level _0_0_3_1
         ramulator.active_cycles_0_0_3_2              187842                                      # Total active cycles for level _0_0_3_2
           ramulator.busy_cycles_0_0_3_2              187842                                      # (All-bank refresh only. busy cycles only include refresh time in rank level) The sum of cycles that the DRAM part is active or under refresh for level _0_0_3_2
      ramulator.serving_requests_0_0_3_2              232607                                      # The sum of read and write requests that are served in this DRAM element per memory cycle for level _0_0_3_2
ramulator.average_serving_requests_0_0_3_2            0.063035                                      # The average of read and write requests that are served in this DRAM element per memory cycle for level _0_0_3_2
         ramulator.active_cycles_0_0_3_3              178572                                      # Total active cycles for level _0_0_3_3
           ramulator.busy_cycles_0_0_3_3              178572                                      # (All-bank refresh only. busy cycles only include refresh time in rank level) The sum of cycles that the DRAM part is active or under refresh for level _0_0_3_3
      ramulator.serving_requests_0_0_3_3              216651                                      # The sum of read and write requests that are served in this DRAM element per memory cycle for level _0_0_3_3
ramulator.average_serving_requests_0_0_3_3            0.058711                                      # The average of read and write requests that are served in this DRAM element per memory cycle for level _0_0_3_3
      ramulator.read_transaction_bytes_0             5840832                                      # The total byte of read transaction per channel
     ramulator.write_transaction_bytes_0              222656                                      # The total byte of write transaction per channel
       ramulator.row_hits_channel_0_core               69550                                      # Number of row hits per channel per core
     ramulator.row_misses_channel_0_core                5143                                      # Number of row misses per channel per core
  ramulator.row_conflicts_channel_0_core               20049                                      # Number of row conflicts per channel per core
  ramulator.read_row_hits_channel_0_core               67802                                      # Number of row hits for read requests per channel per core
                                     [0]             67802.0                                      # 
ramulator.read_row_misses_channel_0_core                4862                                      # Number of row misses for read requests per channel per core
                                     [0]              4862.0                                      # 
ramulator.read_row_conflicts_channel_0_core               18599                                      # Number of row conflicts for read requests per channel per core
                                     [0]             18599.0                                      # 
 ramulator.write_row_hits_channel_0_core                1748                                      # Number of row hits for write requests per channel per core
                                     [0]              1748.0                                      # 
ramulator.write_row_misses_channel_0_core                 281                                      # Number of row misses for write requests per channel per core
                                     [0]               281.0                                      # 
ramulator.write_row_conflicts_channel_0_core                1450                                      # Number of row conflicts for write requests per channel per core
                                     [0]              1450.0                                      # 
      ramulator.useless_activates_0_core                   1                                      # Number of useless activations. E.g, ACT -> PRE w/o RD or WR
            ramulator.read_latency_avg_0           43.181349                                      # The average memory latency cycles (in memory time domain) per request for all read requests in this channel
            ramulator.read_latency_sum_0             3944789                                      # The memory latency cycles (in memory time domain) sum for all read requests in this channel
        ramulator.req_queue_length_avg_0           14.081522                                      # Average of read and write queue length per memory cycle per channel.
        ramulator.req_queue_length_sum_0            51962323                                      # Sum of read and write queue length per memory cycle per channel.
   ramulator.read_req_queue_length_avg_0            0.966803                                      # Read queue length average per memory cycle per channel.
   ramulator.read_req_queue_length_sum_0             3567607                                      # Read queue length sum per memory cycle per channel.
  ramulator.write_req_queue_length_avg_0           13.114719                                      # Write queue length average per memory cycle per channel.
  ramulator.write_req_queue_length_sum_0            48394716                                      # Write queue length sum per memory cycle per channel.
              ramulator.record_read_hits                 0.0                                      # record read hit count for this core when it reaches request limit or to the end
                                     [0]                 0.0                                      # 
            ramulator.record_read_misses                 0.0                                      # record_read_miss count for this core when it reaches request limit or to the end
                                     [0]                 0.0                                      # 
         ramulator.record_read_conflicts                 0.0                                      # record read conflict count for this core when it reaches request limit or to the end
                                     [0]                 0.0                                      # 
             ramulator.record_write_hits                 0.0                                      # record write hit count for this core when it reaches request limit or to the end
                                     [0]                 0.0                                      # 
           ramulator.record_write_misses                 0.0                                      # record write miss count for this core when it reaches request limit or to the end
                                     [0]                 0.0                                      # 
        ramulator.record_write_conflicts                 0.0                                      # record write conflict for this core when it reaches request limit or to the end
                                     [0]                 0.0                                      # 
                 ramulator.dram_capacity          8589934592                                      # Number of bytes in simulated DRAM
                   ramulator.dram_cycles             3690107                                      # Number of DRAM cycles simulated
             ramulator.incoming_requests               94844                                      # Number of incoming requests to DRAM
                 ramulator.read_requests               91354                                      # Number of incoming read requests to DRAM per core
                                     [0]             91354.0                                      # 
                ramulator.write_requests                3490                                      # Number of incoming write requests to DRAM per core
                                     [0]              3490.0                                      # 
       ramulator.ramulator_active_cycles             2221164                                      # The total number of cycles that the DRAM part is active (serving R/W)
 ramulator.incoming_requests_per_channel             94844.0                                      # Number of incoming requests to each DRAM channel
                                     [0]             94844.0                                      # 
ramulator.incoming_read_reqs_per_channel             91354.0                                      # Number of incoming read requests to each DRAM channel
                                     [0]             91354.0                                      # 
     ramulator.physical_page_replacement                   0                                      # The number of times that physical page replacement happens.
             ramulator.maximum_bandwidth         19200000000                                      # The theoretical maximum bandwidth (Bps)
          ramulator.in_queue_req_num_sum            51962323                                      # Sum of read/write queue length
     ramulator.in_queue_read_req_num_sum             3567607                                      # Sum of read queue length
    ramulator.in_queue_write_req_num_sum            48394716                                      # Sum of write queue length
          ramulator.in_queue_req_num_avg           14.081522                                      # Average of read/write queue length per memory cycle
     ramulator.in_queue_read_req_num_avg            0.966803                                      # Average of read queue length per memory cycle
    ramulator.in_queue_write_req_num_avg           13.114719                                      # Average of write queue length per memory cycle
          ramulator.record_read_requests                 0.0                                      # record read requests for this core when it reaches request limit or to the end
                                     [0]                 0.0                                      # 
         ramulator.record_write_requests                 0.0                                      # record write requests for this core when it reaches request limit or to the end
                                     [0]                 0.0                                      # 
