Scarab gitrev: e8bfa19
Scarab started at Thu May  4 21:40:18 2023

Initialized Ramulator. 
** Heartbeat:   1% -- { 1000005 } -- 0.00 KIPS (250.00 KIPS)
** Heartbeat:   2% -- { 2000007 } -- 250.00 KIPS (250.00 KIPS)
** Heartbeat:   3% -- { 3000007 } -- 250.00 KIPS (250.00 KIPS)
** Heartbeat:   4% -- { 4000008 } -- 250.00 KIPS (250.00 KIPS)
** Heartbeat:   5% -- { 5000009 } -- 250.00 KIPS (250.00 KIPS)
** Heartbeat:   6% -- { 6000010 } -- 250.00 KIPS (250.00 KIPS)
** Heartbeat:   7% -- { 7000015 } -- 250.00 KIPS (250.00 KIPS)
** Heartbeat:   8% -- { 8000018 } -- 333.33 KIPS (258.07 KIPS)
** Heartbeat:   9% -- { 9000020 } -- 250.00 KIPS (257.14 KIPS)
** Heartbeat:  10% -- { 10000021 } -- 250.00 KIPS (256.41 KIPS)
** Heartbeat:  11% -- { 11000022 } -- 250.00 KIPS (255.81 KIPS)
** Heartbeat:  12% -- { 12000022 } -- 250.00 KIPS (255.32 KIPS)
** Heartbeat:  13% -- { 13000026 } -- 250.00 KIPS (254.90 KIPS)
** Heartbeat:  14% -- { 14000028 } -- 333.33 KIPS (259.26 KIPS)
** Heartbeat:  15% -- { 15000028 } -- 250.00 KIPS (258.62 KIPS)
** Heartbeat:  16% -- { 16000030 } -- 250.00 KIPS (258.06 KIPS)
** Heartbeat:  17% -- { 17000034 } -- 250.00 KIPS (257.58 KIPS)
** Heartbeat:  18% -- { 18000039 } -- 333.33 KIPS (260.87 KIPS)
** Heartbeat:  19% -- { 19000041 } -- 250.00 KIPS (260.27 KIPS)
** Heartbeat:  20% -- { 20000042 } -- 250.00 KIPS (259.74 KIPS)
** Heartbeat:  21% -- { 21000043 } -- 250.00 KIPS (259.26 KIPS)
** Heartbeat:  22% -- { 22000047 } -- 250.00 KIPS (258.82 KIPS)
** Heartbeat:  23% -- { 23000049 } -- 250.00 KIPS (258.43 KIPS)
** Heartbeat:  24% -- { 24000049 } -- 333.33 KIPS (260.87 KIPS)
** Heartbeat:  25% -- { 25000051 } -- 250.00 KIPS (260.42 KIPS)
** Heartbeat:  26% -- { 26000053 } -- 250.00 KIPS (260.00 KIPS)
** Heartbeat:  27% -- { 27000058 } -- 250.00 KIPS (259.62 KIPS)
** Heartbeat:  28% -- { 28000058 } -- 250.00 KIPS (259.26 KIPS)
** Heartbeat:  29% -- { 29000058 } -- 250.00 KIPS (258.93 KIPS)
** Heartbeat:  30% -- { 30000060 } -- 333.33 KIPS (260.87 KIPS)
** Heartbeat:  31% -- { 31000060 } -- 250.00 KIPS (260.50 KIPS)
** Heartbeat:  32% -- { 32000062 } -- 250.00 KIPS (260.16 KIPS)
** Heartbeat:  33% -- { 33000063 } -- 250.00 KIPS (259.84 KIPS)
** Heartbeat:  34% -- { 34000066 } -- 250.00 KIPS (259.54 KIPS)
** Heartbeat:  35% -- { 35000066 } -- 250.00 KIPS (259.26 KIPS)
** Heartbeat:  36% -- { 36000066 } -- 250.00 KIPS (258.99 KIPS)
** Heartbeat:  37% -- { 37000067 } -- 250.00 KIPS (258.74 KIPS)
** Heartbeat:  38% -- { 38000069 } -- 333.33 KIPS (260.27 KIPS)
** Heartbeat:  39% -- { 39000069 } -- 250.00 KIPS (260.00 KIPS)
** Heartbeat:  40% -- { 40000069 } -- 250.00 KIPS (259.74 KIPS)
** Heartbeat:  41% -- { 41000071 } -- 250.00 KIPS (259.49 KIPS)
** Heartbeat:  42% -- { 42000072 } -- 250.00 KIPS (259.26 KIPS)
** Heartbeat:  43% -- { 43000072 } -- 250.00 KIPS (259.04 KIPS)
** Heartbeat:  44% -- { 44000074 } -- 250.00 KIPS (258.82 KIPS)
** Heartbeat:  45% -- { 45000077 } -- 250.00 KIPS (258.62 KIPS)
** Heartbeat:  46% -- { 46000079 } -- 250.00 KIPS (258.43 KIPS)
** Heartbeat:  47% -- { 47000079 } -- 250.00 KIPS (258.24 KIPS)
** Heartbeat:  48% -- { 48000083 } -- 250.00 KIPS (258.06 KIPS)
** Heartbeat:  49% -- { 49000086 } -- 250.00 KIPS (257.90 KIPS)
** Heartbeat:  50% -- { 50000086 } -- 250.00 KIPS (257.73 KIPS)
** Heartbeat:  51% -- { 51000086 } -- 333.33 KIPS (258.88 KIPS)
** Heartbeat:  52% -- { 52000086 } -- 250.00 KIPS (258.71 KIPS)
** Heartbeat:  53% -- { 53000090 } -- 250.00 KIPS (258.54 KIPS)
** Heartbeat:  54% -- { 54000090 } -- 250.00 KIPS (258.37 KIPS)
** Heartbeat:  55% -- { 55000090 } -- 250.00 KIPS (258.22 KIPS)
** Heartbeat:  56% -- { 56000090 } -- 250.00 KIPS (258.06 KIPS)
** Heartbeat:  57% -- { 57000095 } -- 250.00 KIPS (257.92 KIPS)
** Heartbeat:  58% -- { 58000099 } -- 333.33 KIPS (258.93 KIPS)
** Heartbeat:  59% -- { 59000099 } -- 250.00 KIPS (258.77 KIPS)
** Heartbeat:  60% -- { 60000100 } -- 250.00 KIPS (258.62 KIPS)
** Heartbeat:  61% -- { 61000102 } -- 250.00 KIPS (258.48 KIPS)
** Heartbeat:  62% -- { 62000102 } -- 250.00 KIPS (258.33 KIPS)
** Heartbeat:  63% -- { 63000103 } -- 250.00 KIPS (258.20 KIPS)
** Heartbeat:  64% -- { 64000106 } -- 333.33 KIPS (259.11 KIPS)
** Heartbeat:  65% -- { 65000108 } -- 250.00 KIPS (258.96 KIPS)
** Heartbeat:  66% -- { 66000109 } -- 250.00 KIPS (258.82 KIPS)
** Heartbeat:  67% -- { 67000111 } -- 250.00 KIPS (258.69 KIPS)
** Heartbeat:  68% -- { 68000114 } -- 250.00 KIPS (258.56 KIPS)
** Heartbeat:  69% -- { 69000114 } -- 333.33 KIPS (259.40 KIPS)
** Heartbeat:  70% -- { 70000114 } -- 250.00 KIPS (259.26 KIPS)
** Heartbeat:  71% -- { 71000115 } -- 250.00 KIPS (259.12 KIPS)
** Heartbeat:  72% -- { 72000116 } -- 333.33 KIPS (259.93 KIPS)
** Heartbeat:  73% -- { 73000120 } -- 250.00 KIPS (259.79 KIPS)
** Heartbeat:  74% -- { 74000122 } -- 250.00 KIPS (259.65 KIPS)
** Heartbeat:  75% -- { 75000122 } -- 250.00 KIPS (259.52 KIPS)
** Heartbeat:  76% -- { 76000123 } -- 250.00 KIPS (259.39 KIPS)
** Heartbeat:  77% -- { 77000127 } -- 333.33 KIPS (260.14 KIPS)
** Heartbeat:  78% -- { 78000129 } -- 250.00 KIPS (260.00 KIPS)
** Heartbeat:  79% -- { 79000130 } -- 250.00 KIPS (259.87 KIPS)
** Heartbeat:  80% -- { 80000133 } -- 250.00 KIPS (259.74 KIPS)
** Heartbeat:  81% -- { 81000138 } -- 333.33 KIPS (260.45 KIPS)
** Heartbeat:  82% -- { 82000138 } -- 250.00 KIPS (260.32 KIPS)
** Heartbeat:  83% -- { 83000138 } -- 333.33 KIPS (261.01 KIPS)
** Heartbeat:  84% -- { 84000143 } -- 250.00 KIPS (260.87 KIPS)
** Heartbeat:  85% -- { 85000143 } -- 250.00 KIPS (260.74 KIPS)
** Heartbeat:  86% -- { 86000143 } -- 250.00 KIPS (260.61 KIPS)
** Heartbeat:  87% -- { 87000145 } -- 250.00 KIPS (260.48 KIPS)
** Heartbeat:  88% -- { 88000146 } -- 333.33 KIPS (261.13 KIPS)
** Heartbeat:  89% -- { 89000150 } -- 333.33 KIPS (261.77 KIPS)
** Heartbeat:  90% -- { 90000150 } -- 500.00 KIPS (263.16 KIPS)
** Heartbeat:  91% -- { 91000150 } -- 333.33 KIPS (263.77 KIPS)
** Heartbeat:  92% -- { 92000150 } -- 500.00 KIPS (265.13 KIPS)
** Heartbeat:  93% -- { 93000153 } -- 500.00 KIPS (266.48 KIPS)
** Heartbeat:  94% -- { 94000155 } -- 333.33 KIPS (267.05 KIPS)
** Heartbeat:  95% -- { 95000156 } -- 500.00 KIPS (268.36 KIPS)
** Heartbeat:  96% -- { 96000157 } -- 500.00 KIPS (269.66 KIPS)
** Heartbeat:  97% -- { 97000160 } -- 500.00 KIPS (270.95 KIPS)
** Heartbeat:  98% -- { 98000161 } -- 333.33 KIPS (271.47 KIPS)
** Heartbeat:  99% -- { 99000161 } -- 500.00 KIPS (272.73 KIPS)
** Core 0 Finished:    insts:100000000   cycles:98582587    time:30807058437500      -- 1.01 IPC (1.01 IPC) --  N/A  KIPS (273.97 KIPS)
done
Scarab finished at Thu May  4 21:46:23 2023

