Scarab gitrev: 8e47791
Scarab started at Sat May 20 05:54:04 2023

Initialized Ramulator. 
** Heartbeat:   1% -- { 1000000 } -- 0.00 KIPS (333.33 KIPS)
** Heartbeat:   2% -- { 2000001 } -- 500.00 KIPS (400.00 KIPS)
** Heartbeat:   3% -- { 3000006 } -- 333.33 KIPS (375.00 KIPS)
** Heartbeat:   4% -- { 4000007 } -- 500.00 KIPS (400.00 KIPS)
** Heartbeat:   5% -- { 5000012 } -- 333.33 KIPS (384.62 KIPS)
** Heartbeat:   6% -- { 6000015 } -- 500.00 KIPS (400.00 KIPS)
** Heartbeat:   7% -- { 7000015 } -- 333.33 KIPS (388.89 KIPS)
** Heartbeat:   8% -- { 8000018 } -- 500.00 KIPS (400.00 KIPS)
** Heartbeat:   9% -- { 9000021 } -- 500.00 KIPS (409.09 KIPS)
** Heartbeat:  10% -- { 10000025 } -- 500.00 KIPS (416.67 KIPS)
** Heartbeat:  11% -- { 11000030 } -- 500.00 KIPS (423.08 KIPS)
** Heartbeat:  12% -- { 12000034 } -- 333.33 KIPS (413.79 KIPS)
** Heartbeat:  13% -- { 13000035 } -- 500.00 KIPS (419.36 KIPS)
** Heartbeat:  14% -- { 14000035 } -- 500.00 KIPS (424.24 KIPS)
** Heartbeat:  15% -- { 15000035 } -- 500.00 KIPS (428.57 KIPS)
** Heartbeat:  16% -- { 16000036 } -- 250.00 KIPS (410.26 KIPS)
** Heartbeat:  17% -- { 17000036 } -- 333.33 KIPS (404.76 KIPS)
** Heartbeat:  18% -- { 18000040 } -- 250.00 KIPS (391.31 KIPS)
** Heartbeat:  19% -- { 19000043 } -- 500.00 KIPS (395.83 KIPS)
** Heartbeat:  20% -- { 20000045 } -- 500.00 KIPS (400.00 KIPS)
** Heartbeat:  21% -- { 21000047 } -- 333.33 KIPS (396.23 KIPS)
** Heartbeat:  22% -- { 22000047 } -- 500.00 KIPS (400.00 KIPS)
** Heartbeat:  23% -- { 23000047 } -- 500.00 KIPS (403.51 KIPS)
** Heartbeat:  24% -- { 24000048 } -- 500.00 KIPS (406.78 KIPS)
** Heartbeat:  25% -- { 25000048 } -- 333.33 KIPS (403.23 KIPS)
** Heartbeat:  26% -- { 26000048 } -- 333.33 KIPS (400.00 KIPS)
** Heartbeat:  27% -- { 27000048 } -- 500.00 KIPS (402.99 KIPS)
** Heartbeat:  28% -- { 28000050 } -- 500.00 KIPS (405.80 KIPS)
** Heartbeat:  29% -- { 29000052 } -- 500.00 KIPS (408.45 KIPS)
** Heartbeat:  30% -- { 30000054 } -- 500.00 KIPS (410.96 KIPS)
** Heartbeat:  31% -- { 31000057 } -- 333.33 KIPS (407.90 KIPS)
** Heartbeat:  32% -- { 32000061 } -- 500.00 KIPS (410.26 KIPS)
** Heartbeat:  33% -- { 33000063 } -- 500.00 KIPS (412.50 KIPS)
** Heartbeat:  34% -- { 34000065 } -- 500.00 KIPS (414.63 KIPS)
** Heartbeat:  35% -- { 35000066 } -- 500.00 KIPS (416.67 KIPS)
** Heartbeat:  36% -- { 36000066 } -- 333.33 KIPS (413.79 KIPS)
** Heartbeat:  37% -- { 37000066 } -- 500.00 KIPS (415.73 KIPS)
** Heartbeat:  38% -- { 38000067 } -- 500.00 KIPS (417.58 KIPS)
** Heartbeat:  39% -- { 39000069 } -- 500.00 KIPS (419.36 KIPS)
** Heartbeat:  40% -- { 40000071 } -- 333.33 KIPS (416.67 KIPS)
** Heartbeat:  41% -- { 41000071 } -- 333.33 KIPS (414.14 KIPS)
** Heartbeat:  42% -- { 42000071 } -- 333.33 KIPS (411.77 KIPS)
** Heartbeat:  43% -- { 43000075 } -- 333.33 KIPS (409.52 KIPS)
** Heartbeat:  44% -- { 44000075 } -- 250.00 KIPS (403.67 KIPS)
** Heartbeat:  45% -- { 45000075 } -- 333.33 KIPS (401.79 KIPS)
** Heartbeat:  46% -- { 46000079 } -- 333.33 KIPS (400.00 KIPS)
** Heartbeat:  47% -- { 47000080 } -- 500.00 KIPS (401.71 KIPS)
** Heartbeat:  48% -- { 48000080 } -- 500.00 KIPS (403.36 KIPS)
** Heartbeat:  49% -- { 49000080 } -- 500.00 KIPS (404.96 KIPS)
** Heartbeat:  50% -- { 50000080 } -- 500.00 KIPS (406.50 KIPS)
** Heartbeat:  51% -- { 51000083 } -- 333.33 KIPS (404.76 KIPS)
** Heartbeat:  52% -- { 52000084 } -- 500.00 KIPS (406.25 KIPS)
** Heartbeat:  53% -- { 53000084 } -- 500.00 KIPS (407.69 KIPS)
** Heartbeat:  54% -- { 54000084 } -- 500.00 KIPS (409.09 KIPS)
** Heartbeat:  55% -- { 55000087 } -- 500.00 KIPS (410.45 KIPS)
** Heartbeat:  56% -- { 56000088 } -- 333.33 KIPS (408.76 KIPS)
** Heartbeat:  57% -- { 57000089 } -- 500.00 KIPS (410.07 KIPS)
** Heartbeat:  58% -- { 58000092 } -- 500.00 KIPS (411.35 KIPS)
** Heartbeat:  59% -- { 59000096 } -- 500.00 KIPS (412.59 KIPS)
** Heartbeat:  60% -- { 60000096 } -- 333.33 KIPS (410.96 KIPS)
** Heartbeat:  61% -- { 61000096 } -- 500.00 KIPS (412.16 KIPS)
** Heartbeat:  62% -- { 62000096 } -- 333.33 KIPS (410.60 KIPS)
** Heartbeat:  63% -- { 63000096 } -- 333.33 KIPS (409.09 KIPS)
** Heartbeat:  64% -- { 64000096 } -- 500.00 KIPS (410.26 KIPS)
** Heartbeat:  65% -- { 65000096 } -- 500.00 KIPS (411.39 KIPS)
** Heartbeat:  66% -- { 66000096 } -- 500.00 KIPS (412.50 KIPS)
** Heartbeat:  67% -- { 67000098 } -- 500.00 KIPS (413.58 KIPS)
** Heartbeat:  68% -- { 68000100 } -- 333.33 KIPS (412.12 KIPS)
** Heartbeat:  69% -- { 69000101 } -- 500.00 KIPS (413.17 KIPS)
** Heartbeat:  70% -- { 70000101 } -- 500.00 KIPS (414.20 KIPS)
** Heartbeat:  71% -- { 71000103 } -- 333.33 KIPS (412.79 KIPS)
** Heartbeat:  72% -- { 72000105 } -- 500.00 KIPS (413.79 KIPS)
** Heartbeat:  73% -- { 73000110 } -- 333.33 KIPS (412.43 KIPS)
** Heartbeat:  74% -- { 74000115 } -- 500.00 KIPS (413.41 KIPS)
** Heartbeat:  75% -- { 75000118 } -- 500.00 KIPS (414.37 KIPS)
** Heartbeat:  76% -- { 76000118 } -- 500.00 KIPS (415.30 KIPS)
** Heartbeat:  77% -- { 77000118 } -- 333.33 KIPS (413.98 KIPS)
** Heartbeat:  78% -- { 78000119 } -- 333.33 KIPS (412.70 KIPS)
** Heartbeat:  79% -- { 79000120 } -- 333.33 KIPS (411.46 KIPS)
** Heartbeat:  80% -- { 80000121 } -- 250.00 KIPS (408.16 KIPS)
** Heartbeat:  81% -- { 81000123 } -- 333.33 KIPS (407.04 KIPS)
** Heartbeat:  82% -- { 82000123 } -- 333.33 KIPS (405.94 KIPS)
** Heartbeat:  83% -- { 83000123 } -- 333.33 KIPS (404.88 KIPS)
** Heartbeat:  84% -- { 84000123 } -- 250.00 KIPS (401.91 KIPS)
** Heartbeat:  85% -- { 85000124 } -- 333.33 KIPS (400.94 KIPS)
** Heartbeat:  86% -- { 86000124 } -- 333.33 KIPS (400.00 KIPS)
** Heartbeat:  87% -- { 87000129 } -- 250.00 KIPS (397.26 KIPS)
** Heartbeat:  88% -- { 88000129 } -- 333.33 KIPS (396.40 KIPS)
** Heartbeat:  89% -- { 89000130 } -- 333.33 KIPS (395.56 KIPS)
** Heartbeat:  90% -- { 90000133 } -- 250.00 KIPS (393.01 KIPS)
** Heartbeat:  91% -- { 91000135 } -- 333.33 KIPS (392.24 KIPS)
** Heartbeat:  92% -- { 92000137 } -- 333.33 KIPS (391.49 KIPS)
** Heartbeat:  93% -- { 93000138 } -- 250.00 KIPS (389.12 KIPS)
** Heartbeat:  94% -- { 94000138 } -- 333.33 KIPS (388.43 KIPS)
** Heartbeat:  95% -- { 95000139 } -- 333.33 KIPS (387.76 KIPS)
** Heartbeat:  96% -- { 96000140 } -- 250.00 KIPS (385.54 KIPS)
** Heartbeat:  97% -- { 97000140 } -- 333.33 KIPS (384.92 KIPS)
** Heartbeat:  98% -- { 98000144 } -- 333.33 KIPS (384.31 KIPS)
** Heartbeat:  99% -- { 99000147 } -- 333.33 KIPS (383.72 KIPS)
** Core 0 Finished:    insts:100000003   cycles:62335748    time:19479921250000      -- 1.60 IPC (1.60 IPC) --  N/A  KIPS (381.68 KIPS)
done
Scarab finished at Sat May 20 05:58:26 2023

