Scarab gitrev: 7ab9e17
Scarab started at Sun Jun 11 08:08:38 2023

Initialized Ramulator. 
** Heartbeat:   1% -- { 1000004 } -- 0.00 KIPS (333.33 KIPS)
** Heartbeat:   2% -- { 2000005 } -- 500.00 KIPS (400.00 KIPS)
** Heartbeat:   3% -- { 3000005 } -- 500.00 KIPS (428.57 KIPS)
** Heartbeat:   4% -- { 4000008 } -- 333.33 KIPS (400.00 KIPS)
** Heartbeat:   5% -- { 5000011 } -- 500.00 KIPS (416.67 KIPS)
** Heartbeat:   6% -- { 6000011 } -- 500.00 KIPS (428.57 KIPS)
** Heartbeat:   7% -- { 7000013 } -- 333.33 KIPS (411.77 KIPS)
** Heartbeat:   8% -- { 8000014 } -- 500.00 KIPS (421.05 KIPS)
** Heartbeat:   9% -- { 9000014 } -- 500.00 KIPS (428.57 KIPS)
** Heartbeat:  10% -- { 10000019 } -- 333.33 KIPS (416.67 KIPS)
** Heartbeat:  11% -- { 11000024 } -- 500.00 KIPS (423.08 KIPS)
** Heartbeat:  12% -- { 12000024 } -- 500.00 KIPS (428.57 KIPS)
** Heartbeat:  13% -- { 13000024 } -- 333.33 KIPS (419.36 KIPS)
** Heartbeat:  14% -- { 14000029 } -- 500.00 KIPS (424.24 KIPS)
** Heartbeat:  15% -- { 15000034 } -- 500.00 KIPS (428.57 KIPS)
** Heartbeat:  16% -- { 16000036 } -- 500.00 KIPS (432.43 KIPS)
** Heartbeat:  17% -- { 17000037 } -- 333.33 KIPS (425.00 KIPS)
** Heartbeat:  18% -- { 18000042 } -- 500.00 KIPS (428.57 KIPS)
** Heartbeat:  19% -- { 19000042 } -- 500.00 KIPS (431.82 KIPS)
** Heartbeat:  20% -- { 20000045 } -- 333.33 KIPS (425.53 KIPS)
** Heartbeat:  21% -- { 21000046 } -- 500.00 KIPS (428.57 KIPS)
** Heartbeat:  22% -- { 22000046 } -- 333.33 KIPS (423.08 KIPS)
** Heartbeat:  23% -- { 23000049 } -- 500.00 KIPS (425.93 KIPS)
** Heartbeat:  24% -- { 24000052 } -- 500.00 KIPS (428.57 KIPS)
** Heartbeat:  25% -- { 25000053 } -- 333.33 KIPS (423.73 KIPS)
** Heartbeat:  26% -- { 26000053 } -- 500.00 KIPS (426.23 KIPS)
** Heartbeat:  27% -- { 27000056 } -- 500.00 KIPS (428.57 KIPS)
** Heartbeat:  28% -- { 28000056 } -- 333.33 KIPS (424.24 KIPS)
** Heartbeat:  29% -- { 29000056 } -- 500.00 KIPS (426.47 KIPS)
** Heartbeat:  30% -- { 30000056 } -- 333.33 KIPS (422.54 KIPS)
** Heartbeat:  31% -- { 31000057 } -- 500.00 KIPS (424.66 KIPS)
** Heartbeat:  32% -- { 32000057 } -- 500.00 KIPS (426.67 KIPS)
** Heartbeat:  33% -- { 33000058 } -- 333.33 KIPS (423.08 KIPS)
** Heartbeat:  34% -- { 34000058 } -- 500.00 KIPS (425.00 KIPS)
** Heartbeat:  35% -- { 35000058 } -- 500.00 KIPS (426.83 KIPS)
** Heartbeat:  36% -- { 36000058 } -- 333.33 KIPS (423.53 KIPS)
** Heartbeat:  37% -- { 37000061 } -- 500.00 KIPS (425.29 KIPS)
** Heartbeat:  38% -- { 38000064 } -- 333.33 KIPS (422.22 KIPS)
** Heartbeat:  39% -- { 39000064 } -- 500.00 KIPS (423.91 KIPS)
** Heartbeat:  40% -- { 40000065 } -- 500.00 KIPS (425.53 KIPS)
** Heartbeat:  41% -- { 41000067 } -- 333.33 KIPS (422.68 KIPS)
** Heartbeat:  42% -- { 42000067 } -- 500.00 KIPS (424.24 KIPS)
** Heartbeat:  43% -- { 43000068 } -- 500.00 KIPS (425.74 KIPS)
** Heartbeat:  44% -- { 44000068 } -- 333.33 KIPS (423.08 KIPS)
** Heartbeat:  45% -- { 45000069 } -- 500.00 KIPS (424.53 KIPS)
** Heartbeat:  46% -- { 46000069 } -- 333.33 KIPS (422.02 KIPS)
** Heartbeat:  47% -- { 47000069 } -- 500.00 KIPS (423.42 KIPS)
** Heartbeat:  48% -- { 48000070 } -- 500.00 KIPS (424.78 KIPS)
** Heartbeat:  49% -- { 49000072 } -- 333.33 KIPS (422.41 KIPS)
** Heartbeat:  50% -- { 50000073 } -- 500.00 KIPS (423.73 KIPS)
** Heartbeat:  51% -- { 51000075 } -- 500.00 KIPS (425.00 KIPS)
** Heartbeat:  52% -- { 52000077 } -- 333.33 KIPS (422.76 KIPS)
** Heartbeat:  53% -- { 53000077 } -- 500.00 KIPS (424.00 KIPS)
** Heartbeat:  54% -- { 54000077 } -- 500.00 KIPS (425.20 KIPS)
** Heartbeat:  55% -- { 55000080 } -- 333.33 KIPS (423.08 KIPS)
** Heartbeat:  56% -- { 56000082 } -- 500.00 KIPS (424.24 KIPS)
** Heartbeat:  57% -- { 57000083 } -- 500.00 KIPS (425.37 KIPS)
** Heartbeat:  58% -- { 58000086 } -- 333.33 KIPS (423.36 KIPS)
** Heartbeat:  59% -- { 59000091 } -- 500.00 KIPS (424.46 KIPS)
** Heartbeat:  60% -- { 60000091 } -- 500.00 KIPS (425.53 KIPS)
** Heartbeat:  61% -- { 61000093 } -- 333.33 KIPS (423.61 KIPS)
** Heartbeat:  62% -- { 62000093 } -- 500.00 KIPS (424.66 KIPS)
** Heartbeat:  63% -- { 63000093 } -- 500.00 KIPS (425.68 KIPS)
** Heartbeat:  64% -- { 64000093 } -- 333.33 KIPS (423.84 KIPS)
** Heartbeat:  65% -- { 65000093 } -- 500.00 KIPS (424.84 KIPS)
** Heartbeat:  66% -- { 66000093 } -- 333.33 KIPS (423.08 KIPS)
** Heartbeat:  67% -- { 67000093 } -- 500.00 KIPS (424.05 KIPS)
** Heartbeat:  68% -- { 68000094 } -- 500.00 KIPS (425.00 KIPS)
** Heartbeat:  69% -- { 69000095 } -- 333.33 KIPS (423.31 KIPS)
** Heartbeat:  70% -- { 70000095 } -- 500.00 KIPS (424.24 KIPS)
** Heartbeat:  71% -- { 71000098 } -- 500.00 KIPS (425.15 KIPS)
** Heartbeat:  72% -- { 72000102 } -- 333.33 KIPS (423.53 KIPS)
** Heartbeat:  73% -- { 73000105 } -- 500.00 KIPS (424.42 KIPS)
** Heartbeat:  74% -- { 74000106 } -- 333.33 KIPS (422.86 KIPS)
** Heartbeat:  75% -- { 75000109 } -- 500.00 KIPS (423.73 KIPS)
** Heartbeat:  76% -- { 76000112 } -- 500.00 KIPS (424.58 KIPS)
** Heartbeat:  77% -- { 77000115 } -- 333.33 KIPS (423.08 KIPS)
** Heartbeat:  78% -- { 78000116 } -- 500.00 KIPS (423.91 KIPS)
** Heartbeat:  79% -- { 79000118 } -- 500.00 KIPS (424.73 KIPS)
** Heartbeat:  80% -- { 80000118 } -- 333.33 KIPS (423.28 KIPS)
** Heartbeat:  81% -- { 81000118 } -- 500.00 KIPS (424.08 KIPS)
** Heartbeat:  82% -- { 82000118 } -- 500.00 KIPS (424.87 KIPS)
** Heartbeat:  83% -- { 83000120 } -- 500.00 KIPS (425.64 KIPS)
** Heartbeat:  84% -- { 84000121 } -- 333.33 KIPS (424.24 KIPS)
** Heartbeat:  85% -- { 85000122 } -- 500.00 KIPS (425.00 KIPS)
** Heartbeat:  86% -- { 86000122 } -- 500.00 KIPS (425.74 KIPS)
** Heartbeat:  87% -- { 87000123 } -- 500.00 KIPS (426.47 KIPS)
** Heartbeat:  88% -- { 88000128 } -- 500.00 KIPS (427.19 KIPS)
** Heartbeat:  89% -- { 89000130 } -- 333.33 KIPS (425.84 KIPS)
** Heartbeat:  90% -- { 90000130 } -- 500.00 KIPS (426.54 KIPS)
** Heartbeat:  91% -- { 91000130 } -- 500.00 KIPS (427.23 KIPS)
** Heartbeat:  92% -- { 92000132 } -- 500.00 KIPS (427.91 KIPS)
** Heartbeat:  93% -- { 93000136 } -- 500.00 KIPS (428.57 KIPS)
** Heartbeat:  94% -- { 94000140 } -- 333.33 KIPS (427.27 KIPS)
** Heartbeat:  95% -- { 95000143 } -- 500.00 KIPS (427.93 KIPS)
** Heartbeat:  96% -- { 96000143 } -- 500.00 KIPS (428.57 KIPS)
** Heartbeat:  97% -- { 97000146 } -- 500.00 KIPS (429.20 KIPS)
** Heartbeat:  98% -- { 98000148 } -- 333.33 KIPS (427.95 KIPS)
** Heartbeat:  99% -- { 99000150 } -- 500.00 KIPS (428.57 KIPS)
** Core 0 Finished:    insts:100000000   cycles:80868545    time:25271420312500      -- 1.24 IPC (1.24 IPC) --  N/A  KIPS (429.18 KIPS)
done
Scarab finished at Sun Jun 11 08:12:31 2023

