/* -*- Mode: c -*- */
####################################################################################################
Core 0
####################################################################################################
Cumulative:        Cycles: 120795065             Instructions: 100000002             IPC: 0.82785

PREF_DL0REQ_QUEUE_HIT_BY_DEMAND                      0                              0              

PREF_UMLC_REQ_QUEUE_HIT_BY_DEMAND                    0                              0              

PREF_UL1REQ_QUEUE_HIT_BY_DEMAND                      0                              0              

PREF_DL0REQ_QUEUE_FULL                               0                              0              

PREF_UMLC_REQ_QUEUE_FULL                             0                              0              

PREF_UL1REQ_QUEUE_FULL                              30                             30              

PREF_DC_HIT_NOSEND                                   0                              0              

PREF_WBQDC_HIT_NOSEND                                0                              0              

PREF_MLCQ_STALL                                      0                              0              

PREF_L1Q_STALL                                       0                              0              

PREF_UMLC_REQ_SEND_QUEUE_STALL                       0                              0              

PREF_UL1REQ_SEND_QUEUE_STALL                  14121293                       14121293              

PREF_UMLC_REQ_QUEUE_SENTREQ                          0                              0              

PREF_UL1REQ_QUEUE_SENTREQ                      2708036                        2708036              

PREF_NEWREQ_MATCHED                               2898                           2898              

PREF_UMLC_REQ_QUEUE_MATCHED_REQ                      0                              0              

PREF_UL1REQ_QUEUE_MATCHED_REQ                    41649                          41649              

PREF_DL0REQ_QUEUE_MATCHED_REQ                        0                              0              

L1_PREF_HIT                                    2386952                        2386952              

L1_PREF_UNIQUE_HIT                             1685960                        1685960              

L1_PREF_LATE                                     13909                          13909              

L1_LATE_PREF_CYCLES                            4074658                        4074658              

L1_LATE_PREF_CYCLES_DIST_0                        4511       32.432%             4511       32.432%
L1_LATE_PREF_CYCLES_DIST_100                      1945       13.984%             1945       13.984%
L1_LATE_PREF_CYCLES_DIST_200                      1528       10.986%             1528       10.986%
L1_LATE_PREF_CYCLES_DIST_300                      1910       13.732%             1910       13.732%
L1_LATE_PREF_CYCLES_DIST_400                      1732       12.452%             1732       12.452%
L1_LATE_PREF_CYCLES_DIST_500                       862        6.197%              862        6.197%
L1_LATE_PREF_CYCLES_DIST_600                       473        3.401%              473        3.401%
L1_LATE_PREF_CYCLES_DIST_700                       194        1.395%              194        1.395%
L1_LATE_PREF_CYCLES_DIST_800                       198        1.424%              198        1.424%
L1_LATE_PREF_CYCLES_DIST_900                       107        0.769%              107        0.769%
L1_LATE_PREF_CYCLES_DIST_1000                       94        0.676%               94        0.676%
L1_LATE_PREF_CYCLES_DIST_1100                       29        0.208%               29        0.208%
L1_LATE_PREF_CYCLES_DIST_1200                       37        0.266%               37        0.266%
L1_LATE_PREF_CYCLES_DIST_1300                       41        0.295%               41        0.295%
L1_LATE_PREF_CYCLES_DIST_1400                       39        0.280%               39        0.280%
L1_LATE_PREF_CYCLES_DIST_1500                       45        0.324%               45        0.324%
L1_LATE_PREF_CYCLES_DIST_1600                       89        0.640%               89        0.640%
L1_LATE_PREF_CYCLES_DIST_1700                       43        0.309%               43        0.309%
L1_LATE_PREF_CYCLES_DIST_1800                       12        0.086%               12        0.086%
L1_LATE_PREF_CYCLES_DIST_1900                        1        0.007%                1        0.007%
L1_LATE_PREF_CYCLES_DIST_2000                       19        0.137%               19        0.137%
                                                 13909      100.000%            13909      100.000%
                                                  2.51         2.63              2.51         2.63

MLC_PREF_HIT                                         0                              0              

MLC_PREF_UNIQUE_HIT                                  0                              0              

MLC_PREF_LATE                                        0                              0              

PREF_HYBRID_SEL_0                                    0         -nan%                0         -nan%
PREF_HYBRID_SEL_1                                    0         -nan%                0         -nan%
PREF_HYBRID_SEL_2                                    0         -nan%                0         -nan%
PREF_HYBRID_SEL_3                                    0         -nan%                0         -nan%
PREF_HYBRID_SEL_4                                    0         -nan%                0         -nan%
PREF_HYBRID_SEL_5                                    0         -nan%                0         -nan%
PREF_HYBRID_SEL_6                                    0         -nan%                0         -nan%
                                                     0         -nan%                0         -nan%
                                                  -nan         -nan              -nan         -nan

PREF_DISTANCE_1                                      0        0.000%                0        0.000%
PREF_DISTANCE_2                                      0        0.000%                0        0.000%
PREF_DISTANCE_3                                      0        0.000%                0        0.000%
PREF_DISTANCE_4                                      1        0.244%                1        0.244%
PREF_DISTANCE_5                                    409       99.756%              409       99.756%
PREF_DISTANCE_6                                      0        0.000%                0        0.000%
PREF_DISTANCE_7                                      0        0.000%                0        0.000%
PREF_DISTANCE_8                                      0        0.000%                0        0.000%
PREF_DISTANCE_9                                      0        0.000%                0        0.000%
PREF_DISTANCE_10                                     0        0.000%                0        0.000%
                                                   410      100.000%              410      100.000%
                                                  4.00         0.05              4.00         0.05

PREF_REPL_MRU                                        0         -nan%                0         -nan%
PREF_REPL_MID                                        0         -nan%                0         -nan%
PREF_REPL_LOWQTR                                     0         -nan%                0         -nan%
PREF_REPL_LRU                                        0         -nan%                0         -nan%
                                                     0         -nan%                0         -nan%
                                                  -nan         -nan              -nan         -nan

PREF_REPL_MOVEDOWN                                   0         -nan%                0         -nan%
PREF_REPL_MOVEUP                                     0         -nan%                0         -nan%
                                                     0         -nan%                0         -nan%
                                                  -nan         -nan              -nan         -nan

PREF_COV_1                                           0         -nan%                0         -nan%
PREF_COV_2                                           0         -nan%                0         -nan%
PREF_COV_3                                           0         -nan%                0         -nan%
PREF_COV_4                                           0         -nan%                0         -nan%
PREF_COV_5                                           0         -nan%                0         -nan%
PREF_COV_6                                           0         -nan%                0         -nan%
PREF_COV_7                                           0         -nan%                0         -nan%
PREF_COV_8                                           0         -nan%                0         -nan%
PREF_COV_9                                           0         -nan%                0         -nan%
PREF_COV_10                                          0         -nan%                0         -nan%
                                                     0         -nan%                0         -nan%
                                                  -nan         -nan              -nan         -nan

PREF_POL_1                                           0        0.000%                0        0.000%
PREF_POL_2                                           0        0.000%                0        0.000%
PREF_POL_3                                           0        0.000%                0        0.000%
PREF_POL_4                                           0        0.000%                0        0.000%
PREF_POL_5                                           0        0.000%                0        0.000%
PREF_POL_6                                           0        0.000%                0        0.000%
PREF_POL_7                                           0        0.000%                0        0.000%
PREF_POL_8                                           0        0.000%                0        0.000%
PREF_POL_9                                           0        0.000%                0        0.000%
PREF_POL_10                                        410      100.000%              410      100.000%
                                                   410      100.000%              410      100.000%
                                                  9.00         9.01              9.00         9.01

PREF_ACC_1                                         410      100.000%              410      100.000%
PREF_ACC_2                                           0        0.000%                0        0.000%
PREF_ACC_3                                           0        0.000%                0        0.000%
PREF_ACC_4                                           0        0.000%                0        0.000%
PREF_ACC_5                                           0        0.000%                0        0.000%
PREF_ACC_6                                           0        0.000%                0        0.000%
PREF_ACC_7                                           0        0.000%                0        0.000%
PREF_ACC_8                                           0        0.000%                0        0.000%
PREF_ACC_9                                           0        0.000%                0        0.000%
PREF_ACC_10                                          0        0.000%                0        0.000%
                                                   410      100.000%              410      100.000%
                                                  0.00         0.00              0.00         0.00

PREF_TIMELY_1                                        0        0.000%                0        0.000%
PREF_TIMELY_2                                        0        0.000%                0        0.000%
PREF_TIMELY_3                                        0        0.000%                0        0.000%
PREF_TIMELY_4                                        0        0.000%                0        0.000%
PREF_TIMELY_5                                        0        0.000%                0        0.000%
PREF_TIMELY_6                                        0        0.000%                0        0.000%
PREF_TIMELY_7                                        1        0.244%                1        0.244%
PREF_TIMELY_8                                        0        0.000%                0        0.000%
PREF_TIMELY_9                                        2        0.488%                2        0.488%
PREF_TIMELY_10                                     407       99.268%              407       99.268%
                                                   410      100.000%              410      100.000%
                                                  8.99         8.97              8.99         8.97

PREF_UNUSED_EVICT                                65729                          65729              

PREF_REGION_SENT                                     0                              0              

PREF_REGION_USEFUL                                   0                              0              

PREF_REGION_EVICT                                    0                              0              

PREF_PFPOL                                           0                              0              

PREF_PHASE_NEWPHASE_DET                              0                              0              

PREF_PHASE_NEWPHASE_NOTVALID                         0                              0              

PREF_PHASE_SENTPREF                                  0                              0              

PREF_PHASE_OVERWRITE_PAGE                            0                              0              

PREF_UPDATE_COUNT                                  410                            410              

PREF_ACC1_HT_HP                                      0        0.000%                0        0.000%
PREF_ACC1_HT_LP                                    385       93.902%              385       93.902%
PREF_ACC1_LT_HP                                      0        0.000%                0        0.000%
PREF_ACC1_LT_LP                                     25        6.098%               25        6.098%
PREF_ACC2_HT_HP                                      0        0.000%                0        0.000%
PREF_ACC2_HT_LP                                      0        0.000%                0        0.000%
PREF_ACC2_LT_HP                                      0        0.000%                0        0.000%
PREF_ACC2_LT_LP                                      0        0.000%                0        0.000%
PREF_ACC3_HT_HP                                      0        0.000%                0        0.000%
PREF_ACC3_HT_LP                                      0        0.000%                0        0.000%
PREF_ACC3_LT_HP                                      0        0.000%                0        0.000%
PREF_ACC3_LT_LP                                      0        0.000%                0        0.000%
PREF_ACC4_HT_HP                                      0        0.000%                0        0.000%
PREF_ACC4_HT_LP                                      0        0.000%                0        0.000%
PREF_ACC4_LT_HP                                      0        0.000%                0        0.000%
PREF_ACC4_LT_LP                                      0        0.000%                0        0.000%
                                                   410      100.000%              410      100.000%
                                                  1.12         0.48              1.12         0.48



