Scarab gitrev: 8e47791
Scarab started at Sat May 20 05:54:04 2023

Initialized Ramulator. 
** Heartbeat:   1% -- { 1000001 } -- 0.00 KIPS (200.00 KIPS)
** Heartbeat:   2% -- { 2000001 } -- 250.00 KIPS (222.22 KIPS)
** Heartbeat:   3% -- { 3000006 } -- 250.00 KIPS (230.77 KIPS)
** Heartbeat:   4% -- { 4000009 } -- 250.00 KIPS (235.29 KIPS)
** Heartbeat:   5% -- { 5000011 } -- 250.00 KIPS (238.10 KIPS)
** Heartbeat:   6% -- { 6000014 } -- 250.00 KIPS (240.00 KIPS)
** Heartbeat:   7% -- { 7000016 } -- 250.00 KIPS (241.38 KIPS)
** Heartbeat:   8% -- { 8000020 } -- 200.00 KIPS (235.29 KIPS)
** Heartbeat:   9% -- { 9000020 } -- 250.00 KIPS (236.84 KIPS)
** Heartbeat:  10% -- { 10000023 } -- 250.00 KIPS (238.10 KIPS)
** Heartbeat:  11% -- { 11000025 } -- 250.00 KIPS (239.13 KIPS)
** Heartbeat:  12% -- { 12000025 } -- 200.00 KIPS (235.29 KIPS)
** Heartbeat:  13% -- { 13000029 } -- 200.00 KIPS (232.14 KIPS)
** Heartbeat:  14% -- { 14000030 } -- 250.00 KIPS (233.33 KIPS)
** Heartbeat:  15% -- { 15000030 } -- 333.33 KIPS (238.10 KIPS)
** Heartbeat:  16% -- { 16000035 } -- 333.33 KIPS (242.42 KIPS)
** Heartbeat:  17% -- { 17000036 } -- 250.00 KIPS (242.86 KIPS)
** Heartbeat:  18% -- { 18000037 } -- 250.00 KIPS (243.24 KIPS)
** Heartbeat:  19% -- { 19000040 } -- 250.00 KIPS (243.59 KIPS)
** Heartbeat:  20% -- { 20000045 } -- 200.00 KIPS (240.96 KIPS)
** Heartbeat:  21% -- { 21000049 } -- 250.00 KIPS (241.38 KIPS)
** Heartbeat:  22% -- { 22000049 } -- 250.00 KIPS (241.76 KIPS)
** Heartbeat:  23% -- { 23000054 } -- 333.33 KIPS (244.68 KIPS)
** Heartbeat:  24% -- { 24000054 } -- 333.33 KIPS (247.42 KIPS)
** Heartbeat:  25% -- { 25000055 } -- 250.00 KIPS (247.53 KIPS)
** Heartbeat:  26% -- { 26000057 } -- 200.00 KIPS (245.28 KIPS)
** Heartbeat:  27% -- { 27000060 } -- 250.00 KIPS (245.46 KIPS)
** Heartbeat:  28% -- { 28000064 } -- 250.00 KIPS (245.61 KIPS)
** Heartbeat:  29% -- { 29000064 } -- 250.00 KIPS (245.76 KIPS)
** Heartbeat:  30% -- { 30000066 } -- 250.00 KIPS (245.90 KIPS)
** Heartbeat:  31% -- { 31000068 } -- 200.00 KIPS (244.10 KIPS)
** Heartbeat:  32% -- { 32000072 } -- 250.00 KIPS (244.28 KIPS)
** Heartbeat:  33% -- { 33000072 } -- 200.00 KIPS (242.65 KIPS)
** Heartbeat:  34% -- { 34000077 } -- 200.00 KIPS (241.14 KIPS)
** Heartbeat:  35% -- { 35000078 } -- 250.00 KIPS (241.38 KIPS)
** Heartbeat:  36% -- { 36000078 } -- 250.00 KIPS (241.61 KIPS)
** Heartbeat:  37% -- { 37000078 } -- 200.00 KIPS (240.26 KIPS)
** Heartbeat:  38% -- { 38000082 } -- 250.00 KIPS (240.51 KIPS)
** Heartbeat:  39% -- { 39000085 } -- 250.00 KIPS (240.74 KIPS)
** Heartbeat:  40% -- { 40000087 } -- 250.00 KIPS (240.96 KIPS)
** Heartbeat:  41% -- { 41000087 } -- 200.00 KIPS (239.77 KIPS)
** Heartbeat:  42% -- { 42000087 } -- 250.00 KIPS (240.00 KIPS)
** Heartbeat:  43% -- { 43000088 } -- 250.00 KIPS (240.22 KIPS)
** Heartbeat:  44% -- { 44000089 } -- 250.00 KIPS (240.44 KIPS)
** Heartbeat:  45% -- { 45000089 } -- 250.00 KIPS (240.64 KIPS)
** Heartbeat:  46% -- { 46000091 } -- 250.00 KIPS (240.84 KIPS)
** Heartbeat:  47% -- { 47000092 } -- 250.00 KIPS (241.03 KIPS)
** Heartbeat:  48% -- { 48000092 } -- 200.00 KIPS (240.00 KIPS)
** Heartbeat:  49% -- { 49000093 } -- 250.00 KIPS (240.20 KIPS)
** Heartbeat:  50% -- { 50000095 } -- 200.00 KIPS (239.23 KIPS)
** Heartbeat:  51% -- { 51000099 } -- 250.00 KIPS (239.44 KIPS)
** Heartbeat:  52% -- { 52000102 } -- 250.00 KIPS (239.63 KIPS)
** Heartbeat:  53% -- { 53000102 } -- 250.00 KIPS (239.82 KIPS)
** Heartbeat:  54% -- { 54000102 } -- 250.00 KIPS (240.00 KIPS)
** Heartbeat:  55% -- { 55000102 } -- 200.00 KIPS (239.13 KIPS)
** Heartbeat:  56% -- { 56000104 } -- 250.00 KIPS (239.32 KIPS)
** Heartbeat:  57% -- { 57000107 } -- 250.00 KIPS (239.50 KIPS)
** Heartbeat:  58% -- { 58000107 } -- 200.00 KIPS (238.68 KIPS)
** Heartbeat:  59% -- { 59000107 } -- 333.33 KIPS (239.84 KIPS)
** Heartbeat:  60% -- { 60000108 } -- 200.00 KIPS (239.04 KIPS)
** Heartbeat:  61% -- { 61000108 } -- 250.00 KIPS (239.22 KIPS)
** Heartbeat:  62% -- { 62000111 } -- 250.00 KIPS (239.38 KIPS)
** Heartbeat:  63% -- { 63000112 } -- 250.00 KIPS (239.54 KIPS)
** Heartbeat:  64% -- { 64000114 } -- 250.00 KIPS (239.70 KIPS)
** Heartbeat:  65% -- { 65000114 } -- 250.00 KIPS (239.85 KIPS)
** Heartbeat:  66% -- { 66000116 } -- 250.00 KIPS (240.00 KIPS)
** Heartbeat:  67% -- { 67000117 } -- 333.33 KIPS (241.01 KIPS)
** Heartbeat:  68% -- { 68000117 } -- 333.33 KIPS (241.99 KIPS)
** Heartbeat:  69% -- { 69000121 } -- 500.00 KIPS (243.82 KIPS)
** Heartbeat:  70% -- { 70000123 } -- 333.33 KIPS (244.76 KIPS)
** Heartbeat:  71% -- { 71000125 } -- 333.33 KIPS (245.68 KIPS)
** Heartbeat:  72% -- { 72000126 } -- 333.33 KIPS (246.58 KIPS)
** Heartbeat:  73% -- { 73000129 } -- 500.00 KIPS (248.30 KIPS)
** Heartbeat:  74% -- { 74000130 } -- 333.33 KIPS (249.16 KIPS)
** Heartbeat:  75% -- { 75000131 } -- 500.00 KIPS (250.84 KIPS)
** Heartbeat:  76% -- { 76000131 } -- 333.33 KIPS (251.66 KIPS)
** Heartbeat:  77% -- { 77000132 } -- 500.00 KIPS (253.29 KIPS)
** Heartbeat:  78% -- { 78000134 } -- 333.33 KIPS (254.07 KIPS)
** Heartbeat:  79% -- { 79000135 } -- 333.33 KIPS (254.84 KIPS)
** Heartbeat:  80% -- { 80000136 } -- 250.00 KIPS (254.78 KIPS)
** Heartbeat:  81% -- { 81000138 } -- 333.33 KIPS (255.52 KIPS)
** Heartbeat:  82% -- { 82000138 } -- 333.33 KIPS (256.25 KIPS)
** Heartbeat:  83% -- { 83000140 } -- 500.00 KIPS (257.76 KIPS)
** Heartbeat:  84% -- { 84000142 } -- 333.33 KIPS (258.46 KIPS)
** Heartbeat:  85% -- { 85000142 } -- 500.00 KIPS (259.94 KIPS)
** Heartbeat:  86% -- { 86000147 } -- 333.33 KIPS (260.61 KIPS)
** Heartbeat:  87% -- { 87000147 } -- 500.00 KIPS (262.05 KIPS)
** Heartbeat:  88% -- { 88000149 } -- 500.00 KIPS (263.47 KIPS)
** Heartbeat:  89% -- { 89000150 } -- 333.33 KIPS (264.10 KIPS)
** Heartbeat:  90% -- { 90000153 } -- 500.00 KIPS (265.49 KIPS)
** Heartbeat:  91% -- { 91000157 } -- 500.00 KIPS (266.86 KIPS)
** Heartbeat:  92% -- { 92000158 } -- 333.33 KIPS (267.44 KIPS)
** Heartbeat:  93% -- { 93000159 } -- 500.00 KIPS (268.79 KIPS)
** Heartbeat:  94% -- { 94000160 } -- 500.00 KIPS (270.12 KIPS)
** Heartbeat:  95% -- { 95000160 } -- 500.00 KIPS (271.43 KIPS)
** Heartbeat:  96% -- { 96000164 } -- 333.33 KIPS (271.96 KIPS)
** Heartbeat:  97% -- { 97000167 } -- 500.00 KIPS (273.24 KIPS)
** Heartbeat:  98% -- { 98000167 } -- 500.00 KIPS (274.51 KIPS)
** Heartbeat:  99% -- { 99000167 } -- 500.00 KIPS (275.77 KIPS)
** Core 0 Finished:    insts:100000000   cycles:80581306    time:25181658125000      -- 1.24 IPC (1.24 IPC) --  N/A  KIPS (276.24 KIPS)
done
Scarab finished at Sat May 20 06:00:06 2023

