               ramulator.active_cycles_0            22800150                                      # Total active cycles for level _0
                 ramulator.busy_cycles_0            22800150                                      # (All-bank refresh only. busy cycles only include refresh time in rank level) The sum of cycles that the DRAM part is active or under refresh for level _0
            ramulator.serving_requests_0            54929473                                      # The sum of read and write requests that are served in this DRAM element per memory cycle for level _0
    ramulator.average_serving_requests_0            1.812246                                      # The average of read and write requests that are served in this DRAM element per memory cycle for level _0
             ramulator.active_cycles_0_0            22800150                                      # Total active cycles for level _0_0
               ramulator.busy_cycles_0_0            23267190                                      # (All-bank refresh only. busy cycles only include refresh time in rank level) The sum of cycles that the DRAM part is active or under refresh for level _0_0
          ramulator.serving_requests_0_0            54929473                                      # The sum of read and write requests that are served in this DRAM element per memory cycle for level _0_0
  ramulator.average_serving_requests_0_0            1.812246                                      # The average of read and write requests that are served in this DRAM element per memory cycle for level _0_0
           ramulator.active_cycles_0_0_0            10454784                                      # Total active cycles for level _0_0_0
             ramulator.busy_cycles_0_0_0            10454784                                      # (All-bank refresh only. busy cycles only include refresh time in rank level) The sum of cycles that the DRAM part is active or under refresh for level _0_0_0
        ramulator.serving_requests_0_0_0            14115392                                      # The sum of read and write requests that are served in this DRAM element per memory cycle for level _0_0_0
ramulator.average_serving_requests_0_0_0            0.465698                                      # The average of read and write requests that are served in this DRAM element per memory cycle for level _0_0_0
         ramulator.active_cycles_0_0_0_0             3346671                                      # Total active cycles for level _0_0_0_0
           ramulator.busy_cycles_0_0_0_0             3346671                                      # (All-bank refresh only. busy cycles only include refresh time in rank level) The sum of cycles that the DRAM part is active or under refresh for level _0_0_0_0
      ramulator.serving_requests_0_0_0_0             3547025                                      # The sum of read and write requests that are served in this DRAM element per memory cycle for level _0_0_0_0
ramulator.average_serving_requests_0_0_0_0            0.117024                                      # The average of read and write requests that are served in this DRAM element per memory cycle for level _0_0_0_0
         ramulator.active_cycles_0_0_0_1             3399962                                      # Total active cycles for level _0_0_0_1
           ramulator.busy_cycles_0_0_0_1             3399962                                      # (All-bank refresh only. busy cycles only include refresh time in rank level) The sum of cycles that the DRAM part is active or under refresh for level _0_0_0_1
      ramulator.serving_requests_0_0_0_1             3604357                                      # The sum of read and write requests that are served in this DRAM element per memory cycle for level _0_0_0_1
ramulator.average_serving_requests_0_0_0_1            0.118916                                      # The average of read and write requests that are served in this DRAM element per memory cycle for level _0_0_0_1
         ramulator.active_cycles_0_0_0_2             3040305                                      # Total active cycles for level _0_0_0_2
           ramulator.busy_cycles_0_0_0_2             3040305                                      # (All-bank refresh only. busy cycles only include refresh time in rank level) The sum of cycles that the DRAM part is active or under refresh for level _0_0_0_2
      ramulator.serving_requests_0_0_0_2             3226124                                      # The sum of read and write requests that are served in this DRAM element per memory cycle for level _0_0_0_2
ramulator.average_serving_requests_0_0_0_2            0.106437                                      # The average of read and write requests that are served in this DRAM element per memory cycle for level _0_0_0_2
         ramulator.active_cycles_0_0_0_3             3518000                                      # Total active cycles for level _0_0_0_3
           ramulator.busy_cycles_0_0_0_3             3518000                                      # (All-bank refresh only. busy cycles only include refresh time in rank level) The sum of cycles that the DRAM part is active or under refresh for level _0_0_0_3
      ramulator.serving_requests_0_0_0_3             3737886                                      # The sum of read and write requests that are served in this DRAM element per memory cycle for level _0_0_0_3
ramulator.average_serving_requests_0_0_0_3            0.123321                                      # The average of read and write requests that are served in this DRAM element per memory cycle for level _0_0_0_3
           ramulator.active_cycles_0_0_1            10144022                                      # Total active cycles for level _0_0_1
             ramulator.busy_cycles_0_0_1            10144022                                      # (All-bank refresh only. busy cycles only include refresh time in rank level) The sum of cycles that the DRAM part is active or under refresh for level _0_0_1
        ramulator.serving_requests_0_0_1            13549389                                      # The sum of read and write requests that are served in this DRAM element per memory cycle for level _0_0_1
ramulator.average_serving_requests_0_0_1            0.447024                                      # The average of read and write requests that are served in this DRAM element per memory cycle for level _0_0_1
         ramulator.active_cycles_0_0_1_0             2902677                                      # Total active cycles for level _0_0_1_0
           ramulator.busy_cycles_0_0_1_0             2902677                                      # (All-bank refresh only. busy cycles only include refresh time in rank level) The sum of cycles that the DRAM part is active or under refresh for level _0_0_1_0
      ramulator.serving_requests_0_0_1_0             3069994                                      # The sum of read and write requests that are served in this DRAM element per memory cycle for level _0_0_1_0
ramulator.average_serving_requests_0_0_1_0            0.101286                                      # The average of read and write requests that are served in this DRAM element per memory cycle for level _0_0_1_0
         ramulator.active_cycles_0_0_1_1             3168080                                      # Total active cycles for level _0_0_1_1
           ramulator.busy_cycles_0_0_1_1             3168080                                      # (All-bank refresh only. busy cycles only include refresh time in rank level) The sum of cycles that the DRAM part is active or under refresh for level _0_0_1_1
      ramulator.serving_requests_0_0_1_1             3357699                                      # The sum of read and write requests that are served in this DRAM element per memory cycle for level _0_0_1_1
ramulator.average_serving_requests_0_0_1_1            0.110778                                      # The average of read and write requests that are served in this DRAM element per memory cycle for level _0_0_1_1
         ramulator.active_cycles_0_0_1_2             3228984                                      # Total active cycles for level _0_0_1_2
           ramulator.busy_cycles_0_0_1_2             3228984                                      # (All-bank refresh only. busy cycles only include refresh time in rank level) The sum of cycles that the DRAM part is active or under refresh for level _0_0_1_2
      ramulator.serving_requests_0_0_1_2             3428154                                      # The sum of read and write requests that are served in this DRAM element per memory cycle for level _0_0_1_2
ramulator.average_serving_requests_0_0_1_2            0.113102                                      # The average of read and write requests that are served in this DRAM element per memory cycle for level _0_0_1_2
         ramulator.active_cycles_0_0_1_3             3489797                                      # Total active cycles for level _0_0_1_3
           ramulator.busy_cycles_0_0_1_3             3489797                                      # (All-bank refresh only. busy cycles only include refresh time in rank level) The sum of cycles that the DRAM part is active or under refresh for level _0_0_1_3
      ramulator.serving_requests_0_0_1_3             3693542                                      # The sum of read and write requests that are served in this DRAM element per memory cycle for level _0_0_1_3
ramulator.average_serving_requests_0_0_1_3            0.121858                                      # The average of read and write requests that are served in this DRAM element per memory cycle for level _0_0_1_3
           ramulator.active_cycles_0_0_2            10349422                                      # Total active cycles for level _0_0_2
             ramulator.busy_cycles_0_0_2            10349422                                      # (All-bank refresh only. busy cycles only include refresh time in rank level) The sum of cycles that the DRAM part is active or under refresh for level _0_0_2
        ramulator.serving_requests_0_0_2            13977455                                      # The sum of read and write requests that are served in this DRAM element per memory cycle for level _0_0_2
ramulator.average_serving_requests_0_0_2            0.461147                                      # The average of read and write requests that are served in this DRAM element per memory cycle for level _0_0_2
         ramulator.active_cycles_0_0_2_0             3055735                                      # Total active cycles for level _0_0_2_0
           ramulator.busy_cycles_0_0_2_0             3055735                                      # (All-bank refresh only. busy cycles only include refresh time in rank level) The sum of cycles that the DRAM part is active or under refresh for level _0_0_2_0
      ramulator.serving_requests_0_0_2_0             3242298                                      # The sum of read and write requests that are served in this DRAM element per memory cycle for level _0_0_2_0
ramulator.average_serving_requests_0_0_2_0            0.106971                                      # The average of read and write requests that are served in this DRAM element per memory cycle for level _0_0_2_0
         ramulator.active_cycles_0_0_2_1             3337612                                      # Total active cycles for level _0_0_2_1
           ramulator.busy_cycles_0_0_2_1             3337612                                      # (All-bank refresh only. busy cycles only include refresh time in rank level) The sum of cycles that the DRAM part is active or under refresh for level _0_0_2_1
      ramulator.serving_requests_0_0_2_1             3546955                                      # The sum of read and write requests that are served in this DRAM element per memory cycle for level _0_0_2_1
ramulator.average_serving_requests_0_0_2_1            0.117022                                      # The average of read and write requests that are served in this DRAM element per memory cycle for level _0_0_2_1
         ramulator.active_cycles_0_0_2_2             3323714                                      # Total active cycles for level _0_0_2_2
           ramulator.busy_cycles_0_0_2_2             3323714                                      # (All-bank refresh only. busy cycles only include refresh time in rank level) The sum of cycles that the DRAM part is active or under refresh for level _0_0_2_2
      ramulator.serving_requests_0_0_2_2             3524252                                      # The sum of read and write requests that are served in this DRAM element per memory cycle for level _0_0_2_2
ramulator.average_serving_requests_0_0_2_2            0.116273                                      # The average of read and write requests that are served in this DRAM element per memory cycle for level _0_0_2_2
         ramulator.active_cycles_0_0_2_3             3453895                                      # Total active cycles for level _0_0_2_3
           ramulator.busy_cycles_0_0_2_3             3453895                                      # (All-bank refresh only. busy cycles only include refresh time in rank level) The sum of cycles that the DRAM part is active or under refresh for level _0_0_2_3
      ramulator.serving_requests_0_0_2_3             3663950                                      # The sum of read and write requests that are served in this DRAM element per memory cycle for level _0_0_2_3
ramulator.average_serving_requests_0_0_2_3            0.120882                                      # The average of read and write requests that are served in this DRAM element per memory cycle for level _0_0_2_3
           ramulator.active_cycles_0_0_3             9829153                                      # Total active cycles for level _0_0_3
             ramulator.busy_cycles_0_0_3             9829153                                      # (All-bank refresh only. busy cycles only include refresh time in rank level) The sum of cycles that the DRAM part is active or under refresh for level _0_0_3
        ramulator.serving_requests_0_0_3            13287237                                      # The sum of read and write requests that are served in this DRAM element per memory cycle for level _0_0_3
ramulator.average_serving_requests_0_0_3            0.438376                                      # The average of read and write requests that are served in this DRAM element per memory cycle for level _0_0_3
         ramulator.active_cycles_0_0_3_0             3337053                                      # Total active cycles for level _0_0_3_0
           ramulator.busy_cycles_0_0_3_0             3337053                                      # (All-bank refresh only. busy cycles only include refresh time in rank level) The sum of cycles that the DRAM part is active or under refresh for level _0_0_3_0
      ramulator.serving_requests_0_0_3_0             3541733                                      # The sum of read and write requests that are served in this DRAM element per memory cycle for level _0_0_3_0
ramulator.average_serving_requests_0_0_3_0            0.116850                                      # The average of read and write requests that are served in this DRAM element per memory cycle for level _0_0_3_0
         ramulator.active_cycles_0_0_3_1             3058894                                      # Total active cycles for level _0_0_3_1
           ramulator.busy_cycles_0_0_3_1             3058894                                      # (All-bank refresh only. busy cycles only include refresh time in rank level) The sum of cycles that the DRAM part is active or under refresh for level _0_0_3_1
      ramulator.serving_requests_0_0_3_1             3252905                                      # The sum of read and write requests that are served in this DRAM element per memory cycle for level _0_0_3_1
ramulator.average_serving_requests_0_0_3_1            0.107321                                      # The average of read and write requests that are served in this DRAM element per memory cycle for level _0_0_3_1
         ramulator.active_cycles_0_0_3_2             3090767                                      # Total active cycles for level _0_0_3_2
           ramulator.busy_cycles_0_0_3_2             3090767                                      # (All-bank refresh only. busy cycles only include refresh time in rank level) The sum of cycles that the DRAM part is active or under refresh for level _0_0_3_2
      ramulator.serving_requests_0_0_3_2             3290065                                      # The sum of read and write requests that are served in this DRAM element per memory cycle for level _0_0_3_2
ramulator.average_serving_requests_0_0_3_2            0.108547                                      # The average of read and write requests that are served in this DRAM element per memory cycle for level _0_0_3_2
         ramulator.active_cycles_0_0_3_3             3025958                                      # Total active cycles for level _0_0_3_3
           ramulator.busy_cycles_0_0_3_3             3025958                                      # (All-bank refresh only. busy cycles only include refresh time in rank level) The sum of cycles that the DRAM part is active or under refresh for level _0_0_3_3
      ramulator.serving_requests_0_0_3_3             3202534                                      # The sum of read and write requests that are served in this DRAM element per memory cycle for level _0_0_3_3
ramulator.average_serving_requests_0_0_3_3            0.105659                                      # The average of read and write requests that are served in this DRAM element per memory cycle for level _0_0_3_3
      ramulator.read_transaction_bytes_0            34184000                                      # The total byte of read transaction per channel
     ramulator.write_transaction_bytes_0            17730880                                      # The total byte of write transaction per channel
       ramulator.row_hits_channel_0_core              305844                                      # Number of row hits per channel per core
     ramulator.row_misses_channel_0_core               55014                                      # Number of row misses per channel per core
  ramulator.row_conflicts_channel_0_core              450312                                      # Number of row conflicts per channel per core
  ramulator.read_row_hits_channel_0_core              289246                                      # Number of row hits for read requests per channel per core
                                     [0]            289246.0                                      # 
ramulator.read_row_misses_channel_0_core               33765                                      # Number of row misses for read requests per channel per core
                                     [0]             33765.0                                      # 
ramulator.read_row_conflicts_channel_0_core              211114                                      # Number of row conflicts for read requests per channel per core
                                     [0]            211114.0                                      # 
 ramulator.write_row_hits_channel_0_core               16598                                      # Number of row hits for write requests per channel per core
                                     [0]             16598.0                                      # 
ramulator.write_row_misses_channel_0_core               21249                                      # Number of row misses for write requests per channel per core
                                     [0]             21249.0                                      # 
ramulator.write_row_conflicts_channel_0_core              239198                                      # Number of row conflicts for write requests per channel per core
                                     [0]            239198.0                                      # 
      ramulator.useless_activates_0_core                 112                                      # Number of useless activations. E.g, ACT -> PRE w/o RD or WR
            ramulator.read_latency_avg_0           53.901411                                      # The average memory latency cycles (in memory time domain) per request for all read requests in this channel
            ramulator.read_latency_sum_0            28799470                                      # The memory latency cycles (in memory time domain) sum for all read requests in this channel
        ramulator.req_queue_length_avg_0           15.142638                                      # Average of read and write queue length per memory cycle per channel.
        ramulator.req_queue_length_sum_0           458975936                                      # Sum of read and write queue length per memory cycle per channel.
   ramulator.read_req_queue_length_avg_0            0.818395                                      # Read queue length average per memory cycle per channel.
   ramulator.read_req_queue_length_sum_0            24805702                                      # Read queue length sum per memory cycle per channel.
  ramulator.write_req_queue_length_avg_0           14.324242                                      # Write queue length average per memory cycle per channel.
  ramulator.write_req_queue_length_sum_0           434170234                                      # Write queue length sum per memory cycle per channel.
              ramulator.record_read_hits                 0.0                                      # record read hit count for this core when it reaches request limit or to the end
                                     [0]                 0.0                                      # 
            ramulator.record_read_misses                 0.0                                      # record_read_miss count for this core when it reaches request limit or to the end
                                     [0]                 0.0                                      # 
         ramulator.record_read_conflicts                 0.0                                      # record read conflict count for this core when it reaches request limit or to the end
                                     [0]                 0.0                                      # 
             ramulator.record_write_hits                 0.0                                      # record write hit count for this core when it reaches request limit or to the end
                                     [0]                 0.0                                      # 
           ramulator.record_write_misses                 0.0                                      # record write miss count for this core when it reaches request limit or to the end
                                     [0]                 0.0                                      # 
        ramulator.record_write_conflicts                 0.0                                      # record write conflict for this core when it reaches request limit or to the end
                                     [0]                 0.0                                      # 
                 ramulator.dram_capacity          8589934592                                      # Number of bytes in simulated DRAM
                   ramulator.dram_cycles            30310171                                      # Number of DRAM cycles simulated
             ramulator.incoming_requests              811356                                      # Number of incoming requests to DRAM
                 ramulator.read_requests              534299                                      # Number of incoming read requests to DRAM per core
                                     [0]            534299.0                                      # 
                ramulator.write_requests              277057                                      # Number of incoming write requests to DRAM per core
                                     [0]            277057.0                                      # 
       ramulator.ramulator_active_cycles            22800150                                      # The total number of cycles that the DRAM part is active (serving R/W)
 ramulator.incoming_requests_per_channel            811356.0                                      # Number of incoming requests to each DRAM channel
                                     [0]            811356.0                                      # 
ramulator.incoming_read_reqs_per_channel            534299.0                                      # Number of incoming read requests to each DRAM channel
                                     [0]            534299.0                                      # 
     ramulator.physical_page_replacement                   0                                      # The number of times that physical page replacement happens.
             ramulator.maximum_bandwidth         19200000000                                      # The theoretical maximum bandwidth (Bps)
          ramulator.in_queue_req_num_sum           458975936                                      # Sum of read/write queue length
     ramulator.in_queue_read_req_num_sum            24805702                                      # Sum of read queue length
    ramulator.in_queue_write_req_num_sum           434170234                                      # Sum of write queue length
          ramulator.in_queue_req_num_avg           15.142638                                      # Average of read/write queue length per memory cycle
     ramulator.in_queue_read_req_num_avg            0.818395                                      # Average of read queue length per memory cycle
    ramulator.in_queue_write_req_num_avg           14.324242                                      # Average of write queue length per memory cycle
          ramulator.record_read_requests                 0.0                                      # record read requests for this core when it reaches request limit or to the end
                                     [0]                 0.0                                      # 
         ramulator.record_write_requests                 0.0                                      # record write requests for this core when it reaches request limit or to the end
                                     [0]                 0.0                                      # 
