               ramulator.active_cycles_0             3350385                                      # Total active cycles for level _0
                 ramulator.busy_cycles_0             3350385                                      # (All-bank refresh only. busy cycles only include refresh time in rank level) The sum of cycles that the DRAM part is active or under refresh for level _0
            ramulator.serving_requests_0            13198536                                      # The sum of read and write requests that are served in this DRAM element per memory cycle for level _0
    ramulator.average_serving_requests_0            2.534542                                      # The average of read and write requests that are served in this DRAM element per memory cycle for level _0
             ramulator.active_cycles_0_0             3350385                                      # Total active cycles for level _0_0
               ramulator.busy_cycles_0_0             3499905                                      # (All-bank refresh only. busy cycles only include refresh time in rank level) The sum of cycles that the DRAM part is active or under refresh for level _0_0
          ramulator.serving_requests_0_0            13198536                                      # The sum of read and write requests that are served in this DRAM element per memory cycle for level _0_0
  ramulator.average_serving_requests_0_0            2.534542                                      # The average of read and write requests that are served in this DRAM element per memory cycle for level _0_0
           ramulator.active_cycles_0_0_0             1824133                                      # Total active cycles for level _0_0_0
             ramulator.busy_cycles_0_0_0             1824133                                      # (All-bank refresh only. busy cycles only include refresh time in rank level) The sum of cycles that the DRAM part is active or under refresh for level _0_0_0
        ramulator.serving_requests_0_0_0             3188342                                      # The sum of read and write requests that are served in this DRAM element per memory cycle for level _0_0_0
ramulator.average_serving_requests_0_0_0            0.612264                                      # The average of read and write requests that are served in this DRAM element per memory cycle for level _0_0_0
         ramulator.active_cycles_0_0_0_0              569932                                      # Total active cycles for level _0_0_0_0
           ramulator.busy_cycles_0_0_0_0              569932                                      # (All-bank refresh only. busy cycles only include refresh time in rank level) The sum of cycles that the DRAM part is active or under refresh for level _0_0_0_0
      ramulator.serving_requests_0_0_0_0              702430                                      # The sum of read and write requests that are served in this DRAM element per memory cycle for level _0_0_0_0
ramulator.average_serving_requests_0_0_0_0            0.134889                                      # The average of read and write requests that are served in this DRAM element per memory cycle for level _0_0_0_0
         ramulator.active_cycles_0_0_0_1              635139                                      # Total active cycles for level _0_0_0_1
           ramulator.busy_cycles_0_0_0_1              635139                                      # (All-bank refresh only. busy cycles only include refresh time in rank level) The sum of cycles that the DRAM part is active or under refresh for level _0_0_0_1
      ramulator.serving_requests_0_0_0_1              784547                                      # The sum of read and write requests that are served in this DRAM element per memory cycle for level _0_0_0_1
ramulator.average_serving_requests_0_0_0_1            0.150658                                      # The average of read and write requests that are served in this DRAM element per memory cycle for level _0_0_0_1
         ramulator.active_cycles_0_0_0_2              639239                                      # Total active cycles for level _0_0_0_2
           ramulator.busy_cycles_0_0_0_2              639239                                      # (All-bank refresh only. busy cycles only include refresh time in rank level) The sum of cycles that the DRAM part is active or under refresh for level _0_0_0_2
      ramulator.serving_requests_0_0_0_2              794336                                      # The sum of read and write requests that are served in this DRAM element per memory cycle for level _0_0_0_2
ramulator.average_serving_requests_0_0_0_2            0.152538                                      # The average of read and write requests that are served in this DRAM element per memory cycle for level _0_0_0_2
         ramulator.active_cycles_0_0_0_3              758965                                      # Total active cycles for level _0_0_0_3
           ramulator.busy_cycles_0_0_0_3              758965                                      # (All-bank refresh only. busy cycles only include refresh time in rank level) The sum of cycles that the DRAM part is active or under refresh for level _0_0_0_3
      ramulator.serving_requests_0_0_0_3              907029                                      # The sum of read and write requests that are served in this DRAM element per memory cycle for level _0_0_0_3
ramulator.average_serving_requests_0_0_0_3            0.174179                                      # The average of read and write requests that are served in this DRAM element per memory cycle for level _0_0_0_3
           ramulator.active_cycles_0_0_1             2010528                                      # Total active cycles for level _0_0_1
             ramulator.busy_cycles_0_0_1             2010528                                      # (All-bank refresh only. busy cycles only include refresh time in rank level) The sum of cycles that the DRAM part is active or under refresh for level _0_0_1
        ramulator.serving_requests_0_0_1             3418974                                      # The sum of read and write requests that are served in this DRAM element per memory cycle for level _0_0_1
ramulator.average_serving_requests_0_0_1            0.656553                                      # The average of read and write requests that are served in this DRAM element per memory cycle for level _0_0_1
         ramulator.active_cycles_0_0_1_0              529224                                      # Total active cycles for level _0_0_1_0
           ramulator.busy_cycles_0_0_1_0              529224                                      # (All-bank refresh only. busy cycles only include refresh time in rank level) The sum of cycles that the DRAM part is active or under refresh for level _0_0_1_0
      ramulator.serving_requests_0_0_1_0              668587                                      # The sum of read and write requests that are served in this DRAM element per memory cycle for level _0_0_1_0
ramulator.average_serving_requests_0_0_1_0            0.128390                                      # The average of read and write requests that are served in this DRAM element per memory cycle for level _0_0_1_0
         ramulator.active_cycles_0_0_1_1              524443                                      # Total active cycles for level _0_0_1_1
           ramulator.busy_cycles_0_0_1_1              524443                                      # (All-bank refresh only. busy cycles only include refresh time in rank level) The sum of cycles that the DRAM part is active or under refresh for level _0_0_1_1
      ramulator.serving_requests_0_0_1_1              671080                                      # The sum of read and write requests that are served in this DRAM element per memory cycle for level _0_0_1_1
ramulator.average_serving_requests_0_0_1_1            0.128869                                      # The average of read and write requests that are served in this DRAM element per memory cycle for level _0_0_1_1
         ramulator.active_cycles_0_0_1_2             1042373                                      # Total active cycles for level _0_0_1_2
           ramulator.busy_cycles_0_0_1_2             1042373                                      # (All-bank refresh only. busy cycles only include refresh time in rank level) The sum of cycles that the DRAM part is active or under refresh for level _0_0_1_2
      ramulator.serving_requests_0_0_1_2             1218407                                      # The sum of read and write requests that are served in this DRAM element per memory cycle for level _0_0_1_2
ramulator.average_serving_requests_0_0_1_2            0.233973                                      # The average of read and write requests that are served in this DRAM element per memory cycle for level _0_0_1_2
         ramulator.active_cycles_0_0_1_3              702600                                      # Total active cycles for level _0_0_1_3
           ramulator.busy_cycles_0_0_1_3              702600                                      # (All-bank refresh only. busy cycles only include refresh time in rank level) The sum of cycles that the DRAM part is active or under refresh for level _0_0_1_3
      ramulator.serving_requests_0_0_1_3              860900                                      # The sum of read and write requests that are served in this DRAM element per memory cycle for level _0_0_1_3
ramulator.average_serving_requests_0_0_1_3            0.165320                                      # The average of read and write requests that are served in this DRAM element per memory cycle for level _0_0_1_3
           ramulator.active_cycles_0_0_2             1872037                                      # Total active cycles for level _0_0_2
             ramulator.busy_cycles_0_0_2             1872037                                      # (All-bank refresh only. busy cycles only include refresh time in rank level) The sum of cycles that the DRAM part is active or under refresh for level _0_0_2
        ramulator.serving_requests_0_0_2             3286727                                      # The sum of read and write requests that are served in this DRAM element per memory cycle for level _0_0_2
ramulator.average_serving_requests_0_0_2            0.631157                                      # The average of read and write requests that are served in this DRAM element per memory cycle for level _0_0_2
         ramulator.active_cycles_0_0_2_0              682032                                      # Total active cycles for level _0_0_2_0
           ramulator.busy_cycles_0_0_2_0              682032                                      # (All-bank refresh only. busy cycles only include refresh time in rank level) The sum of cycles that the DRAM part is active or under refresh for level _0_0_2_0
      ramulator.serving_requests_0_0_2_0              830267                                      # The sum of read and write requests that are served in this DRAM element per memory cycle for level _0_0_2_0
ramulator.average_serving_requests_0_0_2_0            0.159438                                      # The average of read and write requests that are served in this DRAM element per memory cycle for level _0_0_2_0
         ramulator.active_cycles_0_0_2_1              683367                                      # Total active cycles for level _0_0_2_1
           ramulator.busy_cycles_0_0_2_1              683367                                      # (All-bank refresh only. busy cycles only include refresh time in rank level) The sum of cycles that the DRAM part is active or under refresh for level _0_0_2_1
      ramulator.serving_requests_0_0_2_1              827452                                      # The sum of read and write requests that are served in this DRAM element per memory cycle for level _0_0_2_1
ramulator.average_serving_requests_0_0_2_1            0.158897                                      # The average of read and write requests that are served in this DRAM element per memory cycle for level _0_0_2_1
         ramulator.active_cycles_0_0_2_2              678150                                      # Total active cycles for level _0_0_2_2
           ramulator.busy_cycles_0_0_2_2              678150                                      # (All-bank refresh only. busy cycles only include refresh time in rank level) The sum of cycles that the DRAM part is active or under refresh for level _0_0_2_2
      ramulator.serving_requests_0_0_2_2              828859                                      # The sum of read and write requests that are served in this DRAM element per memory cycle for level _0_0_2_2
ramulator.average_serving_requests_0_0_2_2            0.159167                                      # The average of read and write requests that are served in this DRAM element per memory cycle for level _0_0_2_2
         ramulator.active_cycles_0_0_2_3              649514                                      # Total active cycles for level _0_0_2_3
           ramulator.busy_cycles_0_0_2_3              649514                                      # (All-bank refresh only. busy cycles only include refresh time in rank level) The sum of cycles that the DRAM part is active or under refresh for level _0_0_2_3
      ramulator.serving_requests_0_0_2_3              800149                                      # The sum of read and write requests that are served in this DRAM element per memory cycle for level _0_0_2_3
ramulator.average_serving_requests_0_0_2_3            0.153654                                      # The average of read and write requests that are served in this DRAM element per memory cycle for level _0_0_2_3
           ramulator.active_cycles_0_0_3             1865743                                      # Total active cycles for level _0_0_3
             ramulator.busy_cycles_0_0_3             1865743                                      # (All-bank refresh only. busy cycles only include refresh time in rank level) The sum of cycles that the DRAM part is active or under refresh for level _0_0_3
        ramulator.serving_requests_0_0_3             3304493                                      # The sum of read and write requests that are served in this DRAM element per memory cycle for level _0_0_3
ramulator.average_serving_requests_0_0_3            0.634569                                      # The average of read and write requests that are served in this DRAM element per memory cycle for level _0_0_3
         ramulator.active_cycles_0_0_3_0              628361                                      # Total active cycles for level _0_0_3_0
           ramulator.busy_cycles_0_0_3_0              628361                                      # (All-bank refresh only. busy cycles only include refresh time in rank level) The sum of cycles that the DRAM part is active or under refresh for level _0_0_3_0
      ramulator.serving_requests_0_0_3_0              765802                                      # The sum of read and write requests that are served in this DRAM element per memory cycle for level _0_0_3_0
ramulator.average_serving_requests_0_0_3_0            0.147059                                      # The average of read and write requests that are served in this DRAM element per memory cycle for level _0_0_3_0
         ramulator.active_cycles_0_0_3_1              768228                                      # Total active cycles for level _0_0_3_1
           ramulator.busy_cycles_0_0_3_1              768228                                      # (All-bank refresh only. busy cycles only include refresh time in rank level) The sum of cycles that the DRAM part is active or under refresh for level _0_0_3_1
      ramulator.serving_requests_0_0_3_1              924435                                      # The sum of read and write requests that are served in this DRAM element per memory cycle for level _0_0_3_1
ramulator.average_serving_requests_0_0_3_1            0.177521                                      # The average of read and write requests that are served in this DRAM element per memory cycle for level _0_0_3_1
         ramulator.active_cycles_0_0_3_2              686239                                      # Total active cycles for level _0_0_3_2
           ramulator.busy_cycles_0_0_3_2              686239                                      # (All-bank refresh only. busy cycles only include refresh time in rank level) The sum of cycles that the DRAM part is active or under refresh for level _0_0_3_2
      ramulator.serving_requests_0_0_3_2              810744                                      # The sum of read and write requests that are served in this DRAM element per memory cycle for level _0_0_3_2
ramulator.average_serving_requests_0_0_3_2            0.155689                                      # The average of read and write requests that are served in this DRAM element per memory cycle for level _0_0_3_2
         ramulator.active_cycles_0_0_3_3              653964                                      # Total active cycles for level _0_0_3_3
           ramulator.busy_cycles_0_0_3_3              653964                                      # (All-bank refresh only. busy cycles only include refresh time in rank level) The sum of cycles that the DRAM part is active or under refresh for level _0_0_3_3
      ramulator.serving_requests_0_0_3_3              803512                                      # The sum of read and write requests that are served in this DRAM element per memory cycle for level _0_0_3_3
ramulator.average_serving_requests_0_0_3_3            0.154300                                      # The average of read and write requests that are served in this DRAM element per memory cycle for level _0_0_3_3
      ramulator.read_transaction_bytes_0            22225216                                      # The total byte of read transaction per channel
     ramulator.write_transaction_bytes_0              389504                                      # The total byte of write transaction per channel
       ramulator.row_hits_channel_0_core              186786                                      # Number of row hits per channel per core
     ramulator.row_misses_channel_0_core                9689                                      # Number of row misses per channel per core
  ramulator.row_conflicts_channel_0_core              156880                                      # Number of row conflicts per channel per core
  ramulator.read_row_hits_channel_0_core              182931                                      # Number of row hits for read requests per channel per core
                                     [0]            182931.0                                      # 
ramulator.read_row_misses_channel_0_core                9488                                      # Number of row misses for read requests per channel per core
                                     [0]              9488.0                                      # 
ramulator.read_row_conflicts_channel_0_core              154850                                      # Number of row conflicts for read requests per channel per core
                                     [0]            154850.0                                      # 
 ramulator.write_row_hits_channel_0_core                3855                                      # Number of row hits for write requests per channel per core
                                     [0]              3855.0                                      # 
ramulator.write_row_misses_channel_0_core                 201                                      # Number of row misses for write requests per channel per core
                                     [0]               201.0                                      # 
ramulator.write_row_conflicts_channel_0_core                2030                                      # Number of row conflicts for write requests per channel per core
                                     [0]              2030.0                                      # 
      ramulator.useless_activates_0_core                   7                                      # Number of useless activations. E.g, ACT -> PRE w/o RD or WR
            ramulator.read_latency_avg_0           70.512630                                      # The average memory latency cycles (in memory time domain) per request for all read requests in this channel
            ramulator.read_latency_sum_0            24529017                                      # The memory latency cycles (in memory time domain) sum for all read requests in this channel
        ramulator.req_queue_length_avg_0           18.821173                                      # Average of read and write queue length per memory cycle per channel.
        ramulator.req_queue_length_sum_0            98010580                                      # Sum of read and write queue length per memory cycle per channel.
   ramulator.read_req_queue_length_avg_0            4.185727                                      # Read queue length average per memory cycle per channel.
   ramulator.read_req_queue_length_sum_0            21797021                                      # Read queue length sum per memory cycle per channel.
  ramulator.write_req_queue_length_avg_0           14.635446                                      # Write queue length average per memory cycle per channel.
  ramulator.write_req_queue_length_sum_0            76213559                                      # Write queue length sum per memory cycle per channel.
              ramulator.record_read_hits                 0.0                                      # record read hit count for this core when it reaches request limit or to the end
                                     [0]                 0.0                                      # 
            ramulator.record_read_misses                 0.0                                      # record_read_miss count for this core when it reaches request limit or to the end
                                     [0]                 0.0                                      # 
         ramulator.record_read_conflicts                 0.0                                      # record read conflict count for this core when it reaches request limit or to the end
                                     [0]                 0.0                                      # 
             ramulator.record_write_hits                 0.0                                      # record write hit count for this core when it reaches request limit or to the end
                                     [0]                 0.0                                      # 
           ramulator.record_write_misses                 0.0                                      # record write miss count for this core when it reaches request limit or to the end
                                     [0]                 0.0                                      # 
        ramulator.record_write_conflicts                 0.0                                      # record write conflict for this core when it reaches request limit or to the end
                                     [0]                 0.0                                      # 
                 ramulator.dram_capacity          8589934592                                      # Number of bytes in simulated DRAM
                   ramulator.dram_cycles             5207464                                      # Number of DRAM cycles simulated
             ramulator.incoming_requests              353971                                      # Number of incoming requests to DRAM
                 ramulator.read_requests              347867                                      # Number of incoming read requests to DRAM per core
                                     [0]            347867.0                                      # 
                ramulator.write_requests                6104                                      # Number of incoming write requests to DRAM per core
                                     [0]              6104.0                                      # 
       ramulator.ramulator_active_cycles             3350385                                      # The total number of cycles that the DRAM part is active (serving R/W)
 ramulator.incoming_requests_per_channel            353971.0                                      # Number of incoming requests to each DRAM channel
                                     [0]            353971.0                                      # 
ramulator.incoming_read_reqs_per_channel            347867.0                                      # Number of incoming read requests to each DRAM channel
                                     [0]            347867.0                                      # 
     ramulator.physical_page_replacement                   0                                      # The number of times that physical page replacement happens.
             ramulator.maximum_bandwidth         19200000000                                      # The theoretical maximum bandwidth (Bps)
          ramulator.in_queue_req_num_sum            98010580                                      # Sum of read/write queue length
     ramulator.in_queue_read_req_num_sum            21797021                                      # Sum of read queue length
    ramulator.in_queue_write_req_num_sum            76213559                                      # Sum of write queue length
          ramulator.in_queue_req_num_avg           18.821173                                      # Average of read/write queue length per memory cycle
     ramulator.in_queue_read_req_num_avg            4.185727                                      # Average of read queue length per memory cycle
    ramulator.in_queue_write_req_num_avg           14.635446                                      # Average of write queue length per memory cycle
          ramulator.record_read_requests                 0.0                                      # record read requests for this core when it reaches request limit or to the end
                                     [0]                 0.0                                      # 
         ramulator.record_write_requests                 0.0                                      # record write requests for this core when it reaches request limit or to the end
                                     [0]                 0.0                                      # 
