Scarab gitrev: 8e47791
Scarab started at Sat May 20 05:54:04 2023

Initialized Ramulator. 
** Heartbeat:   1% -- { 1000000 } -- 0.00 KIPS (333.33 KIPS)
** Heartbeat:   2% -- { 2000001 } -- 250.00 KIPS (285.71 KIPS)
** Heartbeat:   3% -- { 3000006 } -- 333.33 KIPS (300.00 KIPS)
** Heartbeat:   4% -- { 4000007 } -- 333.33 KIPS (307.69 KIPS)
** Heartbeat:   5% -- { 5000012 } -- 250.00 KIPS (294.12 KIPS)
** Heartbeat:   6% -- { 6000015 } -- 333.33 KIPS (300.00 KIPS)
** Heartbeat:   7% -- { 7000015 } -- 333.33 KIPS (304.35 KIPS)
** Heartbeat:   8% -- { 8000018 } -- 250.00 KIPS (296.30 KIPS)
** Heartbeat:   9% -- { 9000021 } -- 333.33 KIPS (300.00 KIPS)
** Heartbeat:  10% -- { 10000025 } -- 333.33 KIPS (303.03 KIPS)
** Heartbeat:  11% -- { 11000030 } -- 250.00 KIPS (297.30 KIPS)
** Heartbeat:  12% -- { 12000034 } -- 333.33 KIPS (300.00 KIPS)
** Heartbeat:  13% -- { 13000035 } -- 250.00 KIPS (295.46 KIPS)
** Heartbeat:  14% -- { 14000035 } -- 333.33 KIPS (297.87 KIPS)
** Heartbeat:  15% -- { 15000035 } -- 333.33 KIPS (300.00 KIPS)
** Heartbeat:  16% -- { 16000036 } -- 250.00 KIPS (296.30 KIPS)
** Heartbeat:  17% -- { 17000036 } -- 333.33 KIPS (298.25 KIPS)
** Heartbeat:  18% -- { 18000040 } -- 250.00 KIPS (295.08 KIPS)
** Heartbeat:  19% -- { 19000043 } -- 333.33 KIPS (296.88 KIPS)
** Heartbeat:  20% -- { 20000045 } -- 333.33 KIPS (298.51 KIPS)
** Heartbeat:  21% -- { 21000047 } -- 250.00 KIPS (295.78 KIPS)
** Heartbeat:  22% -- { 22000047 } -- 333.33 KIPS (297.30 KIPS)
** Heartbeat:  23% -- { 23000047 } -- 250.00 KIPS (294.87 KIPS)
** Heartbeat:  24% -- { 24000048 } -- 333.33 KIPS (296.30 KIPS)
** Heartbeat:  25% -- { 25000048 } -- 333.33 KIPS (297.62 KIPS)
** Heartbeat:  26% -- { 26000048 } -- 250.00 KIPS (295.46 KIPS)
** Heartbeat:  27% -- { 27000048 } -- 333.33 KIPS (296.70 KIPS)
** Heartbeat:  28% -- { 28000050 } -- 250.00 KIPS (294.74 KIPS)
** Heartbeat:  29% -- { 29000052 } -- 333.33 KIPS (295.92 KIPS)
** Heartbeat:  30% -- { 30000054 } -- 333.33 KIPS (297.03 KIPS)
** Heartbeat:  31% -- { 31000057 } -- 250.00 KIPS (295.24 KIPS)
** Heartbeat:  32% -- { 32000061 } -- 333.33 KIPS (296.30 KIPS)
** Heartbeat:  33% -- { 33000063 } -- 250.00 KIPS (294.64 KIPS)
** Heartbeat:  34% -- { 34000065 } -- 333.33 KIPS (295.65 KIPS)
** Heartbeat:  35% -- { 35000066 } -- 333.33 KIPS (296.61 KIPS)
** Heartbeat:  36% -- { 36000066 } -- 250.00 KIPS (295.08 KIPS)
** Heartbeat:  37% -- { 37000066 } -- 333.33 KIPS (296.00 KIPS)
** Heartbeat:  38% -- { 38000067 } -- 250.00 KIPS (294.57 KIPS)
** Heartbeat:  39% -- { 39000069 } -- 333.33 KIPS (295.46 KIPS)
** Heartbeat:  40% -- { 40000071 } -- 333.33 KIPS (296.30 KIPS)
** Heartbeat:  41% -- { 41000071 } -- 250.00 KIPS (294.96 KIPS)
** Heartbeat:  42% -- { 42000071 } -- 333.33 KIPS (295.78 KIPS)
** Heartbeat:  43% -- { 43000075 } -- 250.00 KIPS (294.52 KIPS)
** Heartbeat:  44% -- { 44000075 } -- 333.33 KIPS (295.30 KIPS)
** Heartbeat:  45% -- { 45000075 } -- 333.33 KIPS (296.05 KIPS)
** Heartbeat:  46% -- { 46000079 } -- 250.00 KIPS (294.87 KIPS)
** Heartbeat:  47% -- { 47000080 } -- 333.33 KIPS (295.60 KIPS)
** Heartbeat:  48% -- { 48000080 } -- 333.33 KIPS (296.30 KIPS)
** Heartbeat:  49% -- { 49000080 } -- 250.00 KIPS (295.18 KIPS)
** Heartbeat:  50% -- { 50000080 } -- 333.33 KIPS (295.86 KIPS)
** Heartbeat:  51% -- { 51000083 } -- 250.00 KIPS (294.80 KIPS)
** Heartbeat:  52% -- { 52000084 } -- 333.33 KIPS (295.46 KIPS)
** Heartbeat:  53% -- { 53000084 } -- 333.33 KIPS (296.09 KIPS)
** Heartbeat:  54% -- { 54000084 } -- 250.00 KIPS (295.08 KIPS)
** Heartbeat:  55% -- { 55000087 } -- 333.33 KIPS (295.70 KIPS)
** Heartbeat:  56% -- { 56000088 } -- 250.00 KIPS (294.74 KIPS)
** Heartbeat:  57% -- { 57000089 } -- 333.33 KIPS (295.34 KIPS)
** Heartbeat:  58% -- { 58000092 } -- 333.33 KIPS (295.92 KIPS)
** Heartbeat:  59% -- { 59000096 } -- 250.00 KIPS (295.00 KIPS)
** Heartbeat:  60% -- { 60000096 } -- 333.33 KIPS (295.57 KIPS)
** Heartbeat:  61% -- { 61000096 } -- 250.00 KIPS (294.69 KIPS)
** Heartbeat:  62% -- { 62000096 } -- 333.33 KIPS (295.24 KIPS)
** Heartbeat:  63% -- { 63000096 } -- 250.00 KIPS (294.39 KIPS)
** Heartbeat:  64% -- { 64000096 } -- 333.33 KIPS (294.93 KIPS)
** Heartbeat:  65% -- { 65000096 } -- 333.33 KIPS (295.45 KIPS)
** Heartbeat:  66% -- { 66000096 } -- 250.00 KIPS (294.64 KIPS)
** Heartbeat:  67% -- { 67000098 } -- 333.33 KIPS (295.15 KIPS)
** Heartbeat:  68% -- { 68000100 } -- 250.00 KIPS (294.37 KIPS)
** Heartbeat:  69% -- { 69000101 } -- 333.33 KIPS (294.87 KIPS)
** Heartbeat:  70% -- { 70000101 } -- 333.33 KIPS (295.36 KIPS)
** Heartbeat:  71% -- { 71000103 } -- 250.00 KIPS (294.61 KIPS)
** Heartbeat:  72% -- { 72000105 } -- 333.33 KIPS (295.08 KIPS)
** Heartbeat:  73% -- { 73000110 } -- 250.00 KIPS (294.36 KIPS)
** Heartbeat:  74% -- { 74000115 } -- 333.33 KIPS (294.82 KIPS)
** Heartbeat:  75% -- { 75000118 } -- 333.33 KIPS (295.28 KIPS)
** Heartbeat:  76% -- { 76000118 } -- 250.00 KIPS (294.57 KIPS)
** Heartbeat:  77% -- { 77000118 } -- 333.33 KIPS (295.02 KIPS)
** Heartbeat:  78% -- { 78000119 } -- 250.00 KIPS (294.34 KIPS)
** Heartbeat:  79% -- { 79000120 } -- 500.00 KIPS (295.88 KIPS)
** Heartbeat:  80% -- { 80000121 } -- 500.00 KIPS (297.40 KIPS)
** Heartbeat:  81% -- { 81000123 } -- 333.33 KIPS (297.79 KIPS)
** Heartbeat:  82% -- { 82000123 } -- 500.00 KIPS (299.27 KIPS)
** Heartbeat:  83% -- { 83000123 } -- 500.00 KIPS (300.73 KIPS)
** Heartbeat:  84% -- { 84000123 } -- 333.33 KIPS (301.08 KIPS)
** Heartbeat:  85% -- { 85000124 } -- 333.33 KIPS (301.42 KIPS)
** Heartbeat:  86% -- { 86000124 } -- 250.00 KIPS (300.70 KIPS)
** Heartbeat:  87% -- { 87000129 } -- 333.33 KIPS (301.04 KIPS)
** Heartbeat:  88% -- { 88000129 } -- 333.33 KIPS (301.37 KIPS)
** Heartbeat:  89% -- { 89000130 } -- 250.00 KIPS (300.68 KIPS)
** Heartbeat:  90% -- { 90000133 } -- 333.33 KIPS (301.00 KIPS)
** Heartbeat:  91% -- { 91000135 } -- 333.33 KIPS (301.32 KIPS)
** Heartbeat:  92% -- { 92000137 } -- 333.33 KIPS (301.64 KIPS)
** Heartbeat:  93% -- { 93000138 } -- 250.00 KIPS (300.97 KIPS)
** Heartbeat:  94% -- { 94000138 } -- 333.33 KIPS (301.28 KIPS)
** Heartbeat:  95% -- { 95000139 } -- 333.33 KIPS (301.59 KIPS)
** Heartbeat:  96% -- { 96000140 } -- 333.33 KIPS (301.89 KIPS)
** Heartbeat:  97% -- { 97000140 } -- 333.33 KIPS (302.18 KIPS)
** Heartbeat:  98% -- { 98000144 } -- 333.33 KIPS (302.47 KIPS)
** Heartbeat:  99% -- { 99000147 } -- 500.00 KIPS (303.68 KIPS)
** Core 0 Finished:    insts:100000003   cycles:62320653    time:19475204062500      -- 1.60 IPC (1.60 IPC) --  N/A  KIPS (304.88 KIPS)
done
Scarab finished at Sat May 20 05:59:32 2023

