Scarab gitrev: e8bfa19
Scarab started at Thu May  4 21:40:18 2023

Initialized Ramulator. 
** Heartbeat:   1% -- { 1000001 } -- 0.00 KIPS (333.33 KIPS)
** Heartbeat:   2% -- { 2000004 } -- 333.33 KIPS (333.33 KIPS)
** Heartbeat:   3% -- { 3000007 } -- 250.00 KIPS (300.00 KIPS)
** Heartbeat:   4% -- { 4000007 } -- 333.33 KIPS (307.69 KIPS)
** Heartbeat:   5% -- { 5000009 } -- 333.33 KIPS (312.50 KIPS)
** Heartbeat:   6% -- { 6000012 } -- 333.33 KIPS (315.79 KIPS)
** Heartbeat:   7% -- { 7000015 } -- 333.33 KIPS (318.18 KIPS)
** Heartbeat:   8% -- { 8000015 } -- 333.33 KIPS (320.00 KIPS)
** Heartbeat:   9% -- { 9000015 } -- 333.33 KIPS (321.43 KIPS)
** Heartbeat:  10% -- { 10000017 } -- 250.00 KIPS (312.50 KIPS)
** Heartbeat:  11% -- { 11000020 } -- 333.33 KIPS (314.29 KIPS)
** Heartbeat:  12% -- { 12000022 } -- 333.33 KIPS (315.79 KIPS)
** Heartbeat:  13% -- { 13000026 } -- 333.33 KIPS (317.07 KIPS)
** Heartbeat:  14% -- { 14000027 } -- 333.33 KIPS (318.18 KIPS)
** Heartbeat:  15% -- { 15000027 } -- 333.33 KIPS (319.15 KIPS)
** Heartbeat:  16% -- { 16000031 } -- 250.00 KIPS (313.73 KIPS)
** Heartbeat:  17% -- { 17000035 } -- 333.33 KIPS (314.82 KIPS)
** Heartbeat:  18% -- { 18000035 } -- 333.33 KIPS (315.79 KIPS)
** Heartbeat:  19% -- { 19000038 } -- 333.33 KIPS (316.67 KIPS)
** Heartbeat:  20% -- { 20000040 } -- 333.33 KIPS (317.46 KIPS)
** Heartbeat:  21% -- { 21000042 } -- 250.00 KIPS (313.43 KIPS)
** Heartbeat:  22% -- { 22000044 } -- 333.33 KIPS (314.29 KIPS)
** Heartbeat:  23% -- { 23000045 } -- 333.33 KIPS (315.07 KIPS)
** Heartbeat:  24% -- { 24000047 } -- 333.33 KIPS (315.79 KIPS)
** Heartbeat:  25% -- { 25000048 } -- 333.33 KIPS (316.46 KIPS)
** Heartbeat:  26% -- { 26000049 } -- 250.00 KIPS (313.25 KIPS)
** Heartbeat:  27% -- { 27000052 } -- 333.33 KIPS (313.95 KIPS)
** Heartbeat:  28% -- { 28000054 } -- 333.33 KIPS (314.61 KIPS)
** Heartbeat:  29% -- { 29000057 } -- 333.33 KIPS (315.22 KIPS)
** Heartbeat:  30% -- { 30000061 } -- 333.33 KIPS (315.79 KIPS)
** Heartbeat:  31% -- { 31000062 } -- 333.33 KIPS (316.33 KIPS)
** Heartbeat:  32% -- { 32000063 } -- 250.00 KIPS (313.73 KIPS)
** Heartbeat:  33% -- { 33000066 } -- 333.33 KIPS (314.29 KIPS)
** Heartbeat:  34% -- { 34000068 } -- 333.33 KIPS (314.82 KIPS)
** Heartbeat:  35% -- { 35000069 } -- 333.33 KIPS (315.32 KIPS)
** Heartbeat:  36% -- { 36000070 } -- 333.33 KIPS (315.79 KIPS)
** Heartbeat:  37% -- { 37000074 } -- 250.00 KIPS (313.56 KIPS)
** Heartbeat:  38% -- { 38000075 } -- 333.33 KIPS (314.05 KIPS)
** Heartbeat:  39% -- { 39000079 } -- 333.33 KIPS (314.52 KIPS)
** Heartbeat:  40% -- { 40000081 } -- 333.33 KIPS (314.96 KIPS)
** Heartbeat:  41% -- { 41000081 } -- 333.33 KIPS (315.39 KIPS)
** Heartbeat:  42% -- { 42000082 } -- 250.00 KIPS (313.43 KIPS)
** Heartbeat:  43% -- { 43000085 } -- 333.33 KIPS (313.87 KIPS)
** Heartbeat:  44% -- { 44000089 } -- 333.33 KIPS (314.29 KIPS)
** Heartbeat:  45% -- { 45000091 } -- 333.33 KIPS (314.69 KIPS)
** Heartbeat:  46% -- { 46000096 } -- 333.33 KIPS (315.07 KIPS)
** Heartbeat:  47% -- { 47000098 } -- 250.00 KIPS (313.33 KIPS)
** Heartbeat:  48% -- { 48000098 } -- 333.33 KIPS (313.73 KIPS)
** Heartbeat:  49% -- { 49000103 } -- 333.33 KIPS (314.10 KIPS)
** Heartbeat:  50% -- { 50000107 } -- 333.33 KIPS (314.47 KIPS)
** Heartbeat:  51% -- { 51000111 } -- 333.33 KIPS (314.82 KIPS)
** Heartbeat:  52% -- { 52000116 } -- 333.33 KIPS (315.15 KIPS)
** Heartbeat:  53% -- { 53000116 } -- 250.00 KIPS (313.61 KIPS)
** Heartbeat:  54% -- { 54000118 } -- 333.33 KIPS (313.95 KIPS)
** Heartbeat:  55% -- { 55000122 } -- 333.33 KIPS (314.29 KIPS)
** Heartbeat:  56% -- { 56000123 } -- 333.33 KIPS (314.61 KIPS)
** Heartbeat:  57% -- { 57000125 } -- 333.33 KIPS (314.92 KIPS)
** Heartbeat:  58% -- { 58000125 } -- 250.00 KIPS (313.51 KIPS)
** Heartbeat:  59% -- { 59000130 } -- 333.33 KIPS (313.83 KIPS)
** Heartbeat:  60% -- { 60000130 } -- 333.33 KIPS (314.14 KIPS)
** Heartbeat:  61% -- { 61000131 } -- 333.33 KIPS (314.43 KIPS)
** Heartbeat:  62% -- { 62000133 } -- 333.33 KIPS (314.72 KIPS)
** Heartbeat:  63% -- { 63000136 } -- 333.33 KIPS (315.00 KIPS)
** Heartbeat:  64% -- { 64000140 } -- 250.00 KIPS (313.73 KIPS)
** Heartbeat:  65% -- { 65000142 } -- 333.33 KIPS (314.01 KIPS)
** Heartbeat:  66% -- { 66000142 } -- 333.33 KIPS (314.29 KIPS)
** Heartbeat:  67% -- { 67000146 } -- 333.33 KIPS (314.55 KIPS)
** Heartbeat:  68% -- { 68000149 } -- 250.00 KIPS (313.36 KIPS)
** Heartbeat:  69% -- { 69000153 } -- 333.33 KIPS (313.64 KIPS)
** Heartbeat:  70% -- { 70000157 } -- 333.33 KIPS (313.90 KIPS)
** Heartbeat:  71% -- { 71000157 } -- 333.33 KIPS (314.16 KIPS)
** Heartbeat:  72% -- { 72000157 } -- 250.00 KIPS (313.04 KIPS)
** Heartbeat:  73% -- { 73000159 } -- 333.33 KIPS (313.31 KIPS)
** Heartbeat:  74% -- { 74000162 } -- 333.33 KIPS (313.56 KIPS)
** Heartbeat:  75% -- { 75000163 } -- 333.33 KIPS (313.81 KIPS)
** Heartbeat:  76% -- { 76000165 } -- 250.00 KIPS (312.76 KIPS)
** Heartbeat:  77% -- { 77000165 } -- 333.33 KIPS (313.01 KIPS)
** Heartbeat:  78% -- { 78000168 } -- 333.33 KIPS (313.25 KIPS)
** Heartbeat:  79% -- { 79000172 } -- 333.33 KIPS (313.49 KIPS)
** Heartbeat:  80% -- { 80000174 } -- 250.00 KIPS (312.50 KIPS)
** Heartbeat:  81% -- { 81000174 } -- 333.33 KIPS (312.74 KIPS)
** Heartbeat:  82% -- { 82000176 } -- 333.33 KIPS (312.98 KIPS)
** Heartbeat:  83% -- { 83000176 } -- 333.33 KIPS (313.21 KIPS)
** Heartbeat:  84% -- { 84000176 } -- 333.33 KIPS (313.43 KIPS)
** Heartbeat:  85% -- { 85000176 } -- 250.00 KIPS (312.50 KIPS)
** Heartbeat:  86% -- { 86000177 } -- 333.33 KIPS (312.73 KIPS)
** Heartbeat:  87% -- { 87000182 } -- 333.33 KIPS (312.95 KIPS)
** Heartbeat:  88% -- { 88000187 } -- 250.00 KIPS (312.06 KIPS)
** Heartbeat:  89% -- { 89000189 } -- 333.33 KIPS (312.28 KIPS)
** Heartbeat:  90% -- { 90000189 } -- 333.33 KIPS (312.50 KIPS)
** Heartbeat:  91% -- { 91000191 } -- 250.00 KIPS (311.64 KIPS)
** Heartbeat:  92% -- { 92000194 } -- 333.33 KIPS (311.87 KIPS)
** Heartbeat:  93% -- { 93000195 } -- 333.33 KIPS (312.08 KIPS)
** Heartbeat:  94% -- { 94000195 } -- 333.33 KIPS (312.29 KIPS)
** Heartbeat:  95% -- { 95000199 } -- 333.33 KIPS (312.50 KIPS)
** Heartbeat:  96% -- { 96000202 } -- 250.00 KIPS (311.69 KIPS)
** Heartbeat:  97% -- { 97000205 } -- 333.33 KIPS (311.90 KIPS)
** Heartbeat:  98% -- { 98000207 } -- 333.33 KIPS (312.10 KIPS)
** Heartbeat:  99% -- { 99000207 } -- 333.33 KIPS (312.30 KIPS)
** Core 0 Finished:    insts:100000004   cycles:37602220    time:11750693750000      -- 2.66 IPC (2.66 IPC) --  N/A  KIPS (311.53 KIPS)
done
Scarab finished at Thu May  4 21:45:39 2023

