Scarab gitrev: e8bfa19
Scarab started at Thu May  4 21:40:18 2023

Initialized Ramulator. 
** Heartbeat:   1% -- { 1000001 } -- 0.00 KIPS (333.33 KIPS)
** Heartbeat:   2% -- { 2000003 } -- 333.33 KIPS (333.33 KIPS)
** Heartbeat:   3% -- { 3000003 } -- 333.33 KIPS (333.33 KIPS)
** Heartbeat:   4% -- { 4000003 } -- 333.33 KIPS (333.33 KIPS)
** Heartbeat:   5% -- { 5000006 } -- 333.33 KIPS (333.33 KIPS)
** Heartbeat:   6% -- { 6000008 } -- 333.33 KIPS (333.33 KIPS)
** Heartbeat:   7% -- { 7000009 } -- 333.33 KIPS (333.33 KIPS)
** Heartbeat:   8% -- { 8000009 } -- 333.33 KIPS (333.33 KIPS)
** Heartbeat:   9% -- { 9000013 } -- 333.33 KIPS (333.33 KIPS)
** Heartbeat:  10% -- { 10000015 } -- 333.33 KIPS (333.33 KIPS)
** Heartbeat:  11% -- { 11000016 } -- 333.33 KIPS (333.33 KIPS)
** Heartbeat:  12% -- { 12000021 } -- 333.33 KIPS (333.33 KIPS)
** Heartbeat:  13% -- { 13000024 } -- 333.33 KIPS (333.33 KIPS)
** Heartbeat:  14% -- { 14000029 } -- 333.33 KIPS (333.33 KIPS)
** Heartbeat:  15% -- { 15000034 } -- 333.33 KIPS (333.33 KIPS)
** Heartbeat:  16% -- { 16000037 } -- 333.33 KIPS (333.33 KIPS)
** Heartbeat:  17% -- { 17000037 } -- 333.33 KIPS (333.33 KIPS)
** Heartbeat:  18% -- { 18000042 } -- 250.00 KIPS (327.27 KIPS)
** Heartbeat:  19% -- { 19000042 } -- 500.00 KIPS (333.33 KIPS)
** Heartbeat:  20% -- { 20000047 } -- 250.00 KIPS (327.87 KIPS)
** Heartbeat:  21% -- { 21000051 } -- 333.33 KIPS (328.13 KIPS)
** Heartbeat:  22% -- { 22000056 } -- 250.00 KIPS (323.53 KIPS)
** Heartbeat:  23% -- { 23000059 } -- 333.33 KIPS (323.94 KIPS)
** Heartbeat:  24% -- { 24000063 } -- 333.33 KIPS (324.33 KIPS)
** Heartbeat:  25% -- { 25000068 } -- 250.00 KIPS (320.51 KIPS)
** Heartbeat:  26% -- { 26000070 } -- 333.33 KIPS (320.99 KIPS)
** Heartbeat:  27% -- { 27000070 } -- 250.00 KIPS (317.65 KIPS)
** Heartbeat:  28% -- { 28000071 } -- 250.00 KIPS (314.61 KIPS)
** Heartbeat:  29% -- { 29000071 } -- 333.33 KIPS (315.22 KIPS)
** Heartbeat:  30% -- { 30000074 } -- 333.33 KIPS (315.79 KIPS)
** Heartbeat:  31% -- { 31000076 } -- 250.00 KIPS (313.13 KIPS)
** Heartbeat:  32% -- { 32000080 } -- 250.00 KIPS (310.68 KIPS)
** Heartbeat:  33% -- { 33000084 } -- 333.33 KIPS (311.32 KIPS)
** Heartbeat:  34% -- { 34000085 } -- 250.00 KIPS (309.09 KIPS)
** Heartbeat:  35% -- { 35000086 } -- 333.33 KIPS (309.74 KIPS)
** Heartbeat:  36% -- { 36000086 } -- 250.00 KIPS (307.69 KIPS)
** Heartbeat:  37% -- { 37000087 } -- 333.33 KIPS (308.33 KIPS)
** Heartbeat:  38% -- { 38000089 } -- 250.00 KIPS (306.45 KIPS)
** Heartbeat:  39% -- { 39000090 } -- 333.33 KIPS (307.09 KIPS)
** Heartbeat:  40% -- { 40000092 } -- 250.00 KIPS (305.34 KIPS)
** Heartbeat:  41% -- { 41000095 } -- 333.33 KIPS (305.97 KIPS)
** Heartbeat:  42% -- { 42000097 } -- 250.00 KIPS (304.35 KIPS)
** Heartbeat:  43% -- { 43000099 } -- 333.33 KIPS (304.97 KIPS)
** Heartbeat:  44% -- { 44000099 } -- 250.00 KIPS (303.45 KIPS)
** Heartbeat:  45% -- { 45000099 } -- 333.33 KIPS (304.05 KIPS)
** Heartbeat:  46% -- { 46000103 } -- 333.33 KIPS (304.64 KIPS)
** Heartbeat:  47% -- { 47000103 } -- 250.00 KIPS (303.23 KIPS)
** Heartbeat:  48% -- { 48000103 } -- 333.33 KIPS (303.80 KIPS)
** Heartbeat:  49% -- { 49000107 } -- 250.00 KIPS (302.47 KIPS)
** Heartbeat:  50% -- { 50000107 } -- 333.33 KIPS (303.03 KIPS)
** Heartbeat:  51% -- { 51000108 } -- 250.00 KIPS (301.78 KIPS)
** Heartbeat:  52% -- { 52000108 } -- 333.33 KIPS (302.33 KIPS)
** Heartbeat:  53% -- { 53000111 } -- 250.00 KIPS (301.14 KIPS)
** Heartbeat:  54% -- { 54000112 } -- 333.33 KIPS (301.68 KIPS)
** Heartbeat:  55% -- { 55000117 } -- 250.00 KIPS (300.55 KIPS)
** Heartbeat:  56% -- { 56000119 } -- 333.33 KIPS (301.08 KIPS)
** Heartbeat:  57% -- { 57000122 } -- 333.33 KIPS (301.59 KIPS)
** Heartbeat:  58% -- { 58000125 } -- 250.00 KIPS (300.52 KIPS)
** Heartbeat:  59% -- { 59000125 } -- 333.33 KIPS (301.02 KIPS)
** Heartbeat:  60% -- { 60000128 } -- 250.00 KIPS (300.00 KIPS)
** Heartbeat:  61% -- { 61000128 } -- 333.33 KIPS (300.49 KIPS)
** Heartbeat:  62% -- { 62000130 } -- 250.00 KIPS (299.52 KIPS)
** Heartbeat:  63% -- { 63000135 } -- 333.33 KIPS (300.00 KIPS)
** Heartbeat:  64% -- { 64000139 } -- 333.33 KIPS (300.47 KIPS)
** Heartbeat:  65% -- { 65000144 } -- 250.00 KIPS (299.54 KIPS)
** Heartbeat:  66% -- { 66000148 } -- 333.33 KIPS (300.00 KIPS)
** Heartbeat:  67% -- { 67000153 } -- 250.00 KIPS (299.11 KIPS)
** Heartbeat:  68% -- { 68000156 } -- 333.33 KIPS (299.56 KIPS)
** Heartbeat:  69% -- { 69000157 } -- 250.00 KIPS (298.70 KIPS)
** Heartbeat:  70% -- { 70000161 } -- 333.33 KIPS (299.15 KIPS)
** Heartbeat:  71% -- { 71000163 } -- 333.33 KIPS (299.58 KIPS)
** Heartbeat:  72% -- { 72000164 } -- 250.00 KIPS (298.76 KIPS)
** Heartbeat:  73% -- { 73000169 } -- 333.33 KIPS (299.18 KIPS)
** Heartbeat:  74% -- { 74000171 } -- 250.00 KIPS (298.39 KIPS)
** Heartbeat:  75% -- { 75000173 } -- 333.33 KIPS (298.81 KIPS)
** Heartbeat:  76% -- { 76000177 } -- 250.00 KIPS (298.04 KIPS)
** Heartbeat:  77% -- { 77000179 } -- 333.33 KIPS (298.45 KIPS)
** Heartbeat:  78% -- { 78000179 } -- 250.00 KIPS (297.71 KIPS)
** Heartbeat:  79% -- { 79000180 } -- 333.33 KIPS (298.11 KIPS)
** Heartbeat:  80% -- { 80000180 } -- 250.00 KIPS (297.40 KIPS)
** Heartbeat:  81% -- { 81000180 } -- 333.33 KIPS (297.79 KIPS)
** Heartbeat:  82% -- { 82000184 } -- 333.33 KIPS (298.18 KIPS)
** Heartbeat:  83% -- { 83000184 } -- 250.00 KIPS (297.49 KIPS)
** Heartbeat:  84% -- { 84000184 } -- 333.33 KIPS (297.87 KIPS)
** Heartbeat:  85% -- { 85000187 } -- 250.00 KIPS (297.20 KIPS)
** Heartbeat:  86% -- { 86000189 } -- 333.33 KIPS (297.58 KIPS)
** Heartbeat:  87% -- { 87000190 } -- 250.00 KIPS (296.93 KIPS)
** Heartbeat:  88% -- { 88000191 } -- 333.33 KIPS (297.30 KIPS)
** Heartbeat:  89% -- { 89000193 } -- 250.00 KIPS (296.67 KIPS)
** Heartbeat:  90% -- { 90000194 } -- 333.33 KIPS (297.03 KIPS)
** Heartbeat:  91% -- { 91000197 } -- 250.00 KIPS (296.42 KIPS)
** Heartbeat:  92% -- { 92000197 } -- 333.33 KIPS (296.77 KIPS)
** Heartbeat:  93% -- { 93000201 } -- 250.00 KIPS (296.18 KIPS)
** Heartbeat:  94% -- { 94000201 } -- 333.33 KIPS (296.53 KIPS)
** Heartbeat:  95% -- { 95000204 } -- 250.00 KIPS (295.95 KIPS)
** Heartbeat:  96% -- { 96000207 } -- 333.33 KIPS (296.30 KIPS)
** Heartbeat:  97% -- { 97000207 } -- 333.33 KIPS (296.64 KIPS)
** Heartbeat:  98% -- { 98000211 } -- 250.00 KIPS (296.07 KIPS)
** Heartbeat:  99% -- { 99000213 } -- 333.33 KIPS (296.41 KIPS)
** Core 0 Finished:    insts:100000000   cycles:41470150    time:12959421875000      -- 2.41 IPC (2.41 IPC) --  N/A  KIPS (295.86 KIPS)
done
Scarab finished at Thu May  4 21:45:56 2023

