               ramulator.active_cycles_0            20795172                                      # Total active cycles for level _0
                 ramulator.busy_cycles_0            20795172                                      # (All-bank refresh only. busy cycles only include refresh time in rank level) The sum of cycles that the DRAM part is active or under refresh for level _0
            ramulator.serving_requests_0            32646697                                      # The sum of read and write requests that are served in this DRAM element per memory cycle for level _0
    ramulator.average_serving_requests_0            0.923123                                      # The average of read and write requests that are served in this DRAM element per memory cycle for level _0
             ramulator.active_cycles_0_0            20795172                                      # Total active cycles for level _0_0
               ramulator.busy_cycles_0_0            21793092                                      # (All-bank refresh only. busy cycles only include refresh time in rank level) The sum of cycles that the DRAM part is active or under refresh for level _0_0
          ramulator.serving_requests_0_0            32646697                                      # The sum of read and write requests that are served in this DRAM element per memory cycle for level _0_0
  ramulator.average_serving_requests_0_0            0.923123                                      # The average of read and write requests that are served in this DRAM element per memory cycle for level _0_0
           ramulator.active_cycles_0_0_0             5980244                                      # Total active cycles for level _0_0_0
             ramulator.busy_cycles_0_0_0             5980244                                      # (All-bank refresh only. busy cycles only include refresh time in rank level) The sum of cycles that the DRAM part is active or under refresh for level _0_0_0
        ramulator.serving_requests_0_0_0             7035375                                      # The sum of read and write requests that are served in this DRAM element per memory cycle for level _0_0_0
ramulator.average_serving_requests_0_0_0            0.198933                                      # The average of read and write requests that are served in this DRAM element per memory cycle for level _0_0_0
         ramulator.active_cycles_0_0_0_0             1451271                                      # Total active cycles for level _0_0_0_0
           ramulator.busy_cycles_0_0_0_0             1451271                                      # (All-bank refresh only. busy cycles only include refresh time in rank level) The sum of cycles that the DRAM part is active or under refresh for level _0_0_0_0
      ramulator.serving_requests_0_0_0_0             1589925                                      # The sum of read and write requests that are served in this DRAM element per memory cycle for level _0_0_0_0
ramulator.average_serving_requests_0_0_0_0            0.044957                                      # The average of read and write requests that are served in this DRAM element per memory cycle for level _0_0_0_0
         ramulator.active_cycles_0_0_0_1             2009779                                      # Total active cycles for level _0_0_0_1
           ramulator.busy_cycles_0_0_0_1             2009779                                      # (All-bank refresh only. busy cycles only include refresh time in rank level) The sum of cycles that the DRAM part is active or under refresh for level _0_0_0_1
      ramulator.serving_requests_0_0_0_1             2212703                                      # The sum of read and write requests that are served in this DRAM element per memory cycle for level _0_0_0_1
ramulator.average_serving_requests_0_0_0_1            0.062567                                      # The average of read and write requests that are served in this DRAM element per memory cycle for level _0_0_0_1
         ramulator.active_cycles_0_0_0_2             1493013                                      # Total active cycles for level _0_0_0_2
           ramulator.busy_cycles_0_0_0_2             1493013                                      # (All-bank refresh only. busy cycles only include refresh time in rank level) The sum of cycles that the DRAM part is active or under refresh for level _0_0_0_2
      ramulator.serving_requests_0_0_0_2             1662535                                      # The sum of read and write requests that are served in this DRAM element per memory cycle for level _0_0_0_2
ramulator.average_serving_requests_0_0_0_2            0.047010                                      # The average of read and write requests that are served in this DRAM element per memory cycle for level _0_0_0_2
         ramulator.active_cycles_0_0_0_3             1399590                                      # Total active cycles for level _0_0_0_3
           ramulator.busy_cycles_0_0_0_3             1399590                                      # (All-bank refresh only. busy cycles only include refresh time in rank level) The sum of cycles that the DRAM part is active or under refresh for level _0_0_0_3
      ramulator.serving_requests_0_0_0_3             1570212                                      # The sum of read and write requests that are served in this DRAM element per memory cycle for level _0_0_0_3
ramulator.average_serving_requests_0_0_0_3            0.044400                                      # The average of read and write requests that are served in this DRAM element per memory cycle for level _0_0_0_3
           ramulator.active_cycles_0_0_1             8016870                                      # Total active cycles for level _0_0_1
             ramulator.busy_cycles_0_0_1             8016870                                      # (All-bank refresh only. busy cycles only include refresh time in rank level) The sum of cycles that the DRAM part is active or under refresh for level _0_0_1
        ramulator.serving_requests_0_0_1             9549239                                      # The sum of read and write requests that are served in this DRAM element per memory cycle for level _0_0_1
ramulator.average_serving_requests_0_0_1            0.270016                                      # The average of read and write requests that are served in this DRAM element per memory cycle for level _0_0_1
         ramulator.active_cycles_0_0_1_0             1635213                                      # Total active cycles for level _0_0_1_0
           ramulator.busy_cycles_0_0_1_0             1635213                                      # (All-bank refresh only. busy cycles only include refresh time in rank level) The sum of cycles that the DRAM part is active or under refresh for level _0_0_1_0
      ramulator.serving_requests_0_0_1_0             1807301                                      # The sum of read and write requests that are served in this DRAM element per memory cycle for level _0_0_1_0
ramulator.average_serving_requests_0_0_1_0            0.051104                                      # The average of read and write requests that are served in this DRAM element per memory cycle for level _0_0_1_0
         ramulator.active_cycles_0_0_1_1             2923458                                      # Total active cycles for level _0_0_1_1
           ramulator.busy_cycles_0_0_1_1             2923458                                      # (All-bank refresh only. busy cycles only include refresh time in rank level) The sum of cycles that the DRAM part is active or under refresh for level _0_0_1_1
      ramulator.serving_requests_0_0_1_1             3141532                                      # The sum of read and write requests that are served in this DRAM element per memory cycle for level _0_0_1_1
ramulator.average_serving_requests_0_0_1_1            0.088830                                      # The average of read and write requests that are served in this DRAM element per memory cycle for level _0_0_1_1
         ramulator.active_cycles_0_0_1_2             2248196                                      # Total active cycles for level _0_0_1_2
           ramulator.busy_cycles_0_0_1_2             2248196                                      # (All-bank refresh only. busy cycles only include refresh time in rank level) The sum of cycles that the DRAM part is active or under refresh for level _0_0_1_2
      ramulator.serving_requests_0_0_1_2             2431575                                      # The sum of read and write requests that are served in this DRAM element per memory cycle for level _0_0_1_2
ramulator.average_serving_requests_0_0_1_2            0.068756                                      # The average of read and write requests that are served in this DRAM element per memory cycle for level _0_0_1_2
         ramulator.active_cycles_0_0_1_3             1977051                                      # Total active cycles for level _0_0_1_3
           ramulator.busy_cycles_0_0_1_3             1977051                                      # (All-bank refresh only. busy cycles only include refresh time in rank level) The sum of cycles that the DRAM part is active or under refresh for level _0_0_1_3
      ramulator.serving_requests_0_0_1_3             2168831                                      # The sum of read and write requests that are served in this DRAM element per memory cycle for level _0_0_1_3
ramulator.average_serving_requests_0_0_1_3            0.061326                                      # The average of read and write requests that are served in this DRAM element per memory cycle for level _0_0_1_3
           ramulator.active_cycles_0_0_2             6434715                                      # Total active cycles for level _0_0_2
             ramulator.busy_cycles_0_0_2             6434715                                      # (All-bank refresh only. busy cycles only include refresh time in rank level) The sum of cycles that the DRAM part is active or under refresh for level _0_0_2
        ramulator.serving_requests_0_0_2             7613298                                      # The sum of read and write requests that are served in this DRAM element per memory cycle for level _0_0_2
ramulator.average_serving_requests_0_0_2            0.215275                                      # The average of read and write requests that are served in this DRAM element per memory cycle for level _0_0_2
         ramulator.active_cycles_0_0_2_0             1287264                                      # Total active cycles for level _0_0_2_0
           ramulator.busy_cycles_0_0_2_0             1287264                                      # (All-bank refresh only. busy cycles only include refresh time in rank level) The sum of cycles that the DRAM part is active or under refresh for level _0_0_2_0
      ramulator.serving_requests_0_0_2_0             1425931                                      # The sum of read and write requests that are served in this DRAM element per memory cycle for level _0_0_2_0
ramulator.average_serving_requests_0_0_2_0            0.040320                                      # The average of read and write requests that are served in this DRAM element per memory cycle for level _0_0_2_0
         ramulator.active_cycles_0_0_2_1             1949050                                      # Total active cycles for level _0_0_2_1
           ramulator.busy_cycles_0_0_2_1             1949050                                      # (All-bank refresh only. busy cycles only include refresh time in rank level) The sum of cycles that the DRAM part is active or under refresh for level _0_0_2_1
      ramulator.serving_requests_0_0_2_1             2127595                                      # The sum of read and write requests that are served in this DRAM element per memory cycle for level _0_0_2_1
ramulator.average_serving_requests_0_0_2_1            0.060160                                      # The average of read and write requests that are served in this DRAM element per memory cycle for level _0_0_2_1
         ramulator.active_cycles_0_0_2_2             1273342                                      # Total active cycles for level _0_0_2_2
           ramulator.busy_cycles_0_0_2_2             1273342                                      # (All-bank refresh only. busy cycles only include refresh time in rank level) The sum of cycles that the DRAM part is active or under refresh for level _0_0_2_2
      ramulator.serving_requests_0_0_2_2             1403142                                      # The sum of read and write requests that are served in this DRAM element per memory cycle for level _0_0_2_2
ramulator.average_serving_requests_0_0_2_2            0.039675                                      # The average of read and write requests that are served in this DRAM element per memory cycle for level _0_0_2_2
         ramulator.active_cycles_0_0_2_3             2426177                                      # Total active cycles for level _0_0_2_3
           ramulator.busy_cycles_0_0_2_3             2426177                                      # (All-bank refresh only. busy cycles only include refresh time in rank level) The sum of cycles that the DRAM part is active or under refresh for level _0_0_2_3
      ramulator.serving_requests_0_0_2_3             2656630                                      # The sum of read and write requests that are served in this DRAM element per memory cycle for level _0_0_2_3
ramulator.average_serving_requests_0_0_2_3            0.075119                                      # The average of read and write requests that are served in this DRAM element per memory cycle for level _0_0_2_3
           ramulator.active_cycles_0_0_3             7107875                                      # Total active cycles for level _0_0_3
             ramulator.busy_cycles_0_0_3             7107875                                      # (All-bank refresh only. busy cycles only include refresh time in rank level) The sum of cycles that the DRAM part is active or under refresh for level _0_0_3
        ramulator.serving_requests_0_0_3             8448034                                      # The sum of read and write requests that are served in this DRAM element per memory cycle for level _0_0_3
ramulator.average_serving_requests_0_0_3            0.238878                                      # The average of read and write requests that are served in this DRAM element per memory cycle for level _0_0_3
         ramulator.active_cycles_0_0_3_0             1871653                                      # Total active cycles for level _0_0_3_0
           ramulator.busy_cycles_0_0_3_0             1871653                                      # (All-bank refresh only. busy cycles only include refresh time in rank level) The sum of cycles that the DRAM part is active or under refresh for level _0_0_3_0
      ramulator.serving_requests_0_0_3_0             2056829                                      # The sum of read and write requests that are served in this DRAM element per memory cycle for level _0_0_3_0
ramulator.average_serving_requests_0_0_3_0            0.058159                                      # The average of read and write requests that are served in this DRAM element per memory cycle for level _0_0_3_0
         ramulator.active_cycles_0_0_3_1             1472424                                      # Total active cycles for level _0_0_3_1
           ramulator.busy_cycles_0_0_3_1             1472424                                      # (All-bank refresh only. busy cycles only include refresh time in rank level) The sum of cycles that the DRAM part is active or under refresh for level _0_0_3_1
      ramulator.serving_requests_0_0_3_1             1612911                                      # The sum of read and write requests that are served in this DRAM element per memory cycle for level _0_0_3_1
ramulator.average_serving_requests_0_0_3_1            0.045607                                      # The average of read and write requests that are served in this DRAM element per memory cycle for level _0_0_3_1
         ramulator.active_cycles_0_0_3_2             2400238                                      # Total active cycles for level _0_0_3_2
           ramulator.busy_cycles_0_0_3_2             2400238                                      # (All-bank refresh only. busy cycles only include refresh time in rank level) The sum of cycles that the DRAM part is active or under refresh for level _0_0_3_2
      ramulator.serving_requests_0_0_3_2             2632694                                      # The sum of read and write requests that are served in this DRAM element per memory cycle for level _0_0_3_2
ramulator.average_serving_requests_0_0_3_2            0.074442                                      # The average of read and write requests that are served in this DRAM element per memory cycle for level _0_0_3_2
         ramulator.active_cycles_0_0_3_3             1953938                                      # Total active cycles for level _0_0_3_3
           ramulator.busy_cycles_0_0_3_3             1953938                                      # (All-bank refresh only. busy cycles only include refresh time in rank level) The sum of cycles that the DRAM part is active or under refresh for level _0_0_3_3
      ramulator.serving_requests_0_0_3_3             2145600                                      # The sum of read and write requests that are served in this DRAM element per memory cycle for level _0_0_3_3
ramulator.average_serving_requests_0_0_3_3            0.060669                                      # The average of read and write requests that are served in this DRAM element per memory cycle for level _0_0_3_3
      ramulator.read_transaction_bytes_0            41485888                                      # The total byte of read transaction per channel
     ramulator.write_transaction_bytes_0             1944192                                      # The total byte of write transaction per channel
       ramulator.row_hits_channel_0_core              453647                                      # Number of row hits per channel per core
     ramulator.row_misses_channel_0_core               49835                                      # Number of row misses per channel per core
  ramulator.row_conflicts_channel_0_core              175113                                      # Number of row conflicts per channel per core
  ramulator.read_row_hits_channel_0_core              439006                                      # Number of row hits for read requests per channel per core
                                     [0]            439006.0                                      # 
ramulator.read_row_misses_channel_0_core               46581                                      # Number of row misses for read requests per channel per core
                                     [0]             46581.0                                      # 
ramulator.read_row_conflicts_channel_0_core              162630                                      # Number of row conflicts for read requests per channel per core
                                     [0]            162630.0                                      # 
 ramulator.write_row_hits_channel_0_core               14641                                      # Number of row hits for write requests per channel per core
                                     [0]             14641.0                                      # 
ramulator.write_row_misses_channel_0_core                3254                                      # Number of row misses for write requests per channel per core
                                     [0]              3254.0                                      # 
ramulator.write_row_conflicts_channel_0_core               12483                                      # Number of row conflicts for write requests per channel per core
                                     [0]             12483.0                                      # 
      ramulator.useless_activates_0_core                   2                                      # Number of useless activations. E.g, ACT -> PRE w/o RD or WR
            ramulator.read_latency_avg_0           40.074953                                      # The average memory latency cycles (in memory time domain) per request for all read requests in this channel
            ramulator.read_latency_sum_0            25999748                                      # The memory latency cycles (in memory time domain) sum for all read requests in this channel
        ramulator.req_queue_length_avg_0           14.938662                                      # Average of read and write queue length per memory cycle per channel.
        ramulator.req_queue_length_sum_0           528313145                                      # Sum of read and write queue length per memory cycle per channel.
   ramulator.read_req_queue_length_avg_0            0.640384                                      # Read queue length average per memory cycle per channel.
   ramulator.read_req_queue_length_sum_0            22647492                                      # Read queue length sum per memory cycle per channel.
  ramulator.write_req_queue_length_avg_0           14.298278                                      # Write queue length average per memory cycle per channel.
  ramulator.write_req_queue_length_sum_0           505665653                                      # Write queue length sum per memory cycle per channel.
              ramulator.record_read_hits                 0.0                                      # record read hit count for this core when it reaches request limit or to the end
                                     [0]                 0.0                                      # 
            ramulator.record_read_misses                 0.0                                      # record_read_miss count for this core when it reaches request limit or to the end
                                     [0]                 0.0                                      # 
         ramulator.record_read_conflicts                 0.0                                      # record read conflict count for this core when it reaches request limit or to the end
                                     [0]                 0.0                                      # 
             ramulator.record_write_hits                 0.0                                      # record write hit count for this core when it reaches request limit or to the end
                                     [0]                 0.0                                      # 
           ramulator.record_write_misses                 0.0                                      # record write miss count for this core when it reaches request limit or to the end
                                     [0]                 0.0                                      # 
        ramulator.record_write_conflicts                 0.0                                      # record write conflict for this core when it reaches request limit or to the end
                                     [0]                 0.0                                      # 
                 ramulator.dram_capacity          8589934592                                      # Number of bytes in simulated DRAM
                   ramulator.dram_cycles            35365492                                      # Number of DRAM cycles simulated
             ramulator.incoming_requests              679179                                      # Number of incoming requests to DRAM
                 ramulator.read_requests              648778                                      # Number of incoming read requests to DRAM per core
                                     [0]            648778.0                                      # 
                ramulator.write_requests               30401                                      # Number of incoming write requests to DRAM per core
                                     [0]             30401.0                                      # 
       ramulator.ramulator_active_cycles            20795302                                      # The total number of cycles that the DRAM part is active (serving R/W)
 ramulator.incoming_requests_per_channel            679179.0                                      # Number of incoming requests to each DRAM channel
                                     [0]            679179.0                                      # 
ramulator.incoming_read_reqs_per_channel            648778.0                                      # Number of incoming read requests to each DRAM channel
                                     [0]            648778.0                                      # 
     ramulator.physical_page_replacement                   0                                      # The number of times that physical page replacement happens.
             ramulator.maximum_bandwidth         19200000000                                      # The theoretical maximum bandwidth (Bps)
          ramulator.in_queue_req_num_sum           528313145                                      # Sum of read/write queue length
     ramulator.in_queue_read_req_num_sum            22647492                                      # Sum of read queue length
    ramulator.in_queue_write_req_num_sum           505665653                                      # Sum of write queue length
          ramulator.in_queue_req_num_avg           14.938662                                      # Average of read/write queue length per memory cycle
     ramulator.in_queue_read_req_num_avg            0.640384                                      # Average of read queue length per memory cycle
    ramulator.in_queue_write_req_num_avg           14.298278                                      # Average of write queue length per memory cycle
          ramulator.record_read_requests                 0.0                                      # record read requests for this core when it reaches request limit or to the end
                                     [0]                 0.0                                      # 
         ramulator.record_write_requests                 0.0                                      # record write requests for this core when it reaches request limit or to the end
                                     [0]                 0.0                                      # 
