Scarab gitrev: 8e47791
Scarab started at Sat May 20 05:54:04 2023

Initialized Ramulator. 
** Heartbeat:   1% -- { 1000003 } -- 0.00 KIPS (200.00 KIPS)
** Heartbeat:   2% -- { 2000007 } -- 200.00 KIPS (200.00 KIPS)
** Heartbeat:   3% -- { 3000007 } -- 250.00 KIPS (214.29 KIPS)
** Heartbeat:   4% -- { 4000009 } -- 200.00 KIPS (210.53 KIPS)
** Heartbeat:   5% -- { 5000012 } -- 200.00 KIPS (208.33 KIPS)
** Heartbeat:   6% -- { 6000014 } -- 200.00 KIPS (206.90 KIPS)
** Heartbeat:   7% -- { 7000015 } -- 200.00 KIPS (205.88 KIPS)
** Heartbeat:   8% -- { 8000018 } -- 250.00 KIPS (210.53 KIPS)
** Heartbeat:   9% -- { 9000018 } -- 200.00 KIPS (209.30 KIPS)
** Heartbeat:  10% -- { 10000022 } -- 200.00 KIPS (208.33 KIPS)
** Heartbeat:  11% -- { 11000023 } -- 200.00 KIPS (207.55 KIPS)
** Heartbeat:  12% -- { 12000023 } -- 200.00 KIPS (206.90 KIPS)
** Heartbeat:  13% -- { 13000023 } -- 200.00 KIPS (206.35 KIPS)
** Heartbeat:  14% -- { 14000025 } -- 250.00 KIPS (208.96 KIPS)
** Heartbeat:  15% -- { 15000025 } -- 200.00 KIPS (208.33 KIPS)
** Heartbeat:  16% -- { 16000027 } -- 200.00 KIPS (207.79 KIPS)
** Heartbeat:  17% -- { 17000027 } -- 200.00 KIPS (207.32 KIPS)
** Heartbeat:  18% -- { 18000028 } -- 200.00 KIPS (206.90 KIPS)
** Heartbeat:  19% -- { 19000031 } -- 250.00 KIPS (208.79 KIPS)
** Heartbeat:  20% -- { 20000032 } -- 200.00 KIPS (208.33 KIPS)
** Heartbeat:  21% -- { 21000037 } -- 200.00 KIPS (207.92 KIPS)
** Heartbeat:  22% -- { 22000040 } -- 200.00 KIPS (207.55 KIPS)
** Heartbeat:  23% -- { 23000041 } -- 200.00 KIPS (207.21 KIPS)
** Heartbeat:  24% -- { 24000041 } -- 200.00 KIPS (206.90 KIPS)
** Heartbeat:  25% -- { 25000042 } -- 200.00 KIPS (206.61 KIPS)
** Heartbeat:  26% -- { 26000042 } -- 250.00 KIPS (208.00 KIPS)
** Heartbeat:  27% -- { 27000047 } -- 200.00 KIPS (207.69 KIPS)
** Heartbeat:  28% -- { 28000047 } -- 200.00 KIPS (207.41 KIPS)
** Heartbeat:  29% -- { 29000049 } -- 200.00 KIPS (207.14 KIPS)
** Heartbeat:  30% -- { 30000049 } -- 200.00 KIPS (206.90 KIPS)
** Heartbeat:  31% -- { 31000053 } -- 250.00 KIPS (208.05 KIPS)
** Heartbeat:  32% -- { 32000055 } -- 166.67 KIPS (206.45 KIPS)
** Heartbeat:  33% -- { 33000055 } -- 250.00 KIPS (207.55 KIPS)
** Heartbeat:  34% -- { 34000057 } -- 200.00 KIPS (207.32 KIPS)
** Heartbeat:  35% -- { 35000061 } -- 250.00 KIPS (208.33 KIPS)
** Heartbeat:  36% -- { 36000063 } -- 200.00 KIPS (208.09 KIPS)
** Heartbeat:  37% -- { 37000066 } -- 166.67 KIPS (206.70 KIPS)
** Heartbeat:  38% -- { 38000069 } -- 250.00 KIPS (207.65 KIPS)
** Heartbeat:  39% -- { 39000074 } -- 200.00 KIPS (207.45 KIPS)
** Heartbeat:  40% -- { 40000076 } -- 200.00 KIPS (207.25 KIPS)
** Heartbeat:  41% -- { 41000079 } -- 200.00 KIPS (207.07 KIPS)
** Heartbeat:  42% -- { 42000081 } -- 200.00 KIPS (206.90 KIPS)
** Heartbeat:  43% -- { 43000084 } -- 250.00 KIPS (207.73 KIPS)
** Heartbeat:  44% -- { 44000086 } -- 200.00 KIPS (207.55 KIPS)
** Heartbeat:  45% -- { 45000087 } -- 166.67 KIPS (206.42 KIPS)
** Heartbeat:  46% -- { 46000087 } -- 250.00 KIPS (207.21 KIPS)
** Heartbeat:  47% -- { 47000088 } -- 200.00 KIPS (207.05 KIPS)
** Heartbeat:  48% -- { 48000090 } -- 200.00 KIPS (206.90 KIPS)
** Heartbeat:  49% -- { 49000090 } -- 200.00 KIPS (206.75 KIPS)
** Heartbeat:  50% -- { 50000091 } -- 200.00 KIPS (206.61 KIPS)
** Heartbeat:  51% -- { 51000094 } -- 250.00 KIPS (207.32 KIPS)
** Heartbeat:  52% -- { 52000099 } -- 200.00 KIPS (207.17 KIPS)
** Heartbeat:  53% -- { 53000099 } -- 166.67 KIPS (206.23 KIPS)
** Heartbeat:  54% -- { 54000102 } -- 250.00 KIPS (206.90 KIPS)
** Heartbeat:  55% -- { 55000102 } -- 200.00 KIPS (206.77 KIPS)
** Heartbeat:  56% -- { 56000105 } -- 200.00 KIPS (206.64 KIPS)
** Heartbeat:  57% -- { 57000107 } -- 200.00 KIPS (206.52 KIPS)
** Heartbeat:  58% -- { 58000109 } -- 200.00 KIPS (206.41 KIPS)
** Heartbeat:  59% -- { 59000111 } -- 250.00 KIPS (207.02 KIPS)
** Heartbeat:  60% -- { 60000111 } -- 200.00 KIPS (206.90 KIPS)
** Heartbeat:  61% -- { 61000112 } -- 200.00 KIPS (206.78 KIPS)
** Heartbeat:  62% -- { 62000112 } -- 200.00 KIPS (206.67 KIPS)
** Heartbeat:  63% -- { 63000112 } -- 333.33 KIPS (207.92 KIPS)
** Heartbeat:  64% -- { 64000113 } -- 333.33 KIPS (209.15 KIPS)
** Heartbeat:  65% -- { 65000113 } -- 333.33 KIPS (210.36 KIPS)
** Heartbeat:  66% -- { 66000114 } -- 333.33 KIPS (211.54 KIPS)
** Heartbeat:  67% -- { 67000114 } -- 333.33 KIPS (212.70 KIPS)
** Heartbeat:  68% -- { 68000117 } -- 333.33 KIPS (213.84 KIPS)
** Heartbeat:  69% -- { 69000117 } -- 333.33 KIPS (214.95 KIPS)
** Heartbeat:  70% -- { 70000120 } -- 333.33 KIPS (216.05 KIPS)
** Heartbeat:  71% -- { 71000120 } -- 250.00 KIPS (216.46 KIPS)
** Heartbeat:  72% -- { 72000124 } -- 333.33 KIPS (217.52 KIPS)
** Heartbeat:  73% -- { 73000127 } -- 333.33 KIPS (218.56 KIPS)
** Heartbeat:  74% -- { 74000131 } -- 500.00 KIPS (220.24 KIPS)
** Heartbeat:  75% -- { 75000135 } -- 333.33 KIPS (221.24 KIPS)
** Heartbeat:  76% -- { 76000139 } -- 333.33 KIPS (222.22 KIPS)
** Heartbeat:  77% -- { 77000142 } -- 500.00 KIPS (223.84 KIPS)
** Heartbeat:  78% -- { 78000142 } -- 333.33 KIPS (224.78 KIPS)
** Heartbeat:  79% -- { 79000142 } -- 333.33 KIPS (225.71 KIPS)
** Heartbeat:  80% -- { 80000143 } -- 500.00 KIPS (227.27 KIPS)
** Heartbeat:  81% -- { 81000143 } -- 333.33 KIPS (228.17 KIPS)
** Heartbeat:  82% -- { 82000145 } -- 333.33 KIPS (229.05 KIPS)
** Heartbeat:  83% -- { 83000148 } -- 333.33 KIPS (229.92 KIPS)
** Heartbeat:  84% -- { 84000148 } -- 500.00 KIPS (231.41 KIPS)
** Heartbeat:  85% -- { 85000148 } -- 333.33 KIPS (232.24 KIPS)
** Heartbeat:  86% -- { 86000148 } -- 333.33 KIPS (233.06 KIPS)
** Heartbeat:  87% -- { 87000148 } -- 500.00 KIPS (234.50 KIPS)
** Heartbeat:  88% -- { 88000153 } -- 333.33 KIPS (235.29 KIPS)
** Heartbeat:  89% -- { 89000153 } -- 500.00 KIPS (236.70 KIPS)
** Heartbeat:  90% -- { 90000157 } -- 333.33 KIPS (237.47 KIPS)
** Heartbeat:  91% -- { 91000160 } -- 500.00 KIPS (238.85 KIPS)
** Heartbeat:  92% -- { 92000163 } -- 333.33 KIPS (239.58 KIPS)
** Heartbeat:  93% -- { 93000163 } -- 333.33 KIPS (240.31 KIPS)
** Heartbeat:  94% -- { 94000164 } -- 500.00 KIPS (241.65 KIPS)
** Heartbeat:  95% -- { 95000169 } -- 333.33 KIPS (242.35 KIPS)
** Heartbeat:  96% -- { 96000170 } -- 333.33 KIPS (243.04 KIPS)
** Heartbeat:  97% -- { 97000172 } -- 500.00 KIPS (244.33 KIPS)
** Heartbeat:  98% -- { 98000172 } -- 500.00 KIPS (245.61 KIPS)
** Heartbeat:  99% -- { 99000172 } -- 333.33 KIPS (246.27 KIPS)
** Core 0 Finished:    insts:100000002   cycles:121548526   time:37983914375000      -- 0.82 IPC (0.82 IPC) --  N/A  KIPS (246.91 KIPS)
done
Scarab finished at Sat May 20 06:00:49 2023

