Scarab gitrev: 8e47791
Scarab started at Sat May 20 05:54:04 2023

Initialized Ramulator. 
** Heartbeat:   1% -- { 1000003 } -- 0.00 KIPS (333.33 KIPS)
** Heartbeat:   2% -- { 2000004 } -- 250.00 KIPS (285.71 KIPS)
** Heartbeat:   3% -- { 3000005 } -- 333.33 KIPS (300.00 KIPS)
** Heartbeat:   4% -- { 4000008 } -- 333.33 KIPS (307.69 KIPS)
** Heartbeat:   5% -- { 5000010 } -- 250.00 KIPS (294.12 KIPS)
** Heartbeat:   6% -- { 6000013 } -- 333.33 KIPS (300.00 KIPS)
** Heartbeat:   7% -- { 7000014 } -- 250.00 KIPS (291.67 KIPS)
** Heartbeat:   8% -- { 8000018 } -- 333.33 KIPS (296.30 KIPS)
** Heartbeat:   9% -- { 9000018 } -- 333.33 KIPS (300.00 KIPS)
** Heartbeat:  10% -- { 10000019 } -- 250.00 KIPS (294.12 KIPS)
** Heartbeat:  11% -- { 11000020 } -- 333.33 KIPS (297.30 KIPS)
** Heartbeat:  12% -- { 12000021 } -- 250.00 KIPS (292.68 KIPS)
** Heartbeat:  13% -- { 13000024 } -- 333.33 KIPS (295.46 KIPS)
** Heartbeat:  14% -- { 14000025 } -- 333.33 KIPS (297.87 KIPS)
** Heartbeat:  15% -- { 15000025 } -- 250.00 KIPS (294.12 KIPS)
** Heartbeat:  16% -- { 16000030 } -- 333.33 KIPS (296.30 KIPS)
** Heartbeat:  17% -- { 17000030 } -- 333.33 KIPS (298.25 KIPS)
** Heartbeat:  18% -- { 18000034 } -- 250.00 KIPS (295.08 KIPS)
** Heartbeat:  19% -- { 19000035 } -- 333.33 KIPS (296.88 KIPS)
** Heartbeat:  20% -- { 20000040 } -- 333.33 KIPS (298.51 KIPS)
** Heartbeat:  21% -- { 21000041 } -- 250.00 KIPS (295.78 KIPS)
** Heartbeat:  22% -- { 22000045 } -- 333.33 KIPS (297.30 KIPS)
** Heartbeat:  23% -- { 23000046 } -- 250.00 KIPS (294.87 KIPS)
** Heartbeat:  24% -- { 24000046 } -- 333.33 KIPS (296.30 KIPS)
** Heartbeat:  25% -- { 25000049 } -- 250.00 KIPS (294.12 KIPS)
** Heartbeat:  26% -- { 26000049 } -- 333.33 KIPS (295.46 KIPS)
** Heartbeat:  27% -- { 27000051 } -- 250.00 KIPS (293.48 KIPS)
** Heartbeat:  28% -- { 28000053 } -- 333.33 KIPS (294.74 KIPS)
** Heartbeat:  29% -- { 29000054 } -- 333.33 KIPS (295.92 KIPS)
** Heartbeat:  30% -- { 30000059 } -- 250.00 KIPS (294.12 KIPS)
** Heartbeat:  31% -- { 31000059 } -- 333.33 KIPS (295.24 KIPS)
** Heartbeat:  32% -- { 32000060 } -- 333.33 KIPS (296.30 KIPS)
** Heartbeat:  33% -- { 33000062 } -- 250.00 KIPS (294.64 KIPS)
** Heartbeat:  34% -- { 34000062 } -- 333.33 KIPS (295.65 KIPS)
** Heartbeat:  35% -- { 35000063 } -- 250.00 KIPS (294.12 KIPS)
** Heartbeat:  36% -- { 36000064 } -- 333.33 KIPS (295.08 KIPS)
** Heartbeat:  37% -- { 37000066 } -- 333.33 KIPS (296.00 KIPS)
** Heartbeat:  38% -- { 38000070 } -- 250.00 KIPS (294.57 KIPS)
** Heartbeat:  39% -- { 39000072 } -- 333.33 KIPS (295.46 KIPS)
** Heartbeat:  40% -- { 40000074 } -- 250.00 KIPS (294.12 KIPS)
** Heartbeat:  41% -- { 41000074 } -- 333.33 KIPS (294.96 KIPS)
** Heartbeat:  42% -- { 42000074 } -- 333.33 KIPS (295.78 KIPS)
** Heartbeat:  43% -- { 43000075 } -- 250.00 KIPS (294.52 KIPS)
** Heartbeat:  44% -- { 44000077 } -- 333.33 KIPS (295.30 KIPS)
** Heartbeat:  45% -- { 45000079 } -- 250.00 KIPS (294.12 KIPS)
** Heartbeat:  46% -- { 46000083 } -- 333.33 KIPS (294.87 KIPS)
** Heartbeat:  47% -- { 47000084 } -- 333.33 KIPS (295.60 KIPS)
** Heartbeat:  48% -- { 48000087 } -- 250.00 KIPS (294.48 KIPS)
** Heartbeat:  49% -- { 49000088 } -- 333.33 KIPS (295.18 KIPS)
** Heartbeat:  50% -- { 50000091 } -- 250.00 KIPS (294.12 KIPS)
** Heartbeat:  51% -- { 51000094 } -- 333.33 KIPS (294.80 KIPS)
** Heartbeat:  52% -- { 52000095 } -- 333.33 KIPS (295.46 KIPS)
** Heartbeat:  53% -- { 53000098 } -- 250.00 KIPS (294.44 KIPS)
** Heartbeat:  54% -- { 54000100 } -- 333.33 KIPS (295.08 KIPS)
** Heartbeat:  55% -- { 55000100 } -- 250.00 KIPS (294.12 KIPS)
** Heartbeat:  56% -- { 56000101 } -- 333.33 KIPS (294.74 KIPS)
** Heartbeat:  57% -- { 57000106 } -- 333.33 KIPS (295.34 KIPS)
** Heartbeat:  58% -- { 58000108 } -- 250.00 KIPS (294.42 KIPS)
** Heartbeat:  59% -- { 59000111 } -- 333.33 KIPS (295.00 KIPS)
** Heartbeat:  60% -- { 60000112 } -- 333.33 KIPS (295.57 KIPS)
** Heartbeat:  61% -- { 61000112 } -- 250.00 KIPS (294.69 KIPS)
** Heartbeat:  62% -- { 62000113 } -- 333.33 KIPS (295.24 KIPS)
** Heartbeat:  63% -- { 63000117 } -- 250.00 KIPS (294.39 KIPS)
** Heartbeat:  64% -- { 64000117 } -- 333.33 KIPS (294.93 KIPS)
** Heartbeat:  65% -- { 65000120 } -- 333.33 KIPS (295.46 KIPS)
** Heartbeat:  66% -- { 66000121 } -- 250.00 KIPS (294.64 KIPS)
** Heartbeat:  67% -- { 67000122 } -- 333.33 KIPS (295.15 KIPS)
** Heartbeat:  68% -- { 68000123 } -- 250.00 KIPS (294.37 KIPS)
** Heartbeat:  69% -- { 69000124 } -- 333.33 KIPS (294.87 KIPS)
** Heartbeat:  70% -- { 70000128 } -- 500.00 KIPS (296.61 KIPS)
** Heartbeat:  71% -- { 71000130 } -- 500.00 KIPS (298.32 KIPS)
** Heartbeat:  72% -- { 72000132 } -- 333.33 KIPS (298.76 KIPS)
** Heartbeat:  73% -- { 73000135 } -- 500.00 KIPS (300.41 KIPS)
** Heartbeat:  74% -- { 74000140 } -- 500.00 KIPS (302.04 KIPS)
** Heartbeat:  75% -- { 75000140 } -- 333.33 KIPS (302.42 KIPS)
** Heartbeat:  76% -- { 76000141 } -- 333.33 KIPS (302.79 KIPS)
** Heartbeat:  77% -- { 77000143 } -- 500.00 KIPS (304.35 KIPS)
** Heartbeat:  78% -- { 78000148 } -- 500.00 KIPS (305.88 KIPS)
** Heartbeat:  79% -- { 79000150 } -- 333.33 KIPS (306.20 KIPS)
** Heartbeat:  80% -- { 80000150 } -- 500.00 KIPS (307.69 KIPS)
** Heartbeat:  81% -- { 81000150 } -- 333.33 KIPS (307.99 KIPS)
** Heartbeat:  82% -- { 82000151 } -- 500.00 KIPS (309.43 KIPS)
** Heartbeat:  83% -- { 83000154 } -- 333.33 KIPS (309.70 KIPS)
** Heartbeat:  84% -- { 84000154 } -- 500.00 KIPS (311.11 KIPS)
** Heartbeat:  85% -- { 85000156 } -- 500.00 KIPS (312.50 KIPS)
** Heartbeat:  86% -- { 86000159 } -- 500.00 KIPS (313.87 KIPS)
** Heartbeat:  87% -- { 87000160 } -- 500.00 KIPS (315.22 KIPS)
** Heartbeat:  88% -- { 88000163 } -- 333.33 KIPS (315.41 KIPS)
** Heartbeat:  89% -- { 89000163 } -- 500.00 KIPS (316.73 KIPS)
** Heartbeat:  90% -- { 90000166 } -- 500.00 KIPS (318.02 KIPS)
** Heartbeat:  91% -- { 91000167 } -- 500.00 KIPS (319.30 KIPS)
** Heartbeat:  92% -- { 92000170 } -- 500.00 KIPS (320.56 KIPS)
** Heartbeat:  93% -- { 93000172 } -- 333.33 KIPS (320.69 KIPS)
** Heartbeat:  94% -- { 94000176 } -- 500.00 KIPS (321.92 KIPS)
** Heartbeat:  95% -- { 95000181 } -- 500.00 KIPS (323.13 KIPS)
** Heartbeat:  96% -- { 96000181 } -- 500.00 KIPS (324.32 KIPS)
** Heartbeat:  97% -- { 97000181 } -- 333.33 KIPS (324.42 KIPS)
** Heartbeat:  98% -- { 98000183 } -- 333.33 KIPS (324.50 KIPS)
** Heartbeat:  99% -- { 99000186 } -- 250.00 KIPS (323.53 KIPS)
** Core 0 Finished:    insts:100000000   cycles:50824993    time:15882810312500      -- 1.97 IPC (1.97 IPC) --  N/A  KIPS (324.68 KIPS)
done
Scarab finished at Sat May 20 05:59:12 2023

