Scarab gitrev: e8bfa19
Scarab started at Thu May  4 21:40:18 2023

Initialized Ramulator. 
** Heartbeat:   1% -- { 1000003 } -- 0.00 KIPS (200.00 KIPS)
** Heartbeat:   2% -- { 2000007 } -- 200.00 KIPS (200.00 KIPS)
** Heartbeat:   3% -- { 3000007 } -- 200.00 KIPS (200.00 KIPS)
** Heartbeat:   4% -- { 4000010 } -- 250.00 KIPS (210.53 KIPS)
** Heartbeat:   5% -- { 5000012 } -- 200.00 KIPS (208.33 KIPS)
** Heartbeat:   6% -- { 6000014 } -- 200.00 KIPS (206.90 KIPS)
** Heartbeat:   7% -- { 7000015 } -- 200.00 KIPS (205.88 KIPS)
** Heartbeat:   8% -- { 8000018 } -- 200.00 KIPS (205.13 KIPS)
** Heartbeat:   9% -- { 9000018 } -- 250.00 KIPS (209.30 KIPS)
** Heartbeat:  10% -- { 10000018 } -- 200.00 KIPS (208.33 KIPS)
** Heartbeat:  11% -- { 11000018 } -- 200.00 KIPS (207.55 KIPS)
** Heartbeat:  12% -- { 12000022 } -- 200.00 KIPS (206.90 KIPS)
** Heartbeat:  13% -- { 13000023 } -- 200.00 KIPS (206.35 KIPS)
** Heartbeat:  14% -- { 14000024 } -- 250.00 KIPS (208.96 KIPS)
** Heartbeat:  15% -- { 15000024 } -- 200.00 KIPS (208.33 KIPS)
** Heartbeat:  16% -- { 16000029 } -- 200.00 KIPS (207.79 KIPS)
** Heartbeat:  17% -- { 17000029 } -- 200.00 KIPS (207.32 KIPS)
** Heartbeat:  18% -- { 18000029 } -- 250.00 KIPS (209.30 KIPS)
** Heartbeat:  19% -- { 19000029 } -- 200.00 KIPS (208.79 KIPS)
** Heartbeat:  20% -- { 20000031 } -- 250.00 KIPS (210.53 KIPS)
** Heartbeat:  21% -- { 21000036 } -- 200.00 KIPS (210.00 KIPS)
** Heartbeat:  22% -- { 22000037 } -- 200.00 KIPS (209.52 KIPS)
** Heartbeat:  23% -- { 23000041 } -- 200.00 KIPS (209.09 KIPS)
** Heartbeat:  24% -- { 24000041 } -- 250.00 KIPS (210.53 KIPS)
** Heartbeat:  25% -- { 25000042 } -- 200.00 KIPS (210.08 KIPS)
** Heartbeat:  26% -- { 26000042 } -- 200.00 KIPS (209.68 KIPS)
** Heartbeat:  27% -- { 27000047 } -- 250.00 KIPS (210.94 KIPS)
** Heartbeat:  28% -- { 28000047 } -- 200.00 KIPS (210.53 KIPS)
** Heartbeat:  29% -- { 29000047 } -- 200.00 KIPS (210.15 KIPS)
** Heartbeat:  30% -- { 30000049 } -- 250.00 KIPS (211.27 KIPS)
** Heartbeat:  31% -- { 31000053 } -- 250.00 KIPS (212.33 KIPS)
** Heartbeat:  32% -- { 32000055 } -- 166.67 KIPS (210.53 KIPS)
** Heartbeat:  33% -- { 33000055 } -- 250.00 KIPS (211.54 KIPS)
** Heartbeat:  34% -- { 34000056 } -- 200.00 KIPS (211.18 KIPS)
** Heartbeat:  35% -- { 35000056 } -- 250.00 KIPS (212.12 KIPS)
** Heartbeat:  36% -- { 36000057 } -- 200.00 KIPS (211.77 KIPS)
** Heartbeat:  37% -- { 37000060 } -- 200.00 KIPS (211.43 KIPS)
** Heartbeat:  38% -- { 38000060 } -- 250.00 KIPS (212.29 KIPS)
** Heartbeat:  39% -- { 39000060 } -- 200.00 KIPS (211.96 KIPS)
** Heartbeat:  40% -- { 40000060 } -- 250.00 KIPS (212.77 KIPS)
** Heartbeat:  41% -- { 41000060 } -- 200.00 KIPS (212.44 KIPS)
** Heartbeat:  42% -- { 42000062 } -- 200.00 KIPS (212.12 KIPS)
** Heartbeat:  43% -- { 43000062 } -- 250.00 KIPS (212.87 KIPS)
** Heartbeat:  44% -- { 44000062 } -- 200.00 KIPS (212.56 KIPS)
** Heartbeat:  45% -- { 45000065 } -- 200.00 KIPS (212.26 KIPS)
** Heartbeat:  46% -- { 46000066 } -- 250.00 KIPS (212.96 KIPS)
** Heartbeat:  47% -- { 47000066 } -- 250.00 KIPS (213.64 KIPS)
** Heartbeat:  48% -- { 48000068 } -- 200.00 KIPS (213.33 KIPS)
** Heartbeat:  49% -- { 49000069 } -- 200.00 KIPS (213.04 KIPS)
** Heartbeat:  50% -- { 50000072 } -- 200.00 KIPS (212.77 KIPS)
** Heartbeat:  51% -- { 51000074 } -- 250.00 KIPS (213.39 KIPS)
** Heartbeat:  52% -- { 52000076 } -- 200.00 KIPS (213.12 KIPS)
** Heartbeat:  53% -- { 53000080 } -- 200.00 KIPS (212.85 KIPS)
** Heartbeat:  54% -- { 54000081 } -- 250.00 KIPS (213.44 KIPS)
** Heartbeat:  55% -- { 55000085 } -- 250.00 KIPS (214.01 KIPS)
** Heartbeat:  56% -- { 56000085 } -- 200.00 KIPS (213.74 KIPS)
** Heartbeat:  57% -- { 57000086 } -- 200.00 KIPS (213.48 KIPS)
** Heartbeat:  58% -- { 58000091 } -- 250.00 KIPS (214.02 KIPS)
** Heartbeat:  59% -- { 59000093 } -- 200.00 KIPS (213.77 KIPS)
** Heartbeat:  60% -- { 60000093 } -- 200.00 KIPS (213.52 KIPS)
** Heartbeat:  61% -- { 61000093 } -- 250.00 KIPS (214.04 KIPS)
** Heartbeat:  62% -- { 62000094 } -- 200.00 KIPS (213.79 KIPS)
** Heartbeat:  63% -- { 63000095 } -- 250.00 KIPS (214.29 KIPS)
** Heartbeat:  64% -- { 64000095 } -- 200.00 KIPS (214.05 KIPS)
** Heartbeat:  65% -- { 65000098 } -- 250.00 KIPS (214.52 KIPS)
** Heartbeat:  66% -- { 66000099 } -- 200.00 KIPS (214.29 KIPS)
** Heartbeat:  67% -- { 67000101 } -- 250.00 KIPS (214.74 KIPS)
** Heartbeat:  68% -- { 68000102 } -- 200.00 KIPS (214.51 KIPS)
** Heartbeat:  69% -- { 69000105 } -- 200.00 KIPS (214.29 KIPS)
** Heartbeat:  70% -- { 70000105 } -- 250.00 KIPS (214.72 KIPS)
** Heartbeat:  71% -- { 71000109 } -- 200.00 KIPS (214.50 KIPS)
** Heartbeat:  72% -- { 72000109 } -- 250.00 KIPS (214.93 KIPS)
** Heartbeat:  73% -- { 73000112 } -- 200.00 KIPS (214.71 KIPS)
** Heartbeat:  74% -- { 74000112 } -- 250.00 KIPS (215.12 KIPS)
** Heartbeat:  75% -- { 75000115 } -- 500.00 KIPS (216.76 KIPS)
** Heartbeat:  76% -- { 76000118 } -- 333.33 KIPS (217.77 KIPS)
** Heartbeat:  77% -- { 77000119 } -- 333.33 KIPS (218.75 KIPS)
** Heartbeat:  78% -- { 78000120 } -- 333.33 KIPS (219.72 KIPS)
** Heartbeat:  79% -- { 79000121 } -- 250.00 KIPS (220.06 KIPS)
** Heartbeat:  80% -- { 80000126 } -- 250.00 KIPS (220.39 KIPS)
** Heartbeat:  81% -- { 81000129 } -- 333.33 KIPS (221.31 KIPS)
** Heartbeat:  82% -- { 82000134 } -- 333.33 KIPS (222.22 KIPS)
** Heartbeat:  83% -- { 83000137 } -- 500.00 KIPS (223.72 KIPS)
** Heartbeat:  84% -- { 84000137 } -- 333.33 KIPS (224.60 KIPS)
** Heartbeat:  85% -- { 85000137 } -- 500.00 KIPS (226.06 KIPS)
** Heartbeat:  86% -- { 86000137 } -- 333.33 KIPS (226.91 KIPS)
** Heartbeat:  87% -- { 87000139 } -- 500.00 KIPS (228.35 KIPS)
** Heartbeat:  88% -- { 88000139 } -- 333.33 KIPS (229.17 KIPS)
** Heartbeat:  89% -- { 89000139 } -- 500.00 KIPS (230.57 KIPS)
** Heartbeat:  90% -- { 90000142 } -- 333.33 KIPS (231.36 KIPS)
** Heartbeat:  91% -- { 91000142 } -- 500.00 KIPS (232.74 KIPS)
** Heartbeat:  92% -- { 92000144 } -- 333.33 KIPS (233.50 KIPS)
** Heartbeat:  93% -- { 93000146 } -- 500.00 KIPS (234.85 KIPS)
** Heartbeat:  94% -- { 94000147 } -- 333.33 KIPS (235.59 KIPS)
** Heartbeat:  95% -- { 95000151 } -- 500.00 KIPS (236.91 KIPS)
** Heartbeat:  96% -- { 96000153 } -- 333.33 KIPS (237.62 KIPS)
** Heartbeat:  97% -- { 97000154 } -- 500.00 KIPS (238.92 KIPS)
** Heartbeat:  98% -- { 98000157 } -- 500.00 KIPS (240.20 KIPS)
** Heartbeat:  99% -- { 99000160 } -- 333.33 KIPS (240.88 KIPS)
** Core 0 Finished:    insts:100000002   cycles:150864850   time:47145265625000      -- 0.66 IPC (0.66 IPC) --  N/A  KIPS (241.55 KIPS)
done
Scarab finished at Thu May  4 21:47:12 2023

