Scarab gitrev: e8bfa19
Scarab started at Thu May  4 21:40:18 2023

Initialized Ramulator. 
** Heartbeat:   1% -- { 1000000 } -- 0.00 KIPS (250.00 KIPS)
** Heartbeat:   2% -- { 2000001 } -- 333.33 KIPS (285.71 KIPS)
** Heartbeat:   3% -- { 3000006 } -- 250.00 KIPS (272.73 KIPS)
** Heartbeat:   4% -- { 4000007 } -- 333.33 KIPS (285.71 KIPS)
** Heartbeat:   5% -- { 5000012 } -- 250.00 KIPS (277.78 KIPS)
** Heartbeat:   6% -- { 6000014 } -- 333.33 KIPS (285.71 KIPS)
** Heartbeat:   7% -- { 7000015 } -- 333.33 KIPS (291.67 KIPS)
** Heartbeat:   8% -- { 8000018 } -- 250.00 KIPS (285.71 KIPS)
** Heartbeat:   9% -- { 9000020 } -- 333.33 KIPS (290.32 KIPS)
** Heartbeat:  10% -- { 10000025 } -- 250.00 KIPS (285.71 KIPS)
** Heartbeat:  11% -- { 11000030 } -- 333.33 KIPS (289.47 KIPS)
** Heartbeat:  12% -- { 12000031 } -- 250.00 KIPS (285.72 KIPS)
** Heartbeat:  13% -- { 13000035 } -- 333.33 KIPS (288.89 KIPS)
** Heartbeat:  14% -- { 14000036 } -- 333.33 KIPS (291.67 KIPS)
** Heartbeat:  15% -- { 15000038 } -- 250.00 KIPS (288.46 KIPS)
** Heartbeat:  16% -- { 16000041 } -- 250.00 KIPS (285.72 KIPS)
** Heartbeat:  17% -- { 17000041 } -- 333.33 KIPS (288.14 KIPS)
** Heartbeat:  18% -- { 18000043 } -- 250.00 KIPS (285.71 KIPS)
** Heartbeat:  19% -- { 19000043 } -- 333.33 KIPS (287.88 KIPS)
** Heartbeat:  20% -- { 20000047 } -- 333.33 KIPS (289.86 KIPS)
** Heartbeat:  21% -- { 21000047 } -- 250.00 KIPS (287.67 KIPS)
** Heartbeat:  22% -- { 22000047 } -- 333.33 KIPS (289.47 KIPS)
** Heartbeat:  23% -- { 23000047 } -- 250.00 KIPS (287.50 KIPS)
** Heartbeat:  24% -- { 24000048 } -- 333.33 KIPS (289.16 KIPS)
** Heartbeat:  25% -- { 25000048 } -- 250.00 KIPS (287.36 KIPS)
** Heartbeat:  26% -- { 26000048 } -- 333.33 KIPS (288.89 KIPS)
** Heartbeat:  27% -- { 27000050 } -- 333.33 KIPS (290.32 KIPS)
** Heartbeat:  28% -- { 28000050 } -- 250.00 KIPS (288.66 KIPS)
** Heartbeat:  29% -- { 29000052 } -- 333.33 KIPS (290.00 KIPS)
** Heartbeat:  30% -- { 30000054 } -- 250.00 KIPS (288.46 KIPS)
** Heartbeat:  31% -- { 31000057 } -- 333.33 KIPS (289.72 KIPS)
** Heartbeat:  32% -- { 32000060 } -- 250.00 KIPS (288.29 KIPS)
** Heartbeat:  33% -- { 33000063 } -- 333.33 KIPS (289.47 KIPS)
** Heartbeat:  34% -- { 34000065 } -- 250.00 KIPS (288.14 KIPS)
** Heartbeat:  35% -- { 35000066 } -- 333.33 KIPS (289.26 KIPS)
** Heartbeat:  36% -- { 36000066 } -- 333.33 KIPS (290.32 KIPS)
** Heartbeat:  37% -- { 37000066 } -- 250.00 KIPS (289.06 KIPS)
** Heartbeat:  38% -- { 38000068 } -- 333.33 KIPS (290.08 KIPS)
** Heartbeat:  39% -- { 39000069 } -- 250.00 KIPS (288.89 KIPS)
** Heartbeat:  40% -- { 40000071 } -- 333.33 KIPS (289.86 KIPS)
** Heartbeat:  41% -- { 41000071 } -- 250.00 KIPS (288.73 KIPS)
** Heartbeat:  42% -- { 42000071 } -- 333.33 KIPS (289.66 KIPS)
** Heartbeat:  43% -- { 43000075 } -- 333.33 KIPS (290.54 KIPS)
** Heartbeat:  44% -- { 44000075 } -- 250.00 KIPS (289.47 KIPS)
** Heartbeat:  45% -- { 45000075 } -- 333.33 KIPS (290.32 KIPS)
** Heartbeat:  46% -- { 46000079 } -- 250.00 KIPS (289.31 KIPS)
** Heartbeat:  47% -- { 47000080 } -- 333.33 KIPS (290.12 KIPS)
** Heartbeat:  48% -- { 48000080 } -- 250.00 KIPS (289.16 KIPS)
** Heartbeat:  49% -- { 49000080 } -- 333.33 KIPS (289.94 KIPS)
** Heartbeat:  50% -- { 50000080 } -- 250.00 KIPS (289.02 KIPS)
** Heartbeat:  51% -- { 51000083 } -- 333.33 KIPS (289.77 KIPS)
** Heartbeat:  52% -- { 52000084 } -- 250.00 KIPS (288.89 KIPS)
** Heartbeat:  53% -- { 53000084 } -- 333.33 KIPS (289.62 KIPS)
** Heartbeat:  54% -- { 54000086 } -- 250.00 KIPS (288.77 KIPS)
** Heartbeat:  55% -- { 55000087 } -- 333.33 KIPS (289.47 KIPS)
** Heartbeat:  56% -- { 56000088 } -- 250.00 KIPS (288.66 KIPS)
** Heartbeat:  57% -- { 57000089 } -- 333.33 KIPS (289.34 KIPS)
** Heartbeat:  58% -- { 58000092 } -- 250.00 KIPS (288.56 KIPS)
** Heartbeat:  59% -- { 59000096 } -- 333.33 KIPS (289.22 KIPS)
** Heartbeat:  60% -- { 60000100 } -- 250.00 KIPS (288.46 KIPS)
** Heartbeat:  61% -- { 61000100 } -- 333.33 KIPS (289.10 KIPS)
** Heartbeat:  62% -- { 62000103 } -- 250.00 KIPS (288.37 KIPS)
** Heartbeat:  63% -- { 63000106 } -- 333.33 KIPS (288.99 KIPS)
** Heartbeat:  64% -- { 64000108 } -- 250.00 KIPS (288.29 KIPS)
** Heartbeat:  65% -- { 65000113 } -- 333.33 KIPS (288.89 KIPS)
** Heartbeat:  66% -- { 66000113 } -- 333.33 KIPS (289.47 KIPS)
** Heartbeat:  67% -- { 67000117 } -- 250.00 KIPS (288.79 KIPS)
** Heartbeat:  68% -- { 68000120 } -- 333.33 KIPS (289.36 KIPS)
** Heartbeat:  69% -- { 69000123 } -- 250.00 KIPS (288.70 KIPS)
** Heartbeat:  70% -- { 70000125 } -- 333.33 KIPS (289.26 KIPS)
** Heartbeat:  71% -- { 71000125 } -- 250.00 KIPS (288.62 KIPS)
** Heartbeat:  72% -- { 72000125 } -- 333.33 KIPS (289.16 KIPS)
** Heartbeat:  73% -- { 73000125 } -- 250.00 KIPS (288.54 KIPS)
** Heartbeat:  74% -- { 74000125 } -- 333.33 KIPS (289.06 KIPS)
** Heartbeat:  75% -- { 75000127 } -- 250.00 KIPS (288.46 KIPS)
** Heartbeat:  76% -- { 76000127 } -- 333.33 KIPS (288.97 KIPS)
** Heartbeat:  77% -- { 77000127 } -- 250.00 KIPS (288.39 KIPS)
** Heartbeat:  78% -- { 78000127 } -- 333.33 KIPS (288.89 KIPS)
** Heartbeat:  79% -- { 79000129 } -- 250.00 KIPS (288.32 KIPS)
** Heartbeat:  80% -- { 80000131 } -- 333.33 KIPS (288.81 KIPS)
** Heartbeat:  81% -- { 81000131 } -- 250.00 KIPS (288.26 KIPS)
** Heartbeat:  82% -- { 82000132 } -- 333.33 KIPS (288.73 KIPS)
** Heartbeat:  83% -- { 83000135 } -- 250.00 KIPS (288.19 KIPS)
** Heartbeat:  84% -- { 84000135 } -- 333.33 KIPS (288.66 KIPS)
** Heartbeat:  85% -- { 85000136 } -- 250.00 KIPS (288.14 KIPS)
** Heartbeat:  86% -- { 86000140 } -- 333.33 KIPS (288.59 KIPS)
** Heartbeat:  87% -- { 87000143 } -- 250.00 KIPS (288.08 KIPS)
** Heartbeat:  88% -- { 88000146 } -- 333.33 KIPS (288.53 KIPS)
** Heartbeat:  89% -- { 89000148 } -- 333.33 KIPS (288.96 KIPS)
** Heartbeat:  90% -- { 90000149 } -- 250.00 KIPS (288.46 KIPS)
** Heartbeat:  91% -- { 91000151 } -- 333.33 KIPS (288.89 KIPS)
** Heartbeat:  92% -- { 92000151 } -- 250.00 KIPS (288.40 KIPS)
** Heartbeat:  93% -- { 93000151 } -- 333.33 KIPS (288.82 KIPS)
** Heartbeat:  94% -- { 94000156 } -- 333.33 KIPS (289.23 KIPS)
** Heartbeat:  95% -- { 95000156 } -- 333.33 KIPS (289.63 KIPS)
** Heartbeat:  96% -- { 96000160 } -- 333.33 KIPS (290.03 KIPS)
** Heartbeat:  97% -- { 97000165 } -- 333.33 KIPS (290.42 KIPS)
** Heartbeat:  98% -- { 98000165 } -- 333.33 KIPS (290.80 KIPS)
** Heartbeat:  99% -- { 99000165 } -- 500.00 KIPS (292.04 KIPS)
** Core 0 Finished:    insts:100000003   cycles:64897133    time:20280354062500      -- 1.54 IPC (1.54 IPC) --  N/A  KIPS (292.40 KIPS)
done
Scarab finished at Thu May  4 21:46:00 2023

