Scarab gitrev: 8e47791
Scarab started at Sat May 20 05:54:04 2023

Initialized Ramulator. 
** Heartbeat:   1% -- { 1000000 } -- 0.00 KIPS (333.33 KIPS)
** Heartbeat:   2% -- { 2000003 } -- 333.33 KIPS (333.33 KIPS)
** Heartbeat:   3% -- { 3000006 } -- 333.33 KIPS (333.33 KIPS)
** Heartbeat:   4% -- { 4000009 } -- 333.33 KIPS (333.33 KIPS)
** Heartbeat:   5% -- { 5000010 } -- 333.33 KIPS (333.33 KIPS)
** Heartbeat:   6% -- { 6000012 } -- 333.33 KIPS (333.33 KIPS)
** Heartbeat:   7% -- { 7000012 } -- 333.33 KIPS (333.33 KIPS)
** Heartbeat:   8% -- { 8000014 } -- 333.33 KIPS (333.33 KIPS)
** Heartbeat:   9% -- { 9000016 } -- 333.33 KIPS (333.33 KIPS)
** Heartbeat:  10% -- { 10000019 } -- 333.33 KIPS (333.33 KIPS)
** Heartbeat:  11% -- { 11000020 } -- 333.33 KIPS (333.33 KIPS)
** Heartbeat:  12% -- { 12000020 } -- 500.00 KIPS (342.86 KIPS)
** Heartbeat:  13% -- { 13000021 } -- 333.33 KIPS (342.11 KIPS)
** Heartbeat:  14% -- { 14000022 } -- 333.33 KIPS (341.46 KIPS)
** Heartbeat:  15% -- { 15000023 } -- 333.33 KIPS (340.91 KIPS)
** Heartbeat:  16% -- { 16000027 } -- 250.00 KIPS (333.33 KIPS)
** Heartbeat:  17% -- { 17000028 } -- 333.33 KIPS (333.33 KIPS)
** Heartbeat:  18% -- { 18000032 } -- 200.00 KIPS (321.43 KIPS)
** Heartbeat:  19% -- { 19000034 } -- 166.67 KIPS (306.45 KIPS)
** Heartbeat:  20% -- { 20000034 } -- 333.33 KIPS (307.69 KIPS)
** Heartbeat:  21% -- { 21000036 } -- 500.00 KIPS (313.43 KIPS)
** Heartbeat:  22% -- { 22000037 } -- 333.33 KIPS (314.29 KIPS)
** Heartbeat:  23% -- { 23000042 } -- 333.33 KIPS (315.07 KIPS)
** Heartbeat:  24% -- { 24000046 } -- 500.00 KIPS (320.00 KIPS)
** Heartbeat:  25% -- { 25000049 } -- 333.33 KIPS (320.51 KIPS)
** Heartbeat:  26% -- { 26000051 } -- 500.00 KIPS (325.00 KIPS)
** Heartbeat:  27% -- { 27000053 } -- 500.00 KIPS (329.27 KIPS)
** Heartbeat:  28% -- { 28000057 } -- 333.33 KIPS (329.41 KIPS)
** Heartbeat:  29% -- { 29000060 } -- 500.00 KIPS (333.33 KIPS)
** Heartbeat:  30% -- { 30000062 } -- 333.33 KIPS (333.33 KIPS)
** Heartbeat:  31% -- { 31000065 } -- 500.00 KIPS (336.96 KIPS)
** Heartbeat:  32% -- { 32000066 } -- 500.00 KIPS (340.43 KIPS)
** Heartbeat:  33% -- { 33000070 } -- 333.33 KIPS (340.21 KIPS)
** Heartbeat:  34% -- { 34000073 } -- 333.33 KIPS (340.00 KIPS)
** Heartbeat:  35% -- { 35000074 } -- 333.33 KIPS (339.81 KIPS)
** Heartbeat:  36% -- { 36000074 } -- 333.33 KIPS (339.62 KIPS)
** Heartbeat:  37% -- { 37000074 } -- 333.33 KIPS (339.45 KIPS)
** Heartbeat:  38% -- { 38000074 } -- 333.33 KIPS (339.29 KIPS)
** Heartbeat:  39% -- { 39000079 } -- 500.00 KIPS (342.11 KIPS)
** Heartbeat:  40% -- { 40000081 } -- 333.33 KIPS (341.88 KIPS)
** Heartbeat:  41% -- { 41000086 } -- 333.33 KIPS (341.67 KIPS)
** Heartbeat:  42% -- { 42000088 } -- 333.33 KIPS (341.46 KIPS)
** Heartbeat:  43% -- { 43000088 } -- 333.33 KIPS (341.27 KIPS)
** Heartbeat:  44% -- { 44000093 } -- 500.00 KIPS (343.75 KIPS)
** Heartbeat:  45% -- { 45000094 } -- 333.33 KIPS (343.51 KIPS)
** Heartbeat:  46% -- { 46000094 } -- 333.33 KIPS (343.28 KIPS)
** Heartbeat:  47% -- { 47000095 } -- 500.00 KIPS (345.59 KIPS)
** Heartbeat:  48% -- { 48000097 } -- 500.00 KIPS (347.83 KIPS)
** Heartbeat:  49% -- { 49000099 } -- 500.00 KIPS (350.00 KIPS)
** Heartbeat:  50% -- { 50000099 } -- 500.00 KIPS (352.11 KIPS)
** Heartbeat:  51% -- { 51000100 } -- 500.00 KIPS (354.17 KIPS)
** Heartbeat:  52% -- { 52000102 } -- 1000.00 KIPS (358.62 KIPS)
** Heartbeat:  53% -- { 53000103 } -- 500.00 KIPS (360.54 KIPS)
** Heartbeat:  54% -- { 54000107 } -- 500.00 KIPS (362.42 KIPS)
** Heartbeat:  55% -- { 55000111 } -- 1000.00 KIPS (366.67 KIPS)
** Heartbeat:  56% -- { 56000114 } -- 500.00 KIPS (368.42 KIPS)
** Heartbeat:  57% -- { 57000116 } -- 500.00 KIPS (370.13 KIPS)
** Heartbeat:  58% -- { 58000118 } -- 500.00 KIPS (371.80 KIPS)
** Heartbeat:  59% -- { 59000119 } -- 1000.00 KIPS (375.80 KIPS)
** Heartbeat:  60% -- { 60000124 } -- 500.00 KIPS (377.36 KIPS)
** Heartbeat:  61% -- { 61000128 } -- 500.00 KIPS (378.88 KIPS)
** Heartbeat:  62% -- { 62000129 } -- 1000.00 KIPS (382.72 KIPS)
** Heartbeat:  63% -- { 63000129 } -- 500.00 KIPS (384.15 KIPS)
** Heartbeat:  64% -- { 64000132 } -- 500.00 KIPS (385.54 KIPS)
** Heartbeat:  65% -- { 65000133 } -- 333.33 KIPS (384.62 KIPS)
** Heartbeat:  66% -- { 66000138 } -- 500.00 KIPS (385.97 KIPS)
** Heartbeat:  67% -- { 67000139 } -- 333.33 KIPS (385.06 KIPS)
** Heartbeat:  68% -- { 68000142 } -- 333.33 KIPS (384.18 KIPS)
** Heartbeat:  69% -- { 69000144 } -- 500.00 KIPS (385.48 KIPS)
** Heartbeat:  70% -- { 70000145 } -- 333.33 KIPS (384.62 KIPS)
** Heartbeat:  71% -- { 71000148 } -- 500.00 KIPS (385.87 KIPS)
** Heartbeat:  72% -- { 72000153 } -- 333.33 KIPS (385.03 KIPS)
** Heartbeat:  73% -- { 73000157 } -- 333.33 KIPS (384.21 KIPS)
** Heartbeat:  74% -- { 74000159 } -- 500.00 KIPS (385.42 KIPS)
** Heartbeat:  75% -- { 75000160 } -- 333.33 KIPS (384.62 KIPS)
** Heartbeat:  76% -- { 76000160 } -- 333.33 KIPS (383.84 KIPS)
** Heartbeat:  77% -- { 77000161 } -- 500.00 KIPS (385.00 KIPS)
** Heartbeat:  78% -- { 78000163 } -- 333.33 KIPS (384.24 KIPS)
** Heartbeat:  79% -- { 79000164 } -- 333.33 KIPS (383.50 KIPS)
** Heartbeat:  80% -- { 80000165 } -- 500.00 KIPS (384.62 KIPS)
** Heartbeat:  81% -- { 81000166 } -- 333.33 KIPS (383.89 KIPS)
** Heartbeat:  82% -- { 82000169 } -- 500.00 KIPS (384.98 KIPS)
** Heartbeat:  83% -- { 83000170 } -- 333.33 KIPS (384.26 KIPS)
** Heartbeat:  84% -- { 84000170 } -- 333.33 KIPS (383.56 KIPS)
** Heartbeat:  85% -- { 85000172 } -- 333.33 KIPS (382.88 KIPS)
** Heartbeat:  86% -- { 86000177 } -- 333.33 KIPS (382.22 KIPS)
** Heartbeat:  87% -- { 87000178 } -- 333.33 KIPS (381.58 KIPS)
** Heartbeat:  88% -- { 88000179 } -- 500.00 KIPS (382.61 KIPS)
** Heartbeat:  89% -- { 89000179 } -- 333.33 KIPS (381.98 KIPS)
** Heartbeat:  90% -- { 90000179 } -- 500.00 KIPS (382.98 KIPS)
** Heartbeat:  91% -- { 91000179 } -- 333.33 KIPS (382.35 KIPS)
** Heartbeat:  92% -- { 92000184 } -- 333.33 KIPS (381.74 KIPS)
** Heartbeat:  93% -- { 93000184 } -- 333.33 KIPS (381.15 KIPS)
** Heartbeat:  94% -- { 94000184 } -- 333.33 KIPS (380.57 KIPS)
** Heartbeat:  95% -- { 95000187 } -- 333.33 KIPS (380.00 KIPS)
** Heartbeat:  96% -- { 96000190 } -- 500.00 KIPS (380.95 KIPS)
** Heartbeat:  97% -- { 97000193 } -- 333.33 KIPS (380.39 KIPS)
** Heartbeat:  98% -- { 98000198 } -- 333.33 KIPS (379.85 KIPS)
** Heartbeat:  99% -- { 99000201 } -- 333.33 KIPS (379.31 KIPS)
** Core 0 Finished:    insts:100000000   cycles:34067712    time:10646160000000      -- 2.94 IPC (2.94 IPC) --  N/A  KIPS (380.23 KIPS)
done
Scarab finished at Sat May 20 05:58:27 2023

