Scarab gitrev: 8e47791
Scarab started at Sat May 20 05:54:04 2023

Initialized Ramulator. 
** Heartbeat:   1% -- { 1000000 } -- 0.00 KIPS (333.33 KIPS)
** Heartbeat:   2% -- { 2000001 } -- 250.00 KIPS (285.71 KIPS)
** Heartbeat:   3% -- { 3000006 } -- 333.33 KIPS (300.00 KIPS)
** Heartbeat:   4% -- { 4000007 } -- 333.33 KIPS (307.69 KIPS)
** Heartbeat:   5% -- { 5000012 } -- 250.00 KIPS (294.12 KIPS)
** Heartbeat:   6% -- { 6000015 } -- 333.33 KIPS (300.00 KIPS)
** Heartbeat:   7% -- { 7000015 } -- 333.33 KIPS (304.35 KIPS)
** Heartbeat:   8% -- { 8000018 } -- 250.00 KIPS (296.30 KIPS)
** Heartbeat:   9% -- { 9000021 } -- 333.33 KIPS (300.00 KIPS)
** Heartbeat:  10% -- { 10000025 } -- 333.33 KIPS (303.03 KIPS)
** Heartbeat:  11% -- { 11000030 } -- 250.00 KIPS (297.30 KIPS)
** Heartbeat:  12% -- { 12000034 } -- 333.33 KIPS (300.00 KIPS)
** Heartbeat:  13% -- { 13000035 } -- 333.33 KIPS (302.33 KIPS)
** Heartbeat:  14% -- { 14000035 } -- 250.00 KIPS (297.87 KIPS)
** Heartbeat:  15% -- { 15000035 } -- 333.33 KIPS (300.00 KIPS)
** Heartbeat:  16% -- { 16000036 } -- 333.33 KIPS (301.89 KIPS)
** Heartbeat:  17% -- { 17000037 } -- 250.00 KIPS (298.25 KIPS)
** Heartbeat:  18% -- { 18000040 } -- 333.33 KIPS (300.00 KIPS)
** Heartbeat:  19% -- { 19000043 } -- 333.33 KIPS (301.59 KIPS)
** Heartbeat:  20% -- { 20000045 } -- 250.00 KIPS (298.51 KIPS)
** Heartbeat:  21% -- { 21000047 } -- 333.33 KIPS (300.00 KIPS)
** Heartbeat:  22% -- { 22000047 } -- 333.33 KIPS (301.37 KIPS)
** Heartbeat:  23% -- { 23000047 } -- 250.00 KIPS (298.70 KIPS)
** Heartbeat:  24% -- { 24000048 } -- 333.33 KIPS (300.00 KIPS)
** Heartbeat:  25% -- { 25000048 } -- 333.33 KIPS (301.21 KIPS)
** Heartbeat:  26% -- { 26000048 } -- 250.00 KIPS (298.85 KIPS)
** Heartbeat:  27% -- { 27000050 } -- 333.33 KIPS (300.00 KIPS)
** Heartbeat:  28% -- { 28000050 } -- 333.33 KIPS (301.08 KIPS)
** Heartbeat:  29% -- { 29000052 } -- 250.00 KIPS (298.97 KIPS)
** Heartbeat:  30% -- { 30000054 } -- 333.33 KIPS (300.00 KIPS)
** Heartbeat:  31% -- { 31000057 } -- 333.33 KIPS (300.97 KIPS)
** Heartbeat:  32% -- { 32000060 } -- 250.00 KIPS (299.07 KIPS)
** Heartbeat:  33% -- { 33000063 } -- 333.33 KIPS (300.00 KIPS)
** Heartbeat:  34% -- { 34000065 } -- 250.00 KIPS (298.25 KIPS)
** Heartbeat:  35% -- { 35000066 } -- 333.33 KIPS (299.15 KIPS)
** Heartbeat:  36% -- { 36000066 } -- 333.33 KIPS (300.00 KIPS)
** Heartbeat:  37% -- { 37000066 } -- 250.00 KIPS (298.39 KIPS)
** Heartbeat:  38% -- { 38000067 } -- 333.33 KIPS (299.21 KIPS)
** Heartbeat:  39% -- { 39000069 } -- 333.33 KIPS (300.00 KIPS)
** Heartbeat:  40% -- { 40000071 } -- 250.00 KIPS (298.51 KIPS)
** Heartbeat:  41% -- { 41000071 } -- 333.33 KIPS (299.27 KIPS)
** Heartbeat:  42% -- { 42000071 } -- 333.33 KIPS (300.00 KIPS)
** Heartbeat:  43% -- { 43000075 } -- 250.00 KIPS (298.61 KIPS)
** Heartbeat:  44% -- { 44000075 } -- 333.33 KIPS (299.32 KIPS)
** Heartbeat:  45% -- { 45000075 } -- 333.33 KIPS (300.00 KIPS)
** Heartbeat:  46% -- { 46000079 } -- 250.00 KIPS (298.70 KIPS)
** Heartbeat:  47% -- { 47000080 } -- 333.33 KIPS (299.36 KIPS)
** Heartbeat:  48% -- { 48000080 } -- 250.00 KIPS (298.14 KIPS)
** Heartbeat:  49% -- { 49000080 } -- 333.33 KIPS (298.78 KIPS)
** Heartbeat:  50% -- { 50000080 } -- 333.33 KIPS (299.40 KIPS)
** Heartbeat:  51% -- { 51000083 } -- 250.00 KIPS (298.25 KIPS)
** Heartbeat:  52% -- { 52000084 } -- 333.33 KIPS (298.85 KIPS)
** Heartbeat:  53% -- { 53000084 } -- 333.33 KIPS (299.44 KIPS)
** Heartbeat:  54% -- { 54000084 } -- 250.00 KIPS (298.34 KIPS)
** Heartbeat:  55% -- { 55000087 } -- 333.33 KIPS (298.91 KIPS)
** Heartbeat:  56% -- { 56000088 } -- 250.00 KIPS (297.87 KIPS)
** Heartbeat:  57% -- { 57000089 } -- 333.33 KIPS (298.43 KIPS)
** Heartbeat:  58% -- { 58000092 } -- 333.33 KIPS (298.97 KIPS)
** Heartbeat:  59% -- { 59000096 } -- 250.00 KIPS (297.98 KIPS)
** Heartbeat:  60% -- { 60000096 } -- 333.33 KIPS (298.51 KIPS)
** Heartbeat:  61% -- { 61000100 } -- 333.33 KIPS (299.02 KIPS)
** Heartbeat:  62% -- { 62000103 } -- 250.00 KIPS (298.08 KIPS)
** Heartbeat:  63% -- { 63000106 } -- 333.33 KIPS (298.58 KIPS)
** Heartbeat:  64% -- { 64000107 } -- 250.00 KIPS (297.67 KIPS)
** Heartbeat:  65% -- { 65000107 } -- 333.33 KIPS (298.17 KIPS)
** Heartbeat:  66% -- { 66000110 } -- 333.33 KIPS (298.64 KIPS)
** Heartbeat:  67% -- { 67000111 } -- 250.00 KIPS (297.78 KIPS)
** Heartbeat:  68% -- { 68000114 } -- 333.33 KIPS (298.25 KIPS)
** Heartbeat:  69% -- { 69000115 } -- 333.33 KIPS (298.70 KIPS)
** Heartbeat:  70% -- { 70000119 } -- 250.00 KIPS (297.87 KIPS)
** Heartbeat:  71% -- { 71000122 } -- 333.33 KIPS (298.32 KIPS)
** Heartbeat:  72% -- { 72000125 } -- 250.00 KIPS (297.52 KIPS)
** Heartbeat:  73% -- { 73000128 } -- 333.33 KIPS (297.96 KIPS)
** Heartbeat:  74% -- { 74000131 } -- 333.33 KIPS (298.39 KIPS)
** Heartbeat:  75% -- { 75000132 } -- 250.00 KIPS (297.62 KIPS)
** Heartbeat:  76% -- { 76000135 } -- 333.33 KIPS (298.04 KIPS)
** Heartbeat:  77% -- { 77000137 } -- 333.33 KIPS (298.45 KIPS)
** Heartbeat:  78% -- { 78000138 } -- 250.00 KIPS (297.71 KIPS)
** Heartbeat:  79% -- { 79000140 } -- 333.33 KIPS (298.11 KIPS)
** Heartbeat:  80% -- { 80000143 } -- 333.33 KIPS (298.51 KIPS)
** Heartbeat:  81% -- { 81000147 } -- 250.00 KIPS (297.79 KIPS)
** Heartbeat:  82% -- { 82000149 } -- 333.33 KIPS (298.18 KIPS)
** Heartbeat:  83% -- { 83000149 } -- 333.33 KIPS (298.56 KIPS)
** Heartbeat:  84% -- { 84000151 } -- 333.33 KIPS (298.93 KIPS)
** Heartbeat:  85% -- { 85000154 } -- 500.00 KIPS (300.35 KIPS)
** Heartbeat:  86% -- { 86000158 } -- 500.00 KIPS (301.75 KIPS)
** Heartbeat:  87% -- { 87000158 } -- 333.33 KIPS (302.08 KIPS)
** Heartbeat:  88% -- { 88000158 } -- 500.00 KIPS (303.45 KIPS)
** Heartbeat:  89% -- { 89000160 } -- 500.00 KIPS (304.80 KIPS)
** Heartbeat:  90% -- { 90000165 } -- 500.00 KIPS (306.12 KIPS)
** Heartbeat:  91% -- { 91000165 } -- 500.00 KIPS (307.43 KIPS)
** Heartbeat:  92% -- { 92000166 } -- 500.00 KIPS (308.73 KIPS)
** Heartbeat:  93% -- { 93000170 } -- 500.00 KIPS (310.00 KIPS)
** Heartbeat:  94% -- { 94000174 } -- 500.00 KIPS (311.26 KIPS)
** Heartbeat:  95% -- { 95000175 } -- 500.00 KIPS (312.50 KIPS)
** Heartbeat:  96% -- { 96000178 } -- 500.00 KIPS (313.73 KIPS)
** Heartbeat:  97% -- { 97000178 } -- 333.33 KIPS (313.92 KIPS)
** Heartbeat:  98% -- { 98000179 } -- 250.00 KIPS (313.10 KIPS)
** Heartbeat:  99% -- { 99000179 } -- 333.33 KIPS (313.29 KIPS)
** Core 0 Finished:    insts:100000003   cycles:62388250    time:19496328125000      -- 1.60 IPC (1.60 IPC) --  N/A  KIPS (314.47 KIPS)
done
Scarab finished at Sat May 20 05:59:22 2023

