/* -*- Mode: c -*- */
####################################################################################################
Core 0
####################################################################################################
Cumulative:        Cycles: 4731085               Instructions: 10000001              IPC: 2.11368

DCACHE_PREF_HIT                                      0                              0              

IFETCH_WB_FIRST_SCHEDULE                             0         -nan%                0         -nan%
PREFETCH_LAST_SCHEDULE                               0         -nan%                0         -nan%
DEMAND_PASS_PREF_SCHEDULE                            0         -nan%                0         -nan%
DEMAND_PASS_LOW_OP_SCHEDULE                          0         -nan%                0         -nan%
DEMAND_LAST_SCHEDULE                                 0         -nan%                0         -nan%
                                                     0         -nan%                0         -nan%
                                                  -nan         -nan              -nan         -nan

SEND_MISS_REQ_QUEUE                                373                            373              

L1_DATA_EVICT                                        0                              0              

STREAM_BUFFER_REQ                                    0                              0              

PREF_SEND_TO_MEM_REQ                                 0         -nan%                0         -nan%
PREF_SEND_TO_MEM_REQ_FAIL                            0         -nan%                0         -nan%
                                                     0         -nan%                0         -nan%
                                                  -nan         -nan              -nan         -nan

HIT_TRAIN_STREAM                                    83       55.705%               83       55.705%
MISS_TRAIN_STREAM                                   66       44.295%               66       44.295%
                                                   149      100.000%              149      100.000%
                                                  0.44         0.48              0.44         0.48

STREAM_TRAIN_CREATE                                 28                             28              

MEM_REQ_MISS_HWP_PREF_Q                              0         -nan%                0         -nan%
MEM_REQ_MISS_SW_PREF_Q                               0         -nan%                0         -nan%
MEM_REQ_MISS_IFETCH_Q                                0         -nan%                0         -nan%
MEM_REQ_MISS_DFETCH_Q                                0         -nan%                0         -nan%
MEM_REQ_MISS_DSTORE_Q                                0         -nan%                0         -nan%
MEM_REQ_MISS_DPRF_Q                                  0         -nan%                0         -nan%
MEM_REQ_MISS_WB_Q                                    0         -nan%                0         -nan%
                                                     0         -nan%                0         -nan%
                                                  -nan         -nan              -nan         -nan

PREF_HIT_BY_DEMAND_IFETCH                            0         -nan%                0         -nan%
PREF_HIT_BY_DEMAND_DFETCH                            0         -nan%                0         -nan%
PREF_HIT_BY_DEMAND_DSTORE                            0         -nan%                0         -nan%
PREF_HIT_BY_DEMAND_IPREF                             0         -nan%                0         -nan%
PREF_HIT_BY_DEMAND_DPRF                              0         -nan%                0         -nan%
PREF_HIT_BY_DEMAND_WB                                0         -nan%                0         -nan%
PREF_HIT_BY_PREF                                     0         -nan%                0         -nan%
                                                     0         -nan%                0         -nan%
                                                  -nan         -nan              -nan         -nan

PREF_HIT_DEMAND_IFETCH                               0         -nan%                0         -nan%
PREF_HIT_DEMAND_DFETCH                               0         -nan%                0         -nan%
PREF_HIT_DEMAND_DSTORE                               0         -nan%                0         -nan%
PREF_HIT_DEMAND_IPREF                                0         -nan%                0         -nan%
PREF_HIT_DEMAND_DPRF                                 0         -nan%                0         -nan%
PREF_HIT_DEMAND_WB                                   0         -nan%                0         -nan%
                                                     0         -nan%                0         -nan%
                                                  -nan         -nan              -nan         -nan

PREF_L1_FILL                                         0         -nan%                0         -nan%
DEMAND_L1_FILL                                       0         -nan%                0         -nan%
                                                     0         -nan%                0         -nan%
                                                  -nan         -nan              -nan         -nan

TOUCH_L1_REPLACE                                     0         -nan%                0         -nan%
NO_TOUCH_L1_REPLACE                                  0         -nan%                0         -nan%
                                                     0         -nan%                0         -nan%
                                                  -nan         -nan              -nan         -nan

PREF_REQ_QUE_FULL                                    0                              0              

STREAM_REQ_QUEUE_HIT_BY_DEMAND                       0                              0              

L2HIT_STREAM_PREF_REQ_QUE_FULL                       0                              0              

L2HIT_HIT_TRAIN_STREAM                               0         -nan%                0         -nan%
L2HIT_MISS_TRAIN_STREAM                              0         -nan%                0         -nan%
                                                     0         -nan%                0         -nan%
                                                  -nan         -nan              -nan         -nan

L2HIT_STREAM_TRAIN_CREATE                            0                              0              

L2HIT_STREAM_BUFFER_REQ                              0                              0              

L2HIT_STREAM_PREF_DCACHE_HIT                         0         -nan%                0         -nan%
L2HIT_STREAM_PREF_DCACHE_INSERT                      0         -nan%                0         -nan%
L2HIT_STREAM_L2_MISS                                 0         -nan%                0         -nan%
                                                     0         -nan%                0         -nan%
                                                  -nan         -nan              -nan         -nan

L2HIT_STREAM_DCACHE_PORT_FULL                        0                              0              

L2HIT_STREAM_PREF_L1_PORT_FULL                       0                              0              

L2HIT_TRAIN_HIT_DEMAND                               0         -nan%                0         -nan%
L2HIT_TRAIN_MISS_REQ                                 0         -nan%                0         -nan%
                                                     0         -nan%                0         -nan%
                                                  -nan         -nan              -nan         -nan

L2HIT_TRAIN_FILTER_MISS                              0         -nan%                0         -nan%
L2HIT_TRAIN_FILTER_HIT                               0         -nan%                0         -nan%
                                                     0         -nan%                0         -nan%
                                                  -nan         -nan              -nan         -nan

L2HIT_PREF_REQ_DCACHE_HIT                            0         -nan%                0         -nan%
L2HIT_PREF_REQ_DCACHE_MISS                           0         -nan%                0         -nan%
                                                     0         -nan%                0         -nan%
                                                  -nan         -nan              -nan         -nan

L2HIT_L2SEND_Q_FULL                                  0         -nan%                0         -nan%
L2HIT_L2SEND_Q_ENTER                                 0         -nan%                0         -nan%
                                                     0         -nan%                0         -nan%
                                                  -nan         -nan              -nan         -nan

L2HIT_MEM_REQ                                        0                              0              

REMOVE_REDUNDANT_STREAM_STAT                         0                              0              

REPLACE_OLD_STREAM                                  12                             12              

REQ_SEND_QUEUE_STALL                                 0                              0              

STREAM_ENTER_RA                                      0                              0              

CORE_STREAM_LENGTH_0                                 3       37.500%                3       37.500%
CORE_STREAM_LENGTH_10                                3       37.500%                3       37.500%
CORE_STREAM_LENGTH_20                                0        0.000%                0        0.000%
CORE_STREAM_LENGTH_30                                0        0.000%                0        0.000%
CORE_STREAM_LENGTH_40                                1       12.500%                1       12.500%
CORE_STREAM_LENGTH_50                                0        0.000%                0        0.000%
CORE_STREAM_LENGTH_60                                1       12.500%                1       12.500%
CORE_STREAM_LENGTH_70                                0        0.000%                0        0.000%
CORE_STREAM_LENGTH_80                                0        0.000%                0        0.000%
CORE_STREAM_LENGTH_90                                0        0.000%                0        0.000%
CORE_STREAM_LENGTH_100_P                             0        0.000%                0        0.000%
                                                     8      100.000%                8      100.000%
                                                  1.62         1.93              1.62         1.93

CORE_CUM_STREAM_LENGTH_0                            17       10.241%               17       10.241%
CORE_CUM_STREAM_LENGTH_10                           41       24.699%               41       24.699%
CORE_CUM_STREAM_LENGTH_20                            0        0.000%                0        0.000%
CORE_CUM_STREAM_LENGTH_30                            0        0.000%                0        0.000%
CORE_CUM_STREAM_LENGTH_40                           48       28.916%               48       28.916%
CORE_CUM_STREAM_LENGTH_50                            0        0.000%                0        0.000%
CORE_CUM_STREAM_LENGTH_60                           60       36.145%               60       36.145%
CORE_CUM_STREAM_LENGTH_70                            0        0.000%                0        0.000%
CORE_CUM_STREAM_LENGTH_80                            0        0.000%                0        0.000%
CORE_CUM_STREAM_LENGTH_90                            0        0.000%                0        0.000%
CORE_CUM_STREAM_LENGTH_100_P                         0        0.000%                0        0.000%
                                                   166      100.000%              166      100.000%
                                                  3.57         1.96              3.57         1.96

CORE_STREAM_TRAIN_HITS_0                             6       75.000%                6       75.000%
CORE_STREAM_TRAIN_HITS_10                            0        0.000%                0        0.000%
CORE_STREAM_TRAIN_HITS_20                            0        0.000%                0        0.000%
CORE_STREAM_TRAIN_HITS_30                            1       12.500%                1       12.500%
CORE_STREAM_TRAIN_HITS_40                            1       12.500%                1       12.500%
CORE_STREAM_TRAIN_HITS_50                            0        0.000%                0        0.000%
CORE_STREAM_TRAIN_HITS_60                            0        0.000%                0        0.000%
CORE_STREAM_TRAIN_HITS_70                            0        0.000%                0        0.000%
CORE_STREAM_TRAIN_HITS_80                            0        0.000%                0        0.000%
CORE_STREAM_TRAIN_HITS_90                            0        0.000%                0        0.000%
CORE_STREAM_TRAIN_HITS_100_P                         0        0.000%                0        0.000%
                                                     8      100.000%                8      100.000%
                                                  0.88         1.43              0.88         1.43

CORE_CUM_STREAM_TRAIN_HITS_0                        39       33.913%               39       33.913%
CORE_CUM_STREAM_TRAIN_HITS_10                        0        0.000%                0        0.000%
CORE_CUM_STREAM_TRAIN_HITS_20                        0        0.000%                0        0.000%
CORE_CUM_STREAM_TRAIN_HITS_30                       32       27.826%               32       27.826%
CORE_CUM_STREAM_TRAIN_HITS_40                       44       38.261%               44       38.261%
CORE_CUM_STREAM_TRAIN_HITS_50                        0        0.000%                0        0.000%
CORE_CUM_STREAM_TRAIN_HITS_60                        0        0.000%                0        0.000%
CORE_CUM_STREAM_TRAIN_HITS_70                        0        0.000%                0        0.000%
CORE_CUM_STREAM_TRAIN_HITS_80                        0        0.000%                0        0.000%
CORE_CUM_STREAM_TRAIN_HITS_90                        0        0.000%                0        0.000%
CORE_CUM_STREAM_TRAIN_HITS_100_P                     0        0.000%                0        0.000%
                                                   115      100.000%              115      100.000%
                                                  2.37         1.07              2.37         1.07

CORE_STREAM_TRAIN_CREATE                            28                             28              



