               ramulator.active_cycles_0            24431870                                      # Total active cycles for level _0
                 ramulator.busy_cycles_0            24431870                                      # (All-bank refresh only. busy cycles only include refresh time in rank level) The sum of cycles that the DRAM part is active or under refresh for level _0
            ramulator.serving_requests_0            56487230                                      # The sum of read and write requests that are served in this DRAM element per memory cycle for level _0
    ramulator.average_serving_requests_0            1.645296                                      # The average of read and write requests that are served in this DRAM element per memory cycle for level _0
             ramulator.active_cycles_0_0            24431870                                      # Total active cycles for level _0_0
               ramulator.busy_cycles_0_0            25014410                                      # (All-bank refresh only. busy cycles only include refresh time in rank level) The sum of cycles that the DRAM part is active or under refresh for level _0_0
          ramulator.serving_requests_0_0            56487230                                      # The sum of read and write requests that are served in this DRAM element per memory cycle for level _0_0
  ramulator.average_serving_requests_0_0            1.645296                                      # The average of read and write requests that are served in this DRAM element per memory cycle for level _0_0
           ramulator.active_cycles_0_0_0            11055367                                      # Total active cycles for level _0_0_0
             ramulator.busy_cycles_0_0_0            11055367                                      # (All-bank refresh only. busy cycles only include refresh time in rank level) The sum of cycles that the DRAM part is active or under refresh for level _0_0_0
        ramulator.serving_requests_0_0_0            14746463                                      # The sum of read and write requests that are served in this DRAM element per memory cycle for level _0_0_0
ramulator.average_serving_requests_0_0_0            0.429518                                      # The average of read and write requests that are served in this DRAM element per memory cycle for level _0_0_0
         ramulator.active_cycles_0_0_0_0             3357178                                      # Total active cycles for level _0_0_0_0
           ramulator.busy_cycles_0_0_0_0             3357178                                      # (All-bank refresh only. busy cycles only include refresh time in rank level) The sum of cycles that the DRAM part is active or under refresh for level _0_0_0_0
      ramulator.serving_requests_0_0_0_0             3549647                                      # The sum of read and write requests that are served in this DRAM element per memory cycle for level _0_0_0_0
ramulator.average_serving_requests_0_0_0_0            0.103390                                      # The average of read and write requests that are served in this DRAM element per memory cycle for level _0_0_0_0
         ramulator.active_cycles_0_0_0_1             3766026                                      # Total active cycles for level _0_0_0_1
           ramulator.busy_cycles_0_0_0_1             3766026                                      # (All-bank refresh only. busy cycles only include refresh time in rank level) The sum of cycles that the DRAM part is active or under refresh for level _0_0_0_1
      ramulator.serving_requests_0_0_0_1             3975898                                      # The sum of read and write requests that are served in this DRAM element per memory cycle for level _0_0_0_1
ramulator.average_serving_requests_0_0_0_1            0.115805                                      # The average of read and write requests that are served in this DRAM element per memory cycle for level _0_0_0_1
         ramulator.active_cycles_0_0_0_2             3298442                                      # Total active cycles for level _0_0_0_2
           ramulator.busy_cycles_0_0_0_2             3298442                                      # (All-bank refresh only. busy cycles only include refresh time in rank level) The sum of cycles that the DRAM part is active or under refresh for level _0_0_0_2
      ramulator.serving_requests_0_0_0_2             3487528                                      # The sum of read and write requests that are served in this DRAM element per memory cycle for level _0_0_0_2
ramulator.average_serving_requests_0_0_0_2            0.101581                                      # The average of read and write requests that are served in this DRAM element per memory cycle for level _0_0_0_2
         ramulator.active_cycles_0_0_0_3             3516328                                      # Total active cycles for level _0_0_0_3
           ramulator.busy_cycles_0_0_0_3             3516328                                      # (All-bank refresh only. busy cycles only include refresh time in rank level) The sum of cycles that the DRAM part is active or under refresh for level _0_0_0_3
      ramulator.serving_requests_0_0_0_3             3733390                                      # The sum of read and write requests that are served in this DRAM element per memory cycle for level _0_0_0_3
ramulator.average_serving_requests_0_0_0_3            0.108742                                      # The average of read and write requests that are served in this DRAM element per memory cycle for level _0_0_0_3
           ramulator.active_cycles_0_0_1            10293338                                      # Total active cycles for level _0_0_1
             ramulator.busy_cycles_0_0_1            10293338                                      # (All-bank refresh only. busy cycles only include refresh time in rank level) The sum of cycles that the DRAM part is active or under refresh for level _0_0_1
        ramulator.serving_requests_0_0_1            13681715                                      # The sum of read and write requests that are served in this DRAM element per memory cycle for level _0_0_1
ramulator.average_serving_requests_0_0_1            0.398506                                      # The average of read and write requests that are served in this DRAM element per memory cycle for level _0_0_1
         ramulator.active_cycles_0_0_1_0             2917660                                      # Total active cycles for level _0_0_1_0
           ramulator.busy_cycles_0_0_1_0             2917660                                      # (All-bank refresh only. busy cycles only include refresh time in rank level) The sum of cycles that the DRAM part is active or under refresh for level _0_0_1_0
      ramulator.serving_requests_0_0_1_0             3091767                                      # The sum of read and write requests that are served in this DRAM element per memory cycle for level _0_0_1_0
ramulator.average_serving_requests_0_0_1_0            0.090054                                      # The average of read and write requests that are served in this DRAM element per memory cycle for level _0_0_1_0
         ramulator.active_cycles_0_0_1_1             3301230                                      # Total active cycles for level _0_0_1_1
           ramulator.busy_cycles_0_0_1_1             3301230                                      # (All-bank refresh only. busy cycles only include refresh time in rank level) The sum of cycles that the DRAM part is active or under refresh for level _0_0_1_1
      ramulator.serving_requests_0_0_1_1             3487083                                      # The sum of read and write requests that are served in this DRAM element per memory cycle for level _0_0_1_1
ramulator.average_serving_requests_0_0_1_1            0.101568                                      # The average of read and write requests that are served in this DRAM element per memory cycle for level _0_0_1_1
         ramulator.active_cycles_0_0_1_2             3430590                                      # Total active cycles for level _0_0_1_2
           ramulator.busy_cycles_0_0_1_2             3430590                                      # (All-bank refresh only. busy cycles only include refresh time in rank level) The sum of cycles that the DRAM part is active or under refresh for level _0_0_1_2
      ramulator.serving_requests_0_0_1_2             3631600                                      # The sum of read and write requests that are served in this DRAM element per memory cycle for level _0_0_1_2
ramulator.average_serving_requests_0_0_1_2            0.105777                                      # The average of read and write requests that are served in this DRAM element per memory cycle for level _0_0_1_2
         ramulator.active_cycles_0_0_1_3             3277158                                      # Total active cycles for level _0_0_1_3
           ramulator.busy_cycles_0_0_1_3             3277158                                      # (All-bank refresh only. busy cycles only include refresh time in rank level) The sum of cycles that the DRAM part is active or under refresh for level _0_0_1_3
      ramulator.serving_requests_0_0_1_3             3471265                                      # The sum of read and write requests that are served in this DRAM element per memory cycle for level _0_0_1_3
ramulator.average_serving_requests_0_0_1_3            0.101107                                      # The average of read and write requests that are served in this DRAM element per memory cycle for level _0_0_1_3
           ramulator.active_cycles_0_0_2            10657596                                      # Total active cycles for level _0_0_2
             ramulator.busy_cycles_0_0_2            10657596                                      # (All-bank refresh only. busy cycles only include refresh time in rank level) The sum of cycles that the DRAM part is active or under refresh for level _0_0_2
        ramulator.serving_requests_0_0_2            14261198                                      # The sum of read and write requests that are served in this DRAM element per memory cycle for level _0_0_2
ramulator.average_serving_requests_0_0_2            0.415384                                      # The average of read and write requests that are served in this DRAM element per memory cycle for level _0_0_2
         ramulator.active_cycles_0_0_2_0             3197564                                      # Total active cycles for level _0_0_2_0
           ramulator.busy_cycles_0_0_2_0             3197564                                      # (All-bank refresh only. busy cycles only include refresh time in rank level) The sum of cycles that the DRAM part is active or under refresh for level _0_0_2_0
      ramulator.serving_requests_0_0_2_0             3387129                                      # The sum of read and write requests that are served in this DRAM element per memory cycle for level _0_0_2_0
ramulator.average_serving_requests_0_0_2_0            0.098656                                      # The average of read and write requests that are served in this DRAM element per memory cycle for level _0_0_2_0
         ramulator.active_cycles_0_0_2_1             3228675                                      # Total active cycles for level _0_0_2_1
           ramulator.busy_cycles_0_0_2_1             3228675                                      # (All-bank refresh only. busy cycles only include refresh time in rank level) The sum of cycles that the DRAM part is active or under refresh for level _0_0_2_1
      ramulator.serving_requests_0_0_2_1             3425678                                      # The sum of read and write requests that are served in this DRAM element per memory cycle for level _0_0_2_1
ramulator.average_serving_requests_0_0_2_1            0.099779                                      # The average of read and write requests that are served in this DRAM element per memory cycle for level _0_0_2_1
         ramulator.active_cycles_0_0_2_2             3534374                                      # Total active cycles for level _0_0_2_2
           ramulator.busy_cycles_0_0_2_2             3534374                                      # (All-bank refresh only. busy cycles only include refresh time in rank level) The sum of cycles that the DRAM part is active or under refresh for level _0_0_2_2
      ramulator.serving_requests_0_0_2_2             3739739                                      # The sum of read and write requests that are served in this DRAM element per memory cycle for level _0_0_2_2
ramulator.average_serving_requests_0_0_2_2            0.108927                                      # The average of read and write requests that are served in this DRAM element per memory cycle for level _0_0_2_2
         ramulator.active_cycles_0_0_2_3             3499573                                      # Total active cycles for level _0_0_2_3
           ramulator.busy_cycles_0_0_2_3             3499573                                      # (All-bank refresh only. busy cycles only include refresh time in rank level) The sum of cycles that the DRAM part is active or under refresh for level _0_0_2_3
      ramulator.serving_requests_0_0_2_3             3708652                                      # The sum of read and write requests that are served in this DRAM element per memory cycle for level _0_0_2_3
ramulator.average_serving_requests_0_0_2_3            0.108021                                      # The average of read and write requests that are served in this DRAM element per memory cycle for level _0_0_2_3
           ramulator.active_cycles_0_0_3            10411988                                      # Total active cycles for level _0_0_3
             ramulator.busy_cycles_0_0_3            10411988                                      # (All-bank refresh only. busy cycles only include refresh time in rank level) The sum of cycles that the DRAM part is active or under refresh for level _0_0_3
        ramulator.serving_requests_0_0_3            13797854                                      # The sum of read and write requests that are served in this DRAM element per memory cycle for level _0_0_3
ramulator.average_serving_requests_0_0_3            0.401888                                      # The average of read and write requests that are served in this DRAM element per memory cycle for level _0_0_3
         ramulator.active_cycles_0_0_3_0             3371830                                      # Total active cycles for level _0_0_3_0
           ramulator.busy_cycles_0_0_3_0             3371830                                      # (All-bank refresh only. busy cycles only include refresh time in rank level) The sum of cycles that the DRAM part is active or under refresh for level _0_0_3_0
      ramulator.serving_requests_0_0_3_0             3572043                                      # The sum of read and write requests that are served in this DRAM element per memory cycle for level _0_0_3_0
ramulator.average_serving_requests_0_0_3_0            0.104042                                      # The average of read and write requests that are served in this DRAM element per memory cycle for level _0_0_3_0
         ramulator.active_cycles_0_0_3_1             3234488                                      # Total active cycles for level _0_0_3_1
           ramulator.busy_cycles_0_0_3_1             3234488                                      # (All-bank refresh only. busy cycles only include refresh time in rank level) The sum of cycles that the DRAM part is active or under refresh for level _0_0_3_1
      ramulator.serving_requests_0_0_3_1             3426747                                      # The sum of read and write requests that are served in this DRAM element per memory cycle for level _0_0_3_1
ramulator.average_serving_requests_0_0_3_1            0.099810                                      # The average of read and write requests that are served in this DRAM element per memory cycle for level _0_0_3_1
         ramulator.active_cycles_0_0_3_2             3299491                                      # Total active cycles for level _0_0_3_2
           ramulator.busy_cycles_0_0_3_2             3299491                                      # (All-bank refresh only. busy cycles only include refresh time in rank level) The sum of cycles that the DRAM part is active or under refresh for level _0_0_3_2
      ramulator.serving_requests_0_0_3_2             3495878                                      # The sum of read and write requests that are served in this DRAM element per memory cycle for level _0_0_3_2
ramulator.average_serving_requests_0_0_3_2            0.101824                                      # The average of read and write requests that are served in this DRAM element per memory cycle for level _0_0_3_2
         ramulator.active_cycles_0_0_3_3             3125372                                      # Total active cycles for level _0_0_3_3
           ramulator.busy_cycles_0_0_3_3             3125372                                      # (All-bank refresh only. busy cycles only include refresh time in rank level) The sum of cycles that the DRAM part is active or under refresh for level _0_0_3_3
      ramulator.serving_requests_0_0_3_3             3303186                                      # The sum of read and write requests that are served in this DRAM element per memory cycle for level _0_0_3_3
ramulator.average_serving_requests_0_0_3_3            0.096211                                      # The average of read and write requests that are served in this DRAM element per memory cycle for level _0_0_3_3
      ramulator.read_transaction_bytes_0            34179456                                      # The total byte of read transaction per channel
     ramulator.write_transaction_bytes_0            17746112                                      # The total byte of write transaction per channel
       ramulator.row_hits_channel_0_core              305635                                      # Number of row hits per channel per core
     ramulator.row_misses_channel_0_core               59902                                      # Number of row misses per channel per core
  ramulator.row_conflicts_channel_0_core              445800                                      # Number of row conflicts per channel per core
  ramulator.read_row_hits_channel_0_core              288817                                      # Number of row hits for read requests per channel per core
                                     [0]            288817.0                                      # 
ramulator.read_row_misses_channel_0_core               36594                                      # Number of row misses for read requests per channel per core
                                     [0]             36594.0                                      # 
ramulator.read_row_conflicts_channel_0_core              208643                                      # Number of row conflicts for read requests per channel per core
                                     [0]            208643.0                                      # 
 ramulator.write_row_hits_channel_0_core               16818                                      # Number of row hits for write requests per channel per core
                                     [0]             16818.0                                      # 
ramulator.write_row_misses_channel_0_core               23308                                      # Number of row misses for write requests per channel per core
                                     [0]             23308.0                                      # 
ramulator.write_row_conflicts_channel_0_core              237157                                      # Number of row conflicts for write requests per channel per core
                                     [0]            237157.0                                      # 
      ramulator.useless_activates_0_core                  79                                      # Number of useless activations. E.g, ACT -> PRE w/o RD or WR
            ramulator.read_latency_avg_0           53.680653                                      # The average memory latency cycles (in memory time domain) per request for all read requests in this channel
            ramulator.read_latency_sum_0            28678513                                      # The memory latency cycles (in memory time domain) sum for all read requests in this channel
        ramulator.req_queue_length_avg_0           14.874301                                      # Average of read and write queue length per memory cycle per channel.
        ramulator.req_queue_length_sum_0           510672746                                      # Sum of read and write queue length per memory cycle per channel.
   ramulator.read_req_queue_length_avg_0            0.718928                                      # Read queue length average per memory cycle per channel.
   ramulator.read_req_queue_length_sum_0            24682647                                      # Read queue length sum per memory cycle per channel.
  ramulator.write_req_queue_length_avg_0           14.155372                                      # Write queue length average per memory cycle per channel.
  ramulator.write_req_queue_length_sum_0           485990099                                      # Write queue length sum per memory cycle per channel.
              ramulator.record_read_hits                 0.0                                      # record read hit count for this core when it reaches request limit or to the end
                                     [0]                 0.0                                      # 
            ramulator.record_read_misses                 0.0                                      # record_read_miss count for this core when it reaches request limit or to the end
                                     [0]                 0.0                                      # 
         ramulator.record_read_conflicts                 0.0                                      # record read conflict count for this core when it reaches request limit or to the end
                                     [0]                 0.0                                      # 
             ramulator.record_write_hits                 0.0                                      # record write hit count for this core when it reaches request limit or to the end
                                     [0]                 0.0                                      # 
           ramulator.record_write_misses                 0.0                                      # record write miss count for this core when it reaches request limit or to the end
                                     [0]                 0.0                                      # 
        ramulator.record_write_conflicts                 0.0                                      # record write conflict for this core when it reaches request limit or to the end
                                     [0]                 0.0                                      # 
                 ramulator.dram_capacity          8589934592                                      # Number of bytes in simulated DRAM
                   ramulator.dram_cycles            34332555                                      # Number of DRAM cycles simulated
             ramulator.incoming_requests              811539                                      # Number of incoming requests to DRAM
                 ramulator.read_requests              534243                                      # Number of incoming read requests to DRAM per core
                                     [0]            534243.0                                      # 
                ramulator.write_requests              277296                                      # Number of incoming write requests to DRAM per core
                                     [0]            277296.0                                      # 
       ramulator.ramulator_active_cycles            24431870                                      # The total number of cycles that the DRAM part is active (serving R/W)
 ramulator.incoming_requests_per_channel            811539.0                                      # Number of incoming requests to each DRAM channel
                                     [0]            811539.0                                      # 
ramulator.incoming_read_reqs_per_channel            534243.0                                      # Number of incoming read requests to each DRAM channel
                                     [0]            534243.0                                      # 
     ramulator.physical_page_replacement                   0                                      # The number of times that physical page replacement happens.
             ramulator.maximum_bandwidth         19200000000                                      # The theoretical maximum bandwidth (Bps)
          ramulator.in_queue_req_num_sum           510672746                                      # Sum of read/write queue length
     ramulator.in_queue_read_req_num_sum            24682647                                      # Sum of read queue length
    ramulator.in_queue_write_req_num_sum           485990099                                      # Sum of write queue length
          ramulator.in_queue_req_num_avg           14.874301                                      # Average of read/write queue length per memory cycle
     ramulator.in_queue_read_req_num_avg            0.718928                                      # Average of read queue length per memory cycle
    ramulator.in_queue_write_req_num_avg           14.155372                                      # Average of write queue length per memory cycle
          ramulator.record_read_requests                 0.0                                      # record read requests for this core when it reaches request limit or to the end
                                     [0]                 0.0                                      # 
         ramulator.record_write_requests                 0.0                                      # record write requests for this core when it reaches request limit or to the end
                                     [0]                 0.0                                      # 
