Scarab gitrev: e8bfa19
Scarab started at Thu May  4 21:40:18 2023

Initialized Ramulator. 
** Heartbeat:   1% -- { 1000001 } -- 0.00 KIPS (333.33 KIPS)
** Heartbeat:   2% -- { 2000003 } -- 333.33 KIPS (333.33 KIPS)
** Heartbeat:   3% -- { 3000003 } -- 333.33 KIPS (333.33 KIPS)
** Heartbeat:   4% -- { 4000003 } -- 333.33 KIPS (333.33 KIPS)
** Heartbeat:   5% -- { 5000006 } -- 333.33 KIPS (333.33 KIPS)
** Heartbeat:   6% -- { 6000008 } -- 333.33 KIPS (333.33 KIPS)
** Heartbeat:   7% -- { 7000009 } -- 333.33 KIPS (333.33 KIPS)
** Heartbeat:   8% -- { 8000009 } -- 333.33 KIPS (333.33 KIPS)
** Heartbeat:   9% -- { 9000013 } -- 333.33 KIPS (333.33 KIPS)
** Heartbeat:  10% -- { 10000016 } -- 333.33 KIPS (333.33 KIPS)
** Heartbeat:  11% -- { 11000016 } -- 333.33 KIPS (333.33 KIPS)
** Heartbeat:  12% -- { 12000021 } -- 333.33 KIPS (333.33 KIPS)
** Heartbeat:  13% -- { 13000024 } -- 333.33 KIPS (333.33 KIPS)
** Heartbeat:  14% -- { 14000029 } -- 333.33 KIPS (333.33 KIPS)
** Heartbeat:  15% -- { 15000034 } -- 333.33 KIPS (333.33 KIPS)
** Heartbeat:  16% -- { 16000037 } -- 333.33 KIPS (333.33 KIPS)
** Heartbeat:  17% -- { 17000040 } -- 333.33 KIPS (333.33 KIPS)
** Heartbeat:  18% -- { 18000042 } -- 333.33 KIPS (333.33 KIPS)
** Heartbeat:  19% -- { 19000042 } -- 333.33 KIPS (333.33 KIPS)
** Heartbeat:  20% -- { 20000047 } -- 333.33 KIPS (333.33 KIPS)
** Heartbeat:  21% -- { 21000051 } -- 333.33 KIPS (333.33 KIPS)
** Heartbeat:  22% -- { 22000053 } -- 250.00 KIPS (328.36 KIPS)
** Heartbeat:  23% -- { 23000055 } -- 333.33 KIPS (328.57 KIPS)
** Heartbeat:  24% -- { 24000058 } -- 250.00 KIPS (324.33 KIPS)
** Heartbeat:  25% -- { 25000058 } -- 333.33 KIPS (324.68 KIPS)
** Heartbeat:  26% -- { 26000060 } -- 250.00 KIPS (320.99 KIPS)
** Heartbeat:  27% -- { 27000062 } -- 333.33 KIPS (321.43 KIPS)
** Heartbeat:  28% -- { 28000065 } -- 250.00 KIPS (318.18 KIPS)
** Heartbeat:  29% -- { 29000067 } -- 250.00 KIPS (315.22 KIPS)
** Heartbeat:  30% -- { 30000068 } -- 333.33 KIPS (315.79 KIPS)
** Heartbeat:  31% -- { 31000072 } -- 250.00 KIPS (313.13 KIPS)
** Heartbeat:  32% -- { 32000074 } -- 333.33 KIPS (313.73 KIPS)
** Heartbeat:  33% -- { 33000079 } -- 250.00 KIPS (311.32 KIPS)
** Heartbeat:  34% -- { 34000080 } -- 333.33 KIPS (311.93 KIPS)
** Heartbeat:  35% -- { 35000080 } -- 250.00 KIPS (309.74 KIPS)
** Heartbeat:  36% -- { 36000082 } -- 333.33 KIPS (310.35 KIPS)
** Heartbeat:  37% -- { 37000087 } -- 250.00 KIPS (308.33 KIPS)
** Heartbeat:  38% -- { 38000089 } -- 333.33 KIPS (308.94 KIPS)
** Heartbeat:  39% -- { 39000090 } -- 333.33 KIPS (309.52 KIPS)
** Heartbeat:  40% -- { 40000092 } -- 250.00 KIPS (307.69 KIPS)
** Heartbeat:  41% -- { 41000095 } -- 333.33 KIPS (308.27 KIPS)
** Heartbeat:  42% -- { 42000097 } -- 250.00 KIPS (306.57 KIPS)
** Heartbeat:  43% -- { 43000099 } -- 333.33 KIPS (307.14 KIPS)
** Heartbeat:  44% -- { 44000100 } -- 250.00 KIPS (305.56 KIPS)
** Heartbeat:  45% -- { 45000105 } -- 250.00 KIPS (304.05 KIPS)
** Heartbeat:  46% -- { 46000109 } -- 333.33 KIPS (304.64 KIPS)
** Heartbeat:  47% -- { 47000111 } -- 333.33 KIPS (305.20 KIPS)
** Heartbeat:  48% -- { 48000113 } -- 250.00 KIPS (303.80 KIPS)
** Heartbeat:  49% -- { 49000113 } -- 250.00 KIPS (302.47 KIPS)
** Heartbeat:  50% -- { 50000118 } -- 333.33 KIPS (303.03 KIPS)
** Heartbeat:  51% -- { 51000120 } -- 250.00 KIPS (301.78 KIPS)
** Heartbeat:  52% -- { 52000122 } -- 333.33 KIPS (302.33 KIPS)
** Heartbeat:  53% -- { 53000122 } -- 250.00 KIPS (301.14 KIPS)
** Heartbeat:  54% -- { 54000126 } -- 333.33 KIPS (301.68 KIPS)
** Heartbeat:  55% -- { 55000128 } -- 250.00 KIPS (300.55 KIPS)
** Heartbeat:  56% -- { 56000129 } -- 333.33 KIPS (301.08 KIPS)
** Heartbeat:  57% -- { 57000129 } -- 250.00 KIPS (300.00 KIPS)
** Heartbeat:  58% -- { 58000131 } -- 333.33 KIPS (300.52 KIPS)
** Heartbeat:  59% -- { 59000136 } -- 250.00 KIPS (299.49 KIPS)
** Heartbeat:  60% -- { 60000136 } -- 333.33 KIPS (300.00 KIPS)
** Heartbeat:  61% -- { 61000137 } -- 250.00 KIPS (299.02 KIPS)
** Heartbeat:  62% -- { 62000137 } -- 333.33 KIPS (299.52 KIPS)
** Heartbeat:  63% -- { 63000141 } -- 250.00 KIPS (298.58 KIPS)
** Heartbeat:  64% -- { 64000145 } -- 333.33 KIPS (299.07 KIPS)
** Heartbeat:  65% -- { 65000145 } -- 250.00 KIPS (298.17 KIPS)
** Heartbeat:  66% -- { 66000148 } -- 333.33 KIPS (298.64 KIPS)
** Heartbeat:  67% -- { 67000152 } -- 250.00 KIPS (297.78 KIPS)
** Heartbeat:  68% -- { 68000156 } -- 333.33 KIPS (298.25 KIPS)
** Heartbeat:  69% -- { 69000159 } -- 250.00 KIPS (297.41 KIPS)
** Heartbeat:  70% -- { 70000161 } -- 333.33 KIPS (297.87 KIPS)
** Heartbeat:  71% -- { 71000163 } -- 250.00 KIPS (297.07 KIPS)
** Heartbeat:  72% -- { 72000164 } -- 333.33 KIPS (297.52 KIPS)
** Heartbeat:  73% -- { 73000169 } -- 250.00 KIPS (296.75 KIPS)
** Heartbeat:  74% -- { 74000171 } -- 333.33 KIPS (297.19 KIPS)
** Heartbeat:  75% -- { 75000175 } -- 250.00 KIPS (296.44 KIPS)
** Heartbeat:  76% -- { 76000177 } -- 333.33 KIPS (296.88 KIPS)
** Heartbeat:  77% -- { 77000179 } -- 250.00 KIPS (296.15 KIPS)
** Heartbeat:  78% -- { 78000179 } -- 250.00 KIPS (295.46 KIPS)
** Heartbeat:  79% -- { 79000180 } -- 333.33 KIPS (295.88 KIPS)
** Heartbeat:  80% -- { 80000180 } -- 250.00 KIPS (295.20 KIPS)
** Heartbeat:  81% -- { 81000180 } -- 333.33 KIPS (295.62 KIPS)
** Heartbeat:  82% -- { 82000184 } -- 333.33 KIPS (296.03 KIPS)
** Heartbeat:  83% -- { 83000184 } -- 250.00 KIPS (295.37 KIPS)
** Heartbeat:  84% -- { 84000184 } -- 250.00 KIPS (294.74 KIPS)
** Heartbeat:  85% -- { 85000187 } -- 333.33 KIPS (295.14 KIPS)
** Heartbeat:  86% -- { 86000189 } -- 250.00 KIPS (294.52 KIPS)
** Heartbeat:  87% -- { 87000190 } -- 333.33 KIPS (294.92 KIPS)
** Heartbeat:  88% -- { 88000191 } -- 250.00 KIPS (294.32 KIPS)
** Heartbeat:  89% -- { 89000193 } -- 250.00 KIPS (293.73 KIPS)
** Heartbeat:  90% -- { 90000194 } -- 333.33 KIPS (294.12 KIPS)
** Heartbeat:  91% -- { 91000197 } -- 250.00 KIPS (293.55 KIPS)
** Heartbeat:  92% -- { 92000198 } -- 250.00 KIPS (292.99 KIPS)
** Heartbeat:  93% -- { 93000201 } -- 333.33 KIPS (293.38 KIPS)
** Heartbeat:  94% -- { 94000201 } -- 250.00 KIPS (292.84 KIPS)
** Heartbeat:  95% -- { 95000203 } -- 333.33 KIPS (293.21 KIPS)
** Heartbeat:  96% -- { 96000203 } -- 250.00 KIPS (292.68 KIPS)
** Heartbeat:  97% -- { 97000207 } -- 333.33 KIPS (293.05 KIPS)
** Heartbeat:  98% -- { 98000211 } -- 250.00 KIPS (292.54 KIPS)
** Heartbeat:  99% -- { 99000211 } -- 333.33 KIPS (292.90 KIPS)
** Core 0 Finished:    insts:100000000   cycles:43335644    time:13542388750000      -- 2.31 IPC (2.31 IPC) --  N/A  KIPS (292.40 KIPS)
done
Scarab finished at Thu May  4 21:46:00 2023

