/* -*- Mode: c -*- */
####################################################################################################
Core 0
####################################################################################################
Cumulative:        Cycles: 34067712              Instructions: 100000000             IPC: 2.93533

EXECUTION_TIME                           10646160000000                  10646160000000              

NODE_CYCLE                                    34067712                       34067712              

NODE_INST_COUNT                              100000000                      100000000              

NODE_UOP_COUNT                               110907477                      110907477              

FULL_WINDOW_STALL                              9649704       28.325%          9649704       28.325%

FULL_WINDOW_MEM_OP                             3444826       52.051%          3444826       52.051%
FULL_WINDOW_FP_OP                              3086737       46.640%          3086737       46.640%
FULL_WINDOW_OTHER_OP                             86660        1.309%            86660        1.309%
                                               6618223      100.000%          6618223      100.000%
                                                  0.49         0.39              0.49         0.39

RET_BLOCKED_DC_MISS                            1991533        5.846%          1991533        5.846%

RET_BLOCKED_L1_MISS                            1870033        5.489%          1870033        5.489%

RET_BLOCKED_L1_MISS_BW_PREF                     488366        1.434%           488366        1.434%

RET_BLOCKED_L1_ACCESS                           144084        0.423%           144084        0.423%

RET_BLOCKED_MEM_STALL                          1999238        5.868%          1999238        5.868%

RET_BLOCKED_OFFCHIP_DEMAND                           0        0.000%                0        0.000%

OP_ISSUED                                    110907485                      110907485              

OP_RETIRED                                   110907477                      110907477              

REPLAY_SIGNALED                                      0                              0              

REPLAY_COUNTED                                       0                              0              

OFF_CRITICAL_PATH                                    0         -nan%                0         -nan%
ON_CRITICAL_PATH                                     0         -nan%                0         -nan%
                                                     0         -nan%                0         -nan%
                                                  -nan         -nan              -nan         -nan

LD_NO_DEPENDENTS                                521678        2.078%           521678        2.078%
LD_DEPENDENTS                                 24588463       97.922%         24588463       97.922%
                                              25110141      100.000%         25110141      100.000%
                                                  0.98         0.97              0.98         0.97

LD_EXEC_CYCLES_0                                     0        0.000%                0        0.000%
LD_EXEC_CYCLES_1                                     0        0.000%                0        0.000%
LD_EXEC_CYCLES_2                                     0        0.000%                0        0.000%
LD_EXEC_CYCLES_3                              12608149       70.915%         12608149       70.915%
LD_EXEC_CYCLES_4                               5171119       29.085%          5171119       29.085%
                                              17779268      100.000%         17779268      100.000%
                                                  3.29         1.83              3.29         1.83

FU_BUSY_0                                     28249222                       28249222              

FU_BUSY_1                                     24463011                       24463011              

FU_BUSY_2                                     21886199                       21886199              

FU_BUSY_3                                     17193826                       17193826              

FU_BUSY_4                                     14356437                       14356437              

FU_BUSY_5                                     12619793                       12619793              

FU_BUSY_6                                     10713830                       10713830              

FU_BUSY_7                                      9124920                        9124920              

FU_BUSY_8                                            0                              0              

FU_BUSY_9                                            0                              0              

FU_BUSY_10                                           0                              0              

FU_BUSY_11                                           0                              0              

FU_BUSY_12                                           0                              0              

FU_BUSY_13                                           0                              0              

FU_BUSY_14                                           0                              0              

FU_BUSY_15                                           0                              0              

FU_BUSY_16                                           0                              0              

FU_BUSY_17                                           0                              0              

FU_BUSY_18                                           0                              0              

FU_BUSY_19                                           0                              0              

FU_BUSY_20                                           0                              0              

FU_BUSY_21                                           0                              0              

FU_BUSY_22                                           0                              0              

FU_BUSY_23                                           0                              0              

FU_BUSY_24                                           0                              0              

FU_BUSY_25                                           0                              0              

FU_BUSY_26                                           0                              0              

FU_BUSY_27                                           0                              0              

FU_BUSY_28                                           0                              0              

FU_BUSY_29                                           0                              0              

FU_BUSY_30                                           0                              0              

FU_BUSY_31                                           0                              0              

OP_WAIT_0                                     75181388                       75181388              

OP_WAIT_1                                     16465964                       16465964              

OP_WAIT_2                                      4449070                        4449070              

OP_WAIT_3                                      2018812                        2018812              

OP_WAIT_4                                      1602624                        1602624              

OP_WAIT_5                                      1089858                        1089858              

OP_WAIT_6                                       799486                         799486              

OP_WAIT_7                                      1722484                        1722484              

OP_WAIT_8                                      1642826                        1642826              

OP_WAIT_9                                      1043074                        1043074              

OP_WAIT_10                                     2236677                        2236677              

OP_WAIT_11                                      687010                         687010              

OP_WAIT_12                                      605364                         605364              

OP_WAIT_13                                      256548                         256548              

OP_WAIT_14                                      230122                         230122              

OP_WAIT_15                                      121931                         121931              

OP_WAIT_16                                      102949                         102949              

OP_WAIT_17                                       87960                          87960              

OP_WAIT_18                                       68430                          68430              

OP_WAIT_19                                       34985                          34985              

OP_WAIT_20                                       32827                          32827              

OP_WAIT_21                                       21156                          21156              

OP_WAIT_22                                       17196                          17196              

OP_WAIT_23                                       20520                          20520              

OP_WAIT_24                                       17916                          17916              

OP_WAIT_25                                       19403                          19403              

OP_WAIT_26                                       50276                          50276              

OP_WAIT_27                                       34407                          34407              

OP_WAIT_28                                       15708                          15708              

OP_WAIT_29                                        4041                           4041              

OP_WAIT_30                                        9115                           9115              

OP_WAIT_31                                      217350                         217350              

ROW_SIZE_0                                    10522495                       10522495              

ROW_SIZE_1                                     1876983                        1876983              

ROW_SIZE_2                                     1368360                        1368360              

ROW_SIZE_3                                     1208025                        1208025              

ROW_SIZE_4                                     1488009                        1488009              

ROW_SIZE_5                                      367137                         367137              

ROW_SIZE_6                                    15813663                       15813663              

ROW_SIZE_7                                           0                              0              

ROW_SIZE_8                                           0                              0              

ROW_SIZE_9                                           0                              0              

ROW_SIZE_10                                          0                              0              

ROW_SIZE_11                                          0                              0              

ROW_SIZE_12                                          0                              0              

ROW_SIZE_13                                          0                              0              

ROW_SIZE_14                                          0                              0              

ROW_SIZE_15                                          0                              0              

ROW_SIZE_16                                          0                              0              

ROW_SIZE_17                                          0                              0              

ROW_SIZE_18                                          0                              0              

ROW_SIZE_19                                          0                              0              

ROW_SIZE_20                                          0                              0              

ROW_SIZE_21                                          0                              0              

ROW_SIZE_22                                          0                              0              

ROW_SIZE_23                                          0                              0              

ROW_SIZE_24                                          0                              0              

ROW_SIZE_25                                          0                              0              

ROW_SIZE_26                                          0                              0              

ROW_SIZE_27                                          0                              0              

ROW_SIZE_28                                          0                              0              

ROW_SIZE_29                                          0                              0              

ROW_SIZE_30                                          0                              0              

ROW_SIZE_31                                          0                              0              

RET_OP_EXEC_COUNT_0                                  0        0.000%                0        0.000%
RET_OP_EXEC_COUNT_1                          110907477      100.000%        110907477      100.000%
RET_OP_EXEC_COUNT_2                                  0        0.000%                0        0.000%
RET_OP_EXEC_COUNT_3                                  0        0.000%                0        0.000%
RET_OP_EXEC_COUNT_4                                  0        0.000%                0        0.000%
RET_OP_EXEC_COUNT_5                                  0        0.000%                0        0.000%
RET_OP_EXEC_COUNT_6                                  0        0.000%                0        0.000%
RET_OP_EXEC_COUNT_7                                  0        0.000%                0        0.000%
RET_OP_EXEC_COUNT_8                                  0        0.000%                0        0.000%
RET_OP_EXEC_COUNT_9                                  0        0.000%                0        0.000%
RET_OP_EXEC_COUNT_10                                 0        0.000%                0        0.000%
RET_OP_EXEC_COUNT_11                                 0        0.000%                0        0.000%
RET_OP_EXEC_COUNT_12                                 0        0.000%                0        0.000%
RET_OP_EXEC_COUNT_13                                 0        0.000%                0        0.000%
RET_OP_EXEC_COUNT_14                                 0        0.000%                0        0.000%
RET_OP_EXEC_COUNT_15                                 0        0.000%                0        0.000%
RET_OP_EXEC_COUNT_16                                 0        0.000%                0        0.000%
RET_OP_EXEC_COUNT_17                                 0        0.000%                0        0.000%
RET_OP_EXEC_COUNT_18                                 0        0.000%                0        0.000%
RET_OP_EXEC_COUNT_19                                 0        0.000%                0        0.000%
RET_OP_EXEC_COUNT_20                                 0        0.000%                0        0.000%
RET_OP_EXEC_COUNT_21                                 0        0.000%                0        0.000%
RET_OP_EXEC_COUNT_22                                 0        0.000%                0        0.000%
RET_OP_EXEC_COUNT_23                                 0        0.000%                0        0.000%
RET_OP_EXEC_COUNT_24                                 0        0.000%                0        0.000%
RET_OP_EXEC_COUNT_25                                 0        0.000%                0        0.000%
RET_OP_EXEC_COUNT_26                                 0        0.000%                0        0.000%
RET_OP_EXEC_COUNT_27                                 0        0.000%                0        0.000%
RET_OP_EXEC_COUNT_28                                 0        0.000%                0        0.000%
RET_OP_EXEC_COUNT_29                                 0        0.000%                0        0.000%
RET_OP_EXEC_COUNT_30                                 0        0.000%                0        0.000%
RET_OP_EXEC_COUNT_31                                 0        0.000%                0        0.000%
RET_OP_EXEC_COUNT_32                                 0        0.000%                0        0.000%
                                             110907477      100.000%        110907477      100.000%
                                                  1.00         0.00              1.00         0.00

RET_STALL_LENGTH_0                           110901771       99.995%        110901771       99.995%
RET_STALL_LENGTH_100                              3399        0.003%             3399        0.003%
RET_STALL_LENGTH_200                               248        0.000%              248        0.000%
RET_STALL_LENGTH_300                               501        0.000%              501        0.000%
RET_STALL_LENGTH_400                               640        0.001%              640        0.001%
RET_STALL_LENGTH_500                               369        0.000%              369        0.000%
RET_STALL_LENGTH_600                               204        0.000%              204        0.000%
RET_STALL_LENGTH_700                                92        0.000%               92        0.000%
RET_STALL_LENGTH_800                                48        0.000%               48        0.000%
RET_STALL_LENGTH_900                                25        0.000%               25        0.000%
RET_STALL_LENGTH_1000                               23        0.000%               23        0.000%
RET_STALL_LENGTH_1100                               19        0.000%               19        0.000%
RET_STALL_LENGTH_1200                               81        0.000%               81        0.000%
RET_STALL_LENGTH_1300                                9        0.000%                9        0.000%
RET_STALL_LENGTH_1400                                5        0.000%                5        0.000%
RET_STALL_LENGTH_1500                                5        0.000%                5        0.000%
RET_STALL_LENGTH_1600                               17        0.000%               17        0.000%
RET_STALL_LENGTH_1700                               11        0.000%               11        0.000%
RET_STALL_LENGTH_1800                                3        0.000%                3        0.000%
RET_STALL_LENGTH_1900                                4        0.000%                4        0.000%
RET_STALL_LENGTH_2000                                1        0.000%                1        0.000%
RET_STALL_LENGTH_2100                                1        0.000%                1        0.000%
RET_STALL_LENGTH_2200                                1        0.000%                1        0.000%
RET_STALL_LENGTH_2300                                0        0.000%                0        0.000%
RET_STALL_LENGTH_2400                                0        0.000%                0        0.000%
RET_STALL_LENGTH_2500                                0        0.000%                0        0.000%
RET_STALL_LENGTH_2600                                0        0.000%                0        0.000%
RET_STALL_LENGTH_2700                                0        0.000%                0        0.000%
RET_STALL_LENGTH_2800                                0        0.000%                0        0.000%
RET_STALL_LENGTH_2900                                0        0.000%                0        0.000%
RET_STALL_LENGTH_3000                                0        0.000%                0        0.000%
RET_STALL_LENGTH_3100                                0        0.000%                0        0.000%
RET_STALL_LENGTH_3200                                0        0.000%                0        0.000%
RET_STALL_LENGTH_3300                                0        0.000%                0        0.000%
RET_STALL_LENGTH_3400                                0        0.000%                0        0.000%
RET_STALL_LENGTH_3500                                0        0.000%                0        0.000%
RET_STALL_LENGTH_3600                                0        0.000%                0        0.000%
RET_STALL_LENGTH_3700                                0        0.000%                0        0.000%
RET_STALL_LENGTH_3800                                0        0.000%                0        0.000%
RET_STALL_LENGTH_3900                                0        0.000%                0        0.000%
RET_STALL_LENGTH_4000                                0        0.000%                0        0.000%
RET_STALL_LENGTH_4100                                0        0.000%                0        0.000%
RET_STALL_LENGTH_4200                                0        0.000%                0        0.000%
RET_STALL_LENGTH_4300                                0        0.000%                0        0.000%
RET_STALL_LENGTH_4400                                0        0.000%                0        0.000%
RET_STALL_LENGTH_4500                                0        0.000%                0        0.000%
RET_STALL_LENGTH_4600                                0        0.000%                0        0.000%
RET_STALL_LENGTH_4700                                0        0.000%                0        0.000%
RET_STALL_LENGTH_4800                                0        0.000%                0        0.000%
RET_STALL_LENGTH_4900                                0        0.000%                0        0.000%
RET_STALL_LENGTH_5000                                0        0.000%                0        0.000%
                                             110907477      100.000%        110907477      100.000%
                                                  0.00         0.03              0.00         0.03

MEM_BLOCK_LENGTH_0                                7127       81.929%             7127       81.929%
MEM_BLOCK_LENGTH_100                               327        3.759%              327        3.759%
MEM_BLOCK_LENGTH_200                               115        1.322%              115        1.322%
MEM_BLOCK_LENGTH_300                               165        1.897%              165        1.897%
MEM_BLOCK_LENGTH_400                               212        2.437%              212        2.437%
MEM_BLOCK_LENGTH_500                               141        1.621%              141        1.621%
MEM_BLOCK_LENGTH_600                               128        1.471%              128        1.471%
MEM_BLOCK_LENGTH_700                               112        1.288%              112        1.288%
MEM_BLOCK_LENGTH_800                                92        1.058%               92        1.058%
MEM_BLOCK_LENGTH_900                                57        0.655%               57        0.655%
MEM_BLOCK_LENGTH_1000                               37        0.425%               37        0.425%
MEM_BLOCK_LENGTH_1100                               35        0.402%               35        0.402%
MEM_BLOCK_LENGTH_1200                               18        0.207%               18        0.207%
MEM_BLOCK_LENGTH_1300                               23        0.264%               23        0.264%
MEM_BLOCK_LENGTH_1400                               16        0.184%               16        0.184%
MEM_BLOCK_LENGTH_1500                               14        0.161%               14        0.161%
MEM_BLOCK_LENGTH_1600                               12        0.138%               12        0.138%
MEM_BLOCK_LENGTH_1700                               14        0.161%               14        0.161%
MEM_BLOCK_LENGTH_1800                               10        0.115%               10        0.115%
MEM_BLOCK_LENGTH_1900                                7        0.080%                7        0.080%
MEM_BLOCK_LENGTH_2000                                7        0.080%                7        0.080%
MEM_BLOCK_LENGTH_2100                                6        0.069%                6        0.069%
MEM_BLOCK_LENGTH_2200                                3        0.034%                3        0.034%
MEM_BLOCK_LENGTH_2300                                8        0.092%                8        0.092%
MEM_BLOCK_LENGTH_2400                                1        0.011%                1        0.011%
MEM_BLOCK_LENGTH_2500                                1        0.011%                1        0.011%
MEM_BLOCK_LENGTH_2600                                2        0.023%                2        0.023%
MEM_BLOCK_LENGTH_2700                                2        0.023%                2        0.023%
MEM_BLOCK_LENGTH_2800                                1        0.011%                1        0.011%
MEM_BLOCK_LENGTH_2900                                0        0.000%                0        0.000%
MEM_BLOCK_LENGTH_3000                                1        0.011%                1        0.011%
MEM_BLOCK_LENGTH_3100                                2        0.023%                2        0.023%
MEM_BLOCK_LENGTH_3200                                1        0.011%                1        0.011%
MEM_BLOCK_LENGTH_3300                                0        0.000%                0        0.000%
MEM_BLOCK_LENGTH_3400                                0        0.000%                0        0.000%
MEM_BLOCK_LENGTH_3500                                0        0.000%                0        0.000%
MEM_BLOCK_LENGTH_3600                                0        0.000%                0        0.000%
MEM_BLOCK_LENGTH_3700                                0        0.000%                0        0.000%
MEM_BLOCK_LENGTH_3800                                0        0.000%                0        0.000%
MEM_BLOCK_LENGTH_3900                                0        0.000%                0        0.000%
MEM_BLOCK_LENGTH_4000                                1        0.011%                1        0.011%
MEM_BLOCK_LENGTH_4100                                0        0.000%                0        0.000%
MEM_BLOCK_LENGTH_4200                                0        0.000%                0        0.000%
MEM_BLOCK_LENGTH_4300                                0        0.000%                0        0.000%
MEM_BLOCK_LENGTH_4400                                0        0.000%                0        0.000%
MEM_BLOCK_LENGTH_4500                                0        0.000%                0        0.000%
MEM_BLOCK_LENGTH_4600                                0        0.000%                0        0.000%
MEM_BLOCK_LENGTH_4700                                0        0.000%                0        0.000%
MEM_BLOCK_LENGTH_4800                                0        0.000%                0        0.000%
MEM_BLOCK_LENGTH_4900                                0        0.000%                0        0.000%
MEM_BLOCK_LENGTH_5000                                1        0.011%                1        0.011%
                                                  8699      100.000%             8699      100.000%
                                                  1.01         2.86              1.01         2.86

FUS_BUSY_ON_PATH                             138607238        4.0686        138607238        4.0686

FUS_BUSY_OFF_PATH                                    0        0.0000                0        0.0000

FU_BUSY_MEM_STALL                             27698202        0.8130         27698202        0.8130

FUS_EMPTY                                    133934458        3.9314        133934458        3.9314

CHIP_UTILIZATION                                     0        0.0000                0        0.0000

CYCLES_UNDER_MEM_REQ                                 0                              0              

CYCLES_UNDER_NO_MEM_REQ                              0                              0              

CYCLES_UNDER_CRITICAL_MEM_REQ                        0                              0              

CYCLES_UNDER_NONCRITICAL_MEM_REQ                     0                              0              

CHIP_UTILIZATION_UNDER_MEM_REQ                       0          -nan                0          -nan

CHIP_UTILIZATION_UNDER_NO_MEM_REQ                    0          -nan                0          -nan

CHIP_UTILIZATION_UNDER_CRITICAL_MEM_REQ              0          -nan                0          -nan

CHIP_UTILIZATION_UNDER_NONCRITICAL_MEM_REQ             0          -nan                0          -nan

CYCLES_NOT_WAITING_FOR_OFF_CHIP                      0        0.0000                0        0.0000

FUS_BUSY_NOT_WAITING_FOR_OFF_CHIP                    0          -nan                0          -nan

CYCLES_WAITING_FOR_OFF_CHIP                          0        0.0000                0        0.0000

FUS_BUSY_WAITING_FOR_OFF_CHIP                        0          -nan                0          -nan

TOTAL_OFF_CHIP_DELAYS_LEFT                           0                              0              

WRONG_IO_SCHED                                       0                              0              

DVFS_CONFIG_SWITCH                                   0                              0              



