               ramulator.active_cycles_0             2395731                                      # Total active cycles for level _0
                 ramulator.busy_cycles_0             2395731                                      # (All-bank refresh only. busy cycles only include refresh time in rank level) The sum of cycles that the DRAM part is active or under refresh for level _0
            ramulator.serving_requests_0             3927510                                      # The sum of read and write requests that are served in this DRAM element per memory cycle for level _0
    ramulator.average_serving_requests_0            1.086516                                      # The average of read and write requests that are served in this DRAM element per memory cycle for level _0
             ramulator.active_cycles_0_0             2395731                                      # Total active cycles for level _0_0
               ramulator.busy_cycles_0_0             2486451                                      # (All-bank refresh only. busy cycles only include refresh time in rank level) The sum of cycles that the DRAM part is active or under refresh for level _0_0
          ramulator.serving_requests_0_0             3927510                                      # The sum of read and write requests that are served in this DRAM element per memory cycle for level _0_0
  ramulator.average_serving_requests_0_0            1.086516                                      # The average of read and write requests that are served in this DRAM element per memory cycle for level _0_0
           ramulator.active_cycles_0_0_0              797235                                      # Total active cycles for level _0_0_0
             ramulator.busy_cycles_0_0_0              797235                                      # (All-bank refresh only. busy cycles only include refresh time in rank level) The sum of cycles that the DRAM part is active or under refresh for level _0_0_0
        ramulator.serving_requests_0_0_0              980066                                      # The sum of read and write requests that are served in this DRAM element per memory cycle for level _0_0_0
ramulator.average_serving_requests_0_0_0            0.271128                                      # The average of read and write requests that are served in this DRAM element per memory cycle for level _0_0_0
         ramulator.active_cycles_0_0_0_0              146586                                      # Total active cycles for level _0_0_0_0
           ramulator.busy_cycles_0_0_0_0              146586                                      # (All-bank refresh only. busy cycles only include refresh time in rank level) The sum of cycles that the DRAM part is active or under refresh for level _0_0_0_0
      ramulator.serving_requests_0_0_0_0              174173                                      # The sum of read and write requests that are served in this DRAM element per memory cycle for level _0_0_0_0
ramulator.average_serving_requests_0_0_0_0            0.048184                                      # The average of read and write requests that are served in this DRAM element per memory cycle for level _0_0_0_0
         ramulator.active_cycles_0_0_0_1              343347                                      # Total active cycles for level _0_0_0_1
           ramulator.busy_cycles_0_0_0_1              343347                                      # (All-bank refresh only. busy cycles only include refresh time in rank level) The sum of cycles that the DRAM part is active or under refresh for level _0_0_0_1
      ramulator.serving_requests_0_0_0_1              381655                                      # The sum of read and write requests that are served in this DRAM element per memory cycle for level _0_0_0_1
ramulator.average_serving_requests_0_0_0_1            0.105582                                      # The average of read and write requests that are served in this DRAM element per memory cycle for level _0_0_0_1
         ramulator.active_cycles_0_0_0_2              257449                                      # Total active cycles for level _0_0_0_2
           ramulator.busy_cycles_0_0_0_2              257449                                      # (All-bank refresh only. busy cycles only include refresh time in rank level) The sum of cycles that the DRAM part is active or under refresh for level _0_0_0_2
      ramulator.serving_requests_0_0_0_2              298097                                      # The sum of read and write requests that are served in this DRAM element per memory cycle for level _0_0_0_2
ramulator.average_serving_requests_0_0_0_2            0.082466                                      # The average of read and write requests that are served in this DRAM element per memory cycle for level _0_0_0_2
         ramulator.active_cycles_0_0_0_3               94921                                      # Total active cycles for level _0_0_0_3
           ramulator.busy_cycles_0_0_0_3               94921                                      # (All-bank refresh only. busy cycles only include refresh time in rank level) The sum of cycles that the DRAM part is active or under refresh for level _0_0_0_3
      ramulator.serving_requests_0_0_0_3              126141                                      # The sum of read and write requests that are served in this DRAM element per memory cycle for level _0_0_0_3
ramulator.average_serving_requests_0_0_0_3            0.034896                                      # The average of read and write requests that are served in this DRAM element per memory cycle for level _0_0_0_3
           ramulator.active_cycles_0_0_1              601693                                      # Total active cycles for level _0_0_1
             ramulator.busy_cycles_0_0_1              601693                                      # (All-bank refresh only. busy cycles only include refresh time in rank level) The sum of cycles that the DRAM part is active or under refresh for level _0_0_1
        ramulator.serving_requests_0_0_1              788462                                      # The sum of read and write requests that are served in this DRAM element per memory cycle for level _0_0_1
ramulator.average_serving_requests_0_0_1            0.218122                                      # The average of read and write requests that are served in this DRAM element per memory cycle for level _0_0_1
         ramulator.active_cycles_0_0_1_0              128295                                      # Total active cycles for level _0_0_1_0
           ramulator.busy_cycles_0_0_1_0              128295                                      # (All-bank refresh only. busy cycles only include refresh time in rank level) The sum of cycles that the DRAM part is active or under refresh for level _0_0_1_0
      ramulator.serving_requests_0_0_1_0              161478                                      # The sum of read and write requests that are served in this DRAM element per memory cycle for level _0_0_1_0
ramulator.average_serving_requests_0_0_1_0            0.044672                                      # The average of read and write requests that are served in this DRAM element per memory cycle for level _0_0_1_0
         ramulator.active_cycles_0_0_1_1              148962                                      # Total active cycles for level _0_0_1_1
           ramulator.busy_cycles_0_0_1_1              148962                                      # (All-bank refresh only. busy cycles only include refresh time in rank level) The sum of cycles that the DRAM part is active or under refresh for level _0_0_1_1
      ramulator.serving_requests_0_0_1_1              188012                                      # The sum of read and write requests that are served in this DRAM element per memory cycle for level _0_0_1_1
ramulator.average_serving_requests_0_0_1_1            0.052012                                      # The average of read and write requests that are served in this DRAM element per memory cycle for level _0_0_1_1
         ramulator.active_cycles_0_0_1_2              219989                                      # Total active cycles for level _0_0_1_2
           ramulator.busy_cycles_0_0_1_2              219989                                      # (All-bank refresh only. busy cycles only include refresh time in rank level) The sum of cycles that the DRAM part is active or under refresh for level _0_0_1_2
      ramulator.serving_requests_0_0_1_2              252287                                      # The sum of read and write requests that are served in this DRAM element per memory cycle for level _0_0_1_2
ramulator.average_serving_requests_0_0_1_2            0.069793                                      # The average of read and write requests that are served in this DRAM element per memory cycle for level _0_0_1_2
         ramulator.active_cycles_0_0_1_3              145375                                      # Total active cycles for level _0_0_1_3
           ramulator.busy_cycles_0_0_1_3              145375                                      # (All-bank refresh only. busy cycles only include refresh time in rank level) The sum of cycles that the DRAM part is active or under refresh for level _0_0_1_3
      ramulator.serving_requests_0_0_1_3              182749                                      # The sum of read and write requests that are served in this DRAM element per memory cycle for level _0_0_1_3
ramulator.average_serving_requests_0_0_1_3            0.050556                                      # The average of read and write requests that are served in this DRAM element per memory cycle for level _0_0_1_3
           ramulator.active_cycles_0_0_2              900152                                      # Total active cycles for level _0_0_2
             ramulator.busy_cycles_0_0_2              900152                                      # (All-bank refresh only. busy cycles only include refresh time in rank level) The sum of cycles that the DRAM part is active or under refresh for level _0_0_2
        ramulator.serving_requests_0_0_2             1073598                                      # The sum of read and write requests that are served in this DRAM element per memory cycle for level _0_0_2
ramulator.average_serving_requests_0_0_2            0.297003                                      # The average of read and write requests that are served in this DRAM element per memory cycle for level _0_0_2
         ramulator.active_cycles_0_0_2_0              100997                                      # Total active cycles for level _0_0_2_0
           ramulator.busy_cycles_0_0_2_0              100997                                      # (All-bank refresh only. busy cycles only include refresh time in rank level) The sum of cycles that the DRAM part is active or under refresh for level _0_0_2_0
      ramulator.serving_requests_0_0_2_0              129799                                      # The sum of read and write requests that are served in this DRAM element per memory cycle for level _0_0_2_0
ramulator.average_serving_requests_0_0_2_0            0.035908                                      # The average of read and write requests that are served in this DRAM element per memory cycle for level _0_0_2_0
         ramulator.active_cycles_0_0_2_1              422023                                      # Total active cycles for level _0_0_2_1
           ramulator.busy_cycles_0_0_2_1              422023                                      # (All-bank refresh only. busy cycles only include refresh time in rank level) The sum of cycles that the DRAM part is active or under refresh for level _0_0_2_1
      ramulator.serving_requests_0_0_2_1              459288                                      # The sum of read and write requests that are served in this DRAM element per memory cycle for level _0_0_2_1
ramulator.average_serving_requests_0_0_2_1            0.127059                                      # The average of read and write requests that are served in this DRAM element per memory cycle for level _0_0_2_1
         ramulator.active_cycles_0_0_2_2               77009                                      # Total active cycles for level _0_0_2_2
           ramulator.busy_cycles_0_0_2_2               77009                                      # (All-bank refresh only. busy cycles only include refresh time in rank level) The sum of cycles that the DRAM part is active or under refresh for level _0_0_2_2
      ramulator.serving_requests_0_0_2_2               98039                                      # The sum of read and write requests that are served in this DRAM element per memory cycle for level _0_0_2_2
ramulator.average_serving_requests_0_0_2_2            0.027122                                      # The average of read and write requests that are served in this DRAM element per memory cycle for level _0_0_2_2
         ramulator.active_cycles_0_0_2_3              341696                                      # Total active cycles for level _0_0_2_3
           ramulator.busy_cycles_0_0_2_3              341696                                      # (All-bank refresh only. busy cycles only include refresh time in rank level) The sum of cycles that the DRAM part is active or under refresh for level _0_0_2_3
      ramulator.serving_requests_0_0_2_3              386472                                      # The sum of read and write requests that are served in this DRAM element per memory cycle for level _0_0_2_3
ramulator.average_serving_requests_0_0_2_3            0.106915                                      # The average of read and write requests that are served in this DRAM element per memory cycle for level _0_0_2_3
           ramulator.active_cycles_0_0_3              880372                                      # Total active cycles for level _0_0_3
             ramulator.busy_cycles_0_0_3              880372                                      # (All-bank refresh only. busy cycles only include refresh time in rank level) The sum of cycles that the DRAM part is active or under refresh for level _0_0_3
        ramulator.serving_requests_0_0_3             1082724                                      # The sum of read and write requests that are served in this DRAM element per memory cycle for level _0_0_3
ramulator.average_serving_requests_0_0_3            0.299528                                      # The average of read and write requests that are served in this DRAM element per memory cycle for level _0_0_3
         ramulator.active_cycles_0_0_3_0              322857                                      # Total active cycles for level _0_0_3_0
           ramulator.busy_cycles_0_0_3_0              322857                                      # (All-bank refresh only. busy cycles only include refresh time in rank level) The sum of cycles that the DRAM part is active or under refresh for level _0_0_3_0
      ramulator.serving_requests_0_0_3_0              358715                                      # The sum of read and write requests that are served in this DRAM element per memory cycle for level _0_0_3_0
ramulator.average_serving_requests_0_0_3_0            0.099236                                      # The average of read and write requests that are served in this DRAM element per memory cycle for level _0_0_3_0
         ramulator.active_cycles_0_0_3_1               95678                                      # Total active cycles for level _0_0_3_1
           ramulator.busy_cycles_0_0_3_1               95678                                      # (All-bank refresh only. busy cycles only include refresh time in rank level) The sum of cycles that the DRAM part is active or under refresh for level _0_0_3_1
      ramulator.serving_requests_0_0_3_1              119114                                      # The sum of read and write requests that are served in this DRAM element per memory cycle for level _0_0_3_1
ramulator.average_serving_requests_0_0_3_1            0.032952                                      # The average of read and write requests that are served in this DRAM element per memory cycle for level _0_0_3_1
         ramulator.active_cycles_0_0_3_2              169197                                      # Total active cycles for level _0_0_3_2
           ramulator.busy_cycles_0_0_3_2              169197                                      # (All-bank refresh only. busy cycles only include refresh time in rank level) The sum of cycles that the DRAM part is active or under refresh for level _0_0_3_2
      ramulator.serving_requests_0_0_3_2              206927                                      # The sum of read and write requests that are served in this DRAM element per memory cycle for level _0_0_3_2
ramulator.average_serving_requests_0_0_3_2            0.057245                                      # The average of read and write requests that are served in this DRAM element per memory cycle for level _0_0_3_2
         ramulator.active_cycles_0_0_3_3              353851                                      # Total active cycles for level _0_0_3_3
           ramulator.busy_cycles_0_0_3_3              353851                                      # (All-bank refresh only. busy cycles only include refresh time in rank level) The sum of cycles that the DRAM part is active or under refresh for level _0_0_3_3
      ramulator.serving_requests_0_0_3_3              397968                                      # The sum of read and write requests that are served in this DRAM element per memory cycle for level _0_0_3_3
ramulator.average_serving_requests_0_0_3_3            0.110095                                      # The average of read and write requests that are served in this DRAM element per memory cycle for level _0_0_3_3
      ramulator.read_transaction_bytes_0             5235904                                      # The total byte of read transaction per channel
     ramulator.write_transaction_bytes_0              216000                                      # The total byte of write transaction per channel
       ramulator.row_hits_channel_0_core               61911                                      # Number of row hits per channel per core
     ramulator.row_misses_channel_0_core                4939                                      # Number of row misses per channel per core
  ramulator.row_conflicts_channel_0_core               18336                                      # Number of row conflicts per channel per core
  ramulator.read_row_hits_channel_0_core               60190                                      # Number of row hits for read requests per channel per core
                                     [0]             60190.0                                      # 
ramulator.read_row_misses_channel_0_core                4595                                      # Number of row misses for read requests per channel per core
                                     [0]              4595.0                                      # 
ramulator.read_row_conflicts_channel_0_core               17026                                      # Number of row conflicts for read requests per channel per core
                                     [0]             17026.0                                      # 
 ramulator.write_row_hits_channel_0_core                1721                                      # Number of row hits for write requests per channel per core
                                     [0]              1721.0                                      # 
ramulator.write_row_misses_channel_0_core                 344                                      # Number of row misses for write requests per channel per core
                                     [0]               344.0                                      # 
ramulator.write_row_conflicts_channel_0_core                1310                                      # Number of row conflicts for write requests per channel per core
                                     [0]              1310.0                                      # 
      ramulator.useless_activates_0_core                   1                                      # Number of useless activations. E.g, ACT -> PRE w/o RD or WR
            ramulator.read_latency_avg_0           50.168384                                      # The average memory latency cycles (in memory time domain) per request for all read requests in this channel
            ramulator.read_latency_sum_0             4109493                                      # The memory latency cycles (in memory time domain) sum for all read requests in this channel
        ramulator.req_queue_length_avg_0           13.687686                                      # Average of read and write queue length per memory cycle per channel.
        ramulator.req_queue_length_sum_0            49477877                                      # Sum of read and write queue length per memory cycle per channel.
   ramulator.read_req_queue_length_avg_0            1.040693                                      # Read queue length average per memory cycle per channel.
   ramulator.read_req_queue_length_sum_0             3761870                                      # Read queue length sum per memory cycle per channel.
  ramulator.write_req_queue_length_avg_0           12.646992                                      # Write queue length average per memory cycle per channel.
  ramulator.write_req_queue_length_sum_0            45716007                                      # Write queue length sum per memory cycle per channel.
              ramulator.record_read_hits                 0.0                                      # record read hit count for this core when it reaches request limit or to the end
                                     [0]                 0.0                                      # 
            ramulator.record_read_misses                 0.0                                      # record_read_miss count for this core when it reaches request limit or to the end
                                     [0]                 0.0                                      # 
         ramulator.record_read_conflicts                 0.0                                      # record read conflict count for this core when it reaches request limit or to the end
                                     [0]                 0.0                                      # 
             ramulator.record_write_hits                 0.0                                      # record write hit count for this core when it reaches request limit or to the end
                                     [0]                 0.0                                      # 
           ramulator.record_write_misses                 0.0                                      # record write miss count for this core when it reaches request limit or to the end
                                     [0]                 0.0                                      # 
        ramulator.record_write_conflicts                 0.0                                      # record write conflict for this core when it reaches request limit or to the end
                                     [0]                 0.0                                      # 
                 ramulator.dram_capacity          8589934592                                      # Number of bytes in simulated DRAM
                   ramulator.dram_cycles             3614773                                      # Number of DRAM cycles simulated
             ramulator.incoming_requests               85297                                      # Number of incoming requests to DRAM
                 ramulator.read_requests               81914                                      # Number of incoming read requests to DRAM per core
                                     [0]             81914.0                                      # 
                ramulator.write_requests                3383                                      # Number of incoming write requests to DRAM per core
                                     [0]              3383.0                                      # 
       ramulator.ramulator_active_cycles             2395760                                      # The total number of cycles that the DRAM part is active (serving R/W)
 ramulator.incoming_requests_per_channel             85297.0                                      # Number of incoming requests to each DRAM channel
                                     [0]             85297.0                                      # 
ramulator.incoming_read_reqs_per_channel             81914.0                                      # Number of incoming read requests to each DRAM channel
                                     [0]             81914.0                                      # 
     ramulator.physical_page_replacement                   0                                      # The number of times that physical page replacement happens.
             ramulator.maximum_bandwidth         19200000000                                      # The theoretical maximum bandwidth (Bps)
          ramulator.in_queue_req_num_sum            49477877                                      # Sum of read/write queue length
     ramulator.in_queue_read_req_num_sum             3761870                                      # Sum of read queue length
    ramulator.in_queue_write_req_num_sum            45716007                                      # Sum of write queue length
          ramulator.in_queue_req_num_avg           13.687686                                      # Average of read/write queue length per memory cycle
     ramulator.in_queue_read_req_num_avg            1.040693                                      # Average of read queue length per memory cycle
    ramulator.in_queue_write_req_num_avg           12.646992                                      # Average of write queue length per memory cycle
          ramulator.record_read_requests                 0.0                                      # record read requests for this core when it reaches request limit or to the end
                                     [0]                 0.0                                      # 
         ramulator.record_write_requests                 0.0                                      # record write requests for this core when it reaches request limit or to the end
                                     [0]                 0.0                                      # 
