               ramulator.active_cycles_0             6086125                                      # Total active cycles for level _0
                 ramulator.busy_cycles_0             6086125                                      # (All-bank refresh only. busy cycles only include refresh time in rank level) The sum of cycles that the DRAM part is active or under refresh for level _0
            ramulator.serving_requests_0            51366303                                      # The sum of read and write requests that are served in this DRAM element per memory cycle for level _0
    ramulator.average_serving_requests_0            6.518367                                      # The average of read and write requests that are served in this DRAM element per memory cycle for level _0
             ramulator.active_cycles_0_0             6086125                                      # Total active cycles for level _0_0
               ramulator.busy_cycles_0_0             6204145                                      # (All-bank refresh only. busy cycles only include refresh time in rank level) The sum of cycles that the DRAM part is active or under refresh for level _0_0
          ramulator.serving_requests_0_0            51366303                                      # The sum of read and write requests that are served in this DRAM element per memory cycle for level _0_0
  ramulator.average_serving_requests_0_0            6.518367                                      # The average of read and write requests that are served in this DRAM element per memory cycle for level _0_0
           ramulator.active_cycles_0_0_0             4987886                                      # Total active cycles for level _0_0_0
             ramulator.busy_cycles_0_0_0             4987886                                      # (All-bank refresh only. busy cycles only include refresh time in rank level) The sum of cycles that the DRAM part is active or under refresh for level _0_0_0
        ramulator.serving_requests_0_0_0            12759143                                      # The sum of read and write requests that are served in this DRAM element per memory cycle for level _0_0_0
ramulator.average_serving_requests_0_0_0            1.619131                                      # The average of read and write requests that are served in this DRAM element per memory cycle for level _0_0_0
         ramulator.active_cycles_0_0_0_0             2966344                                      # Total active cycles for level _0_0_0_0
           ramulator.busy_cycles_0_0_0_0             2966344                                      # (All-bank refresh only. busy cycles only include refresh time in rank level) The sum of cycles that the DRAM part is active or under refresh for level _0_0_0_0
      ramulator.serving_requests_0_0_0_0             3124740                                      # The sum of read and write requests that are served in this DRAM element per memory cycle for level _0_0_0_0
ramulator.average_serving_requests_0_0_0_0            0.396528                                      # The average of read and write requests that are served in this DRAM element per memory cycle for level _0_0_0_0
         ramulator.active_cycles_0_0_0_1             2999334                                      # Total active cycles for level _0_0_0_1
           ramulator.busy_cycles_0_0_0_1             2999334                                      # (All-bank refresh only. busy cycles only include refresh time in rank level) The sum of cycles that the DRAM part is active or under refresh for level _0_0_0_1
      ramulator.serving_requests_0_0_0_1             3176158                                      # The sum of read and write requests that are served in this DRAM element per memory cycle for level _0_0_0_1
ramulator.average_serving_requests_0_0_0_1            0.403053                                      # The average of read and write requests that are served in this DRAM element per memory cycle for level _0_0_0_1
         ramulator.active_cycles_0_0_0_2             2987423                                      # Total active cycles for level _0_0_0_2
           ramulator.busy_cycles_0_0_0_2             2987423                                      # (All-bank refresh only. busy cycles only include refresh time in rank level) The sum of cycles that the DRAM part is active or under refresh for level _0_0_0_2
      ramulator.serving_requests_0_0_0_2             3170717                                      # The sum of read and write requests that are served in this DRAM element per memory cycle for level _0_0_0_2
ramulator.average_serving_requests_0_0_0_2            0.402363                                      # The average of read and write requests that are served in this DRAM element per memory cycle for level _0_0_0_2
         ramulator.active_cycles_0_0_0_3             3113176                                      # Total active cycles for level _0_0_0_3
           ramulator.busy_cycles_0_0_0_3             3113176                                      # (All-bank refresh only. busy cycles only include refresh time in rank level) The sum of cycles that the DRAM part is active or under refresh for level _0_0_0_3
      ramulator.serving_requests_0_0_0_3             3287528                                      # The sum of read and write requests that are served in this DRAM element per memory cycle for level _0_0_0_3
ramulator.average_serving_requests_0_0_0_3            0.417186                                      # The average of read and write requests that are served in this DRAM element per memory cycle for level _0_0_0_3
           ramulator.active_cycles_0_0_1             5039350                                      # Total active cycles for level _0_0_1
             ramulator.busy_cycles_0_0_1             5039350                                      # (All-bank refresh only. busy cycles only include refresh time in rank level) The sum of cycles that the DRAM part is active or under refresh for level _0_0_1
        ramulator.serving_requests_0_0_1            12914646                                      # The sum of read and write requests that are served in this DRAM element per memory cycle for level _0_0_1
ramulator.average_serving_requests_0_0_1            1.638864                                      # The average of read and write requests that are served in this DRAM element per memory cycle for level _0_0_1
         ramulator.active_cycles_0_0_1_0             2916799                                      # Total active cycles for level _0_0_1_0
           ramulator.busy_cycles_0_0_1_0             2916799                                      # (All-bank refresh only. busy cycles only include refresh time in rank level) The sum of cycles that the DRAM part is active or under refresh for level _0_0_1_0
      ramulator.serving_requests_0_0_1_0             3086540                                      # The sum of read and write requests that are served in this DRAM element per memory cycle for level _0_0_1_0
ramulator.average_serving_requests_0_0_1_0            0.391681                                      # The average of read and write requests that are served in this DRAM element per memory cycle for level _0_0_1_0
         ramulator.active_cycles_0_0_1_1             2922189                                      # Total active cycles for level _0_0_1_1
           ramulator.busy_cycles_0_0_1_1             2922189                                      # (All-bank refresh only. busy cycles only include refresh time in rank level) The sum of cycles that the DRAM part is active or under refresh for level _0_0_1_1
      ramulator.serving_requests_0_0_1_1             3099820                                      # The sum of read and write requests that are served in this DRAM element per memory cycle for level _0_0_1_1
ramulator.average_serving_requests_0_0_1_1            0.393366                                      # The average of read and write requests that are served in this DRAM element per memory cycle for level _0_0_1_1
         ramulator.active_cycles_0_0_1_2             3255467                                      # Total active cycles for level _0_0_1_2
           ramulator.busy_cycles_0_0_1_2             3255467                                      # (All-bank refresh only. busy cycles only include refresh time in rank level) The sum of cycles that the DRAM part is active or under refresh for level _0_0_1_2
      ramulator.serving_requests_0_0_1_2             3456011                                      # The sum of read and write requests that are served in this DRAM element per memory cycle for level _0_0_1_2
ramulator.average_serving_requests_0_0_1_2            0.438567                                      # The average of read and write requests that are served in this DRAM element per memory cycle for level _0_0_1_2
         ramulator.active_cycles_0_0_1_3             3084650                                      # Total active cycles for level _0_0_1_3
           ramulator.busy_cycles_0_0_1_3             3084650                                      # (All-bank refresh only. busy cycles only include refresh time in rank level) The sum of cycles that the DRAM part is active or under refresh for level _0_0_1_3
      ramulator.serving_requests_0_0_1_3             3272275                                      # The sum of read and write requests that are served in this DRAM element per memory cycle for level _0_0_1_3
ramulator.average_serving_requests_0_0_1_3            0.415251                                      # The average of read and write requests that are served in this DRAM element per memory cycle for level _0_0_1_3
           ramulator.active_cycles_0_0_2             5010553                                      # Total active cycles for level _0_0_2
             ramulator.busy_cycles_0_0_2             5010553                                      # (All-bank refresh only. busy cycles only include refresh time in rank level) The sum of cycles that the DRAM part is active or under refresh for level _0_0_2
        ramulator.serving_requests_0_0_2            12865574                                      # The sum of read and write requests that are served in this DRAM element per memory cycle for level _0_0_2
ramulator.average_serving_requests_0_0_2            1.632637                                      # The average of read and write requests that are served in this DRAM element per memory cycle for level _0_0_2
         ramulator.active_cycles_0_0_2_0             3066845                                      # Total active cycles for level _0_0_2_0
           ramulator.busy_cycles_0_0_2_0             3066845                                      # (All-bank refresh only. busy cycles only include refresh time in rank level) The sum of cycles that the DRAM part is active or under refresh for level _0_0_2_0
      ramulator.serving_requests_0_0_2_0             3242861                                      # The sum of read and write requests that are served in this DRAM element per memory cycle for level _0_0_2_0
ramulator.average_serving_requests_0_0_2_0            0.411518                                      # The average of read and write requests that are served in this DRAM element per memory cycle for level _0_0_2_0
         ramulator.active_cycles_0_0_2_1             3053226                                      # Total active cycles for level _0_0_2_1
           ramulator.busy_cycles_0_0_2_1             3053226                                      # (All-bank refresh only. busy cycles only include refresh time in rank level) The sum of cycles that the DRAM part is active or under refresh for level _0_0_2_1
      ramulator.serving_requests_0_0_2_1             3223646                                      # The sum of read and write requests that are served in this DRAM element per memory cycle for level _0_0_2_1
ramulator.average_serving_requests_0_0_2_1            0.409080                                      # The average of read and write requests that are served in this DRAM element per memory cycle for level _0_0_2_1
         ramulator.active_cycles_0_0_2_2             3032830                                      # Total active cycles for level _0_0_2_2
           ramulator.busy_cycles_0_0_2_2             3032830                                      # (All-bank refresh only. busy cycles only include refresh time in rank level) The sum of cycles that the DRAM part is active or under refresh for level _0_0_2_2
      ramulator.serving_requests_0_0_2_2             3232813                                      # The sum of read and write requests that are served in this DRAM element per memory cycle for level _0_0_2_2
ramulator.average_serving_requests_0_0_2_2            0.410243                                      # The average of read and write requests that are served in this DRAM element per memory cycle for level _0_0_2_2
         ramulator.active_cycles_0_0_2_3             2989773                                      # Total active cycles for level _0_0_2_3
           ramulator.busy_cycles_0_0_2_3             2989773                                      # (All-bank refresh only. busy cycles only include refresh time in rank level) The sum of cycles that the DRAM part is active or under refresh for level _0_0_2_3
      ramulator.serving_requests_0_0_2_3             3166254                                      # The sum of read and write requests that are served in this DRAM element per memory cycle for level _0_0_2_3
ramulator.average_serving_requests_0_0_2_3            0.401797                                      # The average of read and write requests that are served in this DRAM element per memory cycle for level _0_0_2_3
           ramulator.active_cycles_0_0_3             5001502                                      # Total active cycles for level _0_0_3
             ramulator.busy_cycles_0_0_3             5001502                                      # (All-bank refresh only. busy cycles only include refresh time in rank level) The sum of cycles that the DRAM part is active or under refresh for level _0_0_3
        ramulator.serving_requests_0_0_3            12826940                                      # The sum of read and write requests that are served in this DRAM element per memory cycle for level _0_0_3
ramulator.average_serving_requests_0_0_3            1.627734                                      # The average of read and write requests that are served in this DRAM element per memory cycle for level _0_0_3
         ramulator.active_cycles_0_0_3_0             2982392                                      # Total active cycles for level _0_0_3_0
           ramulator.busy_cycles_0_0_3_0             2982392                                      # (All-bank refresh only. busy cycles only include refresh time in rank level) The sum of cycles that the DRAM part is active or under refresh for level _0_0_3_0
      ramulator.serving_requests_0_0_3_0             3145896                                      # The sum of read and write requests that are served in this DRAM element per memory cycle for level _0_0_3_0
ramulator.average_serving_requests_0_0_3_0            0.399213                                      # The average of read and write requests that are served in this DRAM element per memory cycle for level _0_0_3_0
         ramulator.active_cycles_0_0_3_1             3126530                                      # Total active cycles for level _0_0_3_1
           ramulator.busy_cycles_0_0_3_1             3126530                                      # (All-bank refresh only. busy cycles only include refresh time in rank level) The sum of cycles that the DRAM part is active or under refresh for level _0_0_3_1
      ramulator.serving_requests_0_0_3_1             3310394                                      # The sum of read and write requests that are served in this DRAM element per memory cycle for level _0_0_3_1
ramulator.average_serving_requests_0_0_3_1            0.420088                                      # The average of read and write requests that are served in this DRAM element per memory cycle for level _0_0_3_1
         ramulator.active_cycles_0_0_3_2             3037481                                      # Total active cycles for level _0_0_3_2
           ramulator.busy_cycles_0_0_3_2             3037481                                      # (All-bank refresh only. busy cycles only include refresh time in rank level) The sum of cycles that the DRAM part is active or under refresh for level _0_0_3_2
      ramulator.serving_requests_0_0_3_2             3186274                                      # The sum of read and write requests that are served in this DRAM element per memory cycle for level _0_0_3_2
ramulator.average_serving_requests_0_0_3_2            0.404337                                      # The average of read and write requests that are served in this DRAM element per memory cycle for level _0_0_3_2
         ramulator.active_cycles_0_0_3_3             3006858                                      # Total active cycles for level _0_0_3_3
           ramulator.busy_cycles_0_0_3_3             3006858                                      # (All-bank refresh only. busy cycles only include refresh time in rank level) The sum of cycles that the DRAM part is active or under refresh for level _0_0_3_3
      ramulator.serving_requests_0_0_3_3             3184376                                      # The sum of read and write requests that are served in this DRAM element per memory cycle for level _0_0_3_3
ramulator.average_serving_requests_0_0_3_3            0.404096                                      # The average of read and write requests that are served in this DRAM element per memory cycle for level _0_0_3_3
      ramulator.read_transaction_bytes_0            53027072                                      # The total byte of read transaction per channel
     ramulator.write_transaction_bytes_0              416768                                      # The total byte of write transaction per channel
       ramulator.row_hits_channel_0_core              178799                                      # Number of row hits per channel per core
     ramulator.row_misses_channel_0_core               21193                                      # Number of row misses per channel per core
  ramulator.row_conflicts_channel_0_core              635068                                      # Number of row conflicts per channel per core
  ramulator.read_row_hits_channel_0_core              174776                                      # Number of row hits for read requests per channel per core
                                     [0]            174776.0                                      # 
ramulator.read_row_misses_channel_0_core               20699                                      # Number of row misses for read requests per channel per core
                                     [0]             20699.0                                      # 
ramulator.read_row_conflicts_channel_0_core              633073                                      # Number of row conflicts for read requests per channel per core
                                     [0]            633073.0                                      # 
 ramulator.write_row_hits_channel_0_core                4023                                      # Number of row hits for write requests per channel per core
                                     [0]              4023.0                                      # 
ramulator.write_row_misses_channel_0_core                 494                                      # Number of row misses for write requests per channel per core
                                     [0]               494.0                                      # 
ramulator.write_row_conflicts_channel_0_core                1995                                      # Number of row conflicts for write requests per channel per core
                                     [0]              1995.0                                      # 
      ramulator.useless_activates_0_core                  32                                      # Number of useless activations. E.g, ACT -> PRE w/o RD or WR
            ramulator.read_latency_avg_0          142.139218                                      # The average memory latency cycles (in memory time domain) per request for all read requests in this channel
            ramulator.read_latency_sum_0           117854733                                      # The memory latency cycles (in memory time domain) sum for all read requests in this channel
        ramulator.req_queue_length_avg_0           28.572136                                      # Average of read and write queue length per memory cycle per channel.
        ramulator.req_queue_length_sum_0           225155321                                      # Sum of read and write queue length per memory cycle per channel.
   ramulator.read_req_queue_length_avg_0           13.595940                                      # Read queue length average per memory cycle per channel.
   ramulator.read_req_queue_length_sum_0           107139285                                      # Read queue length sum per memory cycle per channel.
  ramulator.write_req_queue_length_avg_0           14.976196                                      # Write queue length average per memory cycle per channel.
  ramulator.write_req_queue_length_sum_0           118016036                                      # Write queue length sum per memory cycle per channel.
              ramulator.record_read_hits                 0.0                                      # record read hit count for this core when it reaches request limit or to the end
                                     [0]                 0.0                                      # 
            ramulator.record_read_misses                 0.0                                      # record_read_miss count for this core when it reaches request limit or to the end
                                     [0]                 0.0                                      # 
         ramulator.record_read_conflicts                 0.0                                      # record read conflict count for this core when it reaches request limit or to the end
                                     [0]                 0.0                                      # 
             ramulator.record_write_hits                 0.0                                      # record write hit count for this core when it reaches request limit or to the end
                                     [0]                 0.0                                      # 
           ramulator.record_write_misses                 0.0                                      # record write miss count for this core when it reaches request limit or to the end
                                     [0]                 0.0                                      # 
        ramulator.record_write_conflicts                 0.0                                      # record write conflict for this core when it reaches request limit or to the end
                                     [0]                 0.0                                      # 
                 ramulator.dram_capacity          8589934592                                      # Number of bytes in simulated DRAM
                   ramulator.dram_cycles             7880241                                      # Number of DRAM cycles simulated
             ramulator.incoming_requests              835668                                      # Number of incoming requests to DRAM
                 ramulator.read_requests              829150                                      # Number of incoming read requests to DRAM per core
                                     [0]            829150.0                                      # 
                ramulator.write_requests                6518                                      # Number of incoming write requests to DRAM per core
                                     [0]              6518.0                                      # 
       ramulator.ramulator_active_cycles             6086125                                      # The total number of cycles that the DRAM part is active (serving R/W)
 ramulator.incoming_requests_per_channel            835668.0                                      # Number of incoming requests to each DRAM channel
                                     [0]            835668.0                                      # 
ramulator.incoming_read_reqs_per_channel            829150.0                                      # Number of incoming read requests to each DRAM channel
                                     [0]            829150.0                                      # 
     ramulator.physical_page_replacement                   0                                      # The number of times that physical page replacement happens.
             ramulator.maximum_bandwidth         19200000000                                      # The theoretical maximum bandwidth (Bps)
          ramulator.in_queue_req_num_sum           225155321                                      # Sum of read/write queue length
     ramulator.in_queue_read_req_num_sum           107139285                                      # Sum of read queue length
    ramulator.in_queue_write_req_num_sum           118016036                                      # Sum of write queue length
          ramulator.in_queue_req_num_avg           28.572136                                      # Average of read/write queue length per memory cycle
     ramulator.in_queue_read_req_num_avg           13.595940                                      # Average of read queue length per memory cycle
    ramulator.in_queue_write_req_num_avg           14.976196                                      # Average of write queue length per memory cycle
          ramulator.record_read_requests                 0.0                                      # record read requests for this core when it reaches request limit or to the end
                                     [0]                 0.0                                      # 
         ramulator.record_write_requests                 0.0                                      # record write requests for this core when it reaches request limit or to the end
                                     [0]                 0.0                                      # 
