Scarab gitrev: 8e47791
Scarab started at Sat May 20 05:54:04 2023

Initialized Ramulator. 
** Heartbeat:   1% -- { 1000001 } -- 0.00 KIPS (333.33 KIPS)
** Heartbeat:   2% -- { 2000003 } -- 333.33 KIPS (333.33 KIPS)
** Heartbeat:   3% -- { 3000003 } -- 333.33 KIPS (333.33 KIPS)
** Heartbeat:   4% -- { 4000003 } -- 333.33 KIPS (333.33 KIPS)
** Heartbeat:   5% -- { 5000006 } -- 333.33 KIPS (333.33 KIPS)
** Heartbeat:   6% -- { 6000008 } -- 500.00 KIPS (352.94 KIPS)
** Heartbeat:   7% -- { 7000009 } -- 333.33 KIPS (350.00 KIPS)
** Heartbeat:   8% -- { 8000009 } -- 333.33 KIPS (347.83 KIPS)
** Heartbeat:   9% -- { 9000013 } -- 333.33 KIPS (346.15 KIPS)
** Heartbeat:  10% -- { 10000015 } -- 333.33 KIPS (344.83 KIPS)
** Heartbeat:  11% -- { 11000016 } -- 333.33 KIPS (343.75 KIPS)
** Heartbeat:  12% -- { 12000021 } -- 333.33 KIPS (342.86 KIPS)
** Heartbeat:  13% -- { 13000024 } -- 333.33 KIPS (342.11 KIPS)
** Heartbeat:  14% -- { 14000029 } -- 333.33 KIPS (341.46 KIPS)
** Heartbeat:  15% -- { 15000034 } -- 333.33 KIPS (340.91 KIPS)
** Heartbeat:  16% -- { 16000037 } -- 333.33 KIPS (340.43 KIPS)
** Heartbeat:  17% -- { 17000037 } -- 333.33 KIPS (340.00 KIPS)
** Heartbeat:  18% -- { 18000042 } -- 333.33 KIPS (339.62 KIPS)
** Heartbeat:  19% -- { 19000042 } -- 500.00 KIPS (345.46 KIPS)
** Heartbeat:  20% -- { 20000047 } -- 333.33 KIPS (344.83 KIPS)
** Heartbeat:  21% -- { 21000052 } -- 250.00 KIPS (338.71 KIPS)
** Heartbeat:  22% -- { 22000053 } -- 250.00 KIPS (333.33 KIPS)
** Heartbeat:  23% -- { 23000055 } -- 333.33 KIPS (333.33 KIPS)
** Heartbeat:  24% -- { 24000058 } -- 333.33 KIPS (333.33 KIPS)
** Heartbeat:  25% -- { 25000062 } -- 250.00 KIPS (328.95 KIPS)
** Heartbeat:  26% -- { 26000064 } -- 333.33 KIPS (329.11 KIPS)
** Heartbeat:  27% -- { 27000065 } -- 250.00 KIPS (325.30 KIPS)
** Heartbeat:  28% -- { 28000065 } -- 333.33 KIPS (325.58 KIPS)
** Heartbeat:  29% -- { 29000067 } -- 250.00 KIPS (322.22 KIPS)
** Heartbeat:  30% -- { 30000068 } -- 333.33 KIPS (322.58 KIPS)
** Heartbeat:  31% -- { 31000073 } -- 250.00 KIPS (319.59 KIPS)
** Heartbeat:  32% -- { 32000074 } -- 333.33 KIPS (320.00 KIPS)
** Heartbeat:  33% -- { 33000079 } -- 250.00 KIPS (317.31 KIPS)
** Heartbeat:  34% -- { 34000079 } -- 333.33 KIPS (317.76 KIPS)
** Heartbeat:  35% -- { 35000081 } -- 250.00 KIPS (315.32 KIPS)
** Heartbeat:  36% -- { 36000082 } -- 333.33 KIPS (315.79 KIPS)
** Heartbeat:  37% -- { 37000087 } -- 250.00 KIPS (313.56 KIPS)
** Heartbeat:  38% -- { 38000089 } -- 333.33 KIPS (314.05 KIPS)
** Heartbeat:  39% -- { 39000090 } -- 250.00 KIPS (312.00 KIPS)
** Heartbeat:  40% -- { 40000092 } -- 333.33 KIPS (312.50 KIPS)
** Heartbeat:  41% -- { 41000095 } -- 250.00 KIPS (310.61 KIPS)
** Heartbeat:  42% -- { 42000097 } -- 333.33 KIPS (311.11 KIPS)
** Heartbeat:  43% -- { 43000099 } -- 250.00 KIPS (309.35 KIPS)
** Heartbeat:  44% -- { 44000099 } -- 333.33 KIPS (309.86 KIPS)
** Heartbeat:  45% -- { 45000099 } -- 250.00 KIPS (308.22 KIPS)
** Heartbeat:  46% -- { 46000103 } -- 333.33 KIPS (308.73 KIPS)
** Heartbeat:  47% -- { 47000103 } -- 250.00 KIPS (307.19 KIPS)
** Heartbeat:  48% -- { 48000103 } -- 333.33 KIPS (307.69 KIPS)
** Heartbeat:  49% -- { 49000107 } -- 250.00 KIPS (306.25 KIPS)
** Heartbeat:  50% -- { 50000107 } -- 333.33 KIPS (306.75 KIPS)
** Heartbeat:  51% -- { 51000108 } -- 333.33 KIPS (307.23 KIPS)
** Heartbeat:  52% -- { 52000108 } -- 250.00 KIPS (305.88 KIPS)
** Heartbeat:  53% -- { 53000111 } -- 333.33 KIPS (306.36 KIPS)
** Heartbeat:  54% -- { 54000112 } -- 250.00 KIPS (305.09 KIPS)
** Heartbeat:  55% -- { 55000117 } -- 333.33 KIPS (305.56 KIPS)
** Heartbeat:  56% -- { 56000119 } -- 250.00 KIPS (304.35 KIPS)
** Heartbeat:  57% -- { 57000122 } -- 333.33 KIPS (304.81 KIPS)
** Heartbeat:  58% -- { 58000125 } -- 333.33 KIPS (305.26 KIPS)
** Heartbeat:  59% -- { 59000125 } -- 250.00 KIPS (304.12 KIPS)
** Heartbeat:  60% -- { 60000128 } -- 333.33 KIPS (304.57 KIPS)
** Heartbeat:  61% -- { 61000128 } -- 250.00 KIPS (303.48 KIPS)
** Heartbeat:  62% -- { 62000130 } -- 333.33 KIPS (303.92 KIPS)
** Heartbeat:  63% -- { 63000135 } -- 333.33 KIPS (304.35 KIPS)
** Heartbeat:  64% -- { 64000139 } -- 250.00 KIPS (303.32 KIPS)
** Heartbeat:  65% -- { 65000144 } -- 333.33 KIPS (303.74 KIPS)
** Heartbeat:  66% -- { 66000148 } -- 250.00 KIPS (302.75 KIPS)
** Heartbeat:  67% -- { 67000153 } -- 333.33 KIPS (303.17 KIPS)
** Heartbeat:  68% -- { 68000156 } -- 250.00 KIPS (302.22 KIPS)
** Heartbeat:  69% -- { 69000157 } -- 333.33 KIPS (302.63 KIPS)
** Heartbeat:  70% -- { 70000161 } -- 333.33 KIPS (303.03 KIPS)
** Heartbeat:  71% -- { 71000163 } -- 250.00 KIPS (302.13 KIPS)
** Heartbeat:  72% -- { 72000164 } -- 333.33 KIPS (302.52 KIPS)
** Heartbeat:  73% -- { 73000169 } -- 250.00 KIPS (301.65 KIPS)
** Heartbeat:  74% -- { 74000171 } -- 333.33 KIPS (302.04 KIPS)
** Heartbeat:  75% -- { 75000173 } -- 250.00 KIPS (301.21 KIPS)
** Heartbeat:  76% -- { 76000177 } -- 333.33 KIPS (301.59 KIPS)
** Heartbeat:  77% -- { 77000180 } -- 333.33 KIPS (301.96 KIPS)
** Heartbeat:  78% -- { 78000183 } -- 250.00 KIPS (301.16 KIPS)
** Heartbeat:  79% -- { 79000186 } -- 250.00 KIPS (300.38 KIPS)
** Heartbeat:  80% -- { 80000188 } -- 333.33 KIPS (300.75 KIPS)
** Heartbeat:  81% -- { 81000188 } -- 333.33 KIPS (301.12 KIPS)
** Heartbeat:  82% -- { 82000189 } -- 250.00 KIPS (300.37 KIPS)
** Heartbeat:  83% -- { 83000190 } -- 333.33 KIPS (300.73 KIPS)
** Heartbeat:  84% -- { 84000194 } -- 250.00 KIPS (300.00 KIPS)
** Heartbeat:  85% -- { 85000195 } -- 333.33 KIPS (300.35 KIPS)
** Heartbeat:  86% -- { 86000195 } -- 333.33 KIPS (300.70 KIPS)
** Heartbeat:  87% -- { 87000196 } -- 500.00 KIPS (302.08 KIPS)
** Heartbeat:  88% -- { 88000197 } -- 500.00 KIPS (303.45 KIPS)
** Heartbeat:  89% -- { 89000198 } -- 333.33 KIPS (303.75 KIPS)
** Heartbeat:  90% -- { 90000198 } -- 500.00 KIPS (305.09 KIPS)
** Heartbeat:  91% -- { 91000199 } -- 500.00 KIPS (306.40 KIPS)
** Heartbeat:  92% -- { 92000199 } -- 500.00 KIPS (307.69 KIPS)
** Heartbeat:  93% -- { 93000201 } -- 500.00 KIPS (308.97 KIPS)
** Heartbeat:  94% -- { 94000201 } -- 500.00 KIPS (310.23 KIPS)
** Heartbeat:  95% -- { 95000204 } -- 500.00 KIPS (311.48 KIPS)
** Heartbeat:  96% -- { 96000207 } -- 500.00 KIPS (312.70 KIPS)
** Heartbeat:  97% -- { 97000207 } -- 333.33 KIPS (312.90 KIPS)
** Heartbeat:  98% -- { 98000207 } -- 500.00 KIPS (314.10 KIPS)
** Heartbeat:  99% -- { 99000207 } -- 500.00 KIPS (315.29 KIPS)
** Core 0 Finished:    insts:100000000   cycles:40827371    time:12758553437500      -- 2.45 IPC (2.45 IPC) --  N/A  KIPS (316.46 KIPS)
done
Scarab finished at Sat May 20 05:59:20 2023

