               ramulator.active_cycles_0            22551167                                      # Total active cycles for level _0
                 ramulator.busy_cycles_0            22551167                                      # (All-bank refresh only. busy cycles only include refresh time in rank level) The sum of cycles that the DRAM part is active or under refresh for level _0
            ramulator.serving_requests_0            55493753                                      # The sum of read and write requests that are served in this DRAM element per memory cycle for level _0
    ramulator.average_serving_requests_0            1.833216                                      # The average of read and write requests that are served in this DRAM element per memory cycle for level _0
             ramulator.active_cycles_0_0            22551167                                      # Total active cycles for level _0_0
               ramulator.busy_cycles_0_0            23027027                                      # (All-bank refresh only. busy cycles only include refresh time in rank level) The sum of cycles that the DRAM part is active or under refresh for level _0_0
          ramulator.serving_requests_0_0            55493753                                      # The sum of read and write requests that are served in this DRAM element per memory cycle for level _0_0
  ramulator.average_serving_requests_0_0            1.833216                                      # The average of read and write requests that are served in this DRAM element per memory cycle for level _0_0
           ramulator.active_cycles_0_0_0            10386876                                      # Total active cycles for level _0_0_0
             ramulator.busy_cycles_0_0_0            10386876                                      # (All-bank refresh only. busy cycles only include refresh time in rank level) The sum of cycles that the DRAM part is active or under refresh for level _0_0_0
        ramulator.serving_requests_0_0_0            14245969                                      # The sum of read and write requests that are served in this DRAM element per memory cycle for level _0_0_0
ramulator.average_serving_requests_0_0_0            0.470610                                      # The average of read and write requests that are served in this DRAM element per memory cycle for level _0_0_0
         ramulator.active_cycles_0_0_0_0             3282377                                      # Total active cycles for level _0_0_0_0
           ramulator.busy_cycles_0_0_0_0             3282377                                      # (All-bank refresh only. busy cycles only include refresh time in rank level) The sum of cycles that the DRAM part is active or under refresh for level _0_0_0_0
      ramulator.serving_requests_0_0_0_0             3509910                                      # The sum of read and write requests that are served in this DRAM element per memory cycle for level _0_0_0_0
ramulator.average_serving_requests_0_0_0_0            0.115949                                      # The average of read and write requests that are served in this DRAM element per memory cycle for level _0_0_0_0
         ramulator.active_cycles_0_0_0_1             3480261                                      # Total active cycles for level _0_0_0_1
           ramulator.busy_cycles_0_0_0_1             3480261                                      # (All-bank refresh only. busy cycles only include refresh time in rank level) The sum of cycles that the DRAM part is active or under refresh for level _0_0_0_1
      ramulator.serving_requests_0_0_0_1             3720719                                      # The sum of read and write requests that are served in this DRAM element per memory cycle for level _0_0_0_1
ramulator.average_serving_requests_0_0_0_1            0.122913                                      # The average of read and write requests that are served in this DRAM element per memory cycle for level _0_0_0_1
         ramulator.active_cycles_0_0_0_2             3091656                                      # Total active cycles for level _0_0_0_2
           ramulator.busy_cycles_0_0_0_2             3091656                                      # (All-bank refresh only. busy cycles only include refresh time in rank level) The sum of cycles that the DRAM part is active or under refresh for level _0_0_0_2
      ramulator.serving_requests_0_0_0_2             3307056                                      # The sum of read and write requests that are served in this DRAM element per memory cycle for level _0_0_0_2
ramulator.average_serving_requests_0_0_0_2            0.109247                                      # The average of read and write requests that are served in this DRAM element per memory cycle for level _0_0_0_2
         ramulator.active_cycles_0_0_0_3             3442324                                      # Total active cycles for level _0_0_0_3
           ramulator.busy_cycles_0_0_0_3             3442324                                      # (All-bank refresh only. busy cycles only include refresh time in rank level) The sum of cycles that the DRAM part is active or under refresh for level _0_0_0_3
      ramulator.serving_requests_0_0_0_3             3708284                                      # The sum of read and write requests that are served in this DRAM element per memory cycle for level _0_0_0_3
ramulator.average_serving_requests_0_0_0_3            0.122502                                      # The average of read and write requests that are served in this DRAM element per memory cycle for level _0_0_0_3
           ramulator.active_cycles_0_0_1             9975226                                      # Total active cycles for level _0_0_1
             ramulator.busy_cycles_0_0_1             9975226                                      # (All-bank refresh only. busy cycles only include refresh time in rank level) The sum of cycles that the DRAM part is active or under refresh for level _0_0_1
        ramulator.serving_requests_0_0_1            13565780                                      # The sum of read and write requests that are served in this DRAM element per memory cycle for level _0_0_1
ramulator.average_serving_requests_0_0_1            0.448141                                      # The average of read and write requests that are served in this DRAM element per memory cycle for level _0_0_1
         ramulator.active_cycles_0_0_1_0             2867678                                      # Total active cycles for level _0_0_1_0
           ramulator.busy_cycles_0_0_1_0             2867678                                      # (All-bank refresh only. busy cycles only include refresh time in rank level) The sum of cycles that the DRAM part is active or under refresh for level _0_0_1_0
      ramulator.serving_requests_0_0_1_0             3070160                                      # The sum of read and write requests that are served in this DRAM element per memory cycle for level _0_0_1_0
ramulator.average_serving_requests_0_0_1_0            0.101422                                      # The average of read and write requests that are served in this DRAM element per memory cycle for level _0_0_1_0
         ramulator.active_cycles_0_0_1_1             3118421                                      # Total active cycles for level _0_0_1_1
           ramulator.busy_cycles_0_0_1_1             3118421                                      # (All-bank refresh only. busy cycles only include refresh time in rank level) The sum of cycles that the DRAM part is active or under refresh for level _0_0_1_1
      ramulator.serving_requests_0_0_1_1             3338042                                      # The sum of read and write requests that are served in this DRAM element per memory cycle for level _0_0_1_1
ramulator.average_serving_requests_0_0_1_1            0.110271                                      # The average of read and write requests that are served in this DRAM element per memory cycle for level _0_0_1_1
         ramulator.active_cycles_0_0_1_2             3345884                                      # Total active cycles for level _0_0_1_2
           ramulator.busy_cycles_0_0_1_2             3345884                                      # (All-bank refresh only. busy cycles only include refresh time in rank level) The sum of cycles that the DRAM part is active or under refresh for level _0_0_1_2
      ramulator.serving_requests_0_0_1_2             3591955                                      # The sum of read and write requests that are served in this DRAM element per memory cycle for level _0_0_1_2
ramulator.average_serving_requests_0_0_1_2            0.118659                                      # The average of read and write requests that are served in this DRAM element per memory cycle for level _0_0_1_2
         ramulator.active_cycles_0_0_1_3             3326708                                      # Total active cycles for level _0_0_1_3
           ramulator.busy_cycles_0_0_1_3             3326708                                      # (All-bank refresh only. busy cycles only include refresh time in rank level) The sum of cycles that the DRAM part is active or under refresh for level _0_0_1_3
      ramulator.serving_requests_0_0_1_3             3565623                                      # The sum of read and write requests that are served in this DRAM element per memory cycle for level _0_0_1_3
ramulator.average_serving_requests_0_0_1_3            0.117789                                      # The average of read and write requests that are served in this DRAM element per memory cycle for level _0_0_1_3
           ramulator.active_cycles_0_0_2            10128413                                      # Total active cycles for level _0_0_2
             ramulator.busy_cycles_0_0_2            10128413                                      # (All-bank refresh only. busy cycles only include refresh time in rank level) The sum of cycles that the DRAM part is active or under refresh for level _0_0_2
        ramulator.serving_requests_0_0_2            13904560                                      # The sum of read and write requests that are served in this DRAM element per memory cycle for level _0_0_2
ramulator.average_serving_requests_0_0_2            0.459332                                      # The average of read and write requests that are served in this DRAM element per memory cycle for level _0_0_2
         ramulator.active_cycles_0_0_2_0             2986957                                      # Total active cycles for level _0_0_2_0
           ramulator.busy_cycles_0_0_2_0             2986957                                      # (All-bank refresh only. busy cycles only include refresh time in rank level) The sum of cycles that the DRAM part is active or under refresh for level _0_0_2_0
      ramulator.serving_requests_0_0_2_0             3203811                                      # The sum of read and write requests that are served in this DRAM element per memory cycle for level _0_0_2_0
ramulator.average_serving_requests_0_0_2_0            0.105837                                      # The average of read and write requests that are served in this DRAM element per memory cycle for level _0_0_2_0
         ramulator.active_cycles_0_0_2_1             3364128                                      # Total active cycles for level _0_0_2_1
           ramulator.busy_cycles_0_0_2_1             3364128                                      # (All-bank refresh only. busy cycles only include refresh time in rank level) The sum of cycles that the DRAM part is active or under refresh for level _0_0_2_1
      ramulator.serving_requests_0_0_2_1             3606603                                      # The sum of read and write requests that are served in this DRAM element per memory cycle for level _0_0_2_1
ramulator.average_serving_requests_0_0_2_1            0.119143                                      # The average of read and write requests that are served in this DRAM element per memory cycle for level _0_0_2_1
         ramulator.active_cycles_0_0_2_2             3281597                                      # Total active cycles for level _0_0_2_2
           ramulator.busy_cycles_0_0_2_2             3281597                                      # (All-bank refresh only. busy cycles only include refresh time in rank level) The sum of cycles that the DRAM part is active or under refresh for level _0_0_2_2
      ramulator.serving_requests_0_0_2_2             3518169                                      # The sum of read and write requests that are served in this DRAM element per memory cycle for level _0_0_2_2
ramulator.average_serving_requests_0_0_2_2            0.116221                                      # The average of read and write requests that are served in this DRAM element per memory cycle for level _0_0_2_2
         ramulator.active_cycles_0_0_2_3             3330116                                      # Total active cycles for level _0_0_2_3
           ramulator.busy_cycles_0_0_2_3             3330116                                      # (All-bank refresh only. busy cycles only include refresh time in rank level) The sum of cycles that the DRAM part is active or under refresh for level _0_0_2_3
      ramulator.serving_requests_0_0_2_3             3575977                                      # The sum of read and write requests that are served in this DRAM element per memory cycle for level _0_0_2_3
ramulator.average_serving_requests_0_0_2_3            0.118131                                      # The average of read and write requests that are served in this DRAM element per memory cycle for level _0_0_2_3
           ramulator.active_cycles_0_0_3            10113761                                      # Total active cycles for level _0_0_3
             ramulator.busy_cycles_0_0_3            10113761                                      # (All-bank refresh only. busy cycles only include refresh time in rank level) The sum of cycles that the DRAM part is active or under refresh for level _0_0_3
        ramulator.serving_requests_0_0_3            13777329                                      # The sum of read and write requests that are served in this DRAM element per memory cycle for level _0_0_3
ramulator.average_serving_requests_0_0_3            0.455129                                      # The average of read and write requests that are served in this DRAM element per memory cycle for level _0_0_3
         ramulator.active_cycles_0_0_3_0             3218578                                      # Total active cycles for level _0_0_3_0
           ramulator.busy_cycles_0_0_3_0             3218578                                      # (All-bank refresh only. busy cycles only include refresh time in rank level) The sum of cycles that the DRAM part is active or under refresh for level _0_0_3_0
      ramulator.serving_requests_0_0_3_0             3452498                                      # The sum of read and write requests that are served in this DRAM element per memory cycle for level _0_0_3_0
ramulator.average_serving_requests_0_0_3_0            0.114052                                      # The average of read and write requests that are served in this DRAM element per memory cycle for level _0_0_3_0
         ramulator.active_cycles_0_0_3_1             3171636                                      # Total active cycles for level _0_0_3_1
           ramulator.busy_cycles_0_0_3_1             3171636                                      # (All-bank refresh only. busy cycles only include refresh time in rank level) The sum of cycles that the DRAM part is active or under refresh for level _0_0_3_1
      ramulator.serving_requests_0_0_3_1             3394966                                      # The sum of read and write requests that are served in this DRAM element per memory cycle for level _0_0_3_1
ramulator.average_serving_requests_0_0_3_1            0.112151                                      # The average of read and write requests that are served in this DRAM element per memory cycle for level _0_0_3_1
         ramulator.active_cycles_0_0_3_2             3329167                                      # Total active cycles for level _0_0_3_2
           ramulator.busy_cycles_0_0_3_2             3329167                                      # (All-bank refresh only. busy cycles only include refresh time in rank level) The sum of cycles that the DRAM part is active or under refresh for level _0_0_3_2
      ramulator.serving_requests_0_0_3_2             3570664                                      # The sum of read and write requests that are served in this DRAM element per memory cycle for level _0_0_3_2
ramulator.average_serving_requests_0_0_3_2            0.117956                                      # The average of read and write requests that are served in this DRAM element per memory cycle for level _0_0_3_2
         ramulator.active_cycles_0_0_3_3             3145622                                      # Total active cycles for level _0_0_3_3
           ramulator.busy_cycles_0_0_3_3             3145622                                      # (All-bank refresh only. busy cycles only include refresh time in rank level) The sum of cycles that the DRAM part is active or under refresh for level _0_0_3_3
      ramulator.serving_requests_0_0_3_3             3359180                                      # The sum of read and write requests that are served in this DRAM element per memory cycle for level _0_0_3_3
ramulator.average_serving_requests_0_0_3_3            0.110969                                      # The average of read and write requests that are served in this DRAM element per memory cycle for level _0_0_3_3
      ramulator.read_transaction_bytes_0            37359168                                      # The total byte of read transaction per channel
     ramulator.write_transaction_bytes_0            17985792                                      # The total byte of write transaction per channel
       ramulator.row_hits_channel_0_core              353087                                      # Number of row hits per channel per core
     ramulator.row_misses_channel_0_core               55187                                      # Number of row misses per channel per core
  ramulator.row_conflicts_channel_0_core              456491                                      # Number of row conflicts per channel per core
  ramulator.read_row_hits_channel_0_core              333840                                      # Number of row hits for read requests per channel per core
                                     [0]            333840.0                                      # 
ramulator.read_row_misses_channel_0_core               33770                                      # Number of row misses for read requests per channel per core
                                     [0]             33770.0                                      # 
ramulator.read_row_conflicts_channel_0_core              216127                                      # Number of row conflicts for read requests per channel per core
                                     [0]            216127.0                                      # 
 ramulator.write_row_hits_channel_0_core               19247                                      # Number of row hits for write requests per channel per core
                                     [0]             19247.0                                      # 
ramulator.write_row_misses_channel_0_core               21417                                      # Number of row misses for write requests per channel per core
                                     [0]             21417.0                                      # 
ramulator.write_row_conflicts_channel_0_core              240364                                      # Number of row conflicts for write requests per channel per core
                                     [0]            240364.0                                      # 
      ramulator.useless_activates_0_core                 104                                      # Number of useless activations. E.g, ACT -> PRE w/o RD or WR
            ramulator.read_latency_avg_0           54.422607                                      # The average memory latency cycles (in memory time domain) per request for all read requests in this channel
            ramulator.read_latency_sum_0            31778503                                      # The memory latency cycles (in memory time domain) sum for all read requests in this channel
        ramulator.req_queue_length_avg_0           15.240864                                      # Average of read and write queue length per memory cycle per channel.
        ramulator.req_queue_length_sum_0           461360035                                      # Sum of read and write queue length per memory cycle per channel.
   ramulator.read_req_queue_length_avg_0            0.915087                                      # Read queue length average per memory cycle per channel.
   ramulator.read_req_queue_length_sum_0            27700827                                      # Read queue length sum per memory cycle per channel.
  ramulator.write_req_queue_length_avg_0           14.325777                                      # Write queue length average per memory cycle per channel.
  ramulator.write_req_queue_length_sum_0           433659208                                      # Write queue length sum per memory cycle per channel.
              ramulator.record_read_hits                 0.0                                      # record read hit count for this core when it reaches request limit or to the end
                                     [0]                 0.0                                      # 
            ramulator.record_read_misses                 0.0                                      # record_read_miss count for this core when it reaches request limit or to the end
                                     [0]                 0.0                                      # 
         ramulator.record_read_conflicts                 0.0                                      # record read conflict count for this core when it reaches request limit or to the end
                                     [0]                 0.0                                      # 
             ramulator.record_write_hits                 0.0                                      # record write hit count for this core when it reaches request limit or to the end
                                     [0]                 0.0                                      # 
           ramulator.record_write_misses                 0.0                                      # record write miss count for this core when it reaches request limit or to the end
                                     [0]                 0.0                                      # 
        ramulator.record_write_conflicts                 0.0                                      # record write conflict for this core when it reaches request limit or to the end
                                     [0]                 0.0                                      # 
                 ramulator.dram_capacity          8589934592                                      # Number of bytes in simulated DRAM
                   ramulator.dram_cycles            30271253                                      # Number of DRAM cycles simulated
             ramulator.incoming_requests              864953                                      # Number of incoming requests to DRAM
                 ramulator.read_requests              583921                                      # Number of incoming read requests to DRAM per core
                                     [0]            583921.0                                      # 
                ramulator.write_requests              281032                                      # Number of incoming write requests to DRAM per core
                                     [0]            281032.0                                      # 
       ramulator.ramulator_active_cycles            22551386                                      # The total number of cycles that the DRAM part is active (serving R/W)
 ramulator.incoming_requests_per_channel            864953.0                                      # Number of incoming requests to each DRAM channel
                                     [0]            864953.0                                      # 
ramulator.incoming_read_reqs_per_channel            583921.0                                      # Number of incoming read requests to each DRAM channel
                                     [0]            583921.0                                      # 
     ramulator.physical_page_replacement                   0                                      # The number of times that physical page replacement happens.
             ramulator.maximum_bandwidth         19200000000                                      # The theoretical maximum bandwidth (Bps)
          ramulator.in_queue_req_num_sum           461360035                                      # Sum of read/write queue length
     ramulator.in_queue_read_req_num_sum            27700827                                      # Sum of read queue length
    ramulator.in_queue_write_req_num_sum           433659208                                      # Sum of write queue length
          ramulator.in_queue_req_num_avg           15.240864                                      # Average of read/write queue length per memory cycle
     ramulator.in_queue_read_req_num_avg            0.915087                                      # Average of read queue length per memory cycle
    ramulator.in_queue_write_req_num_avg           14.325777                                      # Average of write queue length per memory cycle
          ramulator.record_read_requests                 0.0                                      # record read requests for this core when it reaches request limit or to the end
                                     [0]                 0.0                                      # 
         ramulator.record_write_requests                 0.0                                      # record write requests for this core when it reaches request limit or to the end
                                     [0]                 0.0                                      # 
