/* -*- Mode: c -*- */
####################################################################################################
Core 0
####################################################################################################
Cumulative:        Cycles: 34056902              Instructions: 100000000             IPC: 2.93626

EXECUTION_TIME                           10642781875000                  10642781875000              

NODE_CYCLE                                    34056902                       34056902              

NODE_INST_COUNT                              100000000                      100000000              

NODE_UOP_COUNT                               110907477                      110907477              

FULL_WINDOW_STALL                              9646401       28.324%          9646401       28.324%

FULL_WINDOW_MEM_OP                             3441315       52.030%          3441315       52.030%
FULL_WINDOW_FP_OP                              3086760       46.669%          3086760       46.669%
FULL_WINDOW_OTHER_OP                             86045        1.301%            86045        1.301%
                                               6614120      100.000%          6614120      100.000%
                                                  0.49         0.39              0.49         0.39

RET_BLOCKED_DC_MISS                            1990516        5.845%          1990516        5.845%

RET_BLOCKED_L1_MISS                            1867581        5.484%          1867581        5.484%

RET_BLOCKED_L1_MISS_BW_PREF                     492221        1.445%           492221        1.445%

RET_BLOCKED_L1_ACCESS                           144093        0.423%           144093        0.423%

RET_BLOCKED_MEM_STALL                          1982036        5.820%          1982036        5.820%

RET_BLOCKED_OFFCHIP_DEMAND                           0        0.000%                0        0.000%

OP_ISSUED                                    110907485                      110907485              

OP_RETIRED                                   110907477                      110907477              

REPLAY_SIGNALED                                      0                              0              

REPLAY_COUNTED                                       0                              0              

OFF_CRITICAL_PATH                                    0         -nan%                0         -nan%
ON_CRITICAL_PATH                                     0         -nan%                0         -nan%
                                                     0         -nan%                0         -nan%
                                                  -nan         -nan              -nan         -nan

LD_NO_DEPENDENTS                                521380        2.076%           521380        2.076%
LD_DEPENDENTS                                 24588761       97.924%         24588761       97.924%
                                              25110141      100.000%         25110141      100.000%
                                                  0.98         0.97              0.98         0.97

LD_EXEC_CYCLES_0                                     0        0.000%                0        0.000%
LD_EXEC_CYCLES_1                                     0        0.000%                0        0.000%
LD_EXEC_CYCLES_2                                     0        0.000%                0        0.000%
LD_EXEC_CYCLES_3                              12607782       70.914%         12607782       70.914%
LD_EXEC_CYCLES_4                               5171163       29.086%          5171163       29.086%
                                              17778945      100.000%         17778945      100.000%
                                                  3.29         1.83              3.29         1.83

FU_BUSY_0                                     28228138                       28228138              

FU_BUSY_1                                     24434942                       24434942              

FU_BUSY_2                                     21856313                       21856313              

FU_BUSY_3                                     17163166                       17163166              

FU_BUSY_4                                     14361508                       14361508              

FU_BUSY_5                                     12608428                       12608428              

FU_BUSY_6                                     10709787                       10709787              

FU_BUSY_7                                      9126984                        9126984              

FU_BUSY_8                                            0                              0              

FU_BUSY_9                                            0                              0              

FU_BUSY_10                                           0                              0              

FU_BUSY_11                                           0                              0              

FU_BUSY_12                                           0                              0              

FU_BUSY_13                                           0                              0              

FU_BUSY_14                                           0                              0              

FU_BUSY_15                                           0                              0              

FU_BUSY_16                                           0                              0              

FU_BUSY_17                                           0                              0              

FU_BUSY_18                                           0                              0              

FU_BUSY_19                                           0                              0              

FU_BUSY_20                                           0                              0              

FU_BUSY_21                                           0                              0              

FU_BUSY_22                                           0                              0              

FU_BUSY_23                                           0                              0              

FU_BUSY_24                                           0                              0              

FU_BUSY_25                                           0                              0              

FU_BUSY_26                                           0                              0              

FU_BUSY_27                                           0                              0              

FU_BUSY_28                                           0                              0              

FU_BUSY_29                                           0                              0              

FU_BUSY_30                                           0                              0              

FU_BUSY_31                                           0                              0              

OP_WAIT_0                                     75177737                       75177737              

OP_WAIT_1                                     16469985                       16469985              

OP_WAIT_2                                      4450987                        4450987              

OP_WAIT_3                                      2020072                        2020072              

OP_WAIT_4                                      1603967                        1603967              

OP_WAIT_5                                      1094883                        1094883              

OP_WAIT_6                                       800984                         800984              

OP_WAIT_7                                      1719590                        1719590              

OP_WAIT_8                                      1639759                        1639759              

OP_WAIT_9                                      1038426                        1038426              

OP_WAIT_10                                     2237378                        2237378              

OP_WAIT_11                                      687978                         687978              

OP_WAIT_12                                      605180                         605180              

OP_WAIT_13                                      257195                         257195              

OP_WAIT_14                                      231198                         231198              

OP_WAIT_15                                      122116                         122116              

OP_WAIT_16                                      102371                         102371              

OP_WAIT_17                                       87437                          87437              

OP_WAIT_18                                       66915                          66915              

OP_WAIT_19                                       34525                          34525              

OP_WAIT_20                                       32209                          32209              

OP_WAIT_21                                       21002                          21002              

OP_WAIT_22                                       17187                          17187              

OP_WAIT_23                                       20489                          20489              

OP_WAIT_24                                       18105                          18105              

OP_WAIT_25                                       19424                          19424              

OP_WAIT_26                                       50262                          50262              

OP_WAIT_27                                       34499                          34499              

OP_WAIT_28                                       15720                          15720              

OP_WAIT_29                                        3980                           3980              

OP_WAIT_30                                        9168                           9168              

OP_WAIT_31                                      216749                         216749              

ROW_SIZE_0                                    10515537                       10515537              

ROW_SIZE_1                                     1876614                        1876614              

ROW_SIZE_2                                     1367512                        1367512              

ROW_SIZE_3                                     1207017                        1207017              

ROW_SIZE_4                                     1487926                        1487926              

ROW_SIZE_5                                      366690                         366690              

ROW_SIZE_6                                    15814939                       15814939              

ROW_SIZE_7                                           0                              0              

ROW_SIZE_8                                           0                              0              

ROW_SIZE_9                                           0                              0              

ROW_SIZE_10                                          0                              0              

ROW_SIZE_11                                          0                              0              

ROW_SIZE_12                                          0                              0              

ROW_SIZE_13                                          0                              0              

ROW_SIZE_14                                          0                              0              

ROW_SIZE_15                                          0                              0              

ROW_SIZE_16                                          0                              0              

ROW_SIZE_17                                          0                              0              

ROW_SIZE_18                                          0                              0              

ROW_SIZE_19                                          0                              0              

ROW_SIZE_20                                          0                              0              

ROW_SIZE_21                                          0                              0              

ROW_SIZE_22                                          0                              0              

ROW_SIZE_23                                          0                              0              

ROW_SIZE_24                                          0                              0              

ROW_SIZE_25                                          0                              0              

ROW_SIZE_26                                          0                              0              

ROW_SIZE_27                                          0                              0              

ROW_SIZE_28                                          0                              0              

ROW_SIZE_29                                          0                              0              

ROW_SIZE_30                                          0                              0              

ROW_SIZE_31                                          0                              0              

RET_OP_EXEC_COUNT_0                                  0        0.000%                0        0.000%
RET_OP_EXEC_COUNT_1                          110907477      100.000%        110907477      100.000%
RET_OP_EXEC_COUNT_2                                  0        0.000%                0        0.000%
RET_OP_EXEC_COUNT_3                                  0        0.000%                0        0.000%
RET_OP_EXEC_COUNT_4                                  0        0.000%                0        0.000%
RET_OP_EXEC_COUNT_5                                  0        0.000%                0        0.000%
RET_OP_EXEC_COUNT_6                                  0        0.000%                0        0.000%
RET_OP_EXEC_COUNT_7                                  0        0.000%                0        0.000%
RET_OP_EXEC_COUNT_8                                  0        0.000%                0        0.000%
RET_OP_EXEC_COUNT_9                                  0        0.000%                0        0.000%
RET_OP_EXEC_COUNT_10                                 0        0.000%                0        0.000%
RET_OP_EXEC_COUNT_11                                 0        0.000%                0        0.000%
RET_OP_EXEC_COUNT_12                                 0        0.000%                0        0.000%
RET_OP_EXEC_COUNT_13                                 0        0.000%                0        0.000%
RET_OP_EXEC_COUNT_14                                 0        0.000%                0        0.000%
RET_OP_EXEC_COUNT_15                                 0        0.000%                0        0.000%
RET_OP_EXEC_COUNT_16                                 0        0.000%                0        0.000%
RET_OP_EXEC_COUNT_17                                 0        0.000%                0        0.000%
RET_OP_EXEC_COUNT_18                                 0        0.000%                0        0.000%
RET_OP_EXEC_COUNT_19                                 0        0.000%                0        0.000%
RET_OP_EXEC_COUNT_20                                 0        0.000%                0        0.000%
RET_OP_EXEC_COUNT_21                                 0        0.000%                0        0.000%
RET_OP_EXEC_COUNT_22                                 0        0.000%                0        0.000%
RET_OP_EXEC_COUNT_23                                 0        0.000%                0        0.000%
RET_OP_EXEC_COUNT_24                                 0        0.000%                0        0.000%
RET_OP_EXEC_COUNT_25                                 0        0.000%                0        0.000%
RET_OP_EXEC_COUNT_26                                 0        0.000%                0        0.000%
RET_OP_EXEC_COUNT_27                                 0        0.000%                0        0.000%
RET_OP_EXEC_COUNT_28                                 0        0.000%                0        0.000%
RET_OP_EXEC_COUNT_29                                 0        0.000%                0        0.000%
RET_OP_EXEC_COUNT_30                                 0        0.000%                0        0.000%
RET_OP_EXEC_COUNT_31                                 0        0.000%                0        0.000%
RET_OP_EXEC_COUNT_32                                 0        0.000%                0        0.000%
                                             110907477      100.000%        110907477      100.000%
                                                  1.00         0.00              1.00         0.00

RET_STALL_LENGTH_0                           110901829       99.995%        110901829       99.995%
RET_STALL_LENGTH_100                              3377        0.003%             3377        0.003%
RET_STALL_LENGTH_200                               249        0.000%              249        0.000%
RET_STALL_LENGTH_300                               478        0.000%              478        0.000%
RET_STALL_LENGTH_400                               607        0.001%              607        0.001%
RET_STALL_LENGTH_500                               346        0.000%              346        0.000%
RET_STALL_LENGTH_600                               227        0.000%              227        0.000%
RET_STALL_LENGTH_700                               108        0.000%              108        0.000%
RET_STALL_LENGTH_800                                58        0.000%               58        0.000%
RET_STALL_LENGTH_900                                26        0.000%               26        0.000%
RET_STALL_LENGTH_1000                               21        0.000%               21        0.000%
RET_STALL_LENGTH_1100                               18        0.000%               18        0.000%
RET_STALL_LENGTH_1200                               66        0.000%               66        0.000%
RET_STALL_LENGTH_1300                               15        0.000%               15        0.000%
RET_STALL_LENGTH_1400                                8        0.000%                8        0.000%
RET_STALL_LENGTH_1500                                6        0.000%                6        0.000%
RET_STALL_LENGTH_1600                                9        0.000%                9        0.000%
RET_STALL_LENGTH_1700                               10        0.000%               10        0.000%
RET_STALL_LENGTH_1800                                9        0.000%                9        0.000%
RET_STALL_LENGTH_1900                                5        0.000%                5        0.000%
RET_STALL_LENGTH_2000                                2        0.000%                2        0.000%
RET_STALL_LENGTH_2100                                1        0.000%                1        0.000%
RET_STALL_LENGTH_2200                                1        0.000%                1        0.000%
RET_STALL_LENGTH_2300                                0        0.000%                0        0.000%
RET_STALL_LENGTH_2400                                0        0.000%                0        0.000%
RET_STALL_LENGTH_2500                                1        0.000%                1        0.000%
RET_STALL_LENGTH_2600                                0        0.000%                0        0.000%
RET_STALL_LENGTH_2700                                0        0.000%                0        0.000%
RET_STALL_LENGTH_2800                                0        0.000%                0        0.000%
RET_STALL_LENGTH_2900                                0        0.000%                0        0.000%
RET_STALL_LENGTH_3000                                0        0.000%                0        0.000%
RET_STALL_LENGTH_3100                                0        0.000%                0        0.000%
RET_STALL_LENGTH_3200                                0        0.000%                0        0.000%
RET_STALL_LENGTH_3300                                0        0.000%                0        0.000%
RET_STALL_LENGTH_3400                                0        0.000%                0        0.000%
RET_STALL_LENGTH_3500                                0        0.000%                0        0.000%
RET_STALL_LENGTH_3600                                0        0.000%                0        0.000%
RET_STALL_LENGTH_3700                                0        0.000%                0        0.000%
RET_STALL_LENGTH_3800                                0        0.000%                0        0.000%
RET_STALL_LENGTH_3900                                0        0.000%                0        0.000%
RET_STALL_LENGTH_4000                                0        0.000%                0        0.000%
RET_STALL_LENGTH_4100                                0        0.000%                0        0.000%
RET_STALL_LENGTH_4200                                0        0.000%                0        0.000%
RET_STALL_LENGTH_4300                                0        0.000%                0        0.000%
RET_STALL_LENGTH_4400                                0        0.000%                0        0.000%
RET_STALL_LENGTH_4500                                0        0.000%                0        0.000%
RET_STALL_LENGTH_4600                                0        0.000%                0        0.000%
RET_STALL_LENGTH_4700                                0        0.000%                0        0.000%
RET_STALL_LENGTH_4800                                0        0.000%                0        0.000%
RET_STALL_LENGTH_4900                                0        0.000%                0        0.000%
RET_STALL_LENGTH_5000                                0        0.000%                0        0.000%
                                             110907477      100.000%        110907477      100.000%
                                                  0.00         0.03              0.00         0.03

MEM_BLOCK_LENGTH_0                                7292       82.507%             7292       82.507%
MEM_BLOCK_LENGTH_100                               317        3.587%              317        3.587%
MEM_BLOCK_LENGTH_200                               121        1.369%              121        1.369%
MEM_BLOCK_LENGTH_300                               185        2.093%              185        2.093%
MEM_BLOCK_LENGTH_400                               199        2.252%              199        2.252%
MEM_BLOCK_LENGTH_500                               139        1.573%              139        1.573%
MEM_BLOCK_LENGTH_600                               142        1.607%              142        1.607%
MEM_BLOCK_LENGTH_700                               106        1.199%              106        1.199%
MEM_BLOCK_LENGTH_800                                67        0.758%               67        0.758%
MEM_BLOCK_LENGTH_900                                59        0.668%               59        0.668%
MEM_BLOCK_LENGTH_1000                               30        0.339%               30        0.339%
MEM_BLOCK_LENGTH_1100                               26        0.294%               26        0.294%
MEM_BLOCK_LENGTH_1200                               31        0.351%               31        0.351%
MEM_BLOCK_LENGTH_1300                               18        0.204%               18        0.204%
MEM_BLOCK_LENGTH_1400                               16        0.181%               16        0.181%
MEM_BLOCK_LENGTH_1500                               18        0.204%               18        0.204%
MEM_BLOCK_LENGTH_1600                               15        0.170%               15        0.170%
MEM_BLOCK_LENGTH_1700                                6        0.068%                6        0.068%
MEM_BLOCK_LENGTH_1800                                6        0.068%                6        0.068%
MEM_BLOCK_LENGTH_1900                                9        0.102%                9        0.102%
MEM_BLOCK_LENGTH_2000                                5        0.057%                5        0.057%
MEM_BLOCK_LENGTH_2100                                7        0.079%                7        0.079%
MEM_BLOCK_LENGTH_2200                                3        0.034%                3        0.034%
MEM_BLOCK_LENGTH_2300                                0        0.000%                0        0.000%
MEM_BLOCK_LENGTH_2400                                3        0.034%                3        0.034%
MEM_BLOCK_LENGTH_2500                                3        0.034%                3        0.034%
MEM_BLOCK_LENGTH_2600                                2        0.023%                2        0.023%
MEM_BLOCK_LENGTH_2700                                1        0.011%                1        0.011%
MEM_BLOCK_LENGTH_2800                                2        0.023%                2        0.023%
MEM_BLOCK_LENGTH_2900                                4        0.045%                4        0.045%
MEM_BLOCK_LENGTH_3000                                2        0.023%                2        0.023%
MEM_BLOCK_LENGTH_3100                                0        0.000%                0        0.000%
MEM_BLOCK_LENGTH_3200                                1        0.011%                1        0.011%
MEM_BLOCK_LENGTH_3300                                1        0.011%                1        0.011%
MEM_BLOCK_LENGTH_3400                                0        0.000%                0        0.000%
MEM_BLOCK_LENGTH_3500                                0        0.000%                0        0.000%
MEM_BLOCK_LENGTH_3600                                0        0.000%                0        0.000%
MEM_BLOCK_LENGTH_3700                                1        0.011%                1        0.011%
MEM_BLOCK_LENGTH_3800                                0        0.000%                0        0.000%
MEM_BLOCK_LENGTH_3900                                0        0.000%                0        0.000%
MEM_BLOCK_LENGTH_4000                                1        0.011%                1        0.011%
MEM_BLOCK_LENGTH_4100                                0        0.000%                0        0.000%
MEM_BLOCK_LENGTH_4200                                0        0.000%                0        0.000%
MEM_BLOCK_LENGTH_4300                                0        0.000%                0        0.000%
MEM_BLOCK_LENGTH_4400                                0        0.000%                0        0.000%
MEM_BLOCK_LENGTH_4500                                0        0.000%                0        0.000%
MEM_BLOCK_LENGTH_4600                                0        0.000%                0        0.000%
MEM_BLOCK_LENGTH_4700                                0        0.000%                0        0.000%
MEM_BLOCK_LENGTH_4800                                0        0.000%                0        0.000%
MEM_BLOCK_LENGTH_4900                                0        0.000%                0        0.000%
MEM_BLOCK_LENGTH_5000                                0        0.000%                0        0.000%
                                                  8838      100.000%             8838      100.000%
                                                  0.96         2.80              0.96         2.80

FUS_BUSY_ON_PATH                             138489266        4.0664        138489266        4.0664

FUS_BUSY_OFF_PATH                                    0        0.0000                0        0.0000

FU_BUSY_MEM_STALL                             27580230        0.8098         27580230        0.8098

FUS_EMPTY                                    133965950        3.9336        133965950        3.9336

CHIP_UTILIZATION                                     0        0.0000                0        0.0000

CYCLES_UNDER_MEM_REQ                                 0                              0              

CYCLES_UNDER_NO_MEM_REQ                              0                              0              

CYCLES_UNDER_CRITICAL_MEM_REQ                        0                              0              

CYCLES_UNDER_NONCRITICAL_MEM_REQ                     0                              0              

CHIP_UTILIZATION_UNDER_MEM_REQ                       0          -nan                0          -nan

CHIP_UTILIZATION_UNDER_NO_MEM_REQ                    0          -nan                0          -nan

CHIP_UTILIZATION_UNDER_CRITICAL_MEM_REQ              0          -nan                0          -nan

CHIP_UTILIZATION_UNDER_NONCRITICAL_MEM_REQ             0          -nan                0          -nan

CYCLES_NOT_WAITING_FOR_OFF_CHIP                      0        0.0000                0        0.0000

FUS_BUSY_NOT_WAITING_FOR_OFF_CHIP                    0          -nan                0          -nan

CYCLES_WAITING_FOR_OFF_CHIP                          0        0.0000                0        0.0000

FUS_BUSY_WAITING_FOR_OFF_CHIP                        0          -nan                0          -nan

TOTAL_OFF_CHIP_DELAYS_LEFT                           0                              0              

WRONG_IO_SCHED                                       0                              0              

DVFS_CONFIG_SWITCH                                   0                              0              



